TensorLy backend: PyTorch (CUDA)
Rank search
Split seed: 1
[TRAIN] N=3000, NaNs=False, Infs=False
[TRAIN] min=-4.202724, max=7.373927
[VAL] N=430, NaNs=False, Infs=False
[VAL] min=-4.173106, max=6.352870
[FINAL] N=250, NaNs=False, Infs=False
[FINAL] min=-4.124424, max=8.787697
Rank: 5 5 5
[Tucker only] R=(5, 5, 5) peak_rss_mb=1708.2 | peak_workingset_mb=1709.7 | peak_cuda_mb=149.9 | cpu_time_sec=161.88
[Tucker+OCSVM] (VAL one-class) chose {'gamma': 0.0008, 'kernel': 'rbf', 'nu': 0.01} best_obj:(FP=0.153, P95=2.2015, mean=-2.7972) Elapsed: 7.69
[Tucker+OCSVM] Final result RANK=(5, 5, 5) AUC=0.6798 | ACC=0.808 | param=({'gamma': 0.0008, 'kernel': 'rbf', 'nu': 0.01}) | aux=FP=0.153, P95=2.2015, mean=-2.7972
[Tucker+OCSVM] AUC=0.6798 Boot: mean:0.6797 std:0.0427, CI(0.5946–0.7613) | 
[Tucker+OCSVM] R=(5, 5, 5) peak_rss_mb=1745.9 | peak_workingset_mb=1746.1 | peak_cuda_mb=130.0 | cpu_time_sec=7.95
[Tucker+AE] best_param=(2, 16) best_obj=0.22829457364341085 Elapsed: 6.98
[Tucker+AE] (global) Final result Rank=(5, 5, 5) AUC=0.6854 ACC=0.808
[Tucker+AE] AUC=0.6854 Boot: mean:0.6853 std:0.0427, CI(0.5992–0.7670) | 
[Tucker+AE] R=(5, 5, 5) peak_rss_mb=1911.7 | peak_workingset_mb=1911.7 | peak_cuda_mb=130.0 | cpu_time_sec=78.75
[Tucker+IF] best_obj=0.165465 best_param: {'bootstrap': True, 'contamination': 0.05, 'max_features': 0.75, 'max_samples': 0.5, 'n_estimators': 50, 'n_jobs': -1, 'random_state': 42} Elapsed (CPU s): 358.31
[Tucker+IF] Final result rank=(5, 5, 5) AUC=0.6763 ACC=0.796 obj=0.16546511627906976| params={'bootstrap': True, 'contamination': 0.05, 'max_features': 0.75, 'max_samples': 0.5, 'n_estimators': 50, 'n_jobs': -1, 'random_state': 42} | thr=0.573835 | target_FP=0.050
[Tucker+IF] AUC=0.6763 Boot: mean:0.6764 std:0.0424, CI(0.5938–0.7575) | 
[Tucker+IF] R=(5, 5, 5) peak_rss_mb=1933.3 | peak_workingset_mb=1936.3 | peak_cuda_mb=130.0 | cpu_time_sec=358.62
Rank: 5 5 16
[Tucker only] R=(5, 5, 16) peak_rss_mb=4572.2 | peak_workingset_mb=4615.6 | peak_cuda_mb=460.2 | cpu_time_sec=9247.03
[Tucker+OCSVM] (VAL one-class) chose {'gamma': 0.0006666666666666668, 'kernel': 'rbf', 'nu': 0.01} best_obj:(FP=0.147, P95=1.9553, mean=-2.8094) Elapsed: 8.56
[Tucker+OCSVM] Final result RANK=(5, 5, 16) AUC=0.6594 | ACC=0.804 | param=({'gamma': 0.0006666666666666668, 'kernel': 'rbf', 'nu': 0.01}) | aux=FP=0.147, P95=1.9553, mean=-2.8094
[Tucker+OCSVM] AUC=0.6594 Boot: mean:0.6593 std:0.0439, CI(0.5722–0.7426) | 
[Tucker+OCSVM] R=(5, 5, 16) peak_rss_mb=1585.5 | peak_workingset_mb=4615.6 | peak_cuda_mb=130.0 | cpu_time_sec=8.88
[Tucker+AE] best_param=(1, 16) best_obj=0.23023255813953492 Elapsed: 7.08
[Tucker+AE] (global) Final result Rank=(5, 5, 16) AUC=0.6579 ACC=0.808
[Tucker+AE] AUC=0.6579 Boot: mean:0.6579 std:0.0439, CI(0.5722–0.7410) | 
[Tucker+AE] R=(5, 5, 16) peak_rss_mb=1771.3 | peak_workingset_mb=4615.6 | peak_cuda_mb=130.0 | cpu_time_sec=84.95
[Tucker+IF] best_obj=0.162364 best_param: {'bootstrap': False, 'contamination': 0.05, 'max_features': 1.0, 'max_samples': 1.0, 'n_estimators': 50, 'n_jobs': -1, 'random_state': 42} Elapsed (CPU s): 399.48
[Tucker+IF] Final result rank=(5, 5, 16) AUC=0.647 ACC=0.796 obj=0.1623643410852713| params={'bootstrap': False, 'contamination': 0.05, 'max_features': 1.0, 'max_samples': 1.0, 'n_estimators': 50, 'n_jobs': -1, 'random_state': 42} | thr=0.523184 | target_FP=0.050
[Tucker+IF] AUC=0.6470 Boot: mean:0.6471 std:0.0452, CI(0.5589–0.7340) | 
[Tucker+IF] R=(5, 5, 16) peak_rss_mb=1817.7 | peak_workingset_mb=4615.6 | peak_cuda_mb=130.0 | cpu_time_sec=399.92
Rank: 5 16 5
[Tucker only] R=(5, 16, 5) peak_rss_mb=1813.3 | peak_workingset_mb=4615.6 | peak_cuda_mb=149.9 | cpu_time_sec=167.09
[Tucker+OCSVM] (VAL one-class) chose {'gamma': 0.00025, 'kernel': 'rbf', 'nu': 0.01} best_obj:(FP=0.163, P95=1.8751, mean=-1.9347) Elapsed: 26.53
[Tucker+OCSVM] Final result RANK=(5, 16, 5) AUC=0.6649 | ACC=0.804 | param=({'gamma': 0.00025, 'kernel': 'rbf', 'nu': 0.01}) | aux=FP=0.163, P95=1.8751, mean=-1.9347
[Tucker+OCSVM] AUC=0.6649 Boot: mean:0.6645 std:0.0460, CI(0.5750–0.7513) | 
[Tucker+OCSVM] R=(5, 16, 5) peak_rss_mb=1854.4 | peak_workingset_mb=4615.6 | peak_cuda_mb=130.0 | cpu_time_sec=26.88
[Tucker+AE] best_param=(3, 16) best_obj=0.1984496124031008 Elapsed: 18.84
[Tucker+AE] (global) Final result Rank=(5, 16, 5) AUC=0.6636 ACC=0.804
[Tucker+AE] AUC=0.6636 Boot: mean:0.6631 std:0.0466, CI(0.5711–0.7517) | 
[Tucker+AE] R=(5, 16, 5) peak_rss_mb=2027.1 | peak_workingset_mb=4615.6 | peak_cuda_mb=130.0 | cpu_time_sec=152.70
[Tucker+IF] best_obj=0.167016 best_param: {'bootstrap': True, 'contamination': 0.05, 'max_features': 0.5, 'max_samples': 0.5, 'n_estimators': 50, 'n_jobs': -1, 'random_state': 42} Elapsed (CPU s): 261.84
[Tucker+IF] Final result rank=(5, 16, 5) AUC=0.6517 ACC=0.8 obj=0.167015503875969| params={'bootstrap': True, 'contamination': 0.05, 'max_features': 0.5, 'max_samples': 0.5, 'n_estimators': 50, 'n_jobs': -1, 'random_state': 42} | thr=0.536515 | target_FP=0.050
[Tucker+IF] AUC=0.6517 Boot: mean:0.6510 std:0.0467, CI(0.5590–0.7395) | 
[Tucker+IF] R=(5, 16, 5) peak_rss_mb=2013.1 | peak_workingset_mb=4615.6 | peak_cuda_mb=130.0 | cpu_time_sec=262.22
Rank: 5 16 16
[Tucker only] R=(5, 16, 16) peak_rss_mb=5178.3 | peak_workingset_mb=5217.3 | peak_cuda_mb=1034.8 | cpu_time_sec=10037.06
[Tucker+OCSVM] (VAL one-class) chose {'gamma': 0.00020833333333333335, 'kernel': 'rbf', 'nu': 0.01} best_obj:(FP=0.188, P95=2.0585, mean=-1.5643) Elapsed: 215.72
[Tucker+OCSVM] Final result RANK=(5, 16, 16) AUC=0.6404 | ACC=0.804 | param=({'gamma': 0.00020833333333333335, 'kernel': 'rbf', 'nu': 0.01}) | aux=FP=0.188, P95=2.0585, mean=-1.5643
[Tucker+OCSVM] AUC=0.6404 Boot: mean:0.6399 std:0.0469, CI(0.5476–0.7290) | 
[Tucker+OCSVM] R=(5, 16, 16) peak_rss_mb=2003.4 | peak_workingset_mb=5217.3 | peak_cuda_mb=130.0 | cpu_time_sec=217.81
[Tucker+AE] best_param=(3, 16) best_obj=0.21899224806201553 Elapsed: 24.92
[Tucker+AE] (global) Final result Rank=(5, 16, 16) AUC=0.6376 ACC=0.804
[Tucker+AE] AUC=0.6376 Boot: mean:0.6371 std:0.0471, CI(0.5459–0.7264) | 
[Tucker+AE] R=(5, 16, 16) peak_rss_mb=2199.8 | peak_workingset_mb=5217.3 | peak_cuda_mb=130.0 | cpu_time_sec=188.58
[Tucker+IF] best_obj=0.165853 best_param: {'bootstrap': False, 'contamination': 0.05, 'max_features': 1.0, 'max_samples': 0.5, 'n_estimators': 50, 'n_jobs': -1, 'random_state': 42} Elapsed (CPU s): 272.73
[Tucker+IF] Final result rank=(5, 16, 16) AUC=0.6501 ACC=0.804 obj=0.16585271317829456| params={'bootstrap': False, 'contamination': 0.05, 'max_features': 1.0, 'max_samples': 0.5, 'n_estimators': 50, 'n_jobs': -1, 'random_state': 42} | thr=0.498514 | target_FP=0.050
[Tucker+IF] AUC=0.6501 Boot: mean:0.6497 std:0.0446, CI(0.5613–0.7374) | 
[Tucker+IF] R=(5, 16, 16) peak_rss_mb=2295.1 | peak_workingset_mb=5217.3 | peak_cuda_mb=130.0 | cpu_time_sec=273.05
Rank: 5 32 5
[Tucker only] R=(5, 32, 5) peak_rss_mb=2329.0 | peak_workingset_mb=5217.3 | peak_cuda_mb=149.9 | cpu_time_sec=247.16
[Tucker+OCSVM] (VAL one-class) chose {'gamma': 0.000125, 'kernel': 'rbf', 'nu': 0.01} best_obj:(FP=0.128, P95=1.0736, mean=-1.5693) Elapsed: 61.34
[Tucker+OCSVM] Final result RANK=(5, 32, 5) AUC=0.5733 | ACC=0.8 | param=({'gamma': 0.000125, 'kernel': 'rbf', 'nu': 0.01}) | aux=FP=0.128, P95=1.0736, mean=-1.5693
[Tucker+OCSVM] AUC=0.5733 Boot: mean:0.5728 std:0.0441, CI(0.4875–0.6589) | 
[Tucker+OCSVM] R=(5, 32, 5) peak_rss_mb=2367.1 | peak_workingset_mb=5217.3 | peak_cuda_mb=130.0 | cpu_time_sec=61.86
[Tucker+AE] best_param=(3, 16) best_obj=0.1631782945736434 Elapsed: 36.03
[Tucker+AE] (global) Final result Rank=(5, 32, 5) AUC=0.5716 ACC=0.8
[Tucker+AE] AUC=0.5716 Boot: mean:0.5710 std:0.0441, CI(0.4852–0.6570) | 
[Tucker+AE] R=(5, 32, 5) peak_rss_mb=2497.1 | peak_workingset_mb=5217.3 | peak_cuda_mb=130.0 | cpu_time_sec=347.61
[Tucker+IF] best_obj=0.151899 best_param: {'bootstrap': True, 'contamination': 0.05, 'max_features': 1.0, 'max_samples': 0.5, 'n_estimators': 50, 'n_jobs': -1, 'random_state': 42} Elapsed (CPU s): 648.73
[Tucker+IF] Final result rank=(5, 32, 5) AUC=0.5391 ACC=0.748 obj=0.15189922480620158| params={'bootstrap': True, 'contamination': 0.05, 'max_features': 1.0, 'max_samples': 0.5, 'n_estimators': 50, 'n_jobs': -1, 'random_state': 42} | thr=0.506746 | target_FP=0.050
[Tucker+IF] AUC=0.5391 Boot: mean:0.5375 std:0.0462, CI(0.4468–0.6255) | 
[Tucker+IF] R=(5, 32, 5) peak_rss_mb=2693.8 | peak_workingset_mb=5217.3 | peak_cuda_mb=130.0 | cpu_time_sec=649.22
Rank: 5 32 16
[Tucker only] R=(5, 32, 16) peak_rss_mb=5881.5 | peak_workingset_mb=5928.6 | peak_cuda_mb=1191.6 | cpu_time_sec=9962.64
[Tucker+OCSVM] (VAL one-class) chose {'gamma': 0.00010416666666666667, 'kernel': 'rbf', 'nu': 0.01} best_obj:(FP=0.309, P95=2.3117, mean=-0.4734) Elapsed: 62.95
[Tucker+OCSVM] Final result RANK=(5, 32, 16) AUC=0.6865 | ACC=0.804 | param=({'gamma': 0.00010416666666666667, 'kernel': 'rbf', 'nu': 0.01}) | aux=FP=0.309, P95=2.3117, mean=-0.4734
[Tucker+OCSVM] AUC=0.6865 Boot: mean:0.6856 std:0.0426, CI(0.6024–0.7659) | 
[Tucker+OCSVM] R=(5, 32, 16) peak_rss_mb=2498.2 | peak_workingset_mb=5928.6 | peak_cuda_mb=130.0 | cpu_time_sec=63.36
[Tucker+AE] best_param=(3, 16) best_obj=0.35310077519379846 Elapsed: 121.23
[Tucker+AE] (global) Final result Rank=(5, 32, 16) AUC=0.6846 ACC=0.804
[Tucker+AE] AUC=0.6846 Boot: mean:0.6838 std:0.0425, CI(0.6001–0.7636) | 
[Tucker+AE] R=(5, 32, 16) peak_rss_mb=2847.4 | peak_workingset_mb=5928.6 | peak_cuda_mb=130.0 | cpu_time_sec=480.16
[Tucker+IF] best_obj=0.253450 best_param: {'bootstrap': True, 'contamination': 0.05, 'max_features': 1.0, 'max_samples': 1.0, 'n_estimators': 50, 'n_jobs': -1, 'random_state': 42} Elapsed (CPU s): 633.36
[Tucker+IF] Final result rank=(5, 32, 16) AUC=0.6581 ACC=0.78 obj=0.2534496124031007| params={'bootstrap': True, 'contamination': 0.05, 'max_features': 1.0, 'max_samples': 1.0, 'n_estimators': 50, 'n_jobs': -1, 'random_state': 42} | thr=0.507608 | target_FP=0.050
[Tucker+IF] AUC=0.6581 Boot: mean:0.6574 std:0.0436, CI(0.5707–0.7412) | 
[Tucker+IF] R=(5, 32, 16) peak_rss_mb=2985.8 | peak_workingset_mb=5928.6 | peak_cuda_mb=130.0 | cpu_time_sec=635.59
Rank: 5 64 5
[Tucker only] R=(5, 64, 5) peak_rss_mb=2771.5 | peak_workingset_mb=5928.6 | peak_cuda_mb=150.4 | cpu_time_sec=359.72
[Tucker+OCSVM] (VAL one-class) chose {'gamma': 6.25e-05, 'kernel': 'rbf', 'nu': 0.01} best_obj:(FP=0.463, P95=9.3516, mean=1.1649) Elapsed: 106.14
[Tucker+OCSVM] Final result RANK=(5, 64, 5) AUC=0.4678 | ACC=0.8 | param=({'gamma': 6.25e-05, 'kernel': 'rbf', 'nu': 0.01}) | aux=FP=0.463, P95=9.3516, mean=1.1649
[Tucker+OCSVM] AUC=0.4678 Boot: mean:0.4678 std:0.0390, CI(0.3879–0.5458) | 
[Tucker+OCSVM] R=(5, 64, 5) peak_rss_mb=2859.5 | peak_workingset_mb=5928.6 | peak_cuda_mb=130.0 | cpu_time_sec=106.59
[Tucker+AE] best_param=(3, 32) best_obj=0.460077519379845 Elapsed: 84.3
[Tucker+AE] (global) Final result Rank=(5, 64, 5) AUC=0.4676 ACC=0.8
[Tucker+AE] AUC=0.4676 Boot: mean:0.4676 std:0.0390, CI(0.3878–0.5454) | 
[Tucker+AE] R=(5, 64, 5) peak_rss_mb=3382.1 | peak_workingset_mb=5928.6 | peak_cuda_mb=130.0 | cpu_time_sec=719.11
[Tucker+IF] best_obj=0.356938 best_param: {'bootstrap': False, 'contamination': 0.05, 'max_features': 1.0, 'max_samples': 0.5, 'n_estimators': 50, 'n_jobs': -1, 'random_state': 42} Elapsed (CPU s): 994.17
[Tucker+IF] Final result rank=(5, 64, 5) AUC=0.465 ACC=0.64 obj=0.35693798449612407| params={'bootstrap': False, 'contamination': 0.05, 'max_features': 1.0, 'max_samples': 0.5, 'n_estimators': 50, 'n_jobs': -1, 'random_state': 42} | thr=0.523034 | target_FP=0.050
[Tucker+IF] AUC=0.4650 Boot: mean:0.4649 std:0.0405, CI(0.3870–0.5468) | 
[Tucker+IF] R=(5, 64, 5) peak_rss_mb=3485.0 | peak_workingset_mb=5928.6 | peak_cuda_mb=130.0 | cpu_time_sec=994.61
Rank: 5 64 16
[Tucker only] R=(5, 64, 16) peak_rss_mb=6151.5 | peak_workingset_mb=6207.8 | peak_cuda_mb=1185.4 | cpu_time_sec=10026.05
[Tucker+OCSVM] (VAL one-class) chose {'gamma': 5.208333333333334e-05, 'kernel': 'rbf', 'nu': 0.01} best_obj:(FP=0.928, P95=8.6160, mean=4.4222) Elapsed: 127.94
[Tucker+OCSVM] Final result RANK=(5, 64, 16) AUC=0.6152 | ACC=0.82 | param=({'gamma': 5.208333333333334e-05, 'kernel': 'rbf', 'nu': 0.01}) | aux=FP=0.928, P95=8.6160, mean=4.4222
[Tucker+OCSVM] AUC=0.6152 Boot: mean:0.6150 std:0.0495, CI(0.5175–0.7084) | 
[Tucker+OCSVM] R=(5, 64, 16) peak_rss_mb=3269.7 | peak_workingset_mb=6207.8 | peak_cuda_mb=130.0 | cpu_time_sec=128.39
[Tucker+AE] best_param=(3, 32) best_obj=0.924031007751938 Elapsed: 108.75
[Tucker+AE] (global) Final result Rank=(5, 64, 16) AUC=0.6157 ACC=0.82
[Tucker+AE] AUC=0.6157 Boot: mean:0.6155 std:0.0495, CI(0.5188–0.7086) | 
[Tucker+AE] R=(5, 64, 16) peak_rss_mb=3810.9 | peak_workingset_mb=6207.8 | peak_cuda_mb=130.0 | cpu_time_sec=722.06
[Tucker+IF] best_obj=0.768566 best_param: {'bootstrap': True, 'contamination': 0.05, 'max_features': 0.5, 'max_samples': 0.5, 'n_estimators': 50, 'n_jobs': -1, 'random_state': 42} Elapsed (CPU s): 1099.2
[Tucker+IF] Final result rank=(5, 64, 16) AUC=0.5751 ACC=0.804 obj=0.7685658914728682| params={'bootstrap': True, 'contamination': 0.05, 'max_features': 0.5, 'max_samples': 0.5, 'n_estimators': 50, 'n_jobs': -1, 'random_state': 42} | thr=0.542923 | target_FP=0.050
[Tucker+IF] AUC=0.5751 Boot: mean:0.5752 std:0.0470, CI(0.4803–0.6623) | 
[Tucker+IF] R=(5, 64, 16) peak_rss_mb=4087.8 | peak_workingset_mb=6207.8 | peak_cuda_mb=130.0 | cpu_time_sec=1099.83
Rank: 16 5 5
[Tucker only] R=(16, 5, 5) peak_rss_mb=3542.6 | peak_workingset_mb=6207.8 | peak_cuda_mb=150.2 | cpu_time_sec=177.11
[Tucker+OCSVM] (VAL one-class) chose {'gamma': 0.00025, 'kernel': 'rbf', 'nu': 0.01} best_obj:(FP=0.158, P95=1.5530, mean=-1.9731) Elapsed: 27.38
[Tucker+OCSVM] Final result RANK=(16, 5, 5) AUC=0.6049 | ACC=0.816 | param=({'gamma': 0.00025, 'kernel': 'rbf', 'nu': 0.01}) | aux=FP=0.158, P95=1.5530, mean=-1.9731
[Tucker+OCSVM] AUC=0.6049 Boot: mean:0.6045 std:0.0522, CI(0.5047–0.7041) | 
[Tucker+OCSVM] R=(16, 5, 5) peak_rss_mb=3490.1 | peak_workingset_mb=6207.8 | peak_cuda_mb=130.0 | cpu_time_sec=27.70
[Tucker+AE] best_param=(2, 16) best_obj=0.21240310077519378 Elapsed: 15.58
[Tucker+AE] (global) Final result Rank=(16, 5, 5) AUC=0.6028 ACC=0.816
[Tucker+AE] AUC=0.6028 Boot: mean:0.6024 std:0.0523, CI(0.5015–0.7032) | 
[Tucker+AE] R=(16, 5, 5) peak_rss_mb=3560.6 | peak_workingset_mb=6207.8 | peak_cuda_mb=130.0 | cpu_time_sec=167.50
[Tucker+IF] best_obj=0.170504 best_param: {'bootstrap': True, 'contamination': 0.05, 'max_features': 1.0, 'max_samples': 0.5, 'n_estimators': 50, 'n_jobs': -1, 'random_state': 42} Elapsed (CPU s): 252.59
[Tucker+IF] Final result rank=(16, 5, 5) AUC=0.6004 ACC=0.8 obj=0.17050387596899227| params={'bootstrap': True, 'contamination': 0.05, 'max_features': 1.0, 'max_samples': 0.5, 'n_estimators': 50, 'n_jobs': -1, 'random_state': 42} | thr=0.523670 | target_FP=0.050
[Tucker+IF] AUC=0.6004 Boot: mean:0.5998 std:0.0497, CI(0.5020–0.6926) | 
[Tucker+IF] R=(16, 5, 5) peak_rss_mb=3121.7 | peak_workingset_mb=6207.8 | peak_cuda_mb=130.0 | cpu_time_sec=253.05
Rank: 16 5 16
[Tucker only] R=(16, 5, 16) peak_rss_mb=6527.8 | peak_workingset_mb=6579.2 | peak_cuda_mb=1193.2 | cpu_time_sec=9901.75
[Tucker+OCSVM] (VAL one-class) chose {'gamma': 0.00020833333333333335, 'kernel': 'rbf', 'nu': 0.01} best_obj:(FP=0.188, P95=1.3446, mean=-1.6383) Elapsed: 41.77
[Tucker+OCSVM] Final result RANK=(16, 5, 16) AUC=0.5795 | ACC=0.816 | param=({'gamma': 0.00020833333333333335, 'kernel': 'rbf', 'nu': 0.01}) | aux=FP=0.188, P95=1.3446, mean=-1.6383
[Tucker+OCSVM] AUC=0.5795 Boot: mean:0.5792 std:0.0520, CI(0.4804–0.6815) | 
[Tucker+OCSVM] R=(16, 5, 16) peak_rss_mb=3162.1 | peak_workingset_mb=6579.2 | peak_cuda_mb=130.0 | cpu_time_sec=42.20
[Tucker+AE] best_param=(3, 16) best_obj=0.23139534883720927 Elapsed: 27.23
[Tucker+AE] (global) Final result Rank=(16, 5, 16) AUC=0.5781 ACC=0.816
[Tucker+AE] AUC=0.5781 Boot: mean:0.5778 std:0.0525, CI(0.4786–0.6806) | 
[Tucker+AE] R=(16, 5, 16) peak_rss_mb=3387.1 | peak_workingset_mb=6579.2 | peak_cuda_mb=130.0 | cpu_time_sec=194.16
[Tucker+IF] best_obj=0.158876 best_param: {'bootstrap': False, 'contamination': 0.05, 'max_features': 1.0, 'max_samples': 0.5, 'n_estimators': 50, 'n_jobs': -1, 'random_state': 42} Elapsed (CPU s): 436.95
[Tucker+IF] Final result rank=(16, 5, 16) AUC=0.5759 ACC=0.8 obj=0.15887596899224807| params={'bootstrap': False, 'contamination': 0.05, 'max_features': 1.0, 'max_samples': 0.5, 'n_estimators': 50, 'n_jobs': -1, 'random_state': 42} | thr=0.501537 | target_FP=0.050
[Tucker+IF] AUC=0.5759 Boot: mean:0.5754 std:0.0532, CI(0.4705–0.6794) | 
[Tucker+IF] R=(16, 5, 16) peak_rss_mb=3505.9 | peak_workingset_mb=6579.2 | peak_cuda_mb=130.0 | cpu_time_sec=438.37
Rank: 16 16 5
[Tucker only] R=(16, 16, 5) peak_rss_mb=3502.7 | peak_workingset_mb=6579.2 | peak_cuda_mb=150.2 | cpu_time_sec=409.52
[Tucker+OCSVM] (VAL one-class) chose {'gamma': 7.812500000000002e-05, 'kernel': 'rbf', 'nu': 0.01} best_obj:(FP=0.612, P95=4.5066, mean=0.8008) Elapsed: 94.06
[Tucker+OCSVM] Final result RANK=(16, 16, 5) AUC=0.6472 | ACC=0.828 | param=({'gamma': 7.812500000000002e-05, 'kernel': 'rbf', 'nu': 0.01}) | aux=FP=0.612, P95=4.5066, mean=0.8008
[Tucker+OCSVM] AUC=0.6472 Boot: mean:0.6470 std:0.0534, CI(0.5412–0.7480) | 
[Tucker+OCSVM] R=(16, 16, 5) peak_rss_mb=3293.2 | peak_workingset_mb=6579.2 | peak_cuda_mb=130.0 | cpu_time_sec=94.47
[Tucker+AE] best_param=(3, 16) best_obj=0.6135658914728682 Elapsed: 63.12
[Tucker+AE] (global) Final result Rank=(16, 16, 5) AUC=0.6482 ACC=0.828
[Tucker+AE] AUC=0.6482 Boot: mean:0.6480 std:0.0534, CI(0.5423–0.7490) | 
[Tucker+AE] R=(16, 16, 5) peak_rss_mb=3886.2 | peak_workingset_mb=6579.2 | peak_cuda_mb=130.0 | cpu_time_sec=537.16
[Tucker+IF] best_obj=0.487558 best_param: {'bootstrap': False, 'contamination': 0.05, 'max_features': 1.0, 'max_samples': 1.0, 'n_estimators': 50, 'n_jobs': -1, 'random_state': 42} Elapsed (CPU s): 574.16
[Tucker+IF] Final result rank=(16, 16, 5) AUC=0.6183 ACC=0.82 obj=0.48755813953488375| params={'bootstrap': False, 'contamination': 0.05, 'max_features': 1.0, 'max_samples': 1.0, 'n_estimators': 50, 'n_jobs': -1, 'random_state': 42} | thr=0.515943 | target_FP=0.050
[Tucker+IF] AUC=0.6183 Boot: mean:0.6184 std:0.0537, CI(0.5125–0.7215) | 
[Tucker+IF] R=(16, 16, 5) peak_rss_mb=3715.0 | peak_workingset_mb=6579.2 | peak_cuda_mb=130.0 | cpu_time_sec=574.75
Rank: 16 16 16
[Tucker only] R=(16, 16, 16) peak_rss_mb=6683.3 | peak_workingset_mb=6727.5 | peak_cuda_mb=1193.5 | cpu_time_sec=9988.05
[Tucker+OCSVM] (VAL one-class) chose {'gamma': 6.510416666666667e-05, 'kernel': 'rbf', 'nu': 0.01} best_obj:(FP=0.749, P95=5.8375, mean=1.9006) Elapsed: 392.78
[Tucker+OCSVM] Final result RANK=(16, 16, 16) AUC=0.6317 | ACC=0.816 | param=({'gamma': 6.510416666666667e-05, 'kernel': 'rbf', 'nu': 0.01}) | aux=FP=0.749, P95=5.8375, mean=1.9006
[Tucker+OCSVM] AUC=0.6317 Boot: mean:0.6314 std:0.0536, CI(0.5256–0.7337) | 
[Tucker+OCSVM] R=(16, 16, 16) peak_rss_mb=514.6 | peak_workingset_mb=6727.5 | peak_cuda_mb=130.0 | cpu_time_sec=393.44
[Tucker+AE] best_param=(3, 32) best_obj=0.75 Elapsed: 75.05
[Tucker+AE] (global) Final result Rank=(16, 16, 16) AUC=0.6325 ACC=0.816
[Tucker+AE] AUC=0.6325 Boot: mean:0.6322 std:0.0535, CI(0.5258–0.7346) | 
[Tucker+AE] R=(16, 16, 16) peak_rss_mb=1224.9 | peak_workingset_mb=6727.5 | peak_cuda_mb=130.0 | cpu_time_sec=778.52
[Tucker+IF] best_obj=0.615465 best_param: {'bootstrap': True, 'contamination': 0.05, 'max_features': 0.5, 'max_samples': 0.75, 'n_estimators': 50, 'n_jobs': -1, 'random_state': 42} Elapsed (CPU s): 658.23
[Tucker+IF] Final result rank=(16, 16, 16) AUC=0.5929 ACC=0.8 obj=0.6154651162790697| params={'bootstrap': True, 'contamination': 0.05, 'max_features': 0.5, 'max_samples': 0.75, 'n_estimators': 50, 'n_jobs': -1, 'random_state': 42} | thr=0.536792 | target_FP=0.050
[Tucker+IF] AUC=0.5929 Boot: mean:0.5931 std:0.0542, CI(0.4909–0.6970) | 
[Tucker+IF] R=(16, 16, 16) peak_rss_mb=1530.2 | peak_workingset_mb=6727.5 | peak_cuda_mb=130.0 | cpu_time_sec=658.78
Rank: 16 32 5
[Tucker only] R=(16, 32, 5) peak_rss_mb=3840.0 | peak_workingset_mb=6727.5 | peak_cuda_mb=150.2 | cpu_time_sec=515.62
[Tucker+OCSVM] (VAL one-class) chose {'gamma': 'scale', 'kernel': 'rbf', 'nu': 0.01} best_obj:(FP=0.998, P95=3.2895, mean=3.2054) Elapsed: 471.25
[Tucker+OCSVM] Final result RANK=(16, 32, 5) AUC=0.6287 | ACC=0.824 | param=({'gamma': 'scale', 'kernel': 'rbf', 'nu': 0.01}) | aux=FP=0.998, P95=3.2895, mean=3.2054
[Tucker+OCSVM] AUC=0.6287 Boot: mean:0.6283 std:0.0516, CI(0.5273–0.7281) | 
[Tucker+OCSVM] R=(16, 32, 5) peak_rss_mb=3938.4 | peak_workingset_mb=6727.5 | peak_cuda_mb=130.0 | cpu_time_sec=472.77
[Tucker+AE] best_param=(1, 16) best_obj=0.9976744186046512 Elapsed: 67.09
[Tucker+AE] (global) Final result Rank=(16, 32, 5) AUC=0.6289 ACC=0.828
[Tucker+AE] AUC=0.6289 Boot: mean:0.6285 std:0.0515, CI(0.5277–0.7289) | 
[Tucker+AE] R=(16, 32, 5) peak_rss_mb=4789.7 | peak_workingset_mb=6727.5 | peak_cuda_mb=130.0 | cpu_time_sec=929.22
[Tucker+IF] best_obj=0.931744 best_param: {'bootstrap': True, 'contamination': 0.05, 'max_features': 0.5, 'max_samples': 0.75, 'n_estimators': 50, 'n_jobs': -1, 'random_state': 42} Elapsed (CPU s): 1352.72
[Tucker+IF] Final result rank=(16, 32, 5) AUC=0.5858 ACC=0.748 obj=0.9317441860465117| params={'bootstrap': True, 'contamination': 0.05, 'max_features': 0.5, 'max_samples': 0.75, 'n_estimators': 50, 'n_jobs': -1, 'random_state': 42} | thr=0.566891 | target_FP=0.050
[Tucker+IF] AUC=0.5858 Boot: mean:0.5855 std:0.0505, CI(0.4849–0.6826) | 
[Tucker+IF] R=(16, 32, 5) peak_rss_mb=5300.6 | peak_workingset_mb=6727.5 | peak_cuda_mb=130.0 | cpu_time_sec=1353.50
Rank: 16 32 16
[Tucker only] R=(16, 32, 16) peak_rss_mb=6540.0 | peak_workingset_mb=6727.5 | peak_cuda_mb=1194.0 | cpu_time_sec=9938.48
[Tucker+OCSVM] (VAL one-class) chose {'gamma': 0.003333333333333333, 'kernel': 'rbf', 'nu': 0.01} best_obj:(FP=1.000, P95=0.0100, mean=0.0100) Elapsed: 840.25
[Tucker+OCSVM] Final result RANK=(16, 32, 16) AUC=0.5 | ACC=0.8 | param=({'gamma': 0.003333333333333333, 'kernel': 'rbf', 'nu': 0.01}) | aux=FP=1.000, P95=0.0100, mean=0.0100
[Tucker+OCSVM] AUC=0.5000 Boot: mean:0.5000 std:0.0000, CI(0.5000–0.5000) | 
[Tucker+OCSVM] R=(16, 32, 16) peak_rss_mb=4315.8 | peak_workingset_mb=6727.5 | peak_cuda_mb=130.0 | cpu_time_sec=847.95
[Tucker+AE] best_param=(1, 16) best_obj=1.0 Elapsed: 106.8
[Tucker+AE] (global) Final result Rank=(16, 32, 16) AUC=0.463 ACC=0.796
[Tucker+AE] AUC=0.4630 Boot: mean:0.4632 std:0.0455, CI(0.3741–0.5511) | 
[Tucker+AE] R=(16, 32, 16) peak_rss_mb=4851.9 | peak_workingset_mb=6727.5 | peak_cuda_mb=130.0 | cpu_time_sec=1799.97
[Tucker+IF] best_obj=0.999574 best_param: {'bootstrap': True, 'contamination': 0.05, 'max_features': 1.0, 'max_samples': 0.5, 'n_estimators': 50, 'n_jobs': -1, 'random_state': 42} Elapsed (CPU s): 1412.17
[Tucker+IF] Final result rank=(16, 32, 16) AUC=0.5299 ACC=0.76 obj=0.9995736434108526| params={'bootstrap': True, 'contamination': 0.05, 'max_features': 1.0, 'max_samples': 0.5, 'n_estimators': 50, 'n_jobs': -1, 'random_state': 42} | thr=0.579564 | target_FP=0.050
[Tucker+IF] AUC=0.5299 Boot: mean:0.5295 std:0.0486, CI(0.4343–0.6251) | 
[Tucker+IF] R=(16, 32, 16) peak_rss_mb=1598.5 | peak_workingset_mb=6727.5 | peak_cuda_mb=130.0 | cpu_time_sec=1412.77
Rank: 16 64 5
[Tucker only] R=(16, 64, 5) peak_rss_mb=2065.1 | peak_workingset_mb=6727.5 | peak_cuda_mb=150.7 | cpu_time_sec=349.20
[Tucker+OCSVM] (VAL one-class) chose {'gamma': 0.003333333333333333, 'kernel': 'rbf', 'nu': 0.01} best_obj:(FP=1.000, P95=0.0100, mean=0.0100) Elapsed: 2402.28
[Tucker+OCSVM] Final result RANK=(16, 64, 5) AUC=0.5 | ACC=0.8 | param=({'gamma': 0.003333333333333333, 'kernel': 'rbf', 'nu': 0.01}) | aux=FP=1.000, P95=0.0100, mean=0.0100
[Tucker+OCSVM] AUC=0.5000 Boot: mean:0.5000 std:0.0000, CI(0.5000–0.5000) | 
[Tucker+OCSVM] R=(16, 64, 5) peak_rss_mb=5529.1 | peak_workingset_mb=6727.5 | peak_cuda_mb=130.0 | cpu_time_sec=2427.22
[Tucker+AE] best_param=(1, 16) best_obj=1.0 Elapsed: 176.58
[Tucker+AE] (global) Final result Rank=(16, 64, 5) AUC=0.5717 ACC=0.816
[Tucker+AE] AUC=0.5717 Boot: mean:0.5737 std:0.0471, CI(0.4775–0.6638) | 
[Tucker+AE] R=(16, 64, 5) peak_rss_mb=5740.7 | peak_workingset_mb=6727.5 | peak_cuda_mb=130.0 | cpu_time_sec=1145.56
[Tucker+IF] best_obj=0.427481 best_param: {'bootstrap': True, 'contamination': 0.05, 'max_features': 1.0, 'max_samples': 0.5, 'n_estimators': 50, 'n_jobs': -1, 'random_state': 42} Elapsed (CPU s): 1614.84
[Tucker+IF] Final result rank=(16, 64, 5) AUC=0.6608 ACC=0.716 obj=0.4274806201550388| params={'bootstrap': True, 'contamination': 0.05, 'max_features': 1.0, 'max_samples': 0.5, 'n_estimators': 50, 'n_jobs': -1, 'random_state': 42} | thr=0.468582 | target_FP=0.050
[Tucker+IF] AUC=0.6608 Boot: mean:0.6601 std:0.0428, CI(0.5715–0.7411) | 
[Tucker+IF] R=(16, 64, 5) peak_rss_mb=6377.1 | peak_workingset_mb=6727.5 | peak_cuda_mb=130.0 | cpu_time_sec=1615.36
Rank: 16 64 16
[Tucker only] R=(16, 64, 16) peak_rss_mb=7301.4 | peak_workingset_mb=7347.8 | peak_cuda_mb=1192.5 | cpu_time_sec=10425.53
[Tucker+OCSVM] (VAL one-class) chose {'gamma': 0.003333333333333333, 'kernel': 'rbf', 'nu': 0.01} best_obj:(FP=1.000, P95=0.0100, mean=0.0100) Elapsed: 1041.27
[Tucker+OCSVM] Final result RANK=(16, 64, 16) AUC=0.5 | ACC=0.8 | param=({'gamma': 0.003333333333333333, 'kernel': 'rbf', 'nu': 0.01}) | aux=FP=1.000, P95=0.0100, mean=0.0100
[Tucker+OCSVM] AUC=0.5000 Boot: mean:0.5000 std:0.0000, CI(0.5000–0.5000) | 
[Tucker+OCSVM] R=(16, 64, 16) peak_rss_mb=5995.2 | peak_workingset_mb=7347.8 | peak_cuda_mb=130.0 | cpu_time_sec=1053.80
[Tucker+AE] best_param=(1, 16) best_obj=1.0 Elapsed: 76.11
[Tucker+AE] (global) Final result Rank=(16, 64, 16) AUC=0.548 ACC=0.812
[Tucker+AE] AUC=0.5480 Boot: mean:0.5498 std:0.0488, CI(0.4520–0.6413) | 
[Tucker+AE] R=(16, 64, 16) peak_rss_mb=6496.2 | peak_workingset_mb=7347.8 | peak_cuda_mb=130.0 | cpu_time_sec=1986.08
[Tucker+IF] best_obj=0.099961 best_param: {'bootstrap': False, 'contamination': 0.05, 'max_features': 1.0, 'max_samples': 0.5, 'n_estimators': 50, 'n_jobs': -1, 'random_state': 42} Elapsed (CPU s): 1396.05
[Tucker+IF] Final result rank=(16, 64, 16) AUC=0.6668 ACC=0.704 obj=0.09996124031007753| params={'bootstrap': False, 'contamination': 0.05, 'max_features': 1.0, 'max_samples': 0.5, 'n_estimators': 50, 'n_jobs': -1, 'random_state': 42} | thr=0.415705 | target_FP=0.050
[Tucker+IF] AUC=0.6668 Boot: mean:0.6659 std:0.0423, CI(0.5806–0.7451) | 
[Tucker+IF] R=(16, 64, 16) peak_rss_mb=3035.5 | peak_workingset_mb=7347.8 | peak_cuda_mb=130.0 | cpu_time_sec=1397.02
Rank: 32 5 5
[Tucker only] R=(32, 5, 5) peak_rss_mb=3098.0 | peak_workingset_mb=7347.8 | peak_cuda_mb=150.6 | cpu_time_sec=196.61
[Tucker+OCSVM] (VAL one-class) chose {'gamma': 0.000125, 'kernel': 'rbf', 'nu': 0.01} best_obj:(FP=0.135, P95=1.0322, mean=-1.4135) Elapsed: 50.61
[Tucker+OCSVM] Final result RANK=(32, 5, 5) AUC=0.5269 | ACC=0.8 | param=({'gamma': 0.000125, 'kernel': 'rbf', 'nu': 0.01}) | aux=FP=0.135, P95=1.0322, mean=-1.4135
[Tucker+OCSVM] AUC=0.5269 Boot: mean:0.5258 std:0.0477, CI(0.4297–0.6156) | 
[Tucker+OCSVM] R=(32, 5, 5) peak_rss_mb=3115.2 | peak_workingset_mb=7347.8 | peak_cuda_mb=130.0 | cpu_time_sec=51.41
[Tucker+AE] best_param=(3, 16) best_obj=0.1813953488372093 Elapsed: 205.89
[Tucker+AE] (global) Final result Rank=(32, 5, 5) AUC=0.5291 ACC=0.8
[Tucker+AE] AUC=0.5291 Boot: mean:0.5280 std:0.0477, CI(0.4319–0.6174) | 
[Tucker+AE] R=(32, 5, 5) peak_rss_mb=3480.2 | peak_workingset_mb=7347.8 | peak_cuda_mb=130.0 | cpu_time_sec=696.03
[Tucker+IF] best_obj=0.170891 best_param: {'bootstrap': True, 'contamination': 0.05, 'max_features': 0.5, 'max_samples': 0.75, 'n_estimators': 50, 'n_jobs': -1, 'random_state': 42} Elapsed (CPU s): 483.8
[Tucker+IF] Final result rank=(32, 5, 5) AUC=0.5202 ACC=0.72 obj=0.17089147286821707| params={'bootstrap': True, 'contamination': 0.05, 'max_features': 0.5, 'max_samples': 0.75, 'n_estimators': 50, 'n_jobs': -1, 'random_state': 42} | thr=0.505123 | target_FP=0.050
[Tucker+IF] AUC=0.5202 Boot: mean:0.5193 std:0.0470, CI(0.4305–0.6101) | 
[Tucker+IF] R=(32, 5, 5) peak_rss_mb=3680.7 | peak_workingset_mb=7347.8 | peak_cuda_mb=130.0 | cpu_time_sec=484.69
Rank: 32 5 16
[Tucker only] R=(32, 5, 16) peak_rss_mb=6567.6 | peak_workingset_mb=7347.8 | peak_cuda_mb=1193.3 | cpu_time_sec=9936.23
[Tucker+OCSVM] (VAL one-class) chose {'gamma': 0.00010416666666666667, 'kernel': 'rbf', 'nu': 0.01} best_obj:(FP=0.270, P95=1.5972, mean=-0.6357) Elapsed: 59.48
[Tucker+OCSVM] Final result RANK=(32, 5, 16) AUC=0.6221 | ACC=0.8 | param=({'gamma': 0.00010416666666666667, 'kernel': 'rbf', 'nu': 0.01}) | aux=FP=0.270, P95=1.5972, mean=-0.6357
[Tucker+OCSVM] AUC=0.6221 Boot: mean:0.6211 std:0.0440, CI(0.5372–0.7068) | 
[Tucker+OCSVM] R=(32, 5, 16) peak_rss_mb=447.1 | peak_workingset_mb=7347.8 | peak_cuda_mb=130.0 | cpu_time_sec=60.36
[Tucker+AE] best_param=(3, 16) best_obj=0.30465116279069765 Elapsed: 86.64
[Tucker+AE] (global) Final result Rank=(32, 5, 16) AUC=0.6216 ACC=0.8
[Tucker+AE] AUC=0.6216 Boot: mean:0.6206 std:0.0440, CI(0.5352–0.7060) | 
[Tucker+AE] R=(32, 5, 16) peak_rss_mb=1032.0 | peak_workingset_mb=7347.8 | peak_cuda_mb=130.0 | cpu_time_sec=725.25
[Tucker+IF] best_obj=0.239109 best_param: {'bootstrap': False, 'contamination': 0.05, 'max_features': 1.0, 'max_samples': 0.5, 'n_estimators': 50, 'n_jobs': -1, 'random_state': 42} Elapsed (CPU s): 519.92
[Tucker+IF] Final result rank=(32, 5, 16) AUC=0.6291 ACC=0.724 obj=0.23910852713178296| params={'bootstrap': False, 'contamination': 0.05, 'max_features': 1.0, 'max_samples': 0.5, 'n_estimators': 50, 'n_jobs': -1, 'random_state': 42} | thr=0.482505 | target_FP=0.050
[Tucker+IF] AUC=0.6291 Boot: mean:0.6286 std:0.0407, CI(0.5468–0.7086) | 
[Tucker+IF] R=(32, 5, 16) peak_rss_mb=1272.2 | peak_workingset_mb=7347.8 | peak_cuda_mb=130.0 | cpu_time_sec=520.50
Rank: 32 16 5
[Tucker only] R=(32, 16, 5) peak_rss_mb=1709.3 | peak_workingset_mb=7347.8 | peak_cuda_mb=150.6 | cpu_time_sec=239.20
[Tucker+OCSVM] (VAL one-class) chose {'gamma': 0.00390625, 'kernel': 'rbf', 'nu': 0.01} best_obj:(FP=1.000, P95=0.0100, mean=0.0100) Elapsed: 334.64
[Tucker+OCSVM] Final result RANK=(32, 16, 5) AUC=0.49255 | ACC=0.8 | param=({'gamma': 0.00390625, 'kernel': 'rbf', 'nu': 0.01}) | aux=FP=1.000, P95=0.0100, mean=0.0100
[Tucker+OCSVM] AUC=0.4925 Boot: mean:0.4925 std:0.0101, CI(0.4700–0.5075) | 
[Tucker+OCSVM] R=(32, 16, 5) peak_rss_mb=6853.8 | peak_workingset_mb=7347.8 | peak_cuda_mb=130.0 | cpu_time_sec=347.19
[Tucker+AE] best_param=(1, 16) best_obj=1.0 Elapsed: 89.34
[Tucker+AE] (global) Final result Rank=(32, 16, 5) AUC=0.6286 ACC=0.824
[Tucker+AE] AUC=0.6286 Boot: mean:0.6281 std:0.0542, CI(0.5198–0.7299) | 
[Tucker+AE] R=(32, 16, 5) peak_rss_mb=7378.2 | peak_workingset_mb=7387.3 | peak_cuda_mb=130.0 | cpu_time_sec=1630.03
[Tucker+IF] best_obj=0.924380 best_param: {'bootstrap': True, 'contamination': 0.05, 'max_features': 0.5, 'max_samples': 0.5, 'n_estimators': 50, 'n_jobs': -1, 'random_state': 42} Elapsed (CPU s): 1115.22
[Tucker+IF] Final result rank=(32, 16, 5) AUC=0.6255 ACC=0.76 obj=0.9243798449612403| params={'bootstrap': True, 'contamination': 0.05, 'max_features': 0.5, 'max_samples': 0.5, 'n_estimators': 50, 'n_jobs': -1, 'random_state': 42} | thr=0.558536 | target_FP=0.050
[Tucker+IF] AUC=0.6255 Boot: mean:0.6245 std:0.0512, CI(0.5221–0.7232) | 
[Tucker+IF] R=(32, 16, 5) peak_rss_mb=2773.7 | peak_workingset_mb=7387.3 | peak_cuda_mb=130.0 | cpu_time_sec=1116.94
Rank: 32 16 16
[Tucker only] R=(32, 16, 16) peak_rss_mb=4710.4 | peak_workingset_mb=7387.3 | peak_cuda_mb=1193.6 | cpu_time_sec=9654.41
[Tucker+OCSVM] (VAL one-class) chose {'gamma': 0.003333333333333333, 'kernel': 'rbf', 'nu': 0.01} best_obj:(FP=1.000, P95=0.0100, mean=0.0100) Elapsed: 1327.94
[Tucker+OCSVM] Final result RANK=(32, 16, 16) AUC=0.5 | ACC=0.8 | param=({'gamma': 0.003333333333333333, 'kernel': 'rbf', 'nu': 0.01}) | aux=FP=1.000, P95=0.0100, mean=0.0100
[Tucker+OCSVM] AUC=0.5000 Boot: mean:0.5000 std:0.0000, CI(0.5000–0.5000) | 
[Tucker+OCSVM] R=(32, 16, 16) peak_rss_mb=2357.3 | peak_workingset_mb=7387.3 | peak_cuda_mb=130.0 | cpu_time_sec=1337.45
[Tucker+AE] best_param=(1, 16) best_obj=1.0 Elapsed: 103.75
[Tucker+AE] (global) Final result Rank=(32, 16, 16) AUC=0.5262 ACC=0.812
[Tucker+AE] AUC=0.5262 Boot: mean:0.5266 std:0.0495, CI(0.4284–0.6216) | 
[Tucker+AE] R=(32, 16, 16) peak_rss_mb=3540.7 | peak_workingset_mb=7387.3 | peak_cuda_mb=130.0 | cpu_time_sec=1788.42
[Tucker+IF] best_obj=0.995698 best_param: {'bootstrap': True, 'contamination': 0.05, 'max_features': 1.0, 'max_samples': 0.75, 'n_estimators': 50, 'n_jobs': -1, 'random_state': 42} Elapsed (CPU s): 1220.12
[Tucker+IF] Final result rank=(32, 16, 16) AUC=0.5712 ACC=0.744 obj=0.9956976744186046| params={'bootstrap': True, 'contamination': 0.05, 'max_features': 1.0, 'max_samples': 0.75, 'n_estimators': 50, 'n_jobs': -1, 'random_state': 42} | thr=0.571652 | target_FP=0.050
[Tucker+IF] AUC=0.5712 Boot: mean:0.5709 std:0.0532, CI(0.4662–0.6733) | 
[Tucker+IF] R=(32, 16, 16) peak_rss_mb=3954.6 | peak_workingset_mb=7387.3 | peak_cuda_mb=130.0 | cpu_time_sec=1221.11
Rank: 32 32 5
[Tucker only] R=(32, 32, 5) peak_rss_mb=1450.4 | peak_workingset_mb=7387.3 | peak_cuda_mb=150.6 | cpu_time_sec=496.84
[Tucker+OCSVM] (VAL one-class) chose {'gamma': 0.003333333333333333, 'kernel': 'rbf', 'nu': 0.01} best_obj:(FP=1.000, P95=0.0100, mean=0.0100) Elapsed: 1364.78
[Tucker+OCSVM] Final result RANK=(32, 32, 5) AUC=0.5 | ACC=0.8 | param=({'gamma': 0.003333333333333333, 'kernel': 'rbf', 'nu': 0.01}) | aux=FP=1.000, P95=0.0100, mean=0.0100
[Tucker+OCSVM] AUC=0.5000 Boot: mean:0.5000 std:0.0000, CI(0.5000–0.5000) | 
[Tucker+OCSVM] R=(32, 32, 5) peak_rss_mb=8410.7 | peak_workingset_mb=8410.7 | peak_cuda_mb=130.0 | cpu_time_sec=1381.73
[Tucker+AE] best_param=(1, 16) best_obj=1.0 Elapsed: 108.17
[Tucker+AE] (global) Final result Rank=(32, 32, 5) AUC=0.5058 ACC=0.804
[Tucker+AE] AUC=0.5058 Boot: mean:0.5060 std:0.0460, CI(0.4204–0.5936) | 
[Tucker+AE] R=(32, 32, 5) peak_rss_mb=8921.1 | peak_workingset_mb=8928.3 | peak_cuda_mb=130.0 | cpu_time_sec=1626.00
[Tucker+IF] best_obj=0.248798 best_param: {'bootstrap': True, 'contamination': 0.05, 'max_features': 1.0, 'max_samples': 0.5, 'n_estimators': 50, 'n_jobs': -1, 'random_state': 42} Elapsed (CPU s): 1503.17
[Tucker+IF] Final result rank=(32, 32, 5) AUC=0.5449 ACC=0.656 obj=0.24879844961240313| params={'bootstrap': True, 'contamination': 0.05, 'max_features': 1.0, 'max_samples': 0.5, 'n_estimators': 50, 'n_jobs': -1, 'random_state': 42} | thr=0.456841 | target_FP=0.050
[Tucker+IF] AUC=0.5449 Boot: mean:0.5449 std:0.0510, CI(0.4458–0.6414) | 
[Tucker+IF] R=(32, 32, 5) peak_rss_mb=9247.1 | peak_workingset_mb=9270.0 | peak_cuda_mb=130.0 | cpu_time_sec=1503.97
Rank: 32 32 16
[Tucker only] R=(32, 32, 16) peak_rss_mb=8953.4 | peak_workingset_mb=9270.0 | peak_cuda_mb=1194.0 | cpu_time_sec=10446.28
[Tucker+OCSVM] (VAL one-class) chose {'gamma': 0.003333333333333333, 'kernel': 'rbf', 'nu': 0.01} best_obj:(FP=1.000, P95=0.0100, mean=0.0100) Elapsed: 1595.25
[Tucker+OCSVM] Final result RANK=(32, 32, 16) AUC=0.5 | ACC=0.8 | param=({'gamma': 0.003333333333333333, 'kernel': 'rbf', 'nu': 0.01}) | aux=FP=1.000, P95=0.0100, mean=0.0100
[Tucker+OCSVM] AUC=0.5000 Boot: mean:0.5000 std:0.0000, CI(0.5000–0.5000) | 
[Tucker+OCSVM] R=(32, 32, 16) peak_rss_mb=1836.8 | peak_workingset_mb=9270.0 | peak_cuda_mb=130.0 | cpu_time_sec=1609.42
[Tucker+AE] best_param=(1, 16) best_obj=1.0 Elapsed: 149.97
[Tucker+AE] (global) Final result Rank=(32, 32, 16) AUC=0.5385 ACC=0.804
[Tucker+AE] AUC=0.5385 Boot: mean:0.5384 std:0.0497, CI(0.4405–0.6348) | 
[Tucker+AE] R=(32, 32, 16) peak_rss_mb=2975.5 | peak_workingset_mb=9270.0 | peak_cuda_mb=130.0 | cpu_time_sec=1997.67
[Tucker+IF] best_obj=0.058101 best_param: {'bootstrap': False, 'contamination': 0.05, 'max_features': 0.5, 'max_samples': 0.75, 'n_estimators': 50, 'n_jobs': -1, 'random_state': 42} Elapsed (CPU s): 1240.25
[Tucker+IF] Final result rank=(32, 32, 16) AUC=0.5282 ACC=0.676 obj=0.05810077519379844| params={'bootstrap': False, 'contamination': 0.05, 'max_features': 0.5, 'max_samples': 0.75, 'n_estimators': 50, 'n_jobs': -1, 'random_state': 42} | thr=0.402387 | target_FP=0.050
[Tucker+IF] AUC=0.5282 Boot: mean:0.5281 std:0.0510, CI(0.4295–0.6293) | 
[Tucker+IF] R=(32, 32, 16) peak_rss_mb=1090.8 | peak_workingset_mb=9270.0 | peak_cuda_mb=130.0 | cpu_time_sec=1243.00
Rank: 32 64 5
[Tucker only] R=(32, 64, 5) peak_rss_mb=1473.1 | peak_workingset_mb=9270.0 | peak_cuda_mb=151.0 | cpu_time_sec=359.69
[Tucker+OCSVM] (VAL one-class) chose {'gamma': 0.003333333333333333, 'kernel': 'rbf', 'nu': 0.01} best_obj:(FP=1.000, P95=0.0100, mean=0.0100) Elapsed: 1662.41
[Tucker+OCSVM] Final result RANK=(32, 64, 5) AUC=0.5 | ACC=0.8 | param=({'gamma': 0.003333333333333333, 'kernel': 'rbf', 'nu': 0.01}) | aux=FP=1.000, P95=0.0100, mean=0.0100
[Tucker+OCSVM] AUC=0.5000 Boot: mean:0.5000 std:0.0000, CI(0.5000–0.5000) | 
[Tucker+OCSVM] R=(32, 64, 5) peak_rss_mb=9372.4 | peak_workingset_mb=9387.0 | peak_cuda_mb=130.0 | cpu_time_sec=1693.67
[Tucker+AE] best_param=(1, 16) best_obj=1.0 Elapsed: 218.97
[Tucker+AE] (global) Final result Rank=(32, 64, 5) AUC=0.4234 ACC=0.8
[Tucker+AE] AUC=0.4234 Boot: mean:0.4222 std:0.0478, CI(0.3276–0.5171) | 
[Tucker+AE] R=(32, 64, 5) peak_rss_mb=9790.2 | peak_workingset_mb=9793.6 | peak_cuda_mb=130.0 | cpu_time_sec=1838.09
[Tucker+IF] best_obj=0.010039 best_param: {'bootstrap': True, 'contamination': 0.05, 'max_features': 1.0, 'max_samples': 1.0, 'n_estimators': 50, 'n_jobs': -1, 'random_state': 42} Elapsed (CPU s): 1599.67
[Tucker+IF] Final result rank=(32, 64, 5) AUC=0.6124 ACC=0.68 obj=0.010038759689922482| params={'bootstrap': True, 'contamination': 0.05, 'max_features': 1.0, 'max_samples': 1.0, 'n_estimators': 50, 'n_jobs': -1, 'random_state': 42} | thr=0.393466 | target_FP=0.050
[Tucker+IF] AUC=0.6124 Boot: mean:0.6126 std:0.0456, CI(0.5218–0.6986) | 
[Tucker+IF] R=(32, 64, 5) peak_rss_mb=7554.2 | peak_workingset_mb=9793.6 | peak_cuda_mb=130.0 | cpu_time_sec=1605.92
Rank: 32 64 16
[Tucker only] R=(32, 64, 16) peak_rss_mb=8567.4 | peak_workingset_mb=9793.6 | peak_cuda_mb=1194.9 | cpu_time_sec=11955.61
[Tucker+OCSVM] (VAL one-class) chose {'gamma': 0.003333333333333333, 'kernel': 'rbf', 'nu': 0.01} best_obj:(FP=1.000, P95=0.0100, mean=0.0100) Elapsed: 1555.25
[Tucker+OCSVM] Final result RANK=(32, 64, 16) AUC=0.5 | ACC=0.8 | param=({'gamma': 0.003333333333333333, 'kernel': 'rbf', 'nu': 0.01}) | aux=FP=1.000, P95=0.0100, mean=0.0100
[Tucker+OCSVM] AUC=0.5000 Boot: mean:0.5000 std:0.0000, CI(0.5000–0.5000) | 
[Tucker+OCSVM] R=(32, 64, 16) peak_rss_mb=2185.6 | peak_workingset_mb=9793.6 | peak_cuda_mb=130.0 | cpu_time_sec=1571.39
[Tucker+AE] best_param=(1, 16) best_obj=1.0 Elapsed: 169.47
[Tucker+AE] (global) Final result Rank=(32, 64, 16) AUC=0.5058 ACC=0.8
[Tucker+AE] AUC=0.5058 Boot: mean:0.5060 std:0.0484, CI(0.4074–0.6008) | 
[Tucker+AE] R=(32, 64, 16) peak_rss_mb=3319.5 | peak_workingset_mb=9793.6 | peak_cuda_mb=130.0 | cpu_time_sec=1914.17
[Tucker+IF] best_obj=0.005000 best_param: {'bootstrap': False, 'contamination': 0.05, 'max_features': 0.5, 'max_samples': 0.75, 'n_estimators': 50, 'n_jobs': -1, 'random_state': 42} Elapsed (CPU s): 1566.03
[Tucker+IF] Final result rank=(32, 64, 16) AUC=0.5777 ACC=0.64 obj=0.005| params={'bootstrap': False, 'contamination': 0.05, 'max_features': 0.5, 'max_samples': 0.75, 'n_estimators': 50, 'n_jobs': -1, 'random_state': 42} | thr=0.353920 | target_FP=0.050
[Tucker+IF] AUC=0.5777 Boot: mean:0.5768 std:0.0441, CI(0.4869–0.6614) | 
[Tucker+IF] R=(32, 64, 16) peak_rss_mb=1266.8 | peak_workingset_mb=9793.6 | peak_cuda_mb=130.0 | cpu_time_sec=1570.67
Rank: 64 5 5
[Tucker only] R=(64, 5, 5) peak_rss_mb=1495.2 | peak_workingset_mb=9793.6 | peak_cuda_mb=151.5 | cpu_time_sec=247.08
[Tucker+OCSVM] (VAL one-class) chose {'gamma': 6.25e-05, 'kernel': 'rbf', 'nu': 0.01} best_obj:(FP=0.428, P95=14.0863, mean=1.9090) Elapsed: 102.69
[Tucker+OCSVM] Final result RANK=(64, 5, 5) AUC=0.4664 | ACC=0.8 | param=({'gamma': 6.25e-05, 'kernel': 'rbf', 'nu': 0.01}) | aux=FP=0.428, P95=14.0863, mean=1.9090
[Tucker+OCSVM] AUC=0.4664 Boot: mean:0.4666 std:0.0373, CI(0.3933–0.5403) | 
[Tucker+OCSVM] R=(64, 5, 5) peak_rss_mb=1584.9 | peak_workingset_mb=9793.6 | peak_cuda_mb=130.0 | cpu_time_sec=105.34
[Tucker+AE] best_param=(3, 32) best_obj=0.4298449612403101 Elapsed: 92.42
[Tucker+AE] (global) Final result Rank=(64, 5, 5) AUC=0.4666 ACC=0.8
[Tucker+AE] AUC=0.4666 Boot: mean:0.4668 std:0.0373, CI(0.3935–0.5401) | 
[Tucker+AE] R=(64, 5, 5) peak_rss_mb=2239.1 | peak_workingset_mb=9793.6 | peak_cuda_mb=130.0 | cpu_time_sec=766.06
[Tucker+IF] best_obj=0.345310 best_param: {'bootstrap': True, 'contamination': 0.05, 'max_features': 1.0, 'max_samples': 0.5, 'n_estimators': 50, 'n_jobs': -1, 'random_state': 42} Elapsed (CPU s): 731.34
[Tucker+IF] Final result rank=(64, 5, 5) AUC=0.4605 ACC=0.752 obj=0.34531007751937987| params={'bootstrap': True, 'contamination': 0.05, 'max_features': 1.0, 'max_samples': 0.5, 'n_estimators': 50, 'n_jobs': -1, 'random_state': 42} | thr=0.580014 | target_FP=0.050
[Tucker+IF] AUC=0.4605 Boot: mean:0.4606 std:0.0370, CI(0.3887–0.5377) | 
[Tucker+IF] R=(64, 5, 5) peak_rss_mb=2551.8 | peak_workingset_mb=9793.6 | peak_cuda_mb=130.0 | cpu_time_sec=733.61
Rank: 64 5 16
[Tucker only] R=(64, 5, 16) peak_rss_mb=5275.6 | peak_workingset_mb=9793.6 | peak_cuda_mb=970.6 | cpu_time_sec=10214.13
[Tucker+OCSVM] (VAL one-class) chose {'gamma': 5.208333333333334e-05, 'kernel': 'rbf', 'nu': 0.01} best_obj:(FP=0.988, P95=8.5455, mean=4.4129) Elapsed: 403.33
[Tucker+OCSVM] Final result RANK=(64, 5, 16) AUC=0.6108 | ACC=0.812 | param=({'gamma': 5.208333333333334e-05, 'kernel': 'rbf', 'nu': 0.01}) | aux=FP=0.988, P95=8.5455, mean=4.4129
[Tucker+OCSVM] AUC=0.6108 Boot: mean:0.6109 std:0.0446, CI(0.5181–0.6926) | 
[Tucker+OCSVM] R=(64, 5, 16) peak_rss_mb=1819.8 | peak_workingset_mb=9793.6 | peak_cuda_mb=130.0 | cpu_time_sec=406.39
[Tucker+AE] best_param=(1, 16) best_obj=0.9856589147286821 Elapsed: 67.42
[Tucker+AE] (global) Final result Rank=(64, 5, 16) AUC=0.6109 ACC=0.812
[Tucker+AE] AUC=0.6109 Boot: mean:0.6110 std:0.0445, CI(0.5188–0.6928) | 
[Tucker+AE] R=(64, 5, 16) peak_rss_mb=2683.2 | peak_workingset_mb=9793.6 | peak_cuda_mb=130.0 | cpu_time_sec=901.19
[Tucker+IF] best_obj=0.808101 best_param: {'bootstrap': True, 'contamination': 0.05, 'max_features': 0.75, 'max_samples': 0.5, 'n_estimators': 50, 'n_jobs': -1, 'random_state': 42} Elapsed (CPU s): 987.61
[Tucker+IF] Final result rank=(64, 5, 16) AUC=0.6257 ACC=0.812 obj=0.8081007751937985| params={'bootstrap': True, 'contamination': 0.05, 'max_features': 0.75, 'max_samples': 0.5, 'n_estimators': 50, 'n_jobs': -1, 'random_state': 42} | thr=0.548350 | target_FP=0.050
[Tucker+IF] AUC=0.6257 Boot: mean:0.6265 std:0.0467, CI(0.5319–0.7136) | 
[Tucker+IF] R=(64, 5, 16) peak_rss_mb=10091.4 | peak_workingset_mb=10115.2 | peak_cuda_mb=130.0 | cpu_time_sec=994.52
Rank: 64 16 5
[Tucker only] R=(64, 16, 5) peak_rss_mb=8879.8 | peak_workingset_mb=10115.2 | peak_cuda_mb=151.5 | cpu_time_sec=326.75
[Tucker+OCSVM] (VAL one-class) chose {'gamma': 0.003333333333333333, 'kernel': 'rbf', 'nu': 0.01} best_obj:(FP=1.000, P95=0.0100, mean=0.0100) Elapsed: 1828.23
[Tucker+OCSVM] Final result RANK=(64, 16, 5) AUC=0.5 | ACC=0.8 | param=({'gamma': 0.003333333333333333, 'kernel': 'rbf', 'nu': 0.01}) | aux=FP=1.000, P95=0.0100, mean=0.0100
[Tucker+OCSVM] AUC=0.5000 Boot: mean:0.5000 std:0.0000, CI(0.5000–0.5000) | 
[Tucker+OCSVM] R=(64, 16, 5) peak_rss_mb=8951.5 | peak_workingset_mb=10115.2 | peak_cuda_mb=130.0 | cpu_time_sec=1843.25
[Tucker+AE] best_param=(1, 16) best_obj=1.0 Elapsed: 119.8
[Tucker+AE] (global) Final result Rank=(64, 16, 5) AUC=0.551 ACC=0.808
[Tucker+AE] AUC=0.5510 Boot: mean:0.5487 std:0.0488, CI(0.4535–0.6443) | 
[Tucker+AE] R=(64, 16, 5) peak_rss_mb=7027.0 | peak_workingset_mb=10115.2 | peak_cuda_mb=130.0 | cpu_time_sec=1206.88
[Tucker+IF] best_obj=0.246860 best_param: {'bootstrap': True, 'contamination': 0.05, 'max_features': 1.0, 'max_samples': 1.0, 'n_estimators': 50, 'n_jobs': -1, 'random_state': 42} Elapsed (CPU s): 1869.27
[Tucker+IF] Final result rank=(64, 16, 5) AUC=0.5983 ACC=0.6 obj=0.24686046511627904| params={'bootstrap': True, 'contamination': 0.05, 'max_features': 1.0, 'max_samples': 1.0, 'n_estimators': 50, 'n_jobs': -1, 'random_state': 42} | thr=0.459625 | target_FP=0.050
[Tucker+IF] AUC=0.5983 Boot: mean:0.5971 std:0.0457, CI(0.5090–0.6863) | 
[Tucker+IF] R=(64, 16, 5) peak_rss_mb=7271.2 | peak_workingset_mb=10115.2 | peak_cuda_mb=130.0 | cpu_time_sec=1870.05
Rank: 64 16 16
[Tucker only] R=(64, 16, 16) peak_rss_mb=8131.7 | peak_workingset_mb=10115.2 | peak_cuda_mb=1193.7 | cpu_time_sec=10232.50
[Tucker+OCSVM] (VAL one-class) chose {'gamma': 0.003333333333333333, 'kernel': 'rbf', 'nu': 0.01} best_obj:(FP=1.000, P95=0.0100, mean=0.0100) Elapsed: 1290.5
[Tucker+OCSVM] Final result RANK=(64, 16, 16) AUC=0.5 | ACC=0.8 | param=({'gamma': 0.003333333333333333, 'kernel': 'rbf', 'nu': 0.01}) | aux=FP=1.000, P95=0.0100, mean=0.0100
[Tucker+OCSVM] AUC=0.5000 Boot: mean:0.5000 std:0.0000, CI(0.5000–0.5000) | 
[Tucker+OCSVM] R=(64, 16, 16) peak_rss_mb=3737.8 | peak_workingset_mb=10115.2 | peak_cuda_mb=130.0 | cpu_time_sec=1308.98
[Tucker+AE] best_param=(1, 16) best_obj=1.0 Elapsed: 219.06
[Tucker+AE] (global) Final result Rank=(64, 16, 16) AUC=0.5136 ACC=0.796
[Tucker+AE] AUC=0.5136 Boot: mean:0.5136 std:0.0461, CI(0.4251–0.6038) | 
[Tucker+AE] R=(64, 16, 16) peak_rss_mb=1937.6 | peak_workingset_mb=10115.2 | peak_cuda_mb=130.0 | cpu_time_sec=1356.41
[Tucker+IF] best_obj=0.040659 best_param: {'bootstrap': True, 'contamination': 0.05, 'max_features': 1.0, 'max_samples': 0.5, 'n_estimators': 50, 'n_jobs': -1, 'random_state': 42} Elapsed (CPU s): 1137.05
[Tucker+IF] Final result rank=(64, 16, 16) AUC=0.6272 ACC=0.624 obj=0.04065891472868216| params={'bootstrap': True, 'contamination': 0.05, 'max_features': 1.0, 'max_samples': 0.5, 'n_estimators': 50, 'n_jobs': -1, 'random_state': 42} | thr=0.418524 | target_FP=0.050
[Tucker+IF] AUC=0.6272 Boot: mean:0.6261 std:0.0464, CI(0.5339–0.7165) | 
[Tucker+IF] R=(64, 16, 16) peak_rss_mb=2527.3 | peak_workingset_mb=10115.2 | peak_cuda_mb=130.0 | cpu_time_sec=1140.03
Rank: 64 32 5
[Tucker only] R=(64, 32, 5) peak_rss_mb=3480.0 | peak_workingset_mb=10115.2 | peak_cuda_mb=151.7 | cpu_time_sec=337.33
[Tucker+OCSVM] (VAL one-class) chose {'gamma': 0.003333333333333333, 'kernel': 'rbf', 'nu': 0.01} best_obj:(FP=1.000, P95=0.0100, mean=0.0100) Elapsed: 1119.44
[Tucker+OCSVM] Final result RANK=(64, 32, 5) AUC=0.5 | ACC=0.8 | param=({'gamma': 0.003333333333333333, 'kernel': 'rbf', 'nu': 0.01}) | aux=FP=1.000, P95=0.0100, mean=0.0100
[Tucker+OCSVM] AUC=0.5000 Boot: mean:0.5000 std:0.0000, CI(0.5000–0.5000) | 
[Tucker+OCSVM] R=(64, 32, 5) peak_rss_mb=3812.2 | peak_workingset_mb=10115.2 | peak_cuda_mb=130.0 | cpu_time_sec=1139.23
[Tucker+AE] best_param=(1, 16) best_obj=1.0 Elapsed: 122.06
[Tucker+AE] (global) Final result Rank=(64, 32, 5) AUC=0.4849 ACC=0.804
[Tucker+AE] AUC=0.4849 Boot: mean:0.4855 std:0.0478, CI(0.3909–0.5776) | 
[Tucker+AE] R=(64, 32, 5) peak_rss_mb=5006.3 | peak_workingset_mb=10115.2 | peak_cuda_mb=130.0 | cpu_time_sec=1678.25
[Tucker+IF] best_obj=0.005775 best_param: {'bootstrap': False, 'contamination': 0.05, 'max_features': 1.0, 'max_samples': 0.75, 'n_estimators': 50, 'n_jobs': -1, 'random_state': 42} Elapsed (CPU s): 1185.45
[Tucker+IF] Final result rank=(64, 32, 5) AUC=0.5791 ACC=0.632 obj=0.0057751937984496125| params={'bootstrap': False, 'contamination': 0.05, 'max_features': 1.0, 'max_samples': 0.75, 'n_estimators': 50, 'n_jobs': -1, 'random_state': 42} | thr=0.364636 | target_FP=0.050
[Tucker+IF] AUC=0.5791 Boot: mean:0.5784 std:0.0484, CI(0.4840–0.6770) | 
[Tucker+IF] R=(64, 32, 5) peak_rss_mb=5544.6 | peak_workingset_mb=10115.2 | peak_cuda_mb=130.0 | cpu_time_sec=1192.50
Rank: 64 32 16
[Tucker only] R=(64, 32, 16) peak_rss_mb=8636.5 | peak_workingset_mb=10115.2 | peak_cuda_mb=1191.8 | cpu_time_sec=12427.52
[Tucker+OCSVM] (VAL one-class) chose {'gamma': 0.003333333333333333, 'kernel': 'rbf', 'nu': 0.01} best_obj:(FP=1.000, P95=0.0100, mean=0.0100) Elapsed: 1788.47
[Tucker+OCSVM] Final result RANK=(64, 32, 16) AUC=0.5 | ACC=0.8 | param=({'gamma': 0.003333333333333333, 'kernel': 'rbf', 'nu': 0.01}) | aux=FP=1.000, P95=0.0100, mean=0.0100
[Tucker+OCSVM] AUC=0.5000 Boot: mean:0.5000 std:0.0000, CI(0.5000–0.5000) | 
[Tucker+OCSVM] R=(64, 32, 16) peak_rss_mb=10993.2 | peak_workingset_mb=10993.3 | peak_cuda_mb=130.0 | cpu_time_sec=1823.05
[Tucker+AE] best_param=(1, 16) best_obj=1.0 Elapsed: 138.12
[Tucker+AE] (global) Final result Rank=(64, 32, 16) AUC=0.5597 ACC=0.804
[Tucker+AE] AUC=0.5597 Boot: mean:0.5612 std:0.0444, CI(0.4721–0.6452) | 
[Tucker+AE] R=(64, 32, 16) peak_rss_mb=9688.3 | peak_workingset_mb=10993.3 | peak_cuda_mb=130.0 | cpu_time_sec=1636.75
[Tucker+IF] best_obj=0.005000 best_param: {'bootstrap': False, 'contamination': 0.05, 'max_features': 0.5, 'max_samples': 0.5, 'n_estimators': 50, 'n_jobs': -1, 'random_state': 42} Elapsed (CPU s): 1243.75
[Tucker+IF] Final result rank=(64, 32, 16) AUC=0.5854 ACC=0.688 obj=0.005| params={'bootstrap': False, 'contamination': 0.05, 'max_features': 0.5, 'max_samples': 0.5, 'n_estimators': 50, 'n_jobs': -1, 'random_state': 42} | thr=0.359655 | target_FP=0.050
[Tucker+IF] AUC=0.5854 Boot: mean:0.5848 std:0.0487, CI(0.4850–0.6802) | 
[Tucker+IF] R=(64, 32, 16) peak_rss_mb=8955.2 | peak_workingset_mb=10993.3 | peak_cuda_mb=130.0 | cpu_time_sec=1252.73
Rank: 64 64 5
[Tucker only] R=(64, 64, 5) peak_rss_mb=10498.6 | peak_workingset_mb=10993.3 | peak_cuda_mb=153.4 | cpu_time_sec=428.28
[Tucker+OCSVM] (VAL one-class) chose {'gamma': 0.003333333333333333, 'kernel': 'rbf', 'nu': 0.01} best_obj:(FP=1.000, P95=0.0100, mean=0.0100) Elapsed: 1844.75
[Tucker+OCSVM] Final result RANK=(64, 64, 5) AUC=0.5 | ACC=0.8 | param=({'gamma': 0.003333333333333333, 'kernel': 'rbf', 'nu': 0.01}) | aux=FP=1.000, P95=0.0100, mean=0.0100
[Tucker+OCSVM] AUC=0.5000 Boot: mean:0.5000 std:0.0000, CI(0.5000–0.5000) | 
[Tucker+OCSVM] R=(64, 64, 5) peak_rss_mb=10559.6 | peak_workingset_mb=10993.3 | peak_cuda_mb=130.0 | cpu_time_sec=1878.59
[Tucker+AE] best_param=(1, 16) best_obj=1.0 Elapsed: 157.25
[Tucker+AE] (global) Final result Rank=(64, 64, 5) AUC=0.4943 ACC=0.808
[Tucker+AE] AUC=0.4943 Boot: mean:0.4930 std:0.0460, CI(0.4009–0.5809) | 
[Tucker+AE] R=(64, 64, 5) peak_rss_mb=10589.5 | peak_workingset_mb=10993.3 | peak_cuda_mb=130.0 | cpu_time_sec=1851.91
[Tucker+IF] best_obj=0.006163 best_param: {'bootstrap': True, 'contamination': 0.05, 'max_features': 0.75, 'max_samples': 0.75, 'n_estimators': 50, 'n_jobs': -1, 'random_state': 42} Elapsed (CPU s): 1250.59
[Tucker+IF] Final result rank=(64, 64, 5) AUC=0.5526 ACC=0.66 obj=0.006162790697674419| params={'bootstrap': True, 'contamination': 0.05, 'max_features': 0.75, 'max_samples': 0.75, 'n_estimators': 50, 'n_jobs': -1, 'random_state': 42} | thr=0.356945 | target_FP=0.050
[Tucker+IF] AUC=0.5526 Boot: mean:0.5515 std:0.0490, CI(0.4525–0.6460) | 
[Tucker+IF] R=(64, 64, 5) peak_rss_mb=10643.8 | peak_workingset_mb=10993.3 | peak_cuda_mb=130.0 | cpu_time_sec=1259.22
Rank: 64 64 16
[Tucker only] R=(64, 64, 16) peak_rss_mb=10534.2 | peak_workingset_mb=10993.3 | peak_cuda_mb=1185.8 | cpu_time_sec=19338.19
[Tucker+OCSVM] (VAL one-class) chose {'gamma': 0.003333333333333333, 'kernel': 'rbf', 'nu': 0.01} best_obj:(FP=1.000, P95=0.0100, mean=0.0100) Elapsed: 1112.16
[Tucker+OCSVM] Final result RANK=(64, 64, 16) AUC=0.5 | ACC=0.8 | param=({'gamma': 0.003333333333333333, 'kernel': 'rbf', 'nu': 0.01}) | aux=FP=1.000, P95=0.0100, mean=0.0100
[Tucker+OCSVM] AUC=0.5000 Boot: mean:0.5000 std:0.0000, CI(0.5000–0.5000) | 
[Tucker+OCSVM] R=(64, 64, 16) peak_rss_mb=4974.5 | peak_workingset_mb=10993.3 | peak_cuda_mb=130.0 | cpu_time_sec=1133.91
[Tucker+AE] best_param=(1, 16) best_obj=1.0 Elapsed: 322.48
[Tucker+AE] (global) Final result Rank=(64, 64, 16) AUC=0.557 ACC=0.812
[Tucker+AE] AUC=0.5570 Boot: mean:0.5576 std:0.0482, CI(0.4630–0.6538) | 
[Tucker+AE] R=(64, 64, 16) peak_rss_mb=4869.9 | peak_workingset_mb=10993.3 | peak_cuda_mb=130.0 | cpu_time_sec=2522.75
[Tucker+IF] best_obj=0.005000 best_param: {'bootstrap': False, 'contamination': 0.05, 'max_features': 0.75, 'max_samples': 0.75, 'n_estimators': 50, 'n_jobs': -1, 'random_state': 42} Elapsed (CPU s): 1870.03
[Tucker+IF] Final result rank=(64, 64, 16) AUC=0.5762 ACC=0.712 obj=0.005| params={'bootstrap': False, 'contamination': 0.05, 'max_features': 0.75, 'max_samples': 0.75, 'n_estimators': 50, 'n_jobs': -1, 'random_state': 42} | thr=0.338667 | target_FP=0.050
[Tucker+IF] AUC=0.5762 Boot: mean:0.5756 std:0.0472, CI(0.4794–0.6656) | 
[Tucker+IF] R=(64, 64, 16) peak_rss_mb=2859.2 | peak_workingset_mb=10993.3 | peak_cuda_mb=130.0 | cpu_time_sec=1909.83
