TensorLy backend: PyTorch (CUDA)
Rank search
Split seed: 1
[TRAIN] N=1500, NaNs=False, Infs=False
[TRAIN] min=-4.229620, max=5.458745
[VAL] N=301, NaNs=False, Infs=False
[VAL] min=-4.201517, max=6.049192
[FINAL] N=250, NaNs=False, Infs=False
[FINAL] min=-4.032901, max=8.337173
Rank: 5 5 5
[Tucker only] R=(5, 5, 5) peak_rss_mb=1382.2 | peak_workingset_mb=1382.2 | peak_cuda_mb=158.0 | cpu_time_sec=71.94
[Tucker+OCSVM] (VAL one-class) chose {'gamma': 0.0008, 'kernel': 'rbf', 'nu': 0.01} best_obj:(FP=0.179, P95=1.8151, mean=-1.1728) Elapsed: 2.34
[Tucker+OCSVM] Final result RANK=(5, 5, 5) AUC=0.6782 | ACC=0.808 | param=({'gamma': 0.0008, 'kernel': 'rbf', 'nu': 0.01}) | aux=FP=0.179, P95=1.8151, mean=-1.1728
[Tucker+OCSVM] AUC=0.6782 Boot: mean:0.6782 std:0.0444, CI(0.5915–0.7626) | 
[Tucker+OCSVM] R=(5, 5, 5) peak_rss_mb=1392.2 | peak_workingset_mb=1393.7 | peak_cuda_mb=138.1 | cpu_time_sec=2.62
[Tucker+AE] best_param=(2, 16) best_obj=0.2120708748615725 Elapsed: 3.7
[Tucker+AE] (global) Final result Rank=(5, 5, 5) AUC=0.6741 ACC=0.808
[Tucker+AE] AUC=0.6741 Boot: mean:0.6741 std:0.0447, CI(0.5864–0.7588) | 
[Tucker+AE] R=(5, 5, 5) peak_rss_mb=1561.9 | peak_workingset_mb=1562.0 | peak_cuda_mb=138.1 | cpu_time_sec=47.97
[Tucker+IF] best_obj=0.158931 best_param: {'bootstrap': False, 'contamination': 0.05, 'max_features': 0.75, 'max_samples': 0.5, 'n_estimators': 50, 'n_jobs': -1, 'random_state': 42} Elapsed (CPU s): 91.72
[Tucker+IF] Final result rank=(5, 5, 5) AUC=0.6723 ACC=0.8 obj=0.1589313399778516| params={'bootstrap': False, 'contamination': 0.05, 'max_features': 0.75, 'max_samples': 0.5, 'n_estimators': 50, 'n_jobs': -1, 'random_state': 42} | thr=0.569269 | target_FP=0.050
[Tucker+IF] AUC=0.6723 Boot: mean:0.6724 std:0.0437, CI(0.5842–0.7526) | 
[Tucker+IF] R=(5, 5, 5) peak_rss_mb=1588.1 | peak_workingset_mb=1588.1 | peak_cuda_mb=138.1 | cpu_time_sec=92.03
Rank: 5 5 16
[Tucker only] R=(5, 5, 16) peak_rss_mb=4193.7 | peak_workingset_mb=4266.2 | peak_cuda_mb=1199.6 | cpu_time_sec=5167.72
[Tucker+OCSVM] (VAL one-class) chose {'gamma': 0.0006666666666666668, 'kernel': 'rbf', 'nu': 0.01} best_obj:(FP=0.186, P95=1.8138, mean=-1.0357) Elapsed: 2.47
[Tucker+OCSVM] Final result RANK=(5, 5, 16) AUC=0.6567 | ACC=0.804 | param=({'gamma': 0.0006666666666666668, 'kernel': 'rbf', 'nu': 0.01}) | aux=FP=0.186, P95=1.8138, mean=-1.0357
[Tucker+OCSVM] AUC=0.6567 Boot: mean:0.6567 std:0.0452, CI(0.5673–0.7430) | 
[Tucker+OCSVM] R=(5, 5, 16) peak_rss_mb=755.8 | peak_workingset_mb=4266.2 | peak_cuda_mb=138.1 | cpu_time_sec=2.78
[Tucker+AE] best_param=(3, 16) best_obj=0.2220376522702104 Elapsed: 5.03
[Tucker+AE] (global) Final result Rank=(5, 5, 16) AUC=0.654 ACC=0.804
[Tucker+AE] AUC=0.6540 Boot: mean:0.6539 std:0.0451, CI(0.5650–0.7407) | 
[Tucker+AE] R=(5, 5, 16) peak_rss_mb=922.3 | peak_workingset_mb=4266.2 | peak_cuda_mb=138.1 | cpu_time_sec=54.28
[Tucker+IF] best_obj=0.157270 best_param: {'bootstrap': False, 'contamination': 0.05, 'max_features': 1.0, 'max_samples': 0.75, 'n_estimators': 50, 'n_jobs': -1, 'random_state': 42} Elapsed (CPU s): 93.48
[Tucker+IF] Final result rank=(5, 5, 16) AUC=0.634 ACC=0.8 obj=0.1572702104097453| params={'bootstrap': False, 'contamination': 0.05, 'max_features': 1.0, 'max_samples': 0.75, 'n_estimators': 50, 'n_jobs': -1, 'random_state': 42} | thr=0.540989 | target_FP=0.050
[Tucker+IF] AUC=0.6340 Boot: mean:0.6340 std:0.0485, CI(0.5371–0.7258) | 
[Tucker+IF] R=(5, 5, 16) peak_rss_mb=960.5 | peak_workingset_mb=4266.2 | peak_cuda_mb=138.1 | cpu_time_sec=93.78
Rank: 5 16 5
[Tucker only] R=(5, 16, 5) peak_rss_mb=971.9 | peak_workingset_mb=4266.2 | peak_cuda_mb=158.0 | cpu_time_sec=90.23
[Tucker+OCSVM] (VAL one-class) chose {'gamma': 0.00025, 'kernel': 'rbf', 'nu': 0.01} best_obj:(FP=0.292, P95=1.7765, mean=-0.4146) Elapsed: 7.12
[Tucker+OCSVM] Final result RANK=(5, 16, 5) AUC=0.6038 | ACC=0.804 | param=({'gamma': 0.00025, 'kernel': 'rbf', 'nu': 0.01}) | aux=FP=0.292, P95=1.7765, mean=-0.4146
[Tucker+OCSVM] AUC=0.6038 Boot: mean:0.6033 std:0.0468, CI(0.5095–0.6898) | 
[Tucker+OCSVM] R=(5, 16, 5) peak_rss_mb=946.3 | peak_workingset_mb=4266.2 | peak_cuda_mb=138.1 | cpu_time_sec=7.47
[Tucker+AE] best_param=(3, 16) best_obj=0.31118493909191586 Elapsed: 13.36
[Tucker+AE] (global) Final result Rank=(5, 16, 5) AUC=0.6029 ACC=0.804
[Tucker+AE] AUC=0.6029 Boot: mean:0.6025 std:0.0468, CI(0.5087–0.6883) | 
[Tucker+AE] R=(5, 16, 5) peak_rss_mb=1068.5 | peak_workingset_mb=4266.2 | peak_cuda_mb=138.1 | cpu_time_sec=90.66
[Tucker+IF] best_obj=0.198245 best_param: {'bootstrap': True, 'contamination': 0.05, 'max_features': 0.5, 'max_samples': 0.5, 'n_estimators': 50, 'n_jobs': -1, 'random_state': 42} Elapsed (CPU s): 145.2
[Tucker+IF] Final result rank=(5, 16, 5) AUC=0.622 ACC=0.792 obj=0.19824473975636767| params={'bootstrap': True, 'contamination': 0.05, 'max_features': 0.5, 'max_samples': 0.5, 'n_estimators': 50, 'n_jobs': -1, 'random_state': 42} | thr=0.533756 | target_FP=0.050
[Tucker+IF] AUC=0.6220 Boot: mean:0.6213 std:0.0474, CI(0.5300–0.7101) | 
[Tucker+IF] R=(5, 16, 5) peak_rss_mb=1051.0 | peak_workingset_mb=4266.2 | peak_cuda_mb=138.1 | cpu_time_sec=145.55
Rank: 5 16 16
[Tucker only] R=(5, 16, 16) peak_rss_mb=4210.2 | peak_workingset_mb=4266.2 | peak_cuda_mb=1202.2 | cpu_time_sec=5240.39
[Tucker+OCSVM] (VAL one-class) chose {'gamma': 0.00020833333333333335, 'kernel': 'rbf', 'nu': 0.01} best_obj:(FP=0.385, P95=1.8637, mean=-0.1583) Elapsed: 10.09
[Tucker+OCSVM] Final result RANK=(5, 16, 16) AUC=0.5807 | ACC=0.804 | param=({'gamma': 0.00020833333333333335, 'kernel': 'rbf', 'nu': 0.01}) | aux=FP=0.385, P95=1.8637, mean=-0.1583
[Tucker+OCSVM] AUC=0.5807 Boot: mean:0.5802 std:0.0473, CI(0.4864–0.6697) | 
[Tucker+OCSVM] R=(5, 16, 16) peak_rss_mb=1094.5 | peak_workingset_mb=4266.2 | peak_cuda_mb=138.1 | cpu_time_sec=10.48
[Tucker+AE] best_param=(3, 16) best_obj=0.372093023255814 Elapsed: 16.75
[Tucker+AE] (global) Final result Rank=(5, 16, 16) AUC=0.5823 ACC=0.804
[Tucker+AE] AUC=0.5823 Boot: mean:0.5819 std:0.0471, CI(0.4893–0.6700) | 
[Tucker+AE] R=(5, 16, 16) peak_rss_mb=1238.9 | peak_workingset_mb=4266.2 | peak_cuda_mb=138.1 | cpu_time_sec=114.73
[Tucker+IF] best_obj=0.227038 best_param: {'bootstrap': True, 'contamination': 0.05, 'max_features': 1.0, 'max_samples': 1.0, 'n_estimators': 50, 'n_jobs': -1, 'random_state': 42} Elapsed (CPU s): 173.89
[Tucker+IF] Final result rank=(5, 16, 16) AUC=0.5616 ACC=0.796 obj=0.22703765227021042| params={'bootstrap': True, 'contamination': 0.05, 'max_features': 1.0, 'max_samples': 1.0, 'n_estimators': 50, 'n_jobs': -1, 'random_state': 42} | thr=0.527334 | target_FP=0.050
[Tucker+IF] AUC=0.5616 Boot: mean:0.5617 std:0.0469, CI(0.4691–0.6522) | 
[Tucker+IF] R=(5, 16, 16) peak_rss_mb=1289.1 | peak_workingset_mb=4266.2 | peak_cuda_mb=138.1 | cpu_time_sec=174.22
Rank: 5 32 5
[Tucker only] R=(5, 32, 5) peak_rss_mb=1261.9 | peak_workingset_mb=4266.2 | peak_cuda_mb=158.0 | cpu_time_sec=97.78
[Tucker+OCSVM] (VAL one-class) chose {'gamma': 0.000125, 'kernel': 'rbf', 'nu': 0.01} best_obj:(FP=0.787, P95=2.8812, mean=0.9096) Elapsed: 17.31
[Tucker+OCSVM] Final result RANK=(5, 32, 5) AUC=0.4442 | ACC=0.8 | param=({'gamma': 0.000125, 'kernel': 'rbf', 'nu': 0.01}) | aux=FP=0.787, P95=2.8812, mean=0.9096
[Tucker+OCSVM] AUC=0.4442 Boot: mean:0.4447 std:0.0451, CI(0.3575–0.5351) | 
[Tucker+OCSVM] R=(5, 32, 5) peak_rss_mb=1189.9 | peak_workingset_mb=4266.2 | peak_cuda_mb=138.1 | cpu_time_sec=17.70
[Tucker+AE] best_param=(3, 16) best_obj=0.7641196013289036 Elapsed: 73.42
[Tucker+AE] (global) Final result Rank=(5, 32, 5) AUC=0.4437 ACC=0.8
[Tucker+AE] AUC=0.4437 Boot: mean:0.4442 std:0.0451, CI(0.3567–0.5344) | 
[Tucker+AE] R=(5, 32, 5) peak_rss_mb=1409.8 | peak_workingset_mb=4266.2 | peak_cuda_mb=138.1 | cpu_time_sec=238.34
[Tucker+IF] best_obj=0.459042 best_param: {'bootstrap': True, 'contamination': 0.05, 'max_features': 1.0, 'max_samples': 0.5, 'n_estimators': 50, 'n_jobs': -1, 'random_state': 42} Elapsed (CPU s): 226.02
[Tucker+IF] Final result rank=(5, 32, 5) AUC=0.4829 ACC=0.688 obj=0.4590420819490587| params={'bootstrap': True, 'contamination': 0.05, 'max_features': 1.0, 'max_samples': 0.5, 'n_estimators': 50, 'n_jobs': -1, 'random_state': 42} | thr=0.524462 | target_FP=0.050
[Tucker+IF] AUC=0.4829 Boot: mean:0.4841 std:0.0475, CI(0.3922–0.5804) | 
[Tucker+IF] R=(5, 32, 5) peak_rss_mb=1489.3 | peak_workingset_mb=4266.2 | peak_cuda_mb=138.1 | cpu_time_sec=226.41
Rank: 5 32 16
[Tucker only] R=(5, 32, 16) peak_rss_mb=4588.4 | peak_workingset_mb=4624.3 | peak_cuda_mb=1183.9 | cpu_time_sec=5353.70
[Tucker+OCSVM] (VAL one-class) chose {'gamma': 0.00010416666666666667, 'kernel': 'rbf', 'nu': 0.01} best_obj:(FP=0.980, P95=4.1242, mean=1.8300) Elapsed: 18.3
[Tucker+OCSVM] Final result RANK=(5, 32, 16) AUC=0.5882 | ACC=0.804 | param=({'gamma': 0.00010416666666666667, 'kernel': 'rbf', 'nu': 0.01}) | aux=FP=0.980, P95=4.1242, mean=1.8300
[Tucker+OCSVM] AUC=0.5882 Boot: mean:0.5875 std:0.0439, CI(0.5003–0.6703) | 
[Tucker+OCSVM] R=(5, 32, 16) peak_rss_mb=1288.2 | peak_workingset_mb=4624.3 | peak_cuda_mb=138.1 | cpu_time_sec=18.67
[Tucker+AE] best_param=(3, 16) best_obj=0.9700996677740864 Elapsed: 47.73
[Tucker+AE] (global) Final result Rank=(5, 32, 16) AUC=0.5885 ACC=0.804
[Tucker+AE] AUC=0.5885 Boot: mean:0.5878 std:0.0439, CI(0.5005–0.6702) | 
[Tucker+AE] R=(5, 32, 16) peak_rss_mb=1427.6 | peak_workingset_mb=4624.3 | peak_cuda_mb=138.1 | cpu_time_sec=251.69
[Tucker+IF] best_obj=0.650626 best_param: {'bootstrap': True, 'contamination': 0.05, 'max_features': 1.0, 'max_samples': 1.0, 'n_estimators': 50, 'n_jobs': -1, 'random_state': 42} Elapsed (CPU s): 255.61
[Tucker+IF] Final result rank=(5, 32, 16) AUC=0.5818 ACC=0.76 obj=0.65062569213732| params={'bootstrap': True, 'contamination': 0.05, 'max_features': 1.0, 'max_samples': 1.0, 'n_estimators': 50, 'n_jobs': -1, 'random_state': 42} | thr=0.540606 | target_FP=0.050
[Tucker+IF] AUC=0.5818 Boot: mean:0.5810 std:0.0464, CI(0.4904–0.6704) | 
[Tucker+IF] R=(5, 32, 16) peak_rss_mb=1526.1 | peak_workingset_mb=4624.3 | peak_cuda_mb=138.1 | cpu_time_sec=255.95
Rank: 5 64 5
[Tucker only] R=(5, 64, 5) peak_rss_mb=1543.8 | peak_workingset_mb=4624.3 | peak_cuda_mb=158.5 | cpu_time_sec=112.45
[Tucker+OCSVM] (VAL one-class) chose {'gamma': 0.006666666666666666, 'kernel': 'rbf', 'nu': 0.01} best_obj:(FP=1.000, P95=0.0100, mean=0.0100) Elapsed: 74.94
[Tucker+OCSVM] Final result RANK=(5, 64, 5) AUC=0.5 | ACC=0.8 | param=({'gamma': 0.006666666666666666, 'kernel': 'rbf', 'nu': 0.01}) | aux=FP=1.000, P95=0.0100, mean=0.0100
[Tucker+OCSVM] AUC=0.5000 Boot: mean:0.5000 std:0.0000, CI(0.5000–0.5000) | 
[Tucker+OCSVM] R=(5, 64, 5) peak_rss_mb=1605.7 | peak_workingset_mb=4624.3 | peak_cuda_mb=138.1 | cpu_time_sec=75.89
[Tucker+AE] best_param=(1, 16) best_obj=1.0 Elapsed: 13.64
[Tucker+AE] (global) Final result Rank=(5, 64, 5) AUC=0.4545 ACC=0.796
[Tucker+AE] AUC=0.4545 Boot: mean:0.4546 std:0.0450, CI(0.3701–0.5428) | 
[Tucker+AE] R=(5, 64, 5) peak_rss_mb=1767.0 | peak_workingset_mb=4624.3 | peak_cuda_mb=138.1 | cpu_time_sec=304.03
[Tucker+IF] best_obj=0.985066 best_param: {'bootstrap': False, 'contamination': 0.05, 'max_features': 0.75, 'max_samples': 0.75, 'n_estimators': 50, 'n_jobs': -1, 'random_state': 42} Elapsed (CPU s): 344.5
[Tucker+IF] Final result rank=(5, 64, 5) AUC=0.3786 ACC=0.664 obj=0.9850664451827243| params={'bootstrap': False, 'contamination': 0.05, 'max_features': 0.75, 'max_samples': 0.75, 'n_estimators': 50, 'n_jobs': -1, 'random_state': 42} | thr=0.602061 | target_FP=0.050
[Tucker+IF] AUC=0.3786 Boot: mean:0.3788 std:0.0405, CI(0.2997–0.4595) | 
[Tucker+IF] R=(5, 64, 5) peak_rss_mb=1897.4 | peak_workingset_mb=4624.3 | peak_cuda_mb=138.1 | cpu_time_sec=344.88
Rank: 5 64 16
[Tucker only] R=(5, 64, 16) peak_rss_mb=4909.8 | peak_workingset_mb=4922.2 | peak_cuda_mb=1167.8 | cpu_time_sec=5397.95
[Tucker+OCSVM] (VAL one-class) chose {'gamma': 0.006666666666666666, 'kernel': 'rbf', 'nu': 0.01} best_obj:(FP=1.000, P95=0.0100, mean=0.0100) Elapsed: 71.77
[Tucker+OCSVM] Final result RANK=(5, 64, 16) AUC=0.5 | ACC=0.8 | param=({'gamma': 0.006666666666666666, 'kernel': 'rbf', 'nu': 0.01}) | aux=FP=1.000, P95=0.0100, mean=0.0100
[Tucker+OCSVM] AUC=0.5000 Boot: mean:0.5000 std:0.0000, CI(0.5000–0.5000) | 
[Tucker+OCSVM] R=(5, 64, 16) peak_rss_mb=1751.8 | peak_workingset_mb=4922.2 | peak_cuda_mb=138.1 | cpu_time_sec=72.52
[Tucker+AE] best_param=(1, 16) best_obj=1.0 Elapsed: 22.38
[Tucker+AE] (global) Final result Rank=(5, 64, 16) AUC=0.5294 ACC=0.804
[Tucker+AE] AUC=0.5294 Boot: mean:0.5299 std:0.0454, CI(0.4425–0.6136) | 
[Tucker+AE] R=(5, 64, 16) peak_rss_mb=1968.4 | peak_workingset_mb=4922.2 | peak_cuda_mb=138.1 | cpu_time_sec=398.48
[Tucker+IF] best_obj=0.819507 best_param: {'bootstrap': True, 'contamination': 0.05, 'max_features': 1.0, 'max_samples': 0.5, 'n_estimators': 50, 'n_jobs': -1, 'random_state': 42} Elapsed (CPU s): 321.39
[Tucker+IF] Final result rank=(5, 64, 16) AUC=0.5469 ACC=0.8 obj=0.8195071982281283| params={'bootstrap': True, 'contamination': 0.05, 'max_features': 1.0, 'max_samples': 0.5, 'n_estimators': 50, 'n_jobs': -1, 'random_state': 42} | thr=0.550924 | target_FP=0.050
[Tucker+IF] AUC=0.5469 Boot: mean:0.5471 std:0.0500, CI(0.4452–0.6427) | 
[Tucker+IF] R=(5, 64, 16) peak_rss_mb=2085.9 | peak_workingset_mb=4922.2 | peak_cuda_mb=138.1 | cpu_time_sec=321.84
Rank: 16 5 5
[Tucker only] R=(16, 5, 5) peak_rss_mb=1748.1 | peak_workingset_mb=4922.2 | peak_cuda_mb=158.3 | cpu_time_sec=80.81
[Tucker+OCSVM] (VAL one-class) chose {'gamma': 0.00025, 'kernel': 'rbf', 'nu': 0.01} best_obj:(FP=0.286, P95=1.5720, mean=-0.3389) Elapsed: 6.45
[Tucker+OCSVM] Final result RANK=(16, 5, 5) AUC=0.573 | ACC=0.812 | param=({'gamma': 0.00025, 'kernel': 'rbf', 'nu': 0.01}) | aux=FP=0.286, P95=1.5720, mean=-0.3389
[Tucker+OCSVM] AUC=0.5730 Boot: mean:0.5727 std:0.0528, CI(0.4677–0.6761) | 
[Tucker+OCSVM] R=(16, 5, 5) peak_rss_mb=1709.9 | peak_workingset_mb=4922.2 | peak_cuda_mb=138.1 | cpu_time_sec=6.84
[Tucker+AE] best_param=(3, 16) best_obj=0.3122923588039867 Elapsed: 11.23
[Tucker+AE] (global) Final result Rank=(16, 5, 5) AUC=0.571 ACC=0.812
[Tucker+AE] AUC=0.5710 Boot: mean:0.5708 std:0.0529, CI(0.4638–0.6744) | 
[Tucker+AE] R=(16, 5, 5) peak_rss_mb=1776.7 | peak_workingset_mb=4922.2 | peak_cuda_mb=138.1 | cpu_time_sec=80.33
[Tucker+IF] best_obj=0.205443 best_param: {'bootstrap': True, 'contamination': 0.05, 'max_features': 0.5, 'max_samples': 0.5, 'n_estimators': 50, 'n_jobs': -1, 'random_state': 42} Elapsed (CPU s): 138.98
[Tucker+IF] Final result rank=(16, 5, 5) AUC=0.5759 ACC=0.796 obj=0.20544296788482838| params={'bootstrap': True, 'contamination': 0.05, 'max_features': 0.5, 'max_samples': 0.5, 'n_estimators': 50, 'n_jobs': -1, 'random_state': 42} | thr=0.530862 | target_FP=0.050
[Tucker+IF] AUC=0.5759 Boot: mean:0.5759 std:0.0512, CI(0.4737–0.6759) | 
[Tucker+IF] R=(16, 5, 5) peak_rss_mb=1817.3 | peak_workingset_mb=4922.2 | peak_cuda_mb=138.1 | cpu_time_sec=139.33
Rank: 16 5 16
[Tucker only] R=(16, 5, 16) peak_rss_mb=5042.2 | peak_workingset_mb=5063.9 | peak_cuda_mb=1202.0 | cpu_time_sec=5518.22
[Tucker+OCSVM] (VAL one-class) chose {'gamma': 0.00020833333333333335, 'kernel': 'rbf', 'nu': 0.01} best_obj:(FP=0.405, P95=1.5894, mean=-0.0912) Elapsed: 8.31
[Tucker+OCSVM] Final result RANK=(16, 5, 16) AUC=0.552 | ACC=0.812 | param=({'gamma': 0.00020833333333333335, 'kernel': 'rbf', 'nu': 0.01}) | aux=FP=0.405, P95=1.5894, mean=-0.0912
[Tucker+OCSVM] AUC=0.5520 Boot: mean:0.5518 std:0.0517, CI(0.4478–0.6530) | 
[Tucker+OCSVM] R=(16, 5, 16) peak_rss_mb=1894.9 | peak_workingset_mb=5063.9 | peak_cuda_mb=138.1 | cpu_time_sec=8.70
[Tucker+AE] best_param=(3, 16) best_obj=0.3997785160575858 Elapsed: 23.45
[Tucker+AE] (global) Final result Rank=(16, 5, 16) AUC=0.5534 ACC=0.816
[Tucker+AE] AUC=0.5534 Boot: mean:0.5532 std:0.0516, CI(0.4502–0.6542) | 
[Tucker+AE] R=(16, 5, 16) peak_rss_mb=1997.0 | peak_workingset_mb=5063.9 | peak_cuda_mb=138.1 | cpu_time_sec=162.33
[Tucker+IF] best_obj=0.227591 best_param: {'bootstrap': False, 'contamination': 0.05, 'max_features': 1.0, 'max_samples': 1.0, 'n_estimators': 50, 'n_jobs': -1, 'random_state': 42} Elapsed (CPU s): 768.38
[Tucker+IF] Final result rank=(16, 5, 16) AUC=0.5435 ACC=0.784 obj=0.22759136212624587| params={'bootstrap': False, 'contamination': 0.05, 'max_features': 1.0, 'max_samples': 1.0, 'n_estimators': 50, 'n_jobs': -1, 'random_state': 42} | thr=0.490705 | target_FP=0.050
[Tucker+IF] AUC=0.5435 Boot: mean:0.5436 std:0.0498, CI(0.4468–0.6405) | 
[Tucker+IF] R=(16, 5, 16) peak_rss_mb=2094.5 | peak_workingset_mb=5063.9 | peak_cuda_mb=138.1 | cpu_time_sec=768.78
Rank: 16 16 5
[Tucker only] R=(16, 16, 5) peak_rss_mb=2138.1 | peak_workingset_mb=5063.9 | peak_cuda_mb=158.3 | cpu_time_sec=97.67
[Tucker+OCSVM] (VAL one-class) chose {'gamma': 0.0078125, 'kernel': 'rbf', 'nu': 0.01} best_obj:(FP=1.000, P95=0.0100, mean=0.0100) Elapsed: 27.11
[Tucker+OCSVM] Final result RANK=(16, 16, 5) AUC=0.48 | ACC=0.8 | param=({'gamma': 0.0078125, 'kernel': 'rbf', 'nu': 0.01}) | aux=FP=1.000, P95=0.0100, mean=0.0100
[Tucker+OCSVM] AUC=0.4800 Boot: mean:0.4800 std:0.0141, CI(0.4500–0.5000) | 
[Tucker+OCSVM] R=(16, 16, 5) peak_rss_mb=2188.6 | peak_workingset_mb=5063.9 | peak_cuda_mb=138.1 | cpu_time_sec=27.78
[Tucker+AE] best_param=(1, 16) best_obj=1.0 Elapsed: 14.39
[Tucker+AE] (global) Final result Rank=(16, 16, 5) AUC=0.6273 ACC=0.82
[Tucker+AE] AUC=0.6273 Boot: mean:0.6272 std:0.0525, CI(0.5230–0.7298) | 
[Tucker+AE] R=(16, 16, 5) peak_rss_mb=2518.8 | peak_workingset_mb=5063.9 | peak_cuda_mb=138.1 | cpu_time_sec=300.86
[Tucker+IF] best_obj=0.897027 best_param: {'bootstrap': True, 'contamination': 0.05, 'max_features': 1.0, 'max_samples': 0.5, 'n_estimators': 50, 'n_jobs': -1, 'random_state': 42} Elapsed (CPU s): 299.89
[Tucker+IF] Final result rank=(16, 16, 5) AUC=0.5648 ACC=0.768 obj=0.8970265780730897| params={'bootstrap': True, 'contamination': 0.05, 'max_features': 1.0, 'max_samples': 0.5, 'n_estimators': 50, 'n_jobs': -1, 'random_state': 42} | thr=0.574198 | target_FP=0.050
[Tucker+IF] AUC=0.5648 Boot: mean:0.5652 std:0.0531, CI(0.4623–0.6711) | 
[Tucker+IF] R=(16, 16, 5) peak_rss_mb=2585.5 | peak_workingset_mb=5063.9 | peak_cuda_mb=138.1 | cpu_time_sec=300.48
Rank: 16 16 16
[Tucker only] R=(16, 16, 16) peak_rss_mb=5305.0 | peak_workingset_mb=5360.8 | peak_cuda_mb=1202.3 | cpu_time_sec=5523.72
[Tucker+OCSVM] (VAL one-class) chose {'gamma': 0.006666666666666666, 'kernel': 'rbf', 'nu': 0.01} best_obj:(FP=1.000, P95=0.0100, mean=0.0100) Elapsed: 69.83
[Tucker+OCSVM] Final result RANK=(16, 16, 16) AUC=0.5 | ACC=0.8 | param=({'gamma': 0.006666666666666666, 'kernel': 'rbf', 'nu': 0.01}) | aux=FP=1.000, P95=0.0100, mean=0.0100
[Tucker+OCSVM] AUC=0.5000 Boot: mean:0.5000 std:0.0000, CI(0.5000–0.5000) | 
[Tucker+OCSVM] R=(16, 16, 16) peak_rss_mb=2285.8 | peak_workingset_mb=5360.8 | peak_cuda_mb=138.1 | cpu_time_sec=70.72
[Tucker+AE] best_param=(1, 16) best_obj=1.0 Elapsed: 26.03
[Tucker+AE] (global) Final result Rank=(16, 16, 16) AUC=0.5853 ACC=0.816
[Tucker+AE] AUC=0.5853 Boot: mean:0.5841 std:0.0483, CI(0.4874–0.6769) | 
[Tucker+AE] R=(16, 16, 16) peak_rss_mb=2513.8 | peak_workingset_mb=5360.8 | peak_cuda_mb=138.1 | cpu_time_sec=312.58
[Tucker+IF] best_obj=0.989496 best_param: {'bootstrap': True, 'contamination': 0.05, 'max_features': 0.5, 'max_samples': 0.75, 'n_estimators': 50, 'n_jobs': -1, 'random_state': 42} Elapsed (CPU s): 346.08
[Tucker+IF] Final result rank=(16, 16, 16) AUC=0.574 ACC=0.788 obj=0.9894961240310077| params={'bootstrap': True, 'contamination': 0.05, 'max_features': 0.5, 'max_samples': 0.75, 'n_estimators': 50, 'n_jobs': -1, 'random_state': 42} | thr=0.594767 | target_FP=0.050
[Tucker+IF] AUC=0.5740 Boot: mean:0.5728 std:0.0506, CI(0.4713–0.6696) | 
[Tucker+IF] R=(16, 16, 16) peak_rss_mb=2730.4 | peak_workingset_mb=5360.8 | peak_cuda_mb=138.1 | cpu_time_sec=346.66
Rank: 16 32 5
[Tucker only] R=(16, 32, 5) peak_rss_mb=533.9 | peak_workingset_mb=5360.8 | peak_cuda_mb=158.3 | cpu_time_sec=119.66
[Tucker+OCSVM] (VAL one-class) chose {'gamma': 0.006666666666666666, 'kernel': 'rbf', 'nu': 0.01} best_obj:(FP=1.000, P95=0.0100, mean=0.0100) Elapsed: 88.91
[Tucker+OCSVM] Final result RANK=(16, 32, 5) AUC=0.5 | ACC=0.8 | param=({'gamma': 0.006666666666666666, 'kernel': 'rbf', 'nu': 0.01}) | aux=FP=1.000, P95=0.0100, mean=0.0100
[Tucker+OCSVM] AUC=0.5000 Boot: mean:0.5000 std:0.0000, CI(0.5000–0.5000) | 
[Tucker+OCSVM] R=(16, 32, 5) peak_rss_mb=982.9 | peak_workingset_mb=5360.8 | peak_cuda_mb=138.1 | cpu_time_sec=89.80
[Tucker+AE] best_param=(1, 16) best_obj=1.0 Elapsed: 20.91
[Tucker+AE] (global) Final result Rank=(16, 32, 5) AUC=0.5675 ACC=0.796
[Tucker+AE] AUC=0.5675 Boot: mean:0.5681 std:0.0474, CI(0.4731–0.6595) | 
[Tucker+AE] R=(16, 32, 5) peak_rss_mb=797.7 | peak_workingset_mb=5360.8 | peak_cuda_mb=138.1 | cpu_time_sec=390.52
[Tucker+IF] best_obj=0.417514 best_param: {'bootstrap': False, 'contamination': 0.05, 'max_features': 0.75, 'max_samples': 0.5, 'n_estimators': 50, 'n_jobs': -1, 'random_state': 42} Elapsed (CPU s): 334.91
[Tucker+IF] Final result rank=(16, 32, 5) AUC=0.5368 ACC=0.716 obj=0.41751384274640096| params={'bootstrap': False, 'contamination': 0.05, 'max_features': 0.75, 'max_samples': 0.5, 'n_estimators': 50, 'n_jobs': -1, 'random_state': 42} | thr=0.467606 | target_FP=0.050
[Tucker+IF] AUC=0.5368 Boot: mean:0.5362 std:0.0508, CI(0.4362–0.6335) | 
[Tucker+IF] R=(16, 32, 5) peak_rss_mb=613.8 | peak_workingset_mb=5360.8 | peak_cuda_mb=138.1 | cpu_time_sec=335.44
Rank: 16 32 16
[Tucker only] R=(16, 32, 16) peak_rss_mb=3546.8 | peak_workingset_mb=5360.8 | peak_cuda_mb=1202.7 | cpu_time_sec=5640.66
[Tucker+OCSVM] (VAL one-class) chose {'gamma': 0.006666666666666666, 'kernel': 'rbf', 'nu': 0.01} best_obj:(FP=1.000, P95=0.0100, mean=0.0100) Elapsed: 70.84
[Tucker+OCSVM] Final result RANK=(16, 32, 16) AUC=0.5 | ACC=0.8 | param=({'gamma': 0.006666666666666666, 'kernel': 'rbf', 'nu': 0.01}) | aux=FP=1.000, P95=0.0100, mean=0.0100
[Tucker+OCSVM] AUC=0.5000 Boot: mean:0.5000 std:0.0000, CI(0.5000–0.5000) | 
[Tucker+OCSVM] R=(16, 32, 16) peak_rss_mb=619.0 | peak_workingset_mb=5360.8 | peak_cuda_mb=138.1 | cpu_time_sec=71.66
[Tucker+AE] best_param=(1, 16) best_obj=1.0 Elapsed: 7.5
[Tucker+AE] (global) Final result Rank=(16, 32, 16) AUC=0.5323 ACC=0.8
[Tucker+AE] AUC=0.5323 Boot: mean:0.5333 std:0.0440, CI(0.4462–0.6188) | 
[Tucker+AE] R=(16, 32, 16) peak_rss_mb=1127.4 | peak_workingset_mb=5360.8 | peak_cuda_mb=138.1 | cpu_time_sec=312.36
[Tucker+IF] best_obj=0.099684 best_param: {'bootstrap': False, 'contamination': 0.05, 'max_features': 0.75, 'max_samples': 0.5, 'n_estimators': 50, 'n_jobs': -1, 'random_state': 42} Elapsed (CPU s): 321.23
[Tucker+IF] Final result rank=(16, 32, 16) AUC=0.567 ACC=0.732 obj=0.09968438538205981| params={'bootstrap': False, 'contamination': 0.05, 'max_features': 0.75, 'max_samples': 0.5, 'n_estimators': 50, 'n_jobs': -1, 'random_state': 42} | thr=0.427991 | target_FP=0.050
[Tucker+IF] AUC=0.5670 Boot: mean:0.5668 std:0.0525, CI(0.4620–0.6622) | 
[Tucker+IF] R=(16, 32, 16) peak_rss_mb=1278.2 | peak_workingset_mb=5360.8 | peak_cuda_mb=138.1 | cpu_time_sec=321.67
Rank: 16 64 5
[Tucker only] R=(16, 64, 5) peak_rss_mb=2710.6 | peak_workingset_mb=5360.8 | peak_cuda_mb=158.8 | cpu_time_sec=132.83
[Tucker+OCSVM] (VAL one-class) chose {'gamma': 0.006666666666666666, 'kernel': 'rbf', 'nu': 0.01} best_obj:(FP=1.000, P95=0.0100, mean=0.0100) Elapsed: 71.27
[Tucker+OCSVM] Final result RANK=(16, 64, 5) AUC=0.5 | ACC=0.8 | param=({'gamma': 0.006666666666666666, 'kernel': 'rbf', 'nu': 0.01}) | aux=FP=1.000, P95=0.0100, mean=0.0100
[Tucker+OCSVM] AUC=0.5000 Boot: mean:0.5000 std:0.0000, CI(0.5000–0.5000) | 
[Tucker+OCSVM] R=(16, 64, 5) peak_rss_mb=2598.6 | peak_workingset_mb=5360.8 | peak_cuda_mb=138.1 | cpu_time_sec=72.66
[Tucker+AE] best_param=(1, 16) best_obj=1.0 Elapsed: 27.84
[Tucker+AE] (global) Final result Rank=(16, 64, 5) AUC=0.5826 ACC=0.812
[Tucker+AE] AUC=0.5826 Boot: mean:0.5817 std:0.0445, CI(0.4931–0.6669) | 
[Tucker+AE] R=(16, 64, 5) peak_rss_mb=2842.7 | peak_workingset_mb=5360.8 | peak_cuda_mb=138.1 | cpu_time_sec=338.95
[Tucker+IF] best_obj=0.057602 best_param: {'bootstrap': False, 'contamination': 0.05, 'max_features': 1.0, 'max_samples': 0.5, 'n_estimators': 50, 'n_jobs': -1, 'random_state': 42} Elapsed (CPU s): 1067.98
[Tucker+IF] Final result rank=(16, 64, 5) AUC=0.6862 ACC=0.696 obj=0.05760243632336655| params={'bootstrap': False, 'contamination': 0.05, 'max_features': 1.0, 'max_samples': 0.5, 'n_estimators': 50, 'n_jobs': -1, 'random_state': 42} | thr=0.395181 | target_FP=0.050
[Tucker+IF] AUC=0.6862 Boot: mean:0.6848 std:0.0410, CI(0.6013–0.7618) | 
[Tucker+IF] R=(16, 64, 5) peak_rss_mb=2924.6 | peak_workingset_mb=5360.8 | peak_cuda_mb=138.1 | cpu_time_sec=1068.36
Rank: 16 64 16
[Tucker only] R=(16, 64, 16) peak_rss_mb=4621.3 | peak_workingset_mb=5360.8 | peak_cuda_mb=1198.9 | cpu_time_sec=5746.58
[Tucker+OCSVM] (VAL one-class) chose {'gamma': 0.006666666666666666, 'kernel': 'rbf', 'nu': 0.01} best_obj:(FP=1.000, P95=0.0100, mean=0.0100) Elapsed: 70.67
[Tucker+OCSVM] Final result RANK=(16, 64, 16) AUC=0.5 | ACC=0.8 | param=({'gamma': 0.006666666666666666, 'kernel': 'rbf', 'nu': 0.01}) | aux=FP=1.000, P95=0.0100, mean=0.0100
[Tucker+OCSVM] AUC=0.5000 Boot: mean:0.5000 std:0.0000, CI(0.5000–0.5000) | 
[Tucker+OCSVM] R=(16, 64, 16) peak_rss_mb=1472.0 | peak_workingset_mb=5360.8 | peak_cuda_mb=138.1 | cpu_time_sec=71.56
[Tucker+AE] best_param=(1, 16) best_obj=1.0 Elapsed: 27.89
[Tucker+AE] (global) Final result Rank=(16, 64, 16) AUC=0.5085 ACC=0.8
[Tucker+AE] AUC=0.5085 Boot: mean:0.5089 std:0.0460, CI(0.4190–0.5989) | 
[Tucker+AE] R=(16, 64, 16) peak_rss_mb=1902.4 | peak_workingset_mb=5360.8 | peak_cuda_mb=138.1 | cpu_time_sec=362.38
[Tucker+IF] best_obj=0.009430 best_param: {'bootstrap': True, 'contamination': 0.05, 'max_features': 0.5, 'max_samples': 1.0, 'n_estimators': 50, 'n_jobs': -1, 'random_state': 42} Elapsed (CPU s): 343.45
[Tucker+IF] Final result rank=(16, 64, 16) AUC=0.6635 ACC=0.692 obj=0.0094296788482835| params={'bootstrap': True, 'contamination': 0.05, 'max_features': 0.5, 'max_samples': 1.0, 'n_estimators': 50, 'n_jobs': -1, 'random_state': 42} | thr=0.390614 | target_FP=0.050
[Tucker+IF] AUC=0.6635 Boot: mean:0.6628 std:0.0419, CI(0.5779–0.7434) | 
[Tucker+IF] R=(16, 64, 16) peak_rss_mb=3318.2 | peak_workingset_mb=5360.8 | peak_cuda_mb=138.1 | cpu_time_sec=344.09
Rank: 32 5 5
[Tucker only] R=(32, 5, 5) peak_rss_mb=2965.9 | peak_workingset_mb=5360.8 | peak_cuda_mb=158.8 | cpu_time_sec=87.50
[Tucker+OCSVM] (VAL one-class) chose {'gamma': 0.000125, 'kernel': 'rbf', 'nu': 0.01} best_obj:(FP=0.774, P95=2.2114, mean=0.6869) Elapsed: 15.33
[Tucker+OCSVM] Final result RANK=(32, 5, 5) AUC=0.4226 | ACC=0.8 | param=({'gamma': 0.000125, 'kernel': 'rbf', 'nu': 0.01}) | aux=FP=0.774, P95=2.2114, mean=0.6869
[Tucker+OCSVM] AUC=0.4226 Boot: mean:0.4224 std:0.0438, CI(0.3335–0.5112) | 
[Tucker+OCSVM] R=(32, 5, 5) peak_rss_mb=2856.6 | peak_workingset_mb=5360.8 | peak_cuda_mb=138.1 | cpu_time_sec=16.06
[Tucker+AE] best_param=(3, 16) best_obj=0.7585825027685492 Elapsed: 69.17
[Tucker+AE] (global) Final result Rank=(32, 5, 5) AUC=0.4234 ACC=0.8
[Tucker+AE] AUC=0.4234 Boot: mean:0.4232 std:0.0438, CI(0.3344–0.5109) | 
[Tucker+AE] R=(32, 5, 5) peak_rss_mb=3024.5 | peak_workingset_mb=5360.8 | peak_cuda_mb=138.1 | cpu_time_sec=235.27
[Tucker+IF] best_obj=0.443538 best_param: {'bootstrap': False, 'contamination': 0.05, 'max_features': 0.75, 'max_samples': 0.5, 'n_estimators': 50, 'n_jobs': -1, 'random_state': 42} Elapsed (CPU s): 226.02
[Tucker+IF] Final result rank=(32, 5, 5) AUC=0.439 ACC=0.644 obj=0.4435382059800664| params={'bootstrap': False, 'contamination': 0.05, 'max_features': 0.75, 'max_samples': 0.5, 'n_estimators': 50, 'n_jobs': -1, 'random_state': 42} | thr=0.520165 | target_FP=0.050
[Tucker+IF] AUC=0.4390 Boot: mean:0.4388 std:0.0443, CI(0.3519–0.5264) | 
[Tucker+IF] R=(32, 5, 5) peak_rss_mb=3079.4 | peak_workingset_mb=5360.8 | peak_cuda_mb=138.1 | cpu_time_sec=226.55
Rank: 32 5 16
[Tucker only] R=(32, 5, 16) peak_rss_mb=6382.6 | peak_workingset_mb=6397.4 | peak_cuda_mb=1202.0 | cpu_time_sec=5531.94
[Tucker+OCSVM] (VAL one-class) chose {'gamma': 0.00010416666666666667, 'kernel': 'rbf', 'nu': 0.01} best_obj:(FP=0.983, P95=3.2431, mean=1.5642) Elapsed: 18.27
[Tucker+OCSVM] Final result RANK=(32, 5, 16) AUC=0.5372 | ACC=0.8 | param=({'gamma': 0.00010416666666666667, 'kernel': 'rbf', 'nu': 0.01}) | aux=FP=0.983, P95=3.2431, mean=1.5642
[Tucker+OCSVM] AUC=0.5372 Boot: mean:0.5365 std:0.0466, CI(0.4428–0.6263) | 
[Tucker+OCSVM] R=(32, 5, 16) peak_rss_mb=3128.4 | peak_workingset_mb=6397.4 | peak_cuda_mb=138.1 | cpu_time_sec=18.75
[Tucker+AE] best_param=(2, 16) best_obj=0.9795127353266887 Elapsed: 27.27
[Tucker+AE] (global) Final result Rank=(32, 5, 16) AUC=0.5378 ACC=0.8
[Tucker+AE] AUC=0.5378 Boot: mean:0.5371 std:0.0466, CI(0.4438–0.6266) | 
[Tucker+AE] R=(32, 5, 16) peak_rss_mb=3445.5 | peak_workingset_mb=6397.4 | peak_cuda_mb=138.1 | cpu_time_sec=221.02
[Tucker+IF] best_obj=0.645642 best_param: {'bootstrap': True, 'contamination': 0.05, 'max_features': 0.5, 'max_samples': 0.75, 'n_estimators': 50, 'n_jobs': -1, 'random_state': 42} Elapsed (CPU s): 249.77
[Tucker+IF] Final result rank=(32, 5, 16) AUC=0.5203 ACC=0.736 obj=0.6456423034330011| params={'bootstrap': True, 'contamination': 0.05, 'max_features': 0.5, 'max_samples': 0.75, 'n_estimators': 50, 'n_jobs': -1, 'random_state': 42} | thr=0.537126 | target_FP=0.050
[Tucker+IF] AUC=0.5203 Boot: mean:0.5201 std:0.0501, CI(0.4242–0.6139) | 
[Tucker+IF] R=(32, 5, 16) peak_rss_mb=3519.4 | peak_workingset_mb=6397.4 | peak_cuda_mb=138.1 | cpu_time_sec=250.19
Rank: 32 16 5
[Tucker only] R=(32, 16, 5) peak_rss_mb=3574.5 | peak_workingset_mb=6397.4 | peak_cuda_mb=158.8 | cpu_time_sec=107.25
[Tucker+OCSVM] (VAL one-class) chose {'gamma': 0.006666666666666666, 'kernel': 'rbf', 'nu': 0.01} best_obj:(FP=1.000, P95=0.0100, mean=0.0100) Elapsed: 71.47
[Tucker+OCSVM] Final result RANK=(32, 16, 5) AUC=0.5 | ACC=0.8 | param=({'gamma': 0.006666666666666666, 'kernel': 'rbf', 'nu': 0.01}) | aux=FP=1.000, P95=0.0100, mean=0.0100
[Tucker+OCSVM] AUC=0.5000 Boot: mean:0.5000 std:0.0000, CI(0.5000–0.5000) | 
[Tucker+OCSVM] R=(32, 16, 5) peak_rss_mb=3609.9 | peak_workingset_mb=6397.4 | peak_cuda_mb=138.1 | cpu_time_sec=72.28
[Tucker+AE] best_param=(1, 16) best_obj=1.0 Elapsed: 21.52
[Tucker+AE] (global) Final result Rank=(32, 16, 5) AUC=0.5824 ACC=0.804
[Tucker+AE] AUC=0.5824 Boot: mean:0.5814 std:0.0476, CI(0.4905–0.6719) | 
[Tucker+AE] R=(32, 16, 5) peak_rss_mb=3942.9 | peak_workingset_mb=6397.4 | peak_cuda_mb=138.1 | cpu_time_sec=339.73
[Tucker+IF] best_obj=0.303450 best_param: {'bootstrap': False, 'contamination': 0.05, 'max_features': 0.75, 'max_samples': 1.0, 'n_estimators': 50, 'n_jobs': -1, 'random_state': 42} Elapsed (CPU s): 357.42
[Tucker+IF] Final result rank=(32, 16, 5) AUC=0.549 ACC=0.716 obj=0.30344961240310075| params={'bootstrap': False, 'contamination': 0.05, 'max_features': 0.75, 'max_samples': 1.0, 'n_estimators': 50, 'n_jobs': -1, 'random_state': 42} | thr=0.454295 | target_FP=0.050
[Tucker+IF] AUC=0.5490 Boot: mean:0.5486 std:0.0514, CI(0.4466–0.6435) | 
[Tucker+IF] R=(32, 16, 5) peak_rss_mb=4029.6 | peak_workingset_mb=6397.4 | peak_cuda_mb=138.1 | cpu_time_sec=358.42
Rank: 32 16 16
[Tucker only] R=(32, 16, 16) peak_rss_mb=6723.8 | peak_workingset_mb=6741.9 | peak_cuda_mb=1202.3 | cpu_time_sec=5504.64
[Tucker+OCSVM] (VAL one-class) chose {'gamma': 0.006666666666666666, 'kernel': 'rbf', 'nu': 0.01} best_obj:(FP=1.000, P95=0.0100, mean=0.0100) Elapsed: 73.5
[Tucker+OCSVM] Final result RANK=(32, 16, 16) AUC=0.5 | ACC=0.8 | param=({'gamma': 0.006666666666666666, 'kernel': 'rbf', 'nu': 0.01}) | aux=FP=1.000, P95=0.0100, mean=0.0100
[Tucker+OCSVM] AUC=0.5000 Boot: mean:0.5000 std:0.0000, CI(0.5000–0.5000) | 
[Tucker+OCSVM] R=(32, 16, 16) peak_rss_mb=3518.7 | peak_workingset_mb=6741.9 | peak_cuda_mb=138.1 | cpu_time_sec=74.89
[Tucker+AE] best_param=(1, 16) best_obj=1.0 Elapsed: 8.42
[Tucker+AE] (global) Final result Rank=(32, 16, 16) AUC=0.4783 ACC=0.804
[Tucker+AE] AUC=0.4783 Boot: mean:0.4769 std:0.0476, CI(0.3870–0.5672) | 
[Tucker+AE] R=(32, 16, 16) peak_rss_mb=3735.9 | peak_workingset_mb=6741.9 | peak_cuda_mb=138.1 | cpu_time_sec=348.30
[Tucker+IF] best_obj=0.034347 best_param: {'bootstrap': True, 'contamination': 0.05, 'max_features': 0.75, 'max_samples': 0.5, 'n_estimators': 50, 'n_jobs': -1, 'random_state': 42} Elapsed (CPU s): 437.36
[Tucker+IF] Final result rank=(32, 16, 16) AUC=0.5538 ACC=0.712 obj=0.034346622369878184| params={'bootstrap': True, 'contamination': 0.05, 'max_features': 0.75, 'max_samples': 0.5, 'n_estimators': 50, 'n_jobs': -1, 'random_state': 42} | thr=0.438487 | target_FP=0.050
[Tucker+IF] AUC=0.5538 Boot: mean:0.5529 std:0.0530, CI(0.4463–0.6563) | 
[Tucker+IF] R=(32, 16, 16) peak_rss_mb=3940.1 | peak_workingset_mb=6741.9 | peak_cuda_mb=138.1 | cpu_time_sec=441.83
Rank: 32 32 5
[Tucker only] R=(32, 32, 5) peak_rss_mb=4046.6 | peak_workingset_mb=6741.9 | peak_cuda_mb=158.8 | cpu_time_sec=526.97
[Tucker+OCSVM] (VAL one-class) chose {'gamma': 0.006666666666666666, 'kernel': 'rbf', 'nu': 0.01} best_obj:(FP=1.000, P95=0.0100, mean=0.0100) Elapsed: 496.28
[Tucker+OCSVM] Final result RANK=(32, 32, 5) AUC=0.5 | ACC=0.8 | param=({'gamma': 0.006666666666666666, 'kernel': 'rbf', 'nu': 0.01}) | aux=FP=1.000, P95=0.0100, mean=0.0100
[Tucker+OCSVM] AUC=0.5000 Boot: mean:0.5000 std:0.0000, CI(0.5000–0.5000) | 
[Tucker+OCSVM] R=(32, 32, 5) peak_rss_mb=3997.0 | peak_workingset_mb=6741.9 | peak_cuda_mb=138.1 | cpu_time_sec=497.83
[Tucker+AE] best_param=(1, 16) best_obj=1.0 Elapsed: 37.78
[Tucker+AE] (global) Final result Rank=(32, 32, 5) AUC=0.5007 ACC=0.796
[Tucker+AE] AUC=0.5007 Boot: mean:0.5013 std:0.0465, CI(0.4084–0.5921) | 
[Tucker+AE] R=(32, 32, 5) peak_rss_mb=4130.8 | peak_workingset_mb=6741.9 | peak_cuda_mb=138.1 | cpu_time_sec=392.58
[Tucker+IF] best_obj=0.006107 best_param: {'bootstrap': True, 'contamination': 0.05, 'max_features': 0.75, 'max_samples': 0.5, 'n_estimators': 50, 'n_jobs': -1, 'random_state': 42} Elapsed (CPU s): 328.31
[Tucker+IF] Final result rank=(32, 32, 5) AUC=0.5592 ACC=0.704 obj=0.006107419712070875| params={'bootstrap': True, 'contamination': 0.05, 'max_features': 0.75, 'max_samples': 0.5, 'n_estimators': 50, 'n_jobs': -1, 'random_state': 42} | thr=0.394439 | target_FP=0.050
[Tucker+IF] AUC=0.5592 Boot: mean:0.5590 std:0.0484, CI(0.4630–0.6530) | 
[Tucker+IF] R=(32, 32, 5) peak_rss_mb=4248.2 | peak_workingset_mb=6741.9 | peak_cuda_mb=138.1 | cpu_time_sec=328.89
Rank: 32 32 16
[Tucker only] R=(32, 32, 16) peak_rss_mb=6881.9 | peak_workingset_mb=6882.1 | peak_cuda_mb=1202.8 | cpu_time_sec=5755.19
[Tucker+OCSVM] (VAL one-class) chose {'gamma': 0.006666666666666666, 'kernel': 'rbf', 'nu': 0.01} best_obj:(FP=1.000, P95=0.0100, mean=0.0100) Elapsed: 76.64
[Tucker+OCSVM] Final result RANK=(32, 32, 16) AUC=0.5 | ACC=0.8 | param=({'gamma': 0.006666666666666666, 'kernel': 'rbf', 'nu': 0.01}) | aux=FP=1.000, P95=0.0100, mean=0.0100
[Tucker+OCSVM] AUC=0.5000 Boot: mean:0.5000 std:0.0000, CI(0.5000–0.5000) | 
[Tucker+OCSVM] R=(32, 32, 16) peak_rss_mb=3825.3 | peak_workingset_mb=6882.1 | peak_cuda_mb=138.1 | cpu_time_sec=77.81
[Tucker+AE] best_param=(1, 16) best_obj=1.0 Elapsed: 33.06
[Tucker+AE] (global) Final result Rank=(32, 32, 16) AUC=0.4064 ACC=0.796
[Tucker+AE] AUC=0.4064 Boot: mean:0.4069 std:0.0442, CI(0.3221–0.4942) | 
[Tucker+AE] R=(32, 32, 16) peak_rss_mb=4082.0 | peak_workingset_mb=6882.1 | peak_cuda_mb=138.1 | cpu_time_sec=330.34
[Tucker+IF] best_obj=0.005000 best_param: {'bootstrap': False, 'contamination': 0.05, 'max_features': 0.5, 'max_samples': 0.5, 'n_estimators': 50, 'n_jobs': -1, 'random_state': 42} Elapsed (CPU s): 357.42
[Tucker+IF] Final result rank=(32, 32, 16) AUC=0.5313 ACC=0.704 obj=0.005| params={'bootstrap': False, 'contamination': 0.05, 'max_features': 0.5, 'max_samples': 0.5, 'n_estimators': 50, 'n_jobs': -1, 'random_state': 42} | thr=0.371770 | target_FP=0.050
[Tucker+IF] AUC=0.5313 Boot: mean:0.5318 std:0.0494, CI(0.4327–0.6269) | 
[Tucker+IF] R=(32, 32, 16) peak_rss_mb=4231.1 | peak_workingset_mb=6882.1 | peak_cuda_mb=138.1 | cpu_time_sec=358.03
Rank: 32 64 5
[Tucker only] R=(32, 64, 5) peak_rss_mb=4407.4 | peak_workingset_mb=6882.1 | peak_cuda_mb=159.2 | cpu_time_sec=147.39
[Tucker+OCSVM] (VAL one-class) chose {'gamma': 0.006666666666666666, 'kernel': 'rbf', 'nu': 0.01} best_obj:(FP=1.000, P95=0.0100, mean=0.0100) Elapsed: 72.47
[Tucker+OCSVM] Final result RANK=(32, 64, 5) AUC=0.5 | ACC=0.8 | param=({'gamma': 0.006666666666666666, 'kernel': 'rbf', 'nu': 0.01}) | aux=FP=1.000, P95=0.0100, mean=0.0100
[Tucker+OCSVM] AUC=0.5000 Boot: mean:0.5000 std:0.0000, CI(0.5000–0.5000) | 
[Tucker+OCSVM] R=(32, 64, 5) peak_rss_mb=4415.3 | peak_workingset_mb=6882.1 | peak_cuda_mb=138.1 | cpu_time_sec=74.20
[Tucker+AE] best_param=(1, 16) best_obj=1.0 Elapsed: 21.48
[Tucker+AE] (global) Final result Rank=(32, 64, 5) AUC=0.6055 ACC=0.804
[Tucker+AE] AUC=0.6055 Boot: mean:0.6059 std:0.0488, CI(0.5075–0.6970) | 
[Tucker+AE] R=(32, 64, 5) peak_rss_mb=4775.3 | peak_workingset_mb=6882.1 | peak_cuda_mb=138.1 | cpu_time_sec=416.22
[Tucker+IF] best_obj=0.007769 best_param: {'bootstrap': False, 'contamination': 0.05, 'max_features': 1.0, 'max_samples': 0.75, 'n_estimators': 50, 'n_jobs': -1, 'random_state': 42} Elapsed (CPU s): 356.16
[Tucker+IF] Final result rank=(32, 64, 5) AUC=0.5775 ACC=0.68 obj=0.0077685492801771875| params={'bootstrap': False, 'contamination': 0.05, 'max_features': 1.0, 'max_samples': 0.75, 'n_estimators': 50, 'n_jobs': -1, 'random_state': 42} | thr=0.347133 | target_FP=0.050
[Tucker+IF] AUC=0.5775 Boot: mean:0.5768 std:0.0467, CI(0.4849–0.6677) | 
[Tucker+IF] R=(32, 64, 5) peak_rss_mb=4879.4 | peak_workingset_mb=6882.1 | peak_cuda_mb=138.1 | cpu_time_sec=356.83
Rank: 32 64 16
[Tucker only] R=(32, 64, 16) peak_rss_mb=6971.6 | peak_workingset_mb=6981.0 | peak_cuda_mb=1135.1 | cpu_time_sec=6919.45
[Tucker+OCSVM] (VAL one-class) chose {'gamma': 0.006666666666666666, 'kernel': 'rbf', 'nu': 0.01} best_obj:(FP=1.000, P95=0.0100, mean=0.0100) Elapsed: 79.94
[Tucker+OCSVM] Final result RANK=(32, 64, 16) AUC=0.5 | ACC=0.8 | param=({'gamma': 0.006666666666666666, 'kernel': 'rbf', 'nu': 0.01}) | aux=FP=1.000, P95=0.0100, mean=0.0100
[Tucker+OCSVM] AUC=0.5000 Boot: mean:0.5000 std:0.0000, CI(0.5000–0.5000) | 
[Tucker+OCSVM] R=(32, 64, 16) peak_rss_mb=1034.1 | peak_workingset_mb=6981.0 | peak_cuda_mb=138.1 | cpu_time_sec=81.66
[Tucker+AE] best_param=(1, 16) best_obj=1.0 Elapsed: 29.88
[Tucker+AE] (global) Final result Rank=(32, 64, 16) AUC=0.5795 ACC=0.804
[Tucker+AE] AUC=0.5795 Boot: mean:0.5791 std:0.0428, CI(0.4959–0.6665) | 
[Tucker+AE] R=(32, 64, 16) peak_rss_mb=1500.0 | peak_workingset_mb=6981.0 | peak_cuda_mb=138.1 | cpu_time_sec=492.88
[Tucker+IF] best_obj=0.005000 best_param: {'bootstrap': False, 'contamination': 0.05, 'max_features': 0.5, 'max_samples': 0.5, 'n_estimators': 50, 'n_jobs': -1, 'random_state': 42} Elapsed (CPU s): 374.53
[Tucker+IF] Final result rank=(32, 64, 16) AUC=0.5845 ACC=0.736 obj=0.005| params={'bootstrap': False, 'contamination': 0.05, 'max_features': 0.5, 'max_samples': 0.5, 'n_estimators': 50, 'n_jobs': -1, 'random_state': 42} | thr=0.352945 | target_FP=0.050
[Tucker+IF] AUC=0.5845 Boot: mean:0.5836 std:0.0438, CI(0.5003–0.6661) | 
[Tucker+IF] R=(32, 64, 16) peak_rss_mb=4640.6 | peak_workingset_mb=6981.0 | peak_cuda_mb=138.1 | cpu_time_sec=377.83
Rank: 64 5 5
[Tucker only] R=(64, 5, 5) peak_rss_mb=4408.3 | peak_workingset_mb=6981.0 | peak_cuda_mb=159.6 | cpu_time_sec=111.34
[Tucker+OCSVM] (VAL one-class) chose {'gamma': 0.006666666666666666, 'kernel': 'rbf', 'nu': 0.01} best_obj:(FP=1.000, P95=0.0100, mean=0.0100) Elapsed: 73.11
[Tucker+OCSVM] Final result RANK=(64, 5, 5) AUC=0.5 | ACC=0.8 | param=({'gamma': 0.006666666666666666, 'kernel': 'rbf', 'nu': 0.01}) | aux=FP=1.000, P95=0.0100, mean=0.0100
[Tucker+OCSVM] AUC=0.5000 Boot: mean:0.5000 std:0.0000, CI(0.5000–0.5000) | 
[Tucker+OCSVM] R=(64, 5, 5) peak_rss_mb=4109.3 | peak_workingset_mb=6981.0 | peak_cuda_mb=138.1 | cpu_time_sec=75.56
[Tucker+AE] best_param=(1, 16) best_obj=1.0 Elapsed: 10.95
[Tucker+AE] (global) Final result Rank=(64, 5, 5) AUC=0.4627 ACC=0.796
[Tucker+AE] AUC=0.4627 Boot: mean:0.4639 std:0.0420, CI(0.3837–0.5494) | 
[Tucker+AE] R=(64, 5, 5) peak_rss_mb=4377.5 | peak_workingset_mb=6981.0 | peak_cuda_mb=138.1 | cpu_time_sec=282.41
[Tucker+IF] best_obj=0.938555 best_param: {'bootstrap': True, 'contamination': 0.05, 'max_features': 0.75, 'max_samples': 0.5, 'n_estimators': 50, 'n_jobs': -1, 'random_state': 42} Elapsed (CPU s): 1123.41
[Tucker+IF] Final result rank=(64, 5, 5) AUC=0.3964 ACC=0.68 obj=0.9385548172757475| params={'bootstrap': True, 'contamination': 0.05, 'max_features': 0.75, 'max_samples': 0.5, 'n_estimators': 50, 'n_jobs': -1, 'random_state': 42} | thr=0.579557 | target_FP=0.050
[Tucker+IF] AUC=0.3964 Boot: mean:0.3972 std:0.0403, CI(0.3193–0.4789) | 
[Tucker+IF] R=(64, 5, 5) peak_rss_mb=4533.8 | peak_workingset_mb=6981.0 | peak_cuda_mb=138.1 | cpu_time_sec=1124.81
Rank: 64 5 16
[Tucker only] R=(64, 5, 16) peak_rss_mb=6657.7 | peak_workingset_mb=6981.0 | peak_cuda_mb=1202.2 | cpu_time_sec=5615.28
[Tucker+OCSVM] (VAL one-class) chose {'gamma': 0.006666666666666666, 'kernel': 'rbf', 'nu': 0.01} best_obj:(FP=1.000, P95=0.0100, mean=0.0100) Elapsed: 73.59
[Tucker+OCSVM] Final result RANK=(64, 5, 16) AUC=0.5 | ACC=0.8 | param=({'gamma': 0.006666666666666666, 'kernel': 'rbf', 'nu': 0.01}) | aux=FP=1.000, P95=0.0100, mean=0.0100
[Tucker+OCSVM] AUC=0.5000 Boot: mean:0.5000 std:0.0000, CI(0.5000–0.5000) | 
[Tucker+OCSVM] R=(64, 5, 16) peak_rss_mb=3683.8 | peak_workingset_mb=6981.0 | peak_cuda_mb=138.1 | cpu_time_sec=75.05
[Tucker+AE] best_param=(1, 16) best_obj=1.0 Elapsed: 30.58
[Tucker+AE] (global) Final result Rank=(64, 5, 16) AUC=0.5061 ACC=0.808
[Tucker+AE] AUC=0.5061 Boot: mean:0.5064 std:0.0493, CI(0.4126–0.6031) | 
[Tucker+AE] R=(64, 5, 16) peak_rss_mb=4069.6 | peak_workingset_mb=6981.0 | peak_cuda_mb=138.1 | cpu_time_sec=404.44
[Tucker+IF] best_obj=0.800681 best_param: {'bootstrap': True, 'contamination': 0.05, 'max_features': 0.75, 'max_samples': 0.75, 'n_estimators': 50, 'n_jobs': -1, 'random_state': 42} Elapsed (CPU s): 385.67
[Tucker+IF] Final result rank=(64, 5, 16) AUC=0.5249 ACC=0.804 obj=0.8006810631229235| params={'bootstrap': True, 'contamination': 0.05, 'max_features': 0.75, 'max_samples': 0.75, 'n_estimators': 50, 'n_jobs': -1, 'random_state': 42} | thr=0.556446 | target_FP=0.050
[Tucker+IF] AUC=0.5249 Boot: mean:0.5257 std:0.0465, CI(0.4302–0.6145) | 
[Tucker+IF] R=(64, 5, 16) peak_rss_mb=4226.0 | peak_workingset_mb=6981.0 | peak_cuda_mb=138.1 | cpu_time_sec=386.34
Rank: 64 16 5
[Tucker only] R=(64, 16, 5) peak_rss_mb=4301.6 | peak_workingset_mb=6981.0 | peak_cuda_mb=159.6 | cpu_time_sec=127.27
[Tucker+OCSVM] (VAL one-class) chose {'gamma': 0.006666666666666666, 'kernel': 'rbf', 'nu': 0.01} best_obj:(FP=1.000, P95=0.0100, mean=0.0100) Elapsed: 78.73
[Tucker+OCSVM] Final result RANK=(64, 16, 5) AUC=0.5 | ACC=0.8 | param=({'gamma': 0.006666666666666666, 'kernel': 'rbf', 'nu': 0.01}) | aux=FP=1.000, P95=0.0100, mean=0.0100
[Tucker+OCSVM] AUC=0.5000 Boot: mean:0.5000 std:0.0000, CI(0.5000–0.5000) | 
[Tucker+OCSVM] R=(64, 16, 5) peak_rss_mb=4341.0 | peak_workingset_mb=6981.0 | peak_cuda_mb=138.1 | cpu_time_sec=79.50
[Tucker+AE] best_param=(1, 16) best_obj=1.0 Elapsed: 6.56
[Tucker+AE] (global) Final result Rank=(64, 16, 5) AUC=0.5512 ACC=0.796
[Tucker+AE] AUC=0.5512 Boot: mean:0.5529 std:0.0457, CI(0.4620–0.6442) | 
[Tucker+AE] R=(64, 16, 5) peak_rss_mb=4638.6 | peak_workingset_mb=6981.0 | peak_cuda_mb=138.1 | cpu_time_sec=290.41
[Tucker+IF] best_obj=0.006661 best_param: {'bootstrap': False, 'contamination': 0.05, 'max_features': 1.0, 'max_samples': 0.5, 'n_estimators': 50, 'n_jobs': -1, 'random_state': 42} Elapsed (CPU s): 337.11
[Tucker+IF] Final result rank=(64, 16, 5) AUC=0.6261 ACC=0.708 obj=0.006661129568106312| params={'bootstrap': False, 'contamination': 0.05, 'max_features': 1.0, 'max_samples': 0.5, 'n_estimators': 50, 'n_jobs': -1, 'random_state': 42} | thr=0.377775 | target_FP=0.050
[Tucker+IF] AUC=0.6261 Boot: mean:0.6252 std:0.0449, CI(0.5308–0.7093) | 
[Tucker+IF] R=(64, 16, 5) peak_rss_mb=4768.3 | peak_workingset_mb=6981.0 | peak_cuda_mb=138.1 | cpu_time_sec=337.47
Rank: 64 16 16
[Tucker only] R=(64, 16, 16) peak_rss_mb=7209.8 | peak_workingset_mb=7231.4 | peak_cuda_mb=1202.5 | cpu_time_sec=5809.34
[Tucker+OCSVM] (VAL one-class) chose {'gamma': 0.006666666666666666, 'kernel': 'rbf', 'nu': 0.01} best_obj:(FP=1.000, P95=0.0100, mean=0.0100) Elapsed: 79.12
[Tucker+OCSVM] Final result RANK=(64, 16, 16) AUC=0.5 | ACC=0.8 | param=({'gamma': 0.006666666666666666, 'kernel': 'rbf', 'nu': 0.01}) | aux=FP=1.000, P95=0.0100, mean=0.0100
[Tucker+OCSVM] AUC=0.5000 Boot: mean:0.5000 std:0.0000, CI(0.5000–0.5000) | 
[Tucker+OCSVM] R=(64, 16, 16) peak_rss_mb=2736.3 | peak_workingset_mb=7231.4 | peak_cuda_mb=138.1 | cpu_time_sec=80.09
[Tucker+AE] best_param=(1, 16) best_obj=1.0 Elapsed: 19.84
[Tucker+AE] (global) Final result Rank=(64, 16, 16) AUC=0.516 ACC=0.808
[Tucker+AE] AUC=0.5160 Boot: mean:0.5162 std:0.0464, CI(0.4274–0.6069) | 
[Tucker+AE] R=(64, 16, 16) peak_rss_mb=5226.2 | peak_workingset_mb=7231.4 | peak_cuda_mb=138.1 | cpu_time_sec=491.11
[Tucker+IF] best_obj=0.005000 best_param: {'bootstrap': False, 'contamination': 0.05, 'max_features': 0.5, 'max_samples': 0.5, 'n_estimators': 50, 'n_jobs': -1, 'random_state': 42} Elapsed (CPU s): 370.34
[Tucker+IF] Final result rank=(64, 16, 16) AUC=0.5982 ACC=0.656 obj=0.005| params={'bootstrap': False, 'contamination': 0.05, 'max_features': 0.5, 'max_samples': 0.5, 'n_estimators': 50, 'n_jobs': -1, 'random_state': 42} | thr=0.371198 | target_FP=0.050
[Tucker+IF] AUC=0.5982 Boot: mean:0.5973 std:0.0464, CI(0.5052–0.6886) | 
[Tucker+IF] R=(64, 16, 16) peak_rss_mb=5325.5 | peak_workingset_mb=7231.4 | peak_cuda_mb=138.1 | cpu_time_sec=371.75
Rank: 64 32 5
[Tucker only] R=(64, 32, 5) peak_rss_mb=5463.0 | peak_workingset_mb=7231.4 | peak_cuda_mb=159.8 | cpu_time_sec=140.67
[Tucker+OCSVM] (VAL one-class) chose {'gamma': 0.006666666666666666, 'kernel': 'rbf', 'nu': 0.01} best_obj:(FP=1.000, P95=0.0100, mean=0.0100) Elapsed: 71.73
[Tucker+OCSVM] Final result RANK=(64, 32, 5) AUC=0.5 | ACC=0.8 | param=({'gamma': 0.006666666666666666, 'kernel': 'rbf', 'nu': 0.01}) | aux=FP=1.000, P95=0.0100, mean=0.0100
[Tucker+OCSVM] AUC=0.5000 Boot: mean:0.5000 std:0.0000, CI(0.5000–0.5000) | 
[Tucker+OCSVM] R=(64, 32, 5) peak_rss_mb=5456.2 | peak_workingset_mb=7231.4 | peak_cuda_mb=138.1 | cpu_time_sec=75.56
[Tucker+AE] best_param=(1, 16) best_obj=1.0 Elapsed: 35.47
[Tucker+AE] (global) Final result Rank=(64, 32, 5) AUC=0.5494 ACC=0.8
[Tucker+AE] AUC=0.5494 Boot: mean:0.5492 std:0.0469, CI(0.4567–0.6420) | 
[Tucker+AE] R=(64, 32, 5) peak_rss_mb=5756.2 | peak_workingset_mb=7231.4 | peak_cuda_mb=138.1 | cpu_time_sec=627.80
[Tucker+IF] best_obj=0.005000 best_param: {'bootstrap': False, 'contamination': 0.05, 'max_features': 1.0, 'max_samples': 0.75, 'n_estimators': 50, 'n_jobs': -1, 'random_state': 42} Elapsed (CPU s): 966.88
[Tucker+IF] Final result rank=(64, 32, 5) AUC=0.5828 ACC=0.668 obj=0.005| params={'bootstrap': False, 'contamination': 0.05, 'max_features': 1.0, 'max_samples': 0.75, 'n_estimators': 50, 'n_jobs': -1, 'random_state': 42} | thr=0.353293 | target_FP=0.050
[Tucker+IF] AUC=0.5828 Boot: mean:0.5832 std:0.0437, CI(0.4970–0.6636) | 
[Tucker+IF] R=(64, 32, 5) peak_rss_mb=2720.4 | peak_workingset_mb=7231.4 | peak_cuda_mb=138.1 | cpu_time_sec=968.84
Rank: 64 32 16
[Tucker only] R=(64, 32, 16) peak_rss_mb=6525.1 | peak_workingset_mb=7231.4 | peak_cuda_mb=1202.9 | cpu_time_sec=6873.41
[Tucker+OCSVM] (VAL one-class) chose {'gamma': 0.006666666666666666, 'kernel': 'rbf', 'nu': 0.01} best_obj:(FP=1.000, P95=0.0100, mean=0.0100) Elapsed: 72.02
[Tucker+OCSVM] Final result RANK=(64, 32, 16) AUC=0.5 | ACC=0.8 | param=({'gamma': 0.006666666666666666, 'kernel': 'rbf', 'nu': 0.01}) | aux=FP=1.000, P95=0.0100, mean=0.0100
[Tucker+OCSVM] AUC=0.5000 Boot: mean:0.5000 std:0.0000, CI(0.5000–0.5000) | 
[Tucker+OCSVM] R=(64, 32, 16) peak_rss_mb=3239.5 | peak_workingset_mb=7231.4 | peak_cuda_mb=138.1 | cpu_time_sec=74.30
[Tucker+AE] best_param=(1, 16) best_obj=1.0 Elapsed: 50.83
[Tucker+AE] (global) Final result Rank=(64, 32, 16) AUC=0.4446 ACC=0.8
[Tucker+AE] AUC=0.4446 Boot: mean:0.4443 std:0.0470, CI(0.3528–0.5350) | 
[Tucker+AE] R=(64, 32, 16) peak_rss_mb=3639.5 | peak_workingset_mb=7231.4 | peak_cuda_mb=138.1 | cpu_time_sec=344.17
[Tucker+IF] best_obj=0.005000 best_param: {'bootstrap': False, 'contamination': 0.05, 'max_features': 0.5, 'max_samples': 0.75, 'n_estimators': 50, 'n_jobs': -1, 'random_state': 42} Elapsed (CPU s): 367.53
[Tucker+IF] Final result rank=(64, 32, 16) AUC=0.5064 ACC=0.656 obj=0.005| params={'bootstrap': False, 'contamination': 0.05, 'max_features': 0.5, 'max_samples': 0.75, 'n_estimators': 50, 'n_jobs': -1, 'random_state': 42} | thr=0.338272 | target_FP=0.050
[Tucker+IF] AUC=0.5064 Boot: mean:0.5067 std:0.0481, CI(0.4142–0.5995) | 
[Tucker+IF] R=(64, 32, 16) peak_rss_mb=3812.0 | peak_workingset_mb=7231.4 | peak_cuda_mb=138.1 | cpu_time_sec=369.06
Rank: 64 64 5
[Tucker only] R=(64, 64, 5) peak_rss_mb=4345.4 | peak_workingset_mb=7231.4 | peak_cuda_mb=161.6 | cpu_time_sec=257.25
[Tucker+OCSVM] (VAL one-class) chose {'gamma': 0.006666666666666666, 'kernel': 'rbf', 'nu': 0.01} best_obj:(FP=1.000, P95=0.0100, mean=0.0100) Elapsed: 74.41
[Tucker+OCSVM] Final result RANK=(64, 64, 5) AUC=0.5 | ACC=0.8 | param=({'gamma': 0.006666666666666666, 'kernel': 'rbf', 'nu': 0.01}) | aux=FP=1.000, P95=0.0100, mean=0.0100
[Tucker+OCSVM] AUC=0.5000 Boot: mean:0.5000 std:0.0000, CI(0.5000–0.5000) | 
[Tucker+OCSVM] R=(64, 64, 5) peak_rss_mb=4278.5 | peak_workingset_mb=7231.4 | peak_cuda_mb=138.1 | cpu_time_sec=76.44
[Tucker+AE] best_param=(1, 16) best_obj=1.0 Elapsed: 34.78
[Tucker+AE] (global) Final result Rank=(64, 64, 5) AUC=0.5015 ACC=0.804
[Tucker+AE] AUC=0.5015 Boot: mean:0.5023 std:0.0451, CI(0.4164–0.5933) | 
[Tucker+AE] R=(64, 64, 5) peak_rss_mb=4410.8 | peak_workingset_mb=7231.4 | peak_cuda_mb=138.1 | cpu_time_sec=463.44
[Tucker+IF] best_obj=0.011645 best_param: {'bootstrap': True, 'contamination': 0.05, 'max_features': 1.0, 'max_samples': 1.0, 'n_estimators': 50, 'n_jobs': -1, 'random_state': 42} Elapsed (CPU s): 373.12
[Tucker+IF] Final result rank=(64, 64, 5) AUC=0.554 ACC=0.684 obj=0.01164451827242525| params={'bootstrap': True, 'contamination': 0.05, 'max_features': 1.0, 'max_samples': 1.0, 'n_estimators': 50, 'n_jobs': -1, 'random_state': 42} | thr=0.376307 | target_FP=0.050
[Tucker+IF] AUC=0.5540 Boot: mean:0.5538 std:0.0455, CI(0.4611–0.6437) | 
[Tucker+IF] R=(64, 64, 5) peak_rss_mb=4564.6 | peak_workingset_mb=7231.4 | peak_cuda_mb=138.1 | cpu_time_sec=374.36
Rank: 64 64 16
[Tucker only] R=(64, 64, 16) peak_rss_mb=8667.6 | peak_workingset_mb=8780.0 | peak_cuda_mb=1201.4 | cpu_time_sec=11063.33
[Tucker+OCSVM] (VAL one-class) chose {'gamma': 0.006666666666666666, 'kernel': 'rbf', 'nu': 0.01} best_obj:(FP=1.000, P95=0.0100, mean=0.0100) Elapsed: 75.05
[Tucker+OCSVM] Final result RANK=(64, 64, 16) AUC=0.5 | ACC=0.8 | param=({'gamma': 0.006666666666666666, 'kernel': 'rbf', 'nu': 0.01}) | aux=FP=1.000, P95=0.0100, mean=0.0100
[Tucker+OCSVM] AUC=0.5000 Boot: mean:0.5000 std:0.0000, CI(0.5000–0.5000) | 
[Tucker+OCSVM] R=(64, 64, 16) peak_rss_mb=6149.8 | peak_workingset_mb=8780.0 | peak_cuda_mb=138.1 | cpu_time_sec=80.31
[Tucker+AE] best_param=(1, 16) best_obj=1.0 Elapsed: 47.47
[Tucker+AE] (global) Final result Rank=(64, 64, 16) AUC=0.4913 ACC=0.796
[Tucker+AE] AUC=0.4913 Boot: mean:0.4901 std:0.0412, CI(0.4110–0.5771) | 
[Tucker+AE] R=(64, 64, 16) peak_rss_mb=6505.9 | peak_workingset_mb=8780.0 | peak_cuda_mb=138.1 | cpu_time_sec=570.81
[Tucker+IF] best_obj=0.005000 best_param: {'bootstrap': False, 'contamination': 0.05, 'max_features': 0.75, 'max_samples': 0.75, 'n_estimators': 50, 'n_jobs': -1, 'random_state': 42} Elapsed (CPU s): 1174.23
[Tucker+IF] Final result rank=(64, 64, 16) AUC=0.5429 ACC=0.676 obj=0.005| params={'bootstrap': False, 'contamination': 0.05, 'max_features': 0.75, 'max_samples': 0.75, 'n_estimators': 50, 'n_jobs': -1, 'random_state': 42} | thr=0.344752 | target_FP=0.050
[Tucker+IF] AUC=0.5429 Boot: mean:0.5432 std:0.0438, CI(0.4559–0.6286) | 
[Tucker+IF] R=(64, 64, 16) peak_rss_mb=6627.5 | peak_workingset_mb=8780.0 | peak_cuda_mb=138.1 | cpu_time_sec=1178.38
