Split seed: 3
[TRAIN] N=500, NaNs=False, Infs=False
[TRAIN] min=-3.708315, max=4.955186
[VAL] N=301, NaNs=False, Infs=False
[VAL] min=-3.708315, max=5.484934
[FINAL] N=250, NaNs=False, Infs=False
[FINAL] min=-3.624767, max=4.955186
Rank: 5 5 5
[Tucker only] R=(5, 5, 5) peak_rss_mb=1181.5 | peak_workingset_mb=1181.6 | peak_cuda_mb=158.0 | cpu_time_sec=37.52
[Tucker+OCSVM] (VAL one-class) chose {'gamma': 0.0008, 'kernel': 'rbf', 'nu': 0.01} best_obj:(FP=0.362, P95=1.1628, mean=-0.0291) Elapsed: 0.48
[Tucker+OCSVM] Final result RANK=(5, 5, 5) AUC=0.7178 | ACC=0.812 | param=({'gamma': 0.0008, 'kernel': 'rbf', 'nu': 0.01}) | aux=FP=0.362, P95=1.1628, mean=-0.0291
[Tucker+OCSVM] AUC=0.7178 Boot: mean:0.7185 std:0.0373, CI(0.6439–0.7908) | 
[Tucker+OCSVM] R=(5, 5, 5) peak_rss_mb=1183.7 | peak_workingset_mb=1183.7 | peak_cuda_mb=138.1 | cpu_time_sec=0.75
[Tucker+AE] best_param=(2, 16) best_obj=0.38925802879291255 Elapsed: 2.59
[Tucker+AE] (global) Final result Rank=(5, 5, 5) AUC=0.7132 ACC=0.812
[Tucker+AE] AUC=0.7132 Boot: mean:0.7141 std:0.0375, CI(0.6388–0.7854) | 
[Tucker+AE] R=(5, 5, 5) peak_rss_mb=1373.7 | peak_workingset_mb=1373.7 | peak_cuda_mb=138.1 | cpu_time_sec=37.09
[Tucker+IF] best_obj=0.250293 best_param: {'bootstrap': False, 'contamination': 0.05, 'max_features': 1.0, 'max_samples': 0.75, 'n_estimators': 50, 'n_jobs': -1, 'random_state': 42} Elapsed (CPU s): 70.28
[Tucker+IF] Final result rank=(5, 5, 5) AUC=0.6938 ACC=0.808 obj=0.25029346622369875| params={'bootstrap': False, 'contamination': 0.05, 'max_features': 1.0, 'max_samples': 0.75, 'n_estimators': 50, 'n_jobs': -1, 'random_state': 42} | thr=0.564532 | target_FP=0.050
[Tucker+IF] AUC=0.6938 Boot: mean:0.6946 std:0.0394, CI(0.6169–0.7681) | 
[Tucker+IF] R=(5, 5, 5) peak_rss_mb=1341.4 | peak_workingset_mb=1373.7 | peak_cuda_mb=138.1 | cpu_time_sec=70.56
Rank: 5 5 16
[Tucker only] R=(5, 5, 16) peak_rss_mb=3239.9 | peak_workingset_mb=3271.7 | peak_cuda_mb=1201.9 | cpu_time_sec=3037.44
[Tucker+OCSVM] (VAL one-class) chose {'gamma': 0.0006666666666666668, 'kernel': 'rbf', 'nu': 0.01} best_obj:(FP=0.425, P95=1.2398, mean=0.0659) Elapsed: 0.48
[Tucker+OCSVM] Final result RANK=(5, 5, 16) AUC=0.6983 | ACC=0.808 | param=({'gamma': 0.0006666666666666668, 'kernel': 'rbf', 'nu': 0.01}) | aux=FP=0.425, P95=1.2398, mean=0.0659
[Tucker+OCSVM] AUC=0.6983 Boot: mean:0.6989 std:0.0379, CI(0.6232–0.7728) | 
[Tucker+OCSVM] R=(5, 5, 16) peak_rss_mb=93.5 | peak_workingset_mb=3271.7 | peak_cuda_mb=138.1 | cpu_time_sec=0.78
[Tucker+AE] best_param=(2, 16) best_obj=0.43964562569213733 Elapsed: 3.5
[Tucker+AE] (global) Final result Rank=(5, 5, 16) AUC=0.6962 ACC=0.808
[Tucker+AE] AUC=0.6962 Boot: mean:0.6969 std:0.0382, CI(0.6210–0.7702) | 
[Tucker+AE] R=(5, 5, 16) peak_rss_mb=534.0 | peak_workingset_mb=3271.7 | peak_cuda_mb=138.1 | cpu_time_sec=35.53
[Tucker+IF] best_obj=0.225930 best_param: {'bootstrap': True, 'contamination': 0.05, 'max_features': 1.0, 'max_samples': 0.5, 'n_estimators': 50, 'n_jobs': -1, 'random_state': 42} Elapsed (CPU s): 68.17
[Tucker+IF] Final result rank=(5, 5, 16) AUC=0.6702 ACC=0.796 obj=0.22593023255813952| params={'bootstrap': True, 'contamination': 0.05, 'max_features': 1.0, 'max_samples': 0.5, 'n_estimators': 50, 'n_jobs': -1, 'random_state': 42} | thr=0.573679 | target_FP=0.050
[Tucker+IF] AUC=0.6702 Boot: mean:0.6705 std:0.0397, CI(0.5904–0.7457) | 
[Tucker+IF] R=(5, 5, 16) peak_rss_mb=548.7 | peak_workingset_mb=3271.7 | peak_cuda_mb=138.1 | cpu_time_sec=68.45
Rank: 5 16 5
[Tucker only] R=(5, 16, 5) peak_rss_mb=630.5 | peak_workingset_mb=3271.7 | peak_cuda_mb=158.0 | cpu_time_sec=47.14
[Tucker+OCSVM] (VAL one-class) chose {'gamma': 0.025, 'kernel': 'rbf', 'nu': 0.01} best_obj:(FP=1.000, P95=0.0100, mean=0.0100) Elapsed: 1.03
[Tucker+OCSVM] Final result RANK=(5, 16, 5) AUC=0.5205 | ACC=0.8 | param=({'gamma': 0.025, 'kernel': 'rbf', 'nu': 0.01}) | aux=FP=1.000, P95=0.0100, mean=0.0100
[Tucker+OCSVM] AUC=0.5205 Boot: mean:0.5203 std:0.0128, CI(0.4929–0.5425) | 
[Tucker+OCSVM] R=(5, 16, 5) peak_rss_mb=639.1 | peak_workingset_mb=3271.7 | peak_cuda_mb=138.1 | cpu_time_sec=1.36
[Tucker+AE] best_param=(1, 16) best_obj=1.0 Elapsed: 4.16
[Tucker+AE] (global) Final result Rank=(5, 16, 5) AUC=0.6337 ACC=0.82
[Tucker+AE] AUC=0.6337 Boot: mean:0.6347 std:0.0457, CI(0.5405–0.7224) | 
[Tucker+AE] R=(5, 16, 5) peak_rss_mb=764.2 | peak_workingset_mb=3271.7 | peak_cuda_mb=138.1 | cpu_time_sec=52.12
[Tucker+IF] best_obj=0.806218 best_param: {'bootstrap': True, 'contamination': 0.05, 'max_features': 0.75, 'max_samples': 0.5, 'n_estimators': 50, 'n_jobs': -1, 'random_state': 42} Elapsed (CPU s): 86.94
[Tucker+IF] Final result rank=(5, 16, 5) AUC=0.5765 ACC=0.8 obj=0.8062181616832779| params={'bootstrap': True, 'contamination': 0.05, 'max_features': 0.75, 'max_samples': 0.5, 'n_estimators': 50, 'n_jobs': -1, 'random_state': 42} | thr=0.596557 | target_FP=0.050
[Tucker+IF] AUC=0.5765 Boot: mean:0.5775 std:0.0473, CI(0.4842–0.6661) | 
[Tucker+IF] R=(5, 16, 5) peak_rss_mb=776.1 | peak_workingset_mb=3271.7 | peak_cuda_mb=138.1 | cpu_time_sec=87.28
Rank: 5 16 16
[Tucker only] R=(5, 16, 16) peak_rss_mb=3839.8 | peak_workingset_mb=3880.3 | peak_cuda_mb=223.3 | cpu_time_sec=2715.84
[Tucker+OCSVM] (VAL one-class) chose {'gamma': 0.020833333333333332, 'kernel': 'rbf', 'nu': 0.01} best_obj:(FP=1.000, P95=0.0100, mean=0.0100) Elapsed: 1.53
[Tucker+OCSVM] Final result RANK=(5, 16, 16) AUC=0.5 | ACC=0.8 | param=({'gamma': 0.020833333333333332, 'kernel': 'rbf', 'nu': 0.01}) | aux=FP=1.000, P95=0.0100, mean=0.0100
[Tucker+OCSVM] AUC=0.5000 Boot: mean:0.5000 std:0.0000, CI(0.5000–0.5000) | 
[Tucker+OCSVM] R=(5, 16, 16) peak_rss_mb=727.3 | peak_workingset_mb=3880.3 | peak_cuda_mb=138.1 | cpu_time_sec=1.89
[Tucker+AE] best_param=(1, 16) best_obj=1.0 Elapsed: 5.0
[Tucker+AE] (global) Final result Rank=(5, 16, 16) AUC=0.602 ACC=0.808
[Tucker+AE] AUC=0.6020 Boot: mean:0.6039 std:0.0461, CI(0.5112–0.6919) | 
[Tucker+AE] R=(5, 16, 16) peak_rss_mb=843.7 | peak_workingset_mb=3880.3 | peak_cuda_mb=138.1 | cpu_time_sec=55.95
[Tucker+IF] best_obj=0.947968 best_param: {'bootstrap': True, 'contamination': 0.05, 'max_features': 1.0, 'max_samples': 1.0, 'n_estimators': 50, 'n_jobs': -1, 'random_state': 42} Elapsed (CPU s): 78.12
[Tucker+IF] Final result rank=(5, 16, 16) AUC=0.5548 ACC=0.8 obj=0.94796788482835| params={'bootstrap': True, 'contamination': 0.05, 'max_features': 1.0, 'max_samples': 1.0, 'n_estimators': 50, 'n_jobs': -1, 'random_state': 42} | thr=0.601902 | target_FP=0.050
[Tucker+IF] AUC=0.5548 Boot: mean:0.5555 std:0.0467, CI(0.4675–0.6462) | 
[Tucker+IF] R=(5, 16, 16) peak_rss_mb=868.8 | peak_workingset_mb=3880.3 | peak_cuda_mb=138.1 | cpu_time_sec=78.42
Rank: 5 32 5
[Tucker only] R=(5, 32, 5) peak_rss_mb=871.9 | peak_workingset_mb=3880.3 | peak_cuda_mb=158.0 | cpu_time_sec=48.39
[Tucker+OCSVM] (VAL one-class) chose {'gamma': 0.02, 'kernel': 'rbf', 'nu': 0.01} best_obj:(FP=1.000, P95=0.0100, mean=0.0100) Elapsed: 2.38
[Tucker+OCSVM] Final result RANK=(5, 32, 5) AUC=0.5 | ACC=0.8 | param=({'gamma': 0.02, 'kernel': 'rbf', 'nu': 0.01}) | aux=FP=1.000, P95=0.0100, mean=0.0100
[Tucker+OCSVM] AUC=0.5000 Boot: mean:0.5000 std:0.0000, CI(0.5000–0.5000) | 
[Tucker+OCSVM] R=(5, 32, 5) peak_rss_mb=786.2 | peak_workingset_mb=3880.3 | peak_cuda_mb=138.1 | cpu_time_sec=2.75
[Tucker+AE] best_param=(1, 16) best_obj=1.0 Elapsed: 2.31
[Tucker+AE] (global) Final result Rank=(5, 32, 5) AUC=0.5556 ACC=0.796
[Tucker+AE] AUC=0.5556 Boot: mean:0.5544 std:0.0436, CI(0.4679–0.6362) | 
[Tucker+AE] R=(5, 32, 5) peak_rss_mb=901.4 | peak_workingset_mb=3880.3 | peak_cuda_mb=138.1 | cpu_time_sec=29.69
[Tucker+IF] best_obj=0.543206 best_param: {'bootstrap': True, 'contamination': 0.05, 'max_features': 0.5, 'max_samples': 0.5, 'n_estimators': 50, 'n_jobs': -1, 'random_state': 42} Elapsed (CPU s): 82.12
[Tucker+IF] Final result rank=(5, 32, 5) AUC=0.4509 ACC=0.732 obj=0.5432059800664453| params={'bootstrap': True, 'contamination': 0.05, 'max_features': 0.5, 'max_samples': 0.5, 'n_estimators': 50, 'n_jobs': -1, 'random_state': 42} | thr=0.532358 | target_FP=0.050
[Tucker+IF] AUC=0.4509 Boot: mean:0.4528 std:0.0426, CI(0.3680–0.5347) | 
[Tucker+IF] R=(5, 32, 5) peak_rss_mb=928.3 | peak_workingset_mb=3880.3 | peak_cuda_mb=138.1 | cpu_time_sec=82.42
Rank: 5 32 16
[Tucker only] R=(5, 32, 16) peak_rss_mb=4072.1 | peak_workingset_mb=4092.0 | peak_cuda_mb=1166.9 | cpu_time_sec=2799.72
[Tucker+OCSVM] (VAL one-class) chose {'gamma': 0.02, 'kernel': 'rbf', 'nu': 0.01} best_obj:(FP=1.000, P95=0.0100, mean=0.0100) Elapsed: 2.42
[Tucker+OCSVM] Final result RANK=(5, 32, 16) AUC=0.5 | ACC=0.8 | param=({'gamma': 0.02, 'kernel': 'rbf', 'nu': 0.01}) | aux=FP=1.000, P95=0.0100, mean=0.0100
[Tucker+OCSVM] AUC=0.5000 Boot: mean:0.5000 std:0.0000, CI(0.5000–0.5000) | 
[Tucker+OCSVM] R=(5, 32, 16) peak_rss_mb=870.1 | peak_workingset_mb=4092.0 | peak_cuda_mb=138.1 | cpu_time_sec=2.81
[Tucker+AE] best_param=(1, 16) best_obj=1.0 Elapsed: 2.22
[Tucker+AE] (global) Final result Rank=(5, 32, 16) AUC=0.5533 ACC=0.804
[Tucker+AE] AUC=0.5533 Boot: mean:0.5545 std:0.0484, CI(0.4596–0.6492) | 
[Tucker+AE] R=(5, 32, 16) peak_rss_mb=976.7 | peak_workingset_mb=4092.0 | peak_cuda_mb=138.1 | cpu_time_sec=32.31
[Tucker+IF] best_obj=0.169452 best_param: {'bootstrap': False, 'contamination': 0.05, 'max_features': 0.5, 'max_samples': 0.5, 'n_estimators': 50, 'n_jobs': -1, 'random_state': 42} Elapsed (CPU s): 84.33
[Tucker+IF] Final result rank=(5, 32, 16) AUC=0.566 ACC=0.7 obj=0.16945182724252492| params={'bootstrap': False, 'contamination': 0.05, 'max_features': 0.5, 'max_samples': 0.5, 'n_estimators': 50, 'n_jobs': -1, 'random_state': 42} | thr=0.455014 | target_FP=0.050
[Tucker+IF] AUC=0.5660 Boot: mean:0.5651 std:0.0423, CI(0.4837–0.6432) | 
[Tucker+IF] R=(5, 32, 16) peak_rss_mb=993.4 | peak_workingset_mb=4092.0 | peak_cuda_mb=138.1 | cpu_time_sec=84.72
Rank: 5 64 5
[Tucker only] R=(5, 64, 5) peak_rss_mb=940.6 | peak_workingset_mb=4092.0 | peak_cuda_mb=158.2 | cpu_time_sec=57.67
[Tucker+OCSVM] (VAL one-class) chose {'gamma': 0.02, 'kernel': 'rbf', 'nu': 0.01} best_obj:(FP=1.000, P95=0.0100, mean=0.0100) Elapsed: 2.44
[Tucker+OCSVM] Final result RANK=(5, 64, 5) AUC=0.5 | ACC=0.8 | param=({'gamma': 0.02, 'kernel': 'rbf', 'nu': 0.01}) | aux=FP=1.000, P95=0.0100, mean=0.0100
[Tucker+OCSVM] AUC=0.5000 Boot: mean:0.5000 std:0.0000, CI(0.5000–0.5000) | 
[Tucker+OCSVM] R=(5, 64, 5) peak_rss_mb=945.2 | peak_workingset_mb=4092.0 | peak_cuda_mb=138.1 | cpu_time_sec=2.83
[Tucker+AE] best_param=(1, 16) best_obj=1.0 Elapsed: 2.17
[Tucker+AE] (global) Final result Rank=(5, 64, 5) AUC=0.431 ACC=0.796
[Tucker+AE] AUC=0.4310 Boot: mean:0.4304 std:0.0418, CI(0.3474–0.5141) | 
[Tucker+AE] R=(5, 64, 5) peak_rss_mb=1028.0 | peak_workingset_mb=4092.0 | peak_cuda_mb=138.1 | cpu_time_sec=25.97
[Tucker+IF] best_obj=0.143981 best_param: {'bootstrap': False, 'contamination': 0.05, 'max_features': 0.5, 'max_samples': 0.75, 'n_estimators': 50, 'n_jobs': -1, 'random_state': 42} Elapsed (CPU s): 80.56
[Tucker+IF] Final result rank=(5, 64, 5) AUC=0.4123 ACC=0.7 obj=0.14398117386489478| params={'bootstrap': False, 'contamination': 0.05, 'max_features': 0.5, 'max_samples': 0.75, 'n_estimators': 50, 'n_jobs': -1, 'random_state': 42} | thr=0.465395 | target_FP=0.050
[Tucker+IF] AUC=0.4123 Boot: mean:0.4133 std:0.0404, CI(0.3350–0.4900) | 
[Tucker+IF] R=(5, 64, 5) peak_rss_mb=1051.9 | peak_workingset_mb=4092.0 | peak_cuda_mb=138.1 | cpu_time_sec=80.89
Rank: 5 64 16
[Tucker only] R=(5, 64, 16) peak_rss_mb=4182.4 | peak_workingset_mb=4228.6 | peak_cuda_mb=976.1 | cpu_time_sec=2819.30
[Tucker+OCSVM] (VAL one-class) chose {'gamma': 0.02, 'kernel': 'rbf', 'nu': 0.01} best_obj:(FP=1.000, P95=0.0100, mean=0.0100) Elapsed: 2.47
[Tucker+OCSVM] Final result RANK=(5, 64, 16) AUC=0.5 | ACC=0.8 | param=({'gamma': 0.02, 'kernel': 'rbf', 'nu': 0.01}) | aux=FP=1.000, P95=0.0100, mean=0.0100
[Tucker+OCSVM] AUC=0.5000 Boot: mean:0.5000 std:0.0000, CI(0.5000–0.5000) | 
[Tucker+OCSVM] R=(5, 64, 16) peak_rss_mb=1017.9 | peak_workingset_mb=4228.6 | peak_cuda_mb=138.1 | cpu_time_sec=2.88
[Tucker+AE] best_param=(1, 16) best_obj=1.0 Elapsed: 2.38
[Tucker+AE] (global) Final result Rank=(5, 64, 16) AUC=0.5132 ACC=0.808
[Tucker+AE] AUC=0.5132 Boot: mean:0.5138 std:0.0474, CI(0.4219–0.6080) | 
[Tucker+AE] R=(5, 64, 16) peak_rss_mb=1096.9 | peak_workingset_mb=4228.6 | peak_cuda_mb=138.1 | cpu_time_sec=33.05
[Tucker+IF] best_obj=0.007215 best_param: {'bootstrap': False, 'contamination': 0.05, 'max_features': 0.75, 'max_samples': 0.5, 'n_estimators': 50, 'n_jobs': -1, 'random_state': 42} Elapsed (CPU s): 80.7
[Tucker+IF] Final result rank=(5, 64, 16) AUC=0.5575 ACC=0.764 obj=0.00721483942414175| params={'bootstrap': False, 'contamination': 0.05, 'max_features': 0.75, 'max_samples': 0.5, 'n_estimators': 50, 'n_jobs': -1, 'random_state': 42} | thr=0.401103 | target_FP=0.050
[Tucker+IF] AUC=0.5575 Boot: mean:0.5585 std:0.0483, CI(0.4652–0.6541) | 
[Tucker+IF] R=(5, 64, 16) peak_rss_mb=1123.8 | peak_workingset_mb=4228.6 | peak_cuda_mb=138.1 | cpu_time_sec=81.03
Rank: 16 5 5
[Tucker only] R=(16, 5, 5) peak_rss_mb=1131.5 | peak_workingset_mb=4228.6 | peak_cuda_mb=158.3 | cpu_time_sec=44.31
[Tucker+OCSVM] (VAL one-class) chose {'gamma': 0.025, 'kernel': 'rbf', 'nu': 0.01} best_obj:(FP=1.000, P95=0.0100, mean=0.0100) Elapsed: 0.94
[Tucker+OCSVM] Final result RANK=(16, 5, 5) AUC=0.49155 | ACC=0.8 | param=({'gamma': 0.025, 'kernel': 'rbf', 'nu': 0.01}) | aux=FP=1.000, P95=0.0100, mean=0.0100
[Tucker+OCSVM] AUC=0.4915 Boot: mean:0.4917 std:0.0191, CI(0.4496–0.5250) | 
[Tucker+OCSVM] R=(16, 5, 5) peak_rss_mb=1116.5 | peak_workingset_mb=4228.6 | peak_cuda_mb=138.1 | cpu_time_sec=1.23
[Tucker+AE] best_param=(1, 16) best_obj=1.0 Elapsed: 4.09
[Tucker+AE] (global) Final result Rank=(16, 5, 5) AUC=0.6259 ACC=0.828
[Tucker+AE] AUC=0.6259 Boot: mean:0.6275 std:0.0453, CI(0.5357–0.7144) | 
[Tucker+AE] R=(16, 5, 5) peak_rss_mb=1114.8 | peak_workingset_mb=4228.6 | peak_cuda_mb=138.1 | cpu_time_sec=53.84
[Tucker+IF] best_obj=0.814524 best_param: {'bootstrap': True, 'contamination': 0.05, 'max_features': 0.5, 'max_samples': 0.5, 'n_estimators': 50, 'n_jobs': -1, 'random_state': 42} Elapsed (CPU s): 79.28
[Tucker+IF] Final result rank=(16, 5, 5) AUC=0.6293 ACC=0.78 obj=0.8145238095238096| params={'bootstrap': True, 'contamination': 0.05, 'max_features': 0.5, 'max_samples': 0.5, 'n_estimators': 50, 'n_jobs': -1, 'random_state': 42} | thr=0.599626 | target_FP=0.050
[Tucker+IF] AUC=0.6293 Boot: mean:0.6294 std:0.0450, CI(0.5393–0.7163) | 
[Tucker+IF] R=(16, 5, 5) peak_rss_mb=1123.3 | peak_workingset_mb=4228.6 | peak_cuda_mb=138.1 | cpu_time_sec=79.61
Rank: 16 5 16
[Tucker only] R=(16, 5, 16) peak_rss_mb=4390.7 | peak_workingset_mb=4404.8 | peak_cuda_mb=1202.0 | cpu_time_sec=2776.53
[Tucker+OCSVM] (VAL one-class) chose {'gamma': 0.020833333333333332, 'kernel': 'rbf', 'nu': 0.01} best_obj:(FP=1.000, P95=0.0100, mean=0.0100) Elapsed: 1.52
[Tucker+OCSVM] Final result RANK=(16, 5, 16) AUC=0.5 | ACC=0.8 | param=({'gamma': 0.020833333333333332, 'kernel': 'rbf', 'nu': 0.01}) | aux=FP=1.000, P95=0.0100, mean=0.0100
[Tucker+OCSVM] AUC=0.5000 Boot: mean:0.5000 std:0.0000, CI(0.5000–0.5000) | 
[Tucker+OCSVM] R=(16, 5, 16) peak_rss_mb=1151.0 | peak_workingset_mb=4404.8 | peak_cuda_mb=138.1 | cpu_time_sec=1.86
[Tucker+AE] best_param=(1, 16) best_obj=1.0 Elapsed: 4.36
[Tucker+AE] (global) Final result Rank=(16, 5, 16) AUC=0.5941 ACC=0.812
[Tucker+AE] AUC=0.5941 Boot: mean:0.5946 std:0.0470, CI(0.5033–0.6845) | 
[Tucker+AE] R=(16, 5, 16) peak_rss_mb=1277.7 | peak_workingset_mb=4404.8 | peak_cuda_mb=138.1 | cpu_time_sec=57.03
[Tucker+IF] best_obj=0.973992 best_param: {'bootstrap': True, 'contamination': 0.05, 'max_features': 1.0, 'max_samples': 0.5, 'n_estimators': 50, 'n_jobs': -1, 'random_state': 42} Elapsed (CPU s): 89.67
[Tucker+IF] Final result rank=(16, 5, 16) AUC=0.5657 ACC=0.768 obj=0.9739922480620155| params={'bootstrap': True, 'contamination': 0.05, 'max_features': 1.0, 'max_samples': 0.5, 'n_estimators': 50, 'n_jobs': -1, 'random_state': 42} | thr=0.599695 | target_FP=0.050
[Tucker+IF] AUC=0.5657 Boot: mean:0.5662 std:0.0456, CI(0.4762–0.6551) | 
[Tucker+IF] R=(16, 5, 16) peak_rss_mb=1222.4 | peak_workingset_mb=4404.8 | peak_cuda_mb=138.1 | cpu_time_sec=90.11
Rank: 16 16 5
[Tucker only] R=(16, 16, 5) peak_rss_mb=1248.4 | peak_workingset_mb=4404.8 | peak_cuda_mb=158.3 | cpu_time_sec=51.56
[Tucker+OCSVM] (VAL one-class) chose {'gamma': 0.02, 'kernel': 'rbf', 'nu': 0.01} best_obj:(FP=1.000, P95=0.0100, mean=0.0100) Elapsed: 2.45
[Tucker+OCSVM] Final result RANK=(16, 16, 5) AUC=0.5 | ACC=0.8 | param=({'gamma': 0.02, 'kernel': 'rbf', 'nu': 0.01}) | aux=FP=1.000, P95=0.0100, mean=0.0100
[Tucker+OCSVM] AUC=0.5000 Boot: mean:0.5000 std:0.0000, CI(0.5000–0.5000) | 
[Tucker+OCSVM] R=(16, 16, 5) peak_rss_mb=1251.2 | peak_workingset_mb=4404.8 | peak_cuda_mb=138.1 | cpu_time_sec=2.92
[Tucker+AE] best_param=(1, 16) best_obj=1.0 Elapsed: 3.02
[Tucker+AE] (global) Final result Rank=(16, 16, 5) AUC=0.5237 ACC=0.808
[Tucker+AE] AUC=0.5237 Boot: mean:0.5255 std:0.0486, CI(0.4287–0.6210) | 
[Tucker+AE] R=(16, 16, 5) peak_rss_mb=1317.7 | peak_workingset_mb=4404.8 | peak_cuda_mb=138.1 | cpu_time_sec=30.36
[Tucker+IF] best_obj=0.182187 best_param: {'bootstrap': True, 'contamination': 0.05, 'max_features': 0.75, 'max_samples': 0.75, 'n_estimators': 50, 'n_jobs': -1, 'random_state': 42} Elapsed (CPU s): 86.02
[Tucker+IF] Final result rank=(16, 16, 5) AUC=0.5884 ACC=0.796 obj=0.18218715393134| params={'bootstrap': True, 'contamination': 0.05, 'max_features': 0.75, 'max_samples': 0.75, 'n_estimators': 50, 'n_jobs': -1, 'random_state': 42} | thr=0.470907 | target_FP=0.050
[Tucker+IF] AUC=0.5884 Boot: mean:0.5902 std:0.0488, CI(0.4921–0.6840) | 
[Tucker+IF] R=(16, 16, 5) peak_rss_mb=1343.2 | peak_workingset_mb=4404.8 | peak_cuda_mb=138.1 | cpu_time_sec=86.39
Rank: 16 16 16
[Tucker only] R=(16, 16, 16) peak_rss_mb=4628.0 | peak_workingset_mb=4628.0 | peak_cuda_mb=1202.3 | cpu_time_sec=2694.11
[Tucker+OCSVM] (VAL one-class) chose {'gamma': 0.02, 'kernel': 'rbf', 'nu': 0.01} best_obj:(FP=1.000, P95=0.0100, mean=0.0100) Elapsed: 2.48
[Tucker+OCSVM] Final result RANK=(16, 16, 16) AUC=0.5 | ACC=0.8 | param=({'gamma': 0.02, 'kernel': 'rbf', 'nu': 0.01}) | aux=FP=1.000, P95=0.0100, mean=0.0100
[Tucker+OCSVM] AUC=0.5000 Boot: mean:0.5000 std:0.0000, CI(0.5000–0.5000) | 
[Tucker+OCSVM] R=(16, 16, 16) peak_rss_mb=1245.4 | peak_workingset_mb=4628.0 | peak_cuda_mb=138.1 | cpu_time_sec=3.03
[Tucker+AE] best_param=(1, 16) best_obj=1.0 Elapsed: 2.91
[Tucker+AE] (global) Final result Rank=(16, 16, 16) AUC=0.5847 ACC=0.812
[Tucker+AE] AUC=0.5847 Boot: mean:0.5851 std:0.0504, CI(0.4864–0.6813) | 
[Tucker+AE] R=(16, 16, 16) peak_rss_mb=1317.0 | peak_workingset_mb=4628.0 | peak_cuda_mb=138.1 | cpu_time_sec=30.33
[Tucker+IF] best_obj=0.017735 best_param: {'bootstrap': True, 'contamination': 0.05, 'max_features': 0.5, 'max_samples': 0.75, 'n_estimators': 50, 'n_jobs': -1, 'random_state': 42} Elapsed (CPU s): 90.98
[Tucker+IF] Final result rank=(16, 16, 16) AUC=0.575 ACC=0.792 obj=0.01773532668881506| params={'bootstrap': True, 'contamination': 0.05, 'max_features': 0.5, 'max_samples': 0.75, 'n_estimators': 50, 'n_jobs': -1, 'random_state': 42} | thr=0.432889 | target_FP=0.050
[Tucker+IF] AUC=0.5750 Boot: mean:0.5761 std:0.0484, CI(0.4792–0.6700) | 
[Tucker+IF] R=(16, 16, 16) peak_rss_mb=1337.9 | peak_workingset_mb=4628.0 | peak_cuda_mb=138.1 | cpu_time_sec=91.36
Rank: 16 32 5
[Tucker only] R=(16, 32, 5) peak_rss_mb=1367.7 | peak_workingset_mb=4628.0 | peak_cuda_mb=158.3 | cpu_time_sec=56.50
[Tucker+OCSVM] (VAL one-class) chose {'gamma': 0.02, 'kernel': 'rbf', 'nu': 0.01} best_obj:(FP=1.000, P95=0.0100, mean=0.0100) Elapsed: 2.47
[Tucker+OCSVM] Final result RANK=(16, 32, 5) AUC=0.5 | ACC=0.8 | param=({'gamma': 0.02, 'kernel': 'rbf', 'nu': 0.01}) | aux=FP=1.000, P95=0.0100, mean=0.0100
[Tucker+OCSVM] AUC=0.5000 Boot: mean:0.5000 std:0.0000, CI(0.5000–0.5000) | 
[Tucker+OCSVM] R=(16, 32, 5) peak_rss_mb=1369.5 | peak_workingset_mb=4628.0 | peak_cuda_mb=138.1 | cpu_time_sec=2.86
[Tucker+AE] best_param=(1, 16) best_obj=1.0 Elapsed: 2.17
[Tucker+AE] (global) Final result Rank=(16, 32, 5) AUC=0.4727 ACC=0.8
[Tucker+AE] AUC=0.4727 Boot: mean:0.4718 std:0.0464, CI(0.3813–0.5623) | 
[Tucker+AE] R=(16, 32, 5) peak_rss_mb=1502.5 | peak_workingset_mb=4628.0 | peak_cuda_mb=138.1 | cpu_time_sec=30.70
[Tucker+IF] best_obj=0.011091 best_param: {'bootstrap': True, 'contamination': 0.05, 'max_features': 0.5, 'max_samples': 0.75, 'n_estimators': 50, 'n_jobs': -1, 'random_state': 42} Elapsed (CPU s): 84.72
[Tucker+IF] Final result rank=(16, 32, 5) AUC=0.5979 ACC=0.74 obj=0.011090808416389812| params={'bootstrap': True, 'contamination': 0.05, 'max_features': 0.5, 'max_samples': 0.75, 'n_estimators': 50, 'n_jobs': -1, 'random_state': 42} | thr=0.402243 | target_FP=0.050
[Tucker+IF] AUC=0.5979 Boot: mean:0.5996 std:0.0455, CI(0.5117–0.6887) | 
[Tucker+IF] R=(16, 32, 5) peak_rss_mb=1531.4 | peak_workingset_mb=4628.0 | peak_cuda_mb=138.1 | cpu_time_sec=85.05
Rank: 16 32 16
[Tucker only] R=(16, 32, 16) peak_rss_mb=4405.0 | peak_workingset_mb=4628.0 | peak_cuda_mb=1202.7 | cpu_time_sec=2683.17
[Tucker+OCSVM] (VAL one-class) chose {'gamma': 0.02, 'kernel': 'rbf', 'nu': 0.01} best_obj:(FP=1.000, P95=0.0100, mean=0.0100) Elapsed: 2.53
[Tucker+OCSVM] Final result RANK=(16, 32, 16) AUC=0.5 | ACC=0.8 | param=({'gamma': 0.02, 'kernel': 'rbf', 'nu': 0.01}) | aux=FP=1.000, P95=0.0100, mean=0.0100
[Tucker+OCSVM] AUC=0.5000 Boot: mean:0.5000 std:0.0000, CI(0.5000–0.5000) | 
[Tucker+OCSVM] R=(16, 32, 16) peak_rss_mb=1258.5 | peak_workingset_mb=4628.0 | peak_cuda_mb=138.1 | cpu_time_sec=3.05
[Tucker+AE] best_param=(1, 16) best_obj=1.0 Elapsed: 5.34
[Tucker+AE] (global) Final result Rank=(16, 32, 16) AUC=0.4651 ACC=0.796
[Tucker+AE] AUC=0.4651 Boot: mean:0.4663 std:0.0477, CI(0.3770–0.5606) | 
[Tucker+AE] R=(16, 32, 16) peak_rss_mb=1355.4 | peak_workingset_mb=4628.0 | peak_cuda_mb=138.1 | cpu_time_sec=41.36
[Tucker+IF] best_obj=0.005000 best_param: {'bootstrap': False, 'contamination': 0.05, 'max_features': 0.5, 'max_samples': 0.5, 'n_estimators': 50, 'n_jobs': -1, 'random_state': 42} Elapsed (CPU s): 93.23
[Tucker+IF] Final result rank=(16, 32, 16) AUC=0.5892 ACC=0.756 obj=0.005| params={'bootstrap': False, 'contamination': 0.05, 'max_features': 0.5, 'max_samples': 0.5, 'n_estimators': 50, 'n_jobs': -1, 'random_state': 42} | thr=0.372561 | target_FP=0.050
[Tucker+IF] AUC=0.5892 Boot: mean:0.5894 std:0.0449, CI(0.4992–0.6787) | 
[Tucker+IF] R=(16, 32, 16) peak_rss_mb=1377.5 | peak_workingset_mb=4628.0 | peak_cuda_mb=138.1 | cpu_time_sec=93.62
Rank: 16 64 5
[Tucker only] R=(16, 64, 5) peak_rss_mb=1424.3 | peak_workingset_mb=4628.0 | peak_cuda_mb=158.5 | cpu_time_sec=62.72
[Tucker+OCSVM] (VAL one-class) chose {'gamma': 0.02, 'kernel': 'rbf', 'nu': 0.01} best_obj:(FP=1.000, P95=0.0100, mean=0.0100) Elapsed: 2.38
[Tucker+OCSVM] Final result RANK=(16, 64, 5) AUC=0.5 | ACC=0.8 | param=({'gamma': 0.02, 'kernel': 'rbf', 'nu': 0.01}) | aux=FP=1.000, P95=0.0100, mean=0.0100
[Tucker+OCSVM] AUC=0.5000 Boot: mean:0.5000 std:0.0000, CI(0.5000–0.5000) | 
[Tucker+OCSVM] R=(16, 64, 5) peak_rss_mb=1420.3 | peak_workingset_mb=4628.0 | peak_cuda_mb=138.1 | cpu_time_sec=2.70
[Tucker+AE] best_param=(1, 16) best_obj=1.0 Elapsed: 2.2
[Tucker+AE] (global) Final result Rank=(16, 64, 5) AUC=0.5753 ACC=0.796
[Tucker+AE] AUC=0.5753 Boot: mean:0.5751 std:0.0468, CI(0.4804–0.6624) | 
[Tucker+AE] R=(16, 64, 5) peak_rss_mb=1560.1 | peak_workingset_mb=4628.0 | peak_cuda_mb=138.1 | cpu_time_sec=26.42
[Tucker+IF] best_obj=0.005000 best_param: {'bootstrap': True, 'contamination': 0.05, 'max_features': 0.5, 'max_samples': 0.5, 'n_estimators': 50, 'n_jobs': -1, 'random_state': 42} Elapsed (CPU s): 83.72
[Tucker+IF] Final result rank=(16, 64, 5) AUC=0.6813 ACC=0.716 obj=0.005| params={'bootstrap': True, 'contamination': 0.05, 'max_features': 0.5, 'max_samples': 0.5, 'n_estimators': 50, 'n_jobs': -1, 'random_state': 42} | thr=0.381036 | target_FP=0.050
[Tucker+IF] AUC=0.6813 Boot: mean:0.6816 std:0.0400, CI(0.6000–0.7597) | 
[Tucker+IF] R=(16, 64, 5) peak_rss_mb=1587.0 | peak_workingset_mb=4628.0 | peak_cuda_mb=138.1 | cpu_time_sec=84.16
Rank: 16 64 16
[Tucker only] R=(16, 64, 16) peak_rss_mb=4664.2 | peak_workingset_mb=4728.3 | peak_cuda_mb=1196.6 | cpu_time_sec=2880.11
[Tucker+OCSVM] (VAL one-class) chose {'gamma': 0.02, 'kernel': 'rbf', 'nu': 0.01} best_obj:(FP=1.000, P95=0.0100, mean=0.0100) Elapsed: 2.47
[Tucker+OCSVM] Final result RANK=(16, 64, 16) AUC=0.5 | ACC=0.8 | param=({'gamma': 0.02, 'kernel': 'rbf', 'nu': 0.01}) | aux=FP=1.000, P95=0.0100, mean=0.0100
[Tucker+OCSVM] AUC=0.5000 Boot: mean:0.5000 std:0.0000, CI(0.5000–0.5000) | 
[Tucker+OCSVM] R=(16, 64, 16) peak_rss_mb=1504.3 | peak_workingset_mb=4728.3 | peak_cuda_mb=138.1 | cpu_time_sec=3.02
[Tucker+AE] best_param=(1, 16) best_obj=1.0 Elapsed: 2.77
[Tucker+AE] (global) Final result Rank=(16, 64, 16) AUC=0.5208 ACC=0.796
[Tucker+AE] AUC=0.5208 Boot: mean:0.5204 std:0.0474, CI(0.4306–0.6136) | 
[Tucker+AE] R=(16, 64, 16) peak_rss_mb=1569.1 | peak_workingset_mb=4728.3 | peak_cuda_mb=138.1 | cpu_time_sec=34.03
[Tucker+IF] best_obj=0.005000 best_param: {'bootstrap': False, 'contamination': 0.05, 'max_features': 0.5, 'max_samples': 0.5, 'n_estimators': 50, 'n_jobs': -1, 'random_state': 42} Elapsed (CPU s): 87.31
[Tucker+IF] Final result rank=(16, 64, 16) AUC=0.6341 ACC=0.74 obj=0.005| params={'bootstrap': False, 'contamination': 0.05, 'max_features': 0.5, 'max_samples': 0.5, 'n_estimators': 50, 'n_jobs': -1, 'random_state': 42} | thr=0.348521 | target_FP=0.050
[Tucker+IF] AUC=0.6341 Boot: mean:0.6346 std:0.0448, CI(0.5446–0.7215) | 
[Tucker+IF] R=(16, 64, 16) peak_rss_mb=1597.4 | peak_workingset_mb=4728.3 | peak_cuda_mb=138.1 | cpu_time_sec=87.72
Rank: 32 5 5
[Tucker only] R=(32, 5, 5) peak_rss_mb=1602.7 | peak_workingset_mb=4728.3 | peak_cuda_mb=158.8 | cpu_time_sec=51.05
[Tucker+OCSVM] (VAL one-class) chose {'gamma': 0.02, 'kernel': 'rbf', 'nu': 0.01} best_obj:(FP=1.000, P95=0.0100, mean=0.0100) Elapsed: 2.42
[Tucker+OCSVM] Final result RANK=(32, 5, 5) AUC=0.5 | ACC=0.8 | param=({'gamma': 0.02, 'kernel': 'rbf', 'nu': 0.01}) | aux=FP=1.000, P95=0.0100, mean=0.0100
[Tucker+OCSVM] AUC=0.5000 Boot: mean:0.5000 std:0.0000, CI(0.5000–0.5000) | 
[Tucker+OCSVM] R=(32, 5, 5) peak_rss_mb=1553.3 | peak_workingset_mb=4728.3 | peak_cuda_mb=138.1 | cpu_time_sec=2.84
[Tucker+AE] best_param=(1, 16) best_obj=1.0 Elapsed: 2.41
[Tucker+AE] (global) Final result Rank=(32, 5, 5) AUC=0.5199 ACC=0.796
[Tucker+AE] AUC=0.5199 Boot: mean:0.5204 std:0.0428, CI(0.4370–0.6004) | 
[Tucker+AE] R=(32, 5, 5) peak_rss_mb=1653.6 | peak_workingset_mb=4728.3 | peak_cuda_mb=138.1 | cpu_time_sec=35.17
[Tucker+IF] best_obj=0.531024 best_param: {'bootstrap': False, 'contamination': 0.05, 'max_features': 0.5, 'max_samples': 0.5, 'n_estimators': 50, 'n_jobs': -1, 'random_state': 42} Elapsed (CPU s): 93.97
[Tucker+IF] Final result rank=(32, 5, 5) AUC=0.4425 ACC=0.652 obj=0.5310243632336655| params={'bootstrap': False, 'contamination': 0.05, 'max_features': 0.5, 'max_samples': 0.5, 'n_estimators': 50, 'n_jobs': -1, 'random_state': 42} | thr=0.507139 | target_FP=0.050
[Tucker+IF] AUC=0.4425 Boot: mean:0.4423 std:0.0403, CI(0.3643–0.5197) | 
[Tucker+IF] R=(32, 5, 5) peak_rss_mb=1678.1 | peak_workingset_mb=4728.3 | peak_cuda_mb=138.1 | cpu_time_sec=94.47
Rank: 32 5 16
[Tucker only] R=(32, 5, 16) peak_rss_mb=4751.9 | peak_workingset_mb=4766.9 | peak_cuda_mb=1202.0 | cpu_time_sec=2829.12
[Tucker+OCSVM] (VAL one-class) chose {'gamma': 0.02, 'kernel': 'rbf', 'nu': 0.01} best_obj:(FP=1.000, P95=0.0100, mean=0.0100) Elapsed: 2.41
[Tucker+OCSVM] Final result RANK=(32, 5, 16) AUC=0.5 | ACC=0.8 | param=({'gamma': 0.02, 'kernel': 'rbf', 'nu': 0.01}) | aux=FP=1.000, P95=0.0100, mean=0.0100
[Tucker+OCSVM] AUC=0.5000 Boot: mean:0.5000 std:0.0000, CI(0.5000–0.5000) | 
[Tucker+OCSVM] R=(32, 5, 16) peak_rss_mb=1522.5 | peak_workingset_mb=4766.9 | peak_cuda_mb=138.1 | cpu_time_sec=2.92
[Tucker+AE] best_param=(1, 16) best_obj=1.0 Elapsed: 2.58
[Tucker+AE] (global) Final result Rank=(32, 5, 16) AUC=0.5091 ACC=0.796
[Tucker+AE] AUC=0.5091 Boot: mean:0.5096 std:0.0489, CI(0.4110–0.6039) | 
[Tucker+AE] R=(32, 5, 16) peak_rss_mb=1598.3 | peak_workingset_mb=4766.9 | peak_cuda_mb=138.1 | cpu_time_sec=36.84
[Tucker+IF] best_obj=0.161700 best_param: {'bootstrap': False, 'contamination': 0.05, 'max_features': 0.5, 'max_samples': 0.5, 'n_estimators': 50, 'n_jobs': -1, 'random_state': 42} Elapsed (CPU s): 96.59
[Tucker+IF] Final result rank=(32, 5, 16) AUC=0.5508 ACC=0.74 obj=0.16169988925802878| params={'bootstrap': False, 'contamination': 0.05, 'max_features': 0.5, 'max_samples': 0.5, 'n_estimators': 50, 'n_jobs': -1, 'random_state': 42} | thr=0.466236 | target_FP=0.050
[Tucker+IF] AUC=0.5508 Boot: mean:0.5517 std:0.0457, CI(0.4603–0.6432) | 
[Tucker+IF] R=(32, 5, 16) peak_rss_mb=1623.6 | peak_workingset_mb=4766.9 | peak_cuda_mb=138.1 | cpu_time_sec=97.02
Rank: 32 16 5
[Tucker only] R=(32, 16, 5) peak_rss_mb=1649.4 | peak_workingset_mb=4766.9 | peak_cuda_mb=158.8 | cpu_time_sec=51.69
[Tucker+OCSVM] (VAL one-class) chose {'gamma': 0.02, 'kernel': 'rbf', 'nu': 0.01} best_obj:(FP=1.000, P95=0.0100, mean=0.0100) Elapsed: 2.41
[Tucker+OCSVM] Final result RANK=(32, 16, 5) AUC=0.5 | ACC=0.8 | param=({'gamma': 0.02, 'kernel': 'rbf', 'nu': 0.01}) | aux=FP=1.000, P95=0.0100, mean=0.0100
[Tucker+OCSVM] AUC=0.5000 Boot: mean:0.5000 std:0.0000, CI(0.5000–0.5000) | 
[Tucker+OCSVM] R=(32, 16, 5) peak_rss_mb=1651.2 | peak_workingset_mb=4766.9 | peak_cuda_mb=138.1 | cpu_time_sec=2.83
[Tucker+AE] best_param=(1, 16) best_obj=1.0 Elapsed: 2.23
[Tucker+AE] (global) Final result Rank=(32, 16, 5) AUC=0.5289 ACC=0.796
[Tucker+AE] AUC=0.5289 Boot: mean:0.5309 std:0.0475, CI(0.4422–0.6270) | 
[Tucker+AE] R=(32, 16, 5) peak_rss_mb=1789.8 | peak_workingset_mb=4766.9 | peak_cuda_mb=138.1 | cpu_time_sec=31.17
[Tucker+IF] best_obj=0.006661 best_param: {'bootstrap': True, 'contamination': 0.05, 'max_features': 0.5, 'max_samples': 0.5, 'n_estimators': 50, 'n_jobs': -1, 'random_state': 42} Elapsed (CPU s): 86.03
[Tucker+IF] Final result rank=(32, 16, 5) AUC=0.6111 ACC=0.716 obj=0.006661129568106312| params={'bootstrap': True, 'contamination': 0.05, 'max_features': 0.5, 'max_samples': 0.5, 'n_estimators': 50, 'n_jobs': -1, 'random_state': 42} | thr=0.402029 | target_FP=0.050
[Tucker+IF] AUC=0.6111 Boot: mean:0.6127 std:0.0460, CI(0.5238–0.6999) | 
[Tucker+IF] R=(32, 16, 5) peak_rss_mb=1819.1 | peak_workingset_mb=4766.9 | peak_cuda_mb=138.1 | cpu_time_sec=86.42
Rank: 32 16 16
[Tucker only] R=(32, 16, 16) peak_rss_mb=4862.7 | peak_workingset_mb=4891.9 | peak_cuda_mb=1202.3 | cpu_time_sec=2872.66
[Tucker+OCSVM] (VAL one-class) chose {'gamma': 0.02, 'kernel': 'rbf', 'nu': 0.01} best_obj:(FP=1.000, P95=0.0100, mean=0.0100) Elapsed: 2.45
[Tucker+OCSVM] Final result RANK=(32, 16, 16) AUC=0.5 | ACC=0.8 | param=({'gamma': 0.02, 'kernel': 'rbf', 'nu': 0.01}) | aux=FP=1.000, P95=0.0100, mean=0.0100
[Tucker+OCSVM] AUC=0.5000 Boot: mean:0.5000 std:0.0000, CI(0.5000–0.5000) | 
[Tucker+OCSVM] R=(32, 16, 16) peak_rss_mb=1714.4 | peak_workingset_mb=4891.9 | peak_cuda_mb=138.1 | cpu_time_sec=3.02
[Tucker+AE] best_param=(1, 16) best_obj=1.0 Elapsed: 3.95
[Tucker+AE] (global) Final result Rank=(32, 16, 16) AUC=0.5425 ACC=0.804
[Tucker+AE] AUC=0.5425 Boot: mean:0.5418 std:0.0470, CI(0.4474–0.6330) | 
[Tucker+AE] R=(32, 16, 16) peak_rss_mb=1756.7 | peak_workingset_mb=4891.9 | peak_cuda_mb=138.1 | cpu_time_sec=35.03
[Tucker+IF] best_obj=0.005000 best_param: {'bootstrap': False, 'contamination': 0.05, 'max_features': 0.5, 'max_samples': 0.75, 'n_estimators': 50, 'n_jobs': -1, 'random_state': 42} Elapsed (CPU s): 94.47
[Tucker+IF] Final result rank=(32, 16, 16) AUC=0.5127 ACC=0.74 obj=0.005| params={'bootstrap': False, 'contamination': 0.05, 'max_features': 0.5, 'max_samples': 0.75, 'n_estimators': 50, 'n_jobs': -1, 'random_state': 42} | thr=0.353861 | target_FP=0.050
[Tucker+IF] AUC=0.5127 Boot: mean:0.5122 std:0.0506, CI(0.4139–0.6103) | 
[Tucker+IF] R=(32, 16, 16) peak_rss_mb=1773.8 | peak_workingset_mb=4891.9 | peak_cuda_mb=138.1 | cpu_time_sec=94.95
Rank: 32 32 5
[Tucker only] R=(32, 32, 5) peak_rss_mb=1820.3 | peak_workingset_mb=4891.9 | peak_cuda_mb=158.8 | cpu_time_sec=55.37
[Tucker+OCSVM] (VAL one-class) chose {'gamma': 0.02, 'kernel': 'rbf', 'nu': 0.01} best_obj:(FP=1.000, P95=0.0100, mean=0.0100) Elapsed: 2.39
[Tucker+OCSVM] Final result RANK=(32, 32, 5) AUC=0.5 | ACC=0.8 | param=({'gamma': 0.02, 'kernel': 'rbf', 'nu': 0.01}) | aux=FP=1.000, P95=0.0100, mean=0.0100
[Tucker+OCSVM] AUC=0.5000 Boot: mean:0.5000 std:0.0000, CI(0.5000–0.5000) | 
[Tucker+OCSVM] R=(32, 32, 5) peak_rss_mb=1816.4 | peak_workingset_mb=4891.9 | peak_cuda_mb=138.1 | cpu_time_sec=2.77
[Tucker+AE] best_param=(1, 16) best_obj=1.0 Elapsed: 2.36
[Tucker+AE] (global) Final result Rank=(32, 32, 5) AUC=0.5731 ACC=0.808
[Tucker+AE] AUC=0.5731 Boot: mean:0.5728 std:0.0438, CI(0.4880–0.6579) | 
[Tucker+AE] R=(32, 32, 5) peak_rss_mb=1925.7 | peak_workingset_mb=4891.9 | peak_cuda_mb=138.1 | cpu_time_sec=26.95
[Tucker+IF] best_obj=0.005000 best_param: {'bootstrap': False, 'contamination': 0.05, 'max_features': 0.5, 'max_samples': 0.75, 'n_estimators': 50, 'n_jobs': -1, 'random_state': 42} Elapsed (CPU s): 84.31
[Tucker+IF] Final result rank=(32, 32, 5) AUC=0.4446 ACC=0.66 obj=0.005| params={'bootstrap': False, 'contamination': 0.05, 'max_features': 0.5, 'max_samples': 0.75, 'n_estimators': 50, 'n_jobs': -1, 'random_state': 42} | thr=0.357313 | target_FP=0.050
[Tucker+IF] AUC=0.4446 Boot: mean:0.4468 std:0.0438, CI(0.3626–0.5302) | 
[Tucker+IF] R=(32, 32, 5) peak_rss_mb=1950.7 | peak_workingset_mb=4891.9 | peak_cuda_mb=138.1 | cpu_time_sec=84.61
Rank: 32 32 16
[Tucker only] R=(32, 32, 16) peak_rss_mb=5217.3 | peak_workingset_mb=5261.4 | peak_cuda_mb=1202.8 | cpu_time_sec=2967.80
[Tucker+OCSVM] (VAL one-class) chose {'gamma': 0.02, 'kernel': 'rbf', 'nu': 0.01} best_obj:(FP=1.000, P95=0.0100, mean=0.0100) Elapsed: 2.38
[Tucker+OCSVM] Final result RANK=(32, 32, 16) AUC=0.5 | ACC=0.8 | param=({'gamma': 0.02, 'kernel': 'rbf', 'nu': 0.01}) | aux=FP=1.000, P95=0.0100, mean=0.0100
[Tucker+OCSVM] AUC=0.5000 Boot: mean:0.5000 std:0.0000, CI(0.5000–0.5000) | 
[Tucker+OCSVM] R=(32, 32, 16) peak_rss_mb=2013.7 | peak_workingset_mb=5261.4 | peak_cuda_mb=138.1 | cpu_time_sec=2.81
[Tucker+AE] best_param=(1, 16) best_obj=1.0 Elapsed: 2.17
[Tucker+AE] (global) Final result Rank=(32, 32, 16) AUC=0.5447 ACC=0.796
[Tucker+AE] AUC=0.5447 Boot: mean:0.5450 std:0.0417, CI(0.4618–0.6275) | 
[Tucker+AE] R=(32, 32, 16) peak_rss_mb=2180.6 | peak_workingset_mb=5261.4 | peak_cuda_mb=138.1 | cpu_time_sec=35.42
[Tucker+IF] best_obj=0.005000 best_param: {'bootstrap': False, 'contamination': 0.05, 'max_features': 0.5, 'max_samples': 0.5, 'n_estimators': 50, 'n_jobs': -1, 'random_state': 42} Elapsed (CPU s): 425.48
[Tucker+IF] Final result rank=(32, 32, 16) AUC=0.509 ACC=0.72 obj=0.005| params={'bootstrap': False, 'contamination': 0.05, 'max_features': 0.5, 'max_samples': 0.5, 'n_estimators': 50, 'n_jobs': -1, 'random_state': 42} | thr=0.351364 | target_FP=0.050
[Tucker+IF] AUC=0.5090 Boot: mean:0.5107 std:0.0435, CI(0.4235–0.5953) | 
[Tucker+IF] R=(32, 32, 16) peak_rss_mb=2262.4 | peak_workingset_mb=5261.4 | peak_cuda_mb=138.1 | cpu_time_sec=428.41
Rank: 32 64 5
[Tucker only] R=(32, 64, 5) peak_rss_mb=2235.9 | peak_workingset_mb=5261.4 | peak_cuda_mb=158.8 | cpu_time_sec=251.62
[Tucker+OCSVM] (VAL one-class) chose {'gamma': 0.02, 'kernel': 'rbf', 'nu': 0.01} best_obj:(FP=1.000, P95=0.0100, mean=0.0100) Elapsed: 12.61
[Tucker+OCSVM] Final result RANK=(32, 64, 5) AUC=0.5 | ACC=0.8 | param=({'gamma': 0.02, 'kernel': 'rbf', 'nu': 0.01}) | aux=FP=1.000, P95=0.0100, mean=0.0100
[Tucker+OCSVM] AUC=0.5000 Boot: mean:0.5000 std:0.0000, CI(0.5000–0.5000) | 
[Tucker+OCSVM] R=(32, 64, 5) peak_rss_mb=2186.8 | peak_workingset_mb=5261.4 | peak_cuda_mb=138.1 | cpu_time_sec=15.47
[Tucker+AE] best_param=(1, 16) best_obj=1.0 Elapsed: 10.28
[Tucker+AE] (global) Final result Rank=(32, 64, 5) AUC=0.5033 ACC=0.796
[Tucker+AE] AUC=0.5033 Boot: mean:0.5025 std:0.0438, CI(0.4156–0.5898) | 
[Tucker+AE] R=(32, 64, 5) peak_rss_mb=2259.2 | peak_workingset_mb=5261.4 | peak_cuda_mb=138.1 | cpu_time_sec=123.05
[Tucker+IF] best_obj=0.005000 best_param: {'bootstrap': False, 'contamination': 0.05, 'max_features': 0.5, 'max_samples': 0.75, 'n_estimators': 50, 'n_jobs': -1, 'random_state': 42} Elapsed (CPU s): 403.94
[Tucker+IF] Final result rank=(32, 64, 5) AUC=0.4476 ACC=0.652 obj=0.005| params={'bootstrap': False, 'contamination': 0.05, 'max_features': 0.5, 'max_samples': 0.75, 'n_estimators': 50, 'n_jobs': -1, 'random_state': 42} | thr=0.347889 | target_FP=0.050
[Tucker+IF] AUC=0.4476 Boot: mean:0.4491 std:0.0461, CI(0.3616–0.5391) | 
[Tucker+IF] R=(32, 64, 5) peak_rss_mb=2327.5 | peak_workingset_mb=5261.4 | peak_cuda_mb=138.1 | cpu_time_sec=406.84
Rank: 32 64 16
[Tucker only] R=(32, 64, 16) peak_rss_mb=5333.6 | peak_workingset_mb=5353.4 | peak_cuda_mb=1201.4 | cpu_time_sec=3365.63
[Tucker+OCSVM] (VAL one-class) chose {'gamma': 0.02, 'kernel': 'rbf', 'nu': 0.01} best_obj:(FP=1.000, P95=0.0100, mean=0.0100) Elapsed: 2.56
[Tucker+OCSVM] Final result RANK=(32, 64, 16) AUC=0.5 | ACC=0.8 | param=({'gamma': 0.02, 'kernel': 'rbf', 'nu': 0.01}) | aux=FP=1.000, P95=0.0100, mean=0.0100
[Tucker+OCSVM] AUC=0.5000 Boot: mean:0.5000 std:0.0000, CI(0.5000–0.5000) | 
[Tucker+OCSVM] R=(32, 64, 16) peak_rss_mb=2375.2 | peak_workingset_mb=5353.4 | peak_cuda_mb=138.1 | cpu_time_sec=3.97
[Tucker+AE] best_param=(1, 16) best_obj=1.0 Elapsed: 3.19
[Tucker+AE] (global) Final result Rank=(32, 64, 16) AUC=0.5941 ACC=0.796
[Tucker+AE] AUC=0.5941 Boot: mean:0.5928 std:0.0464, CI(0.5013–0.6832) | 
[Tucker+AE] R=(32, 64, 16) peak_rss_mb=2419.9 | peak_workingset_mb=5353.4 | peak_cuda_mb=138.1 | cpu_time_sec=35.91
[Tucker+IF] best_obj=0.005000 best_param: {'bootstrap': False, 'contamination': 0.05, 'max_features': 0.5, 'max_samples': 0.5, 'n_estimators': 50, 'n_jobs': -1, 'random_state': 42} Elapsed (CPU s): 121.19
[Tucker+IF] Final result rank=(32, 64, 16) AUC=0.4485 ACC=0.648 obj=0.005| params={'bootstrap': False, 'contamination': 0.05, 'max_features': 0.5, 'max_samples': 0.5, 'n_estimators': 50, 'n_jobs': -1, 'random_state': 42} | thr=0.346928 | target_FP=0.050
[Tucker+IF] AUC=0.4485 Boot: mean:0.4488 std:0.0445, CI(0.3643–0.5362) | 
[Tucker+IF] R=(32, 64, 16) peak_rss_mb=2455.1 | peak_workingset_mb=5353.4 | peak_cuda_mb=138.1 | cpu_time_sec=122.39
Rank: 64 5 5
[Tucker only] R=(64, 5, 5) peak_rss_mb=2460.0 | peak_workingset_mb=5353.4 | peak_cuda_mb=159.6 | cpu_time_sec=52.23
[Tucker+OCSVM] (VAL one-class) chose {'gamma': 0.02, 'kernel': 'rbf', 'nu': 0.01} best_obj:(FP=1.000, P95=0.0100, mean=0.0100) Elapsed: 2.78
[Tucker+OCSVM] Final result RANK=(64, 5, 5) AUC=0.5 | ACC=0.8 | param=({'gamma': 0.02, 'kernel': 'rbf', 'nu': 0.01}) | aux=FP=1.000, P95=0.0100, mean=0.0100
[Tucker+OCSVM] AUC=0.5000 Boot: mean:0.5000 std:0.0000, CI(0.5000–0.5000) | 
[Tucker+OCSVM] R=(64, 5, 5) peak_rss_mb=2358.8 | peak_workingset_mb=5353.4 | peak_cuda_mb=138.1 | cpu_time_sec=3.44
[Tucker+AE] best_param=(1, 16) best_obj=1.0 Elapsed: 2.78
[Tucker+AE] (global) Final result Rank=(64, 5, 5) AUC=0.4763 ACC=0.796
[Tucker+AE] AUC=0.4763 Boot: mean:0.4768 std:0.0442, CI(0.3872–0.5599) | 
[Tucker+AE] R=(64, 5, 5) peak_rss_mb=2444.3 | peak_workingset_mb=5353.4 | peak_cuda_mb=138.1 | cpu_time_sec=29.53
[Tucker+IF] best_obj=0.151179 best_param: {'bootstrap': False, 'contamination': 0.05, 'max_features': 0.5, 'max_samples': 0.5, 'n_estimators': 50, 'n_jobs': -1, 'random_state': 42} Elapsed (CPU s): 103.75
[Tucker+IF] Final result rank=(64, 5, 5) AUC=0.4223 ACC=0.74 obj=0.15117940199335547| params={'bootstrap': False, 'contamination': 0.05, 'max_features': 0.5, 'max_samples': 0.5, 'n_estimators': 50, 'n_jobs': -1, 'random_state': 42} | thr=0.475308 | target_FP=0.050
[Tucker+IF] AUC=0.4223 Boot: mean:0.4228 std:0.0396, CI(0.3462–0.5020) | 
[Tucker+IF] R=(64, 5, 5) peak_rss_mb=2473.9 | peak_workingset_mb=5353.4 | peak_cuda_mb=138.1 | cpu_time_sec=104.31
Rank: 64 5 16
[Tucker only] R=(64, 5, 16) peak_rss_mb=5575.5 | peak_workingset_mb=5630.2 | peak_cuda_mb=1202.2 | cpu_time_sec=2832.86
[Tucker+OCSVM] (VAL one-class) chose {'gamma': 0.02, 'kernel': 'rbf', 'nu': 0.01} best_obj:(FP=1.000, P95=0.0100, mean=0.0100) Elapsed: 2.89
[Tucker+OCSVM] Final result RANK=(64, 5, 16) AUC=0.5 | ACC=0.8 | param=({'gamma': 0.02, 'kernel': 'rbf', 'nu': 0.01}) | aux=FP=1.000, P95=0.0100, mean=0.0100
[Tucker+OCSVM] AUC=0.5000 Boot: mean:0.5000 std:0.0000, CI(0.5000–0.5000) | 
[Tucker+OCSVM] R=(64, 5, 16) peak_rss_mb=2522.6 | peak_workingset_mb=5630.2 | peak_cuda_mb=138.1 | cpu_time_sec=3.34
[Tucker+AE] best_param=(1, 16) best_obj=1.0 Elapsed: 2.59
[Tucker+AE] (global) Final result Rank=(64, 5, 16) AUC=0.5527 ACC=0.812
[Tucker+AE] AUC=0.5527 Boot: mean:0.5529 std:0.0496, CI(0.4548–0.6480) | 
[Tucker+AE] R=(64, 5, 16) peak_rss_mb=2646.4 | peak_workingset_mb=5630.2 | peak_cuda_mb=138.1 | cpu_time_sec=37.78
[Tucker+IF] best_obj=0.005000 best_param: {'bootstrap': False, 'contamination': 0.05, 'max_features': 0.5, 'max_samples': 1.0, 'n_estimators': 50, 'n_jobs': -1, 'random_state': 42} Elapsed (CPU s): 90.61
[Tucker+IF] Final result rank=(64, 5, 16) AUC=0.4987 ACC=0.784 obj=0.005| params={'bootstrap': False, 'contamination': 0.05, 'max_features': 0.5, 'max_samples': 1.0, 'n_estimators': 50, 'n_jobs': -1, 'random_state': 42} | thr=0.384165 | target_FP=0.050
[Tucker+IF] AUC=0.4987 Boot: mean:0.4996 std:0.0469, CI(0.4082–0.5942) | 
[Tucker+IF] R=(64, 5, 16) peak_rss_mb=2673.6 | peak_workingset_mb=5630.2 | peak_cuda_mb=138.1 | cpu_time_sec=91.03
Rank: 64 16 5
[Tucker only] R=(64, 16, 5) peak_rss_mb=2720.9 | peak_workingset_mb=5630.2 | peak_cuda_mb=159.6 | cpu_time_sec=59.27
[Tucker+OCSVM] (VAL one-class) chose {'gamma': 0.02, 'kernel': 'rbf', 'nu': 0.01} best_obj:(FP=1.000, P95=0.0100, mean=0.0100) Elapsed: 2.72
[Tucker+OCSVM] Final result RANK=(64, 16, 5) AUC=0.5 | ACC=0.8 | param=({'gamma': 0.02, 'kernel': 'rbf', 'nu': 0.01}) | aux=FP=1.000, P95=0.0100, mean=0.0100
[Tucker+OCSVM] AUC=0.5000 Boot: mean:0.5000 std:0.0000, CI(0.5000–0.5000) | 
[Tucker+OCSVM] R=(64, 16, 5) peak_rss_mb=2716.8 | peak_workingset_mb=5630.2 | peak_cuda_mb=138.1 | cpu_time_sec=3.05
[Tucker+AE] best_param=(1, 16) best_obj=1.0 Elapsed: 2.59
[Tucker+AE] (global) Final result Rank=(64, 16, 5) AUC=0.5617 ACC=0.796
[Tucker+AE] AUC=0.5617 Boot: mean:0.5619 std:0.0468, CI(0.4726–0.6506) | 
[Tucker+AE] R=(64, 16, 5) peak_rss_mb=2722.3 | peak_workingset_mb=5630.2 | peak_cuda_mb=138.1 | cpu_time_sec=42.02
[Tucker+IF] best_obj=0.005000 best_param: {'bootstrap': False, 'contamination': 0.05, 'max_features': 0.5, 'max_samples': 0.5, 'n_estimators': 50, 'n_jobs': -1, 'random_state': 42} Elapsed (CPU s): 107.39
[Tucker+IF] Final result rank=(64, 16, 5) AUC=0.578 ACC=0.7 obj=0.005| params={'bootstrap': False, 'contamination': 0.05, 'max_features': 0.5, 'max_samples': 0.5, 'n_estimators': 50, 'n_jobs': -1, 'random_state': 42} | thr=0.371067 | target_FP=0.050
[Tucker+IF] AUC=0.5780 Boot: mean:0.5783 std:0.0438, CI(0.4909–0.6679) | 
[Tucker+IF] R=(64, 16, 5) peak_rss_mb=2531.7 | peak_workingset_mb=5630.2 | peak_cuda_mb=138.1 | cpu_time_sec=108.06
Rank: 64 16 16
[Tucker only] R=(64, 16, 16) peak_rss_mb=5852.1 | peak_workingset_mb=5874.1 | peak_cuda_mb=1202.5 | cpu_time_sec=2964.36
[Tucker+OCSVM] (VAL one-class) chose {'gamma': 0.02, 'kernel': 'rbf', 'nu': 0.01} best_obj:(FP=1.000, P95=0.0100, mean=0.0100) Elapsed: 2.83
[Tucker+OCSVM] Final result RANK=(64, 16, 16) AUC=0.5 | ACC=0.8 | param=({'gamma': 0.02, 'kernel': 'rbf', 'nu': 0.01}) | aux=FP=1.000, P95=0.0100, mean=0.0100
[Tucker+OCSVM] AUC=0.5000 Boot: mean:0.5000 std:0.0000, CI(0.5000–0.5000) | 
[Tucker+OCSVM] R=(64, 16, 16) peak_rss_mb=2588.9 | peak_workingset_mb=5874.1 | peak_cuda_mb=138.1 | cpu_time_sec=3.44
[Tucker+AE] best_param=(1, 16) best_obj=1.0 Elapsed: 2.58
[Tucker+AE] (global) Final result Rank=(64, 16, 16) AUC=0.5471 ACC=0.796
[Tucker+AE] AUC=0.5471 Boot: mean:0.5475 std:0.0475, CI(0.4554–0.6400) | 
[Tucker+AE] R=(64, 16, 16) peak_rss_mb=2654.6 | peak_workingset_mb=5874.1 | peak_cuda_mb=138.1 | cpu_time_sec=31.03
[Tucker+IF] best_obj=0.005000 best_param: {'bootstrap': False, 'contamination': 0.05, 'max_features': 0.5, 'max_samples': 0.5, 'n_estimators': 50, 'n_jobs': -1, 'random_state': 42} Elapsed (CPU s): 98.11
[Tucker+IF] Final result rank=(64, 16, 16) AUC=0.5088 ACC=0.716 obj=0.005| params={'bootstrap': False, 'contamination': 0.05, 'max_features': 0.5, 'max_samples': 0.5, 'n_estimators': 50, 'n_jobs': -1, 'random_state': 42} | thr=0.360803 | target_FP=0.050
[Tucker+IF] AUC=0.5088 Boot: mean:0.5092 std:0.0497, CI(0.4123–0.6053) | 
[Tucker+IF] R=(64, 16, 16) peak_rss_mb=2684.4 | peak_workingset_mb=5874.1 | peak_cuda_mb=138.1 | cpu_time_sec=98.56
Rank: 64 32 5
[Tucker only] R=(64, 32, 5) peak_rss_mb=2765.6 | peak_workingset_mb=5874.1 | peak_cuda_mb=159.8 | cpu_time_sec=66.27
[Tucker+OCSVM] (VAL one-class) chose {'gamma': 0.02, 'kernel': 'rbf', 'nu': 0.01} best_obj:(FP=1.000, P95=0.0100, mean=0.0100) Elapsed: 2.78
[Tucker+OCSVM] Final result RANK=(64, 32, 5) AUC=0.5 | ACC=0.8 | param=({'gamma': 0.02, 'kernel': 'rbf', 'nu': 0.01}) | aux=FP=1.000, P95=0.0100, mean=0.0100
[Tucker+OCSVM] AUC=0.5000 Boot: mean:0.5000 std:0.0000, CI(0.5000–0.5000) | 
[Tucker+OCSVM] R=(64, 32, 5) peak_rss_mb=2752.8 | peak_workingset_mb=5874.1 | peak_cuda_mb=138.1 | cpu_time_sec=4.02
[Tucker+AE] best_param=(1, 16) best_obj=1.0 Elapsed: 2.08
[Tucker+AE] (global) Final result Rank=(64, 32, 5) AUC=0.5164 ACC=0.796
[Tucker+AE] AUC=0.5164 Boot: mean:0.5171 std:0.0485, CI(0.4263–0.6129) | 
[Tucker+AE] R=(64, 32, 5) peak_rss_mb=2862.9 | peak_workingset_mb=5874.1 | peak_cuda_mb=138.1 | cpu_time_sec=33.88
[Tucker+IF] best_obj=0.005000 best_param: {'bootstrap': False, 'contamination': 0.05, 'max_features': 0.5, 'max_samples': 0.5, 'n_estimators': 50, 'n_jobs': -1, 'random_state': 42} Elapsed (CPU s): 97.94
[Tucker+IF] Final result rank=(64, 32, 5) AUC=0.4781 ACC=0.668 obj=0.005| params={'bootstrap': False, 'contamination': 0.05, 'max_features': 0.5, 'max_samples': 0.5, 'n_estimators': 50, 'n_jobs': -1, 'random_state': 42} | thr=0.350039 | target_FP=0.050
[Tucker+IF] AUC=0.4781 Boot: mean:0.4805 std:0.0447, CI(0.3939–0.5676) | 
[Tucker+IF] R=(64, 32, 5) peak_rss_mb=2889.1 | peak_workingset_mb=5874.1 | peak_cuda_mb=138.1 | cpu_time_sec=98.53
Rank: 64 32 16
[Tucker only] R=(64, 32, 16) peak_rss_mb=5875.7 | peak_workingset_mb=5879.5 | peak_cuda_mb=1202.9 | cpu_time_sec=3532.22
[Tucker+OCSVM] (VAL one-class) chose {'gamma': 0.02, 'kernel': 'rbf', 'nu': 0.01} best_obj:(FP=1.000, P95=0.0100, mean=0.0100) Elapsed: 2.61
[Tucker+OCSVM] Final result RANK=(64, 32, 16) AUC=0.5 | ACC=0.8 | param=({'gamma': 0.02, 'kernel': 'rbf', 'nu': 0.01}) | aux=FP=1.000, P95=0.0100, mean=0.0100
[Tucker+OCSVM] AUC=0.5000 Boot: mean:0.5000 std:0.0000, CI(0.5000–0.5000) | 
[Tucker+OCSVM] R=(64, 32, 16) peak_rss_mb=2970.0 | peak_workingset_mb=5879.5 | peak_cuda_mb=138.1 | cpu_time_sec=3.94
[Tucker+AE] best_param=(1, 16) best_obj=1.0 Elapsed: 2.48
[Tucker+AE] (global) Final result Rank=(64, 32, 16) AUC=0.5523 ACC=0.796
[Tucker+AE] AUC=0.5523 Boot: mean:0.5524 std:0.0455, CI(0.4614–0.6414) | 
[Tucker+AE] R=(64, 32, 16) peak_rss_mb=3125.6 | peak_workingset_mb=5879.5 | peak_cuda_mb=138.1 | cpu_time_sec=35.64
[Tucker+IF] best_obj=0.005000 best_param: {'bootstrap': False, 'contamination': 0.05, 'max_features': 0.5, 'max_samples': 0.5, 'n_estimators': 50, 'n_jobs': -1, 'random_state': 42} Elapsed (CPU s): 99.25
[Tucker+IF] Final result rank=(64, 32, 16) AUC=0.4642 ACC=0.664 obj=0.005| params={'bootstrap': False, 'contamination': 0.05, 'max_features': 0.5, 'max_samples': 0.5, 'n_estimators': 50, 'n_jobs': -1, 'random_state': 42} | thr=0.338845 | target_FP=0.050
[Tucker+IF] AUC=0.4642 Boot: mean:0.4655 std:0.0403, CI(0.3884–0.5477) | 
[Tucker+IF] R=(64, 32, 16) peak_rss_mb=3155.3 | peak_workingset_mb=5879.5 | peak_cuda_mb=138.1 | cpu_time_sec=99.98
Rank: 64 64 5
[Tucker only] R=(64, 64, 5) peak_rss_mb=3195.6 | peak_workingset_mb=5879.5 | peak_cuda_mb=161.6 | cpu_time_sec=83.14
[Tucker+OCSVM] (VAL one-class) chose {'gamma': 0.02, 'kernel': 'rbf', 'nu': 0.01} best_obj:(FP=1.000, P95=0.0100, mean=0.0100) Elapsed: 2.77
[Tucker+OCSVM] Final result RANK=(64, 64, 5) AUC=0.5 | ACC=0.8 | param=({'gamma': 0.02, 'kernel': 'rbf', 'nu': 0.01}) | aux=FP=1.000, P95=0.0100, mean=0.0100
[Tucker+OCSVM] AUC=0.5000 Boot: mean:0.5000 std:0.0000, CI(0.5000–0.5000) | 
[Tucker+OCSVM] R=(64, 64, 5) peak_rss_mb=3006.5 | peak_workingset_mb=5879.5 | peak_cuda_mb=138.1 | cpu_time_sec=5.38
[Tucker+AE] best_param=(1, 16) best_obj=1.0 Elapsed: 6.25
[Tucker+AE] (global) Final result Rank=(64, 64, 5) AUC=0.4959 ACC=0.8
[Tucker+AE] AUC=0.4959 Boot: mean:0.4966 std:0.0459, CI(0.4078–0.5840) | 
[Tucker+AE] R=(64, 64, 5) peak_rss_mb=3075.3 | peak_workingset_mb=5879.5 | peak_cuda_mb=138.1 | cpu_time_sec=45.27
[Tucker+IF] best_obj=0.005554 best_param: {'bootstrap': False, 'contamination': 0.05, 'max_features': 0.75, 'max_samples': 1.0, 'n_estimators': 50, 'n_jobs': -1, 'random_state': 42} Elapsed (CPU s): 116.22
[Tucker+IF] Final result rank=(64, 64, 5) AUC=0.5656 ACC=0.644 obj=0.005553709856035437| params={'bootstrap': False, 'contamination': 0.05, 'max_features': 0.75, 'max_samples': 1.0, 'n_estimators': 50, 'n_jobs': -1, 'random_state': 42} | thr=0.342274 | target_FP=0.050
[Tucker+IF] AUC=0.5656 Boot: mean:0.5677 std:0.0430, CI(0.4823–0.6488) | 
[Tucker+IF] R=(64, 64, 5) peak_rss_mb=3090.0 | peak_workingset_mb=5879.5 | peak_cuda_mb=138.1 | cpu_time_sec=117.53
Rank: 64 64 16
[Tucker only] R=(64, 64, 16) peak_rss_mb=6409.0 | peak_workingset_mb=6416.0 | peak_cuda_mb=1201.4 | cpu_time_sec=5604.14
[Tucker+OCSVM] (VAL one-class) chose {'gamma': 0.02, 'kernel': 'rbf', 'nu': 0.01} best_obj:(FP=1.000, P95=0.0100, mean=0.0100) Elapsed: 2.48
[Tucker+OCSVM] Final result RANK=(64, 64, 16) AUC=0.5 | ACC=0.8 | param=({'gamma': 0.02, 'kernel': 'rbf', 'nu': 0.01}) | aux=FP=1.000, P95=0.0100, mean=0.0100
[Tucker+OCSVM] AUC=0.5000 Boot: mean:0.5000 std:0.0000, CI(0.5000–0.5000) | 
[Tucker+OCSVM] R=(64, 64, 16) peak_rss_mb=3194.4 | peak_workingset_mb=6416.0 | peak_cuda_mb=138.1 | cpu_time_sec=4.06
[Tucker+AE] best_param=(1, 16) best_obj=1.0 Elapsed: 3.41
[Tucker+AE] (global) Final result Rank=(64, 64, 16) AUC=0.5224 ACC=0.804
[Tucker+AE] AUC=0.5224 Boot: mean:0.5214 std:0.0506, CI(0.4245–0.6222) | 
[Tucker+AE] R=(64, 64, 16) peak_rss_mb=3261.9 | peak_workingset_mb=6416.0 | peak_cuda_mb=138.1 | cpu_time_sec=36.69
[Tucker+IF] best_obj=0.005000 best_param: {'bootstrap': False, 'contamination': 0.05, 'max_features': 0.5, 'max_samples': 0.5, 'n_estimators': 50, 'n_jobs': -1, 'random_state': 42} Elapsed (CPU s): 115.97
[Tucker+IF] Final result rank=(64, 64, 16) AUC=0.5248 ACC=0.676 obj=0.005| params={'bootstrap': False, 'contamination': 0.05, 'max_features': 0.5, 'max_samples': 0.5, 'n_estimators': 50, 'n_jobs': -1, 'random_state': 42} | thr=0.349835 | target_FP=0.050
[Tucker+IF] AUC=0.5248 Boot: mean:0.5265 std:0.0435, CI(0.4398–0.6132) | 
[Tucker+IF] R=(64, 64, 16) peak_rss_mb=3294.5 | peak_workingset_mb=6416.0 | peak_cuda_mb=138.1 | cpu_time_sec=116.97
