Split seed: 3
[TRAIN] N=1500, NaNs=False, Infs=False
[TRAIN] min=-4.229620, max=5.458745
[VAL] N=301, NaNs=False, Infs=False
[VAL] min=-4.201517, max=6.049192
[FINAL] N=250, NaNs=False, Infs=False
[FINAL] min=-4.032901, max=5.458745
Rank: 5 5 5
[Tucker only] R=(5, 5, 5) peak_rss_mb=1385.9 | peak_workingset_mb=1385.9 | peak_cuda_mb=149.9 | cpu_time_sec=104.62
[Tucker+OCSVM] (VAL one-class) chose {'gamma': 0.0008, 'kernel': 'rbf', 'nu': 0.01} best_obj:(FP=0.176, P95=1.9225, mean=-1.2065) Elapsed: 2.3
[Tucker+OCSVM] Final result RANK=(5, 5, 5) AUC=0.7033 | ACC=0.804 | param=({'gamma': 0.0008, 'kernel': 'rbf', 'nu': 0.01}) | aux=FP=0.176, P95=1.9225, mean=-1.2065
[Tucker+OCSVM] AUC=0.7033 Boot: mean:0.7042 std:0.0384, CI(0.6275–0.7757) | 
[Tucker+OCSVM] R=(5, 5, 5) peak_rss_mb=1396.9 | peak_workingset_mb=1398.3 | peak_cuda_mb=130.0 | cpu_time_sec=2.56
[Tucker+AE] best_param=(2, 16) best_obj=0.20874861572535994 Elapsed: 4.05
[Tucker+AE] (global) Final result Rank=(5, 5, 5) AUC=0.6994 ACC=0.808
[Tucker+AE] AUC=0.6994 Boot: mean:0.7004 std:0.0391, CI(0.6236–0.7755) | 
[Tucker+AE] R=(5, 5, 5) peak_rss_mb=1600.2 | peak_workingset_mb=1600.3 | peak_cuda_mb=130.0 | cpu_time_sec=54.59
[Tucker+IF] best_obj=0.150626 best_param: {'bootstrap': True, 'contamination': 0.05, 'max_features': 0.75, 'max_samples': 0.5, 'n_estimators': 50, 'n_jobs': -1, 'random_state': 42} Elapsed (CPU s): 97.7
[Tucker+IF] Final result rank=(5, 5, 5) AUC=0.6859 ACC=0.8 obj=0.15062569213732005| params={'bootstrap': True, 'contamination': 0.05, 'max_features': 0.75, 'max_samples': 0.5, 'n_estimators': 50, 'n_jobs': -1, 'random_state': 42} | thr=0.572408 | target_FP=0.050
[Tucker+IF] AUC=0.6859 Boot: mean:0.6869 std:0.0394, CI(0.6104–0.7632) | 
[Tucker+IF] R=(5, 5, 5) peak_rss_mb=1623.9 | peak_workingset_mb=1623.9 | peak_cuda_mb=130.0 | cpu_time_sec=98.03
Rank: 5 5 16
[Tucker only] R=(5, 5, 16) peak_rss_mb=4614.2 | peak_workingset_mb=4665.7 | peak_cuda_mb=1193.2 | cpu_time_sec=5297.52
[Tucker+OCSVM] (VAL one-class) chose {'gamma': 0.0006666666666666668, 'kernel': 'rbf', 'nu': 0.01} best_obj:(FP=0.193, P95=1.8460, mean=-1.0588) Elapsed: 2.44
[Tucker+OCSVM] Final result RANK=(5, 5, 16) AUC=0.6776 | ACC=0.8 | param=({'gamma': 0.0006666666666666668, 'kernel': 'rbf', 'nu': 0.01}) | aux=FP=0.193, P95=1.8460, mean=-1.0588
[Tucker+OCSVM] AUC=0.6776 Boot: mean:0.6783 std:0.0394, CI(0.6007–0.7544) | 
[Tucker+OCSVM] R=(5, 5, 16) peak_rss_mb=1225.8 | peak_workingset_mb=4665.7 | peak_cuda_mb=130.0 | cpu_time_sec=2.77
[Tucker+AE] best_param=(2, 16) best_obj=0.22812846068660023 Elapsed: 4.48
[Tucker+AE] (global) Final result Rank=(5, 5, 16) AUC=0.6745 ACC=0.804
[Tucker+AE] AUC=0.6745 Boot: mean:0.6753 std:0.0395, CI(0.5984–0.7509) | 
[Tucker+AE] R=(5, 5, 16) peak_rss_mb=1393.5 | peak_workingset_mb=4665.7 | peak_cuda_mb=130.0 | cpu_time_sec=54.00
[Tucker+IF] best_obj=0.163361 best_param: {'bootstrap': False, 'contamination': 0.05, 'max_features': 1.0, 'max_samples': 0.75, 'n_estimators': 50, 'n_jobs': -1, 'random_state': 42} Elapsed (CPU s): 450.89
[Tucker+IF] Final result rank=(5, 5, 16) AUC=0.6532 ACC=0.8 obj=0.1633610188261351| params={'bootstrap': False, 'contamination': 0.05, 'max_features': 1.0, 'max_samples': 0.75, 'n_estimators': 50, 'n_jobs': -1, 'random_state': 42} | thr=0.545818 | target_FP=0.050
[Tucker+IF] AUC=0.6532 Boot: mean:0.6534 std:0.0419, CI(0.5719–0.7335) | 
[Tucker+IF] R=(5, 5, 16) peak_rss_mb=1389.8 | peak_workingset_mb=4665.7 | peak_cuda_mb=130.0 | cpu_time_sec=452.48
Rank: 5 16 5
[Tucker only] R=(5, 16, 5) peak_rss_mb=1396.3 | peak_workingset_mb=4665.7 | peak_cuda_mb=149.6 | cpu_time_sec=257.16
[Tucker+OCSVM] (VAL one-class) chose {'gamma': 0.00025, 'kernel': 'rbf', 'nu': 0.01} best_obj:(FP=0.286, P95=1.6966, mean=-0.4445) Elapsed: 57.75
[Tucker+OCSVM] Final result RANK=(5, 16, 5) AUC=0.5594 | ACC=0.804 | param=({'gamma': 0.00025, 'kernel': 'rbf', 'nu': 0.01}) | aux=FP=0.286, P95=1.6966, mean=-0.4445
[Tucker+OCSVM] AUC=0.5594 Boot: mean:0.5606 std:0.0459, CI(0.4667–0.6492) | 
[Tucker+OCSVM] R=(5, 16, 5) peak_rss_mb=1414.9 | peak_workingset_mb=4665.7 | peak_cuda_mb=130.0 | cpu_time_sec=59.48
[Tucker+AE] best_param=(3, 16) best_obj=0.2951273532668881 Elapsed: 27.81
[Tucker+AE] (global) Final result Rank=(5, 16, 5) AUC=0.5592 ACC=0.804
[Tucker+AE] AUC=0.5592 Boot: mean:0.5604 std:0.0461, CI(0.4669–0.6501) | 
[Tucker+AE] R=(5, 16, 5) peak_rss_mb=1614.7 | peak_workingset_mb=4665.7 | peak_cuda_mb=130.0 | cpu_time_sec=235.25
[Tucker+IF] best_obj=0.188278 best_param: {'bootstrap': True, 'contamination': 0.05, 'max_features': 0.5, 'max_samples': 0.5, 'n_estimators': 50, 'n_jobs': -1, 'random_state': 42} Elapsed (CPU s): 241.89
[Tucker+IF] Final result rank=(5, 16, 5) AUC=0.5356 ACC=0.788 obj=0.18827796234772978| params={'bootstrap': True, 'contamination': 0.05, 'max_features': 0.5, 'max_samples': 0.5, 'n_estimators': 50, 'n_jobs': -1, 'random_state': 42} | thr=0.532427 | target_FP=0.050
[Tucker+IF] AUC=0.5356 Boot: mean:0.5372 std:0.0467, CI(0.4471–0.6310) | 
[Tucker+IF] R=(5, 16, 5) peak_rss_mb=1642.8 | peak_workingset_mb=4665.7 | peak_cuda_mb=130.0 | cpu_time_sec=242.30
Rank: 5 16 16
[Tucker only] R=(5, 16, 16) peak_rss_mb=4826.6 | peak_workingset_mb=4849.2 | peak_cuda_mb=1193.5 | cpu_time_sec=5598.70
[Tucker+OCSVM] (VAL one-class) chose {'gamma': 0.00020833333333333335, 'kernel': 'rbf', 'nu': 0.01} best_obj:(FP=0.359, P95=1.7945, mean=-0.1861) Elapsed: 9.53
[Tucker+OCSVM] Final result RANK=(5, 16, 16) AUC=0.5273 | ACC=0.8 | param=({'gamma': 0.00020833333333333335, 'kernel': 'rbf', 'nu': 0.01}) | aux=FP=0.359, P95=1.7945, mean=-0.1861
[Tucker+OCSVM] AUC=0.5273 Boot: mean:0.5285 std:0.0471, CI(0.4341–0.6192) | 
[Tucker+OCSVM] R=(5, 16, 16) peak_rss_mb=1626.7 | peak_workingset_mb=4849.2 | peak_cuda_mb=130.0 | cpu_time_sec=9.91
[Tucker+AE] best_param=(3, 16) best_obj=0.3576965669988925 Elapsed: 15.56
[Tucker+AE] (global) Final result Rank=(5, 16, 16) AUC=0.5301 ACC=0.8
[Tucker+AE] AUC=0.5301 Boot: mean:0.5313 std:0.0468, CI(0.4379–0.6223) | 
[Tucker+AE] R=(5, 16, 16) peak_rss_mb=1790.6 | peak_workingset_mb=4849.2 | peak_cuda_mb=130.0 | cpu_time_sec=106.11
[Tucker+IF] best_obj=0.218732 best_param: {'bootstrap': True, 'contamination': 0.05, 'max_features': 1.0, 'max_samples': 1.0, 'n_estimators': 50, 'n_jobs': -1, 'random_state': 42} Elapsed (CPU s): 173.2
[Tucker+IF] Final result rank=(5, 16, 16) AUC=0.5648 ACC=0.792 obj=0.21873200442967886| params={'bootstrap': True, 'contamination': 0.05, 'max_features': 1.0, 'max_samples': 1.0, 'n_estimators': 50, 'n_jobs': -1, 'random_state': 42} | thr=0.529095 | target_FP=0.050
[Tucker+IF] AUC=0.5648 Boot: mean:0.5659 std:0.0460, CI(0.4753–0.6567) | 
[Tucker+IF] R=(5, 16, 16) peak_rss_mb=1843.7 | peak_workingset_mb=4849.2 | peak_cuda_mb=130.0 | cpu_time_sec=173.64
Rank: 5 32 5
[Tucker only] R=(5, 32, 5) peak_rss_mb=1718.3 | peak_workingset_mb=4849.2 | peak_cuda_mb=149.9 | cpu_time_sec=91.53
[Tucker+OCSVM] (VAL one-class) chose {'gamma': 0.000125, 'kernel': 'rbf', 'nu': 0.01} best_obj:(FP=0.801, P95=3.3636, mean=0.9552) Elapsed: 15.72
[Tucker+OCSVM] Final result RANK=(5, 32, 5) AUC=0.393 | ACC=0.8 | param=({'gamma': 0.000125, 'kernel': 'rbf', 'nu': 0.01}) | aux=FP=0.801, P95=3.3636, mean=0.9552
[Tucker+OCSVM] AUC=0.3930 Boot: mean:0.3940 std:0.0424, CI(0.3096–0.4763) | 
[Tucker+OCSVM] R=(5, 32, 5) peak_rss_mb=1744.6 | peak_workingset_mb=4849.2 | peak_cuda_mb=130.0 | cpu_time_sec=16.12
[Tucker+AE] best_param=(3, 16) best_obj=0.7702104097452934 Elapsed: 100.8
[Tucker+AE] (global) Final result Rank=(5, 32, 5) AUC=0.3932 ACC=0.8
[Tucker+AE] AUC=0.3932 Boot: mean:0.3942 std:0.0424, CI(0.3094–0.4769) | 
[Tucker+AE] R=(5, 32, 5) peak_rss_mb=1962.1 | peak_workingset_mb=4849.2 | peak_cuda_mb=130.0 | cpu_time_sec=260.80
[Tucker+IF] best_obj=0.452398 best_param: {'bootstrap': True, 'contamination': 0.05, 'max_features': 1.0, 'max_samples': 0.5, 'n_estimators': 50, 'n_jobs': -1, 'random_state': 42} Elapsed (CPU s): 748.11
[Tucker+IF] Final result rank=(5, 32, 5) AUC=0.4002 ACC=0.668 obj=0.4523975636766334| params={'bootstrap': True, 'contamination': 0.05, 'max_features': 1.0, 'max_samples': 0.5, 'n_estimators': 50, 'n_jobs': -1, 'random_state': 42} | thr=0.525971 | target_FP=0.050
[Tucker+IF] AUC=0.4002 Boot: mean:0.4017 std:0.0427, CI(0.3220–0.4845) | 
[Tucker+IF] R=(5, 32, 5) peak_rss_mb=2051.1 | peak_workingset_mb=4849.2 | peak_cuda_mb=130.0 | cpu_time_sec=750.12
Rank: 5 32 16
[Tucker only] R=(5, 32, 16) peak_rss_mb=5255.7 | peak_workingset_mb=5323.5 | peak_cuda_mb=278.5 | cpu_time_sec=5775.08
[Tucker+OCSVM] (VAL one-class) chose {'gamma': 0.00010416666666666667, 'kernel': 'rbf', 'nu': 0.01} best_obj:(FP=0.977, P95=4.0736, mean=1.7982) Elapsed: 19.16
[Tucker+OCSVM] Final result RANK=(5, 32, 16) AUC=0.5161 | ACC=0.8 | param=({'gamma': 0.00010416666666666667, 'kernel': 'rbf', 'nu': 0.01}) | aux=FP=0.977, P95=4.0736, mean=1.7982
[Tucker+OCSVM] AUC=0.5161 Boot: mean:0.5176 std:0.0445, CI(0.4308–0.6054) | 
[Tucker+OCSVM] R=(5, 32, 16) peak_rss_mb=1846.7 | peak_workingset_mb=5323.5 | peak_cuda_mb=130.0 | cpu_time_sec=19.59
[Tucker+AE] best_param=(3, 32) best_obj=0.9667774086378738 Elapsed: 62.25
[Tucker+AE] (global) Final result Rank=(5, 32, 16) AUC=0.5159 ACC=0.8
[Tucker+AE] AUC=0.5159 Boot: mean:0.5174 std:0.0445, CI(0.4303–0.6050) | 
[Tucker+AE] R=(5, 32, 16) peak_rss_mb=2054.4 | peak_workingset_mb=5323.5 | peak_cuda_mb=130.0 | cpu_time_sec=238.09
[Tucker+IF] best_obj=0.637890 best_param: {'bootstrap': True, 'contamination': 0.05, 'max_features': 1.0, 'max_samples': 1.0, 'n_estimators': 50, 'n_jobs': -1, 'random_state': 42} Elapsed (CPU s): 250.77
[Tucker+IF] Final result rank=(5, 32, 16) AUC=0.531 ACC=0.756 obj=0.637890365448505| params={'bootstrap': True, 'contamination': 0.05, 'max_features': 1.0, 'max_samples': 1.0, 'n_estimators': 50, 'n_jobs': -1, 'random_state': 42} | thr=0.545590 | target_FP=0.050
[Tucker+IF] AUC=0.5310 Boot: mean:0.5319 std:0.0464, CI(0.4392–0.6231) | 
[Tucker+IF] R=(5, 32, 16) peak_rss_mb=2156.6 | peak_workingset_mb=5323.5 | peak_cuda_mb=130.0 | cpu_time_sec=251.13
Rank: 5 64 5
[Tucker only] R=(5, 64, 5) peak_rss_mb=2168.8 | peak_workingset_mb=5323.5 | peak_cuda_mb=150.4 | cpu_time_sec=216.02
[Tucker+OCSVM] (VAL one-class) chose {'gamma': 0.006666666666666666, 'kernel': 'rbf', 'nu': 0.01} best_obj:(FP=1.000, P95=0.0100, mean=0.0100) Elapsed: 77.22
[Tucker+OCSVM] Final result RANK=(5, 64, 5) AUC=0.5 | ACC=0.8 | param=({'gamma': 0.006666666666666666, 'kernel': 'rbf', 'nu': 0.01}) | aux=FP=1.000, P95=0.0100, mean=0.0100
[Tucker+OCSVM] AUC=0.5000 Boot: mean:0.5000 std:0.0000, CI(0.5000–0.5000) | 
[Tucker+OCSVM] R=(5, 64, 5) peak_rss_mb=2232.2 | peak_workingset_mb=5323.5 | peak_cuda_mb=130.0 | cpu_time_sec=77.97
[Tucker+AE] best_param=(1, 16) best_obj=1.0 Elapsed: 14.69
[Tucker+AE] (global) Final result Rank=(5, 64, 5) AUC=0.4598 ACC=0.8
[Tucker+AE] AUC=0.4598 Boot: mean:0.4596 std:0.0417, CI(0.3811–0.5423) | 
[Tucker+AE] R=(5, 64, 5) peak_rss_mb=2304.3 | peak_workingset_mb=5323.5 | peak_cuda_mb=130.0 | cpu_time_sec=332.88
[Tucker+IF] best_obj=0.984513 best_param: {'bootstrap': True, 'contamination': 0.05, 'max_features': 0.5, 'max_samples': 0.5, 'n_estimators': 50, 'n_jobs': -1, 'random_state': 42} Elapsed (CPU s): 358.42
[Tucker+IF] Final result rank=(5, 64, 5) AUC=0.4108 ACC=0.64 obj=0.9845127353266887| params={'bootstrap': True, 'contamination': 0.05, 'max_features': 0.5, 'max_samples': 0.5, 'n_estimators': 50, 'n_jobs': -1, 'random_state': 42} | thr=0.610630 | target_FP=0.050
[Tucker+IF] AUC=0.4108 Boot: mean:0.4120 std:0.0375, CI(0.3396–0.4875) | 
[Tucker+IF] R=(5, 64, 5) peak_rss_mb=2435.3 | peak_workingset_mb=5323.5 | peak_cuda_mb=130.0 | cpu_time_sec=358.81
Rank: 5 64 16
[Tucker only] R=(5, 64, 16) peak_rss_mb=5682.2 | peak_workingset_mb=5705.2 | peak_cuda_mb=984.4 | cpu_time_sec=5634.62
[Tucker+OCSVM] (VAL one-class) chose {'gamma': 0.006666666666666666, 'kernel': 'rbf', 'nu': 0.01} best_obj:(FP=1.000, P95=0.0100, mean=0.0100) Elapsed: 477.25
[Tucker+OCSVM] Final result RANK=(5, 64, 16) AUC=0.5 | ACC=0.8 | param=({'gamma': 0.006666666666666666, 'kernel': 'rbf', 'nu': 0.01}) | aux=FP=1.000, P95=0.0100, mean=0.0100
[Tucker+OCSVM] AUC=0.5000 Boot: mean:0.5000 std:0.0000, CI(0.5000–0.5000) | 
[Tucker+OCSVM] R=(5, 64, 16) peak_rss_mb=2539.2 | peak_workingset_mb=5705.2 | peak_cuda_mb=130.0 | cpu_time_sec=481.98
[Tucker+AE] best_param=(1, 16) best_obj=1.0 Elapsed: 51.58
[Tucker+AE] (global) Final result Rank=(5, 64, 16) AUC=0.4693 ACC=0.804
[Tucker+AE] AUC=0.4693 Boot: mean:0.4696 std:0.0484, CI(0.3702–0.5623) | 
[Tucker+AE] R=(5, 64, 16) peak_rss_mb=2678.4 | peak_workingset_mb=5705.2 | peak_cuda_mb=130.0 | cpu_time_sec=710.47
[Tucker+IF] best_obj=0.807879 best_param: {'bootstrap': True, 'contamination': 0.05, 'max_features': 1.0, 'max_samples': 0.5, 'n_estimators': 50, 'n_jobs': -1, 'random_state': 42} Elapsed (CPU s): 463.78
[Tucker+IF] Final result rank=(5, 64, 16) AUC=0.485 ACC=0.796 obj=0.8078792912513842| params={'bootstrap': True, 'contamination': 0.05, 'max_features': 1.0, 'max_samples': 0.5, 'n_estimators': 50, 'n_jobs': -1, 'random_state': 42} | thr=0.547543 | target_FP=0.050
[Tucker+IF] AUC=0.4850 Boot: mean:0.4860 std:0.0501, CI(0.3909–0.5880) | 
[Tucker+IF] R=(5, 64, 16) peak_rss_mb=2839.5 | peak_workingset_mb=5705.2 | peak_cuda_mb=130.0 | cpu_time_sec=464.28
Rank: 16 5 5
[Tucker only] R=(16, 5, 5) peak_rss_mb=2475.7 | peak_workingset_mb=5705.2 | peak_cuda_mb=150.2 | cpu_time_sec=80.89
[Tucker+OCSVM] (VAL one-class) chose {'gamma': 0.00025, 'kernel': 'rbf', 'nu': 0.01} best_obj:(FP=0.289, P95=1.5973, mean=-0.3476) Elapsed: 7.08
[Tucker+OCSVM] Final result RANK=(16, 5, 5) AUC=0.5773 | ACC=0.812 | param=({'gamma': 0.00025, 'kernel': 'rbf', 'nu': 0.01}) | aux=FP=0.289, P95=1.5973, mean=-0.3476
[Tucker+OCSVM] AUC=0.5773 Boot: mean:0.5792 std:0.0483, CI(0.4811–0.6724) | 
[Tucker+OCSVM] R=(16, 5, 5) peak_rss_mb=2437.2 | peak_workingset_mb=5705.2 | peak_cuda_mb=130.0 | cpu_time_sec=7.52
[Tucker+AE] best_param=(3, 16) best_obj=0.313953488372093 Elapsed: 13.92
[Tucker+AE] (global) Final result Rank=(16, 5, 5) AUC=0.5782 ACC=0.812
[Tucker+AE] AUC=0.5782 Boot: mean:0.5802 std:0.0486, CI(0.4832–0.6743) | 
[Tucker+AE] R=(16, 5, 5) peak_rss_mb=2503.0 | peak_workingset_mb=5705.2 | peak_cuda_mb=130.0 | cpu_time_sec=94.58
[Tucker+IF] best_obj=0.196030 best_param: {'bootstrap': True, 'contamination': 0.05, 'max_features': 1.0, 'max_samples': 0.75, 'n_estimators': 50, 'n_jobs': -1, 'random_state': 42} Elapsed (CPU s): 146.88
[Tucker+IF] Final result rank=(16, 5, 5) AUC=0.551 ACC=0.788 obj=0.19602990033222592| params={'bootstrap': True, 'contamination': 0.05, 'max_features': 1.0, 'max_samples': 0.75, 'n_estimators': 50, 'n_jobs': -1, 'random_state': 42} | thr=0.531272 | target_FP=0.050
[Tucker+IF] AUC=0.5510 Boot: mean:0.5529 std:0.0488, CI(0.4604–0.6496) | 
[Tucker+IF] R=(16, 5, 5) peak_rss_mb=2552.1 | peak_workingset_mb=5705.2 | peak_cuda_mb=130.0 | cpu_time_sec=147.20
Rank: 16 5 16
[Tucker only] R=(16, 5, 16) peak_rss_mb=5876.9 | peak_workingset_mb=5892.9 | peak_cuda_mb=1193.2 | cpu_time_sec=5419.28
[Tucker+OCSVM] (VAL one-class) chose {'gamma': 0.00020833333333333335, 'kernel': 'rbf', 'nu': 0.01} best_obj:(FP=0.402, P95=1.7301, mean=-0.0897) Elapsed: 8.89
[Tucker+OCSVM] Final result RANK=(16, 5, 16) AUC=0.5443 | ACC=0.808 | param=({'gamma': 0.00020833333333333335, 'kernel': 'rbf', 'nu': 0.01}) | aux=FP=0.402, P95=1.7301, mean=-0.0897
[Tucker+OCSVM] AUC=0.5443 Boot: mean:0.5461 std:0.0470, CI(0.4538–0.6379) | 
[Tucker+OCSVM] R=(16, 5, 16) peak_rss_mb=2597.7 | peak_workingset_mb=5892.9 | peak_cuda_mb=130.0 | cpu_time_sec=9.23
[Tucker+AE] best_param=(3, 16) best_obj=0.4014396456256921 Elapsed: 16.66
[Tucker+AE] (global) Final result Rank=(16, 5, 16) AUC=0.5442 ACC=0.812
[Tucker+AE] AUC=0.5442 Boot: mean:0.5460 std:0.0473, CI(0.4514–0.6378) | 
[Tucker+AE] R=(16, 5, 16) peak_rss_mb=2769.7 | peak_workingset_mb=5892.9 | peak_cuda_mb=130.0 | cpu_time_sec=105.19
[Tucker+IF] best_obj=0.233128 best_param: {'bootstrap': True, 'contamination': 0.05, 'max_features': 1.0, 'max_samples': 0.5, 'n_estimators': 50, 'n_jobs': -1, 'random_state': 42} Elapsed (CPU s): 172.83
[Tucker+IF] Final result rank=(16, 5, 16) AUC=0.5181 ACC=0.792 obj=0.23312846068660023| params={'bootstrap': True, 'contamination': 0.05, 'max_features': 1.0, 'max_samples': 0.5, 'n_estimators': 50, 'n_jobs': -1, 'random_state': 42} | thr=0.525877 | target_FP=0.050
[Tucker+IF] AUC=0.5181 Boot: mean:0.5199 std:0.0482, CI(0.4253–0.6165) | 
[Tucker+IF] R=(16, 5, 16) peak_rss_mb=2823.8 | peak_workingset_mb=5892.9 | peak_cuda_mb=130.0 | cpu_time_sec=173.31
Rank: 16 16 5
[Tucker only] R=(16, 16, 5) peak_rss_mb=2866.3 | peak_workingset_mb=5892.9 | peak_cuda_mb=150.2 | cpu_time_sec=121.53
[Tucker+OCSVM] (VAL one-class) chose {'gamma': 0.0078125, 'kernel': 'rbf', 'nu': 0.01} best_obj:(FP=1.000, P95=0.0100, mean=0.0100) Elapsed: 45.86
[Tucker+OCSVM] Final result RANK=(16, 16, 5) AUC=0.49 | ACC=0.8 | param=({'gamma': 0.0078125, 'kernel': 'rbf', 'nu': 0.01}) | aux=FP=1.000, P95=0.0100, mean=0.0100
[Tucker+OCSVM] AUC=0.4900 Boot: mean:0.4901 std:0.0098, CI(0.4700–0.5000) | 
[Tucker+OCSVM] R=(16, 16, 5) peak_rss_mb=2909.6 | peak_workingset_mb=5892.9 | peak_cuda_mb=130.0 | cpu_time_sec=46.86
[Tucker+AE] best_param=(1, 16) best_obj=1.0 Elapsed: 21.5
[Tucker+AE] (global) Final result Rank=(16, 16, 5) AUC=0.5735 ACC=0.816
[Tucker+AE] AUC=0.5735 Boot: mean:0.5757 std:0.0504, CI(0.4730–0.6739) | 
[Tucker+AE] R=(16, 16, 5) peak_rss_mb=2953.1 | peak_workingset_mb=5892.9 | peak_cuda_mb=130.0 | cpu_time_sec=303.47
[Tucker+IF] best_obj=0.893704 best_param: {'bootstrap': True, 'contamination': 0.05, 'max_features': 1.0, 'max_samples': 0.5, 'n_estimators': 50, 'n_jobs': -1, 'random_state': 42} Elapsed (CPU s): 318.73
[Tucker+IF] Final result rank=(16, 16, 5) AUC=0.5342 ACC=0.764 obj=0.893704318936877| params={'bootstrap': True, 'contamination': 0.05, 'max_features': 1.0, 'max_samples': 0.5, 'n_estimators': 50, 'n_jobs': -1, 'random_state': 42} | thr=0.581411 | target_FP=0.050
[Tucker+IF] AUC=0.5342 Boot: mean:0.5356 std:0.0487, CI(0.4351–0.6280) | 
[Tucker+IF] R=(16, 16, 5) peak_rss_mb=3071.5 | peak_workingset_mb=5892.9 | peak_cuda_mb=130.0 | cpu_time_sec=319.17
Rank: 16 16 16
[Tucker only] R=(16, 16, 16) peak_rss_mb=6292.4 | peak_workingset_mb=6361.7 | peak_cuda_mb=1191.2 | cpu_time_sec=5613.42
[Tucker+OCSVM] (VAL one-class) chose {'gamma': 0.006666666666666666, 'kernel': 'rbf', 'nu': 0.01} best_obj:(FP=1.000, P95=0.0100, mean=0.0100) Elapsed: 74.75
[Tucker+OCSVM] Final result RANK=(16, 16, 16) AUC=0.5 | ACC=0.8 | param=({'gamma': 0.006666666666666666, 'kernel': 'rbf', 'nu': 0.01}) | aux=FP=1.000, P95=0.0100, mean=0.0100
[Tucker+OCSVM] AUC=0.5000 Boot: mean:0.5000 std:0.0000, CI(0.5000–0.5000) | 
[Tucker+OCSVM] R=(16, 16, 16) peak_rss_mb=3120.1 | peak_workingset_mb=6361.7 | peak_cuda_mb=130.0 | cpu_time_sec=75.62
[Tucker+AE] best_param=(1, 16) best_obj=1.0 Elapsed: 22.28
[Tucker+AE] (global) Final result Rank=(16, 16, 16) AUC=0.4492 ACC=0.804
[Tucker+AE] AUC=0.4492 Boot: mean:0.4483 std:0.0485, CI(0.3569–0.5427) | 
[Tucker+AE] R=(16, 16, 16) peak_rss_mb=3441.7 | peak_workingset_mb=6361.7 | peak_cuda_mb=130.0 | cpu_time_sec=303.17
[Tucker+IF] best_obj=0.985620 best_param: {'bootstrap': True, 'contamination': 0.05, 'max_features': 0.75, 'max_samples': 0.75, 'n_estimators': 50, 'n_jobs': -1, 'random_state': 42} Elapsed (CPU s): 1158.41
[Tucker+IF] Final result rank=(16, 16, 16) AUC=0.514 ACC=0.788 obj=0.9856201550387597| params={'bootstrap': True, 'contamination': 0.05, 'max_features': 0.75, 'max_samples': 0.75, 'n_estimators': 50, 'n_jobs': -1, 'random_state': 42} | thr=0.589739 | target_FP=0.050
[Tucker+IF] AUC=0.5140 Boot: mean:0.5159 std:0.0489, CI(0.4195–0.6159) | 
[Tucker+IF] R=(16, 16, 16) peak_rss_mb=3610.5 | peak_workingset_mb=6361.7 | peak_cuda_mb=130.0 | cpu_time_sec=1159.20
Rank: 16 32 5
[Tucker only] R=(16, 32, 5) peak_rss_mb=3086.1 | peak_workingset_mb=6361.7 | peak_cuda_mb=150.2 | cpu_time_sec=121.72
[Tucker+OCSVM] (VAL one-class) chose {'gamma': 0.006666666666666666, 'kernel': 'rbf', 'nu': 0.01} best_obj:(FP=1.000, P95=0.0100, mean=0.0100) Elapsed: 108.34
[Tucker+OCSVM] Final result RANK=(16, 32, 5) AUC=0.5 | ACC=0.8 | param=({'gamma': 0.006666666666666666, 'kernel': 'rbf', 'nu': 0.01}) | aux=FP=1.000, P95=0.0100, mean=0.0100
[Tucker+OCSVM] AUC=0.5000 Boot: mean:0.5000 std:0.0000, CI(0.5000–0.5000) | 
[Tucker+OCSVM] R=(16, 32, 5) peak_rss_mb=3139.4 | peak_workingset_mb=6361.7 | peak_cuda_mb=130.0 | cpu_time_sec=110.11
[Tucker+AE] best_param=(1, 16) best_obj=1.0 Elapsed: 27.62
[Tucker+AE] (global) Final result Rank=(16, 32, 5) AUC=0.5317 ACC=0.796
[Tucker+AE] AUC=0.5317 Boot: mean:0.5299 std:0.0481, CI(0.4357–0.6208) | 
[Tucker+AE] R=(16, 32, 5) peak_rss_mb=3404.3 | peak_workingset_mb=6361.7 | peak_cuda_mb=130.0 | cpu_time_sec=451.36
[Tucker+IF] best_obj=0.394258 best_param: {'bootstrap': False, 'contamination': 0.05, 'max_features': 0.75, 'max_samples': 0.5, 'n_estimators': 50, 'n_jobs': -1, 'random_state': 42} Elapsed (CPU s): 352.67
[Tucker+IF] Final result rank=(16, 32, 5) AUC=0.5352 ACC=0.728 obj=0.39425802879291255| params={'bootstrap': False, 'contamination': 0.05, 'max_features': 0.75, 'max_samples': 0.5, 'n_estimators': 50, 'n_jobs': -1, 'random_state': 42} | thr=0.470644 | target_FP=0.050
[Tucker+IF] AUC=0.5352 Boot: mean:0.5376 std:0.0502, CI(0.4381–0.6327) | 
[Tucker+IF] R=(16, 32, 5) peak_rss_mb=3560.6 | peak_workingset_mb=6361.7 | peak_cuda_mb=130.0 | cpu_time_sec=353.22
Rank: 16 32 16
[Tucker only] R=(16, 32, 16) peak_rss_mb=6657.2 | peak_workingset_mb=6683.1 | peak_cuda_mb=1194.0 | cpu_time_sec=5643.84
[Tucker+OCSVM] (VAL one-class) chose {'gamma': 0.006666666666666666, 'kernel': 'rbf', 'nu': 0.01} best_obj:(FP=1.000, P95=0.0100, mean=0.0100) Elapsed: 78.7
[Tucker+OCSVM] Final result RANK=(16, 32, 16) AUC=0.5 | ACC=0.8 | param=({'gamma': 0.006666666666666666, 'kernel': 'rbf', 'nu': 0.01}) | aux=FP=1.000, P95=0.0100, mean=0.0100
[Tucker+OCSVM] AUC=0.5000 Boot: mean:0.5000 std:0.0000, CI(0.5000–0.5000) | 
[Tucker+OCSVM] R=(16, 32, 16) peak_rss_mb=3415.4 | peak_workingset_mb=6683.1 | peak_cuda_mb=130.0 | cpu_time_sec=79.61
[Tucker+AE] best_param=(1, 16) best_obj=1.0 Elapsed: 41.72
[Tucker+AE] (global) Final result Rank=(16, 32, 16) AUC=0.5256 ACC=0.804
[Tucker+AE] AUC=0.5256 Boot: mean:0.5252 std:0.0455, CI(0.4357–0.6127) | 
[Tucker+AE] R=(16, 32, 16) peak_rss_mb=3706.8 | peak_workingset_mb=6683.1 | peak_cuda_mb=130.0 | cpu_time_sec=380.38
[Tucker+IF] best_obj=0.114081 best_param: {'bootstrap': False, 'contamination': 0.05, 'max_features': 0.75, 'max_samples': 0.5, 'n_estimators': 50, 'n_jobs': -1, 'random_state': 42} Elapsed (CPU s): 358.73
[Tucker+IF] Final result rank=(16, 32, 16) AUC=0.4741 ACC=0.736 obj=0.11408084163898118| params={'bootstrap': False, 'contamination': 0.05, 'max_features': 0.75, 'max_samples': 0.5, 'n_estimators': 50, 'n_jobs': -1, 'random_state': 42} | thr=0.440354 | target_FP=0.050
[Tucker+IF] AUC=0.4741 Boot: mean:0.4766 std:0.0494, CI(0.3793–0.5738) | 
[Tucker+IF] R=(16, 32, 16) peak_rss_mb=3795.3 | peak_workingset_mb=6683.1 | peak_cuda_mb=130.0 | cpu_time_sec=359.50
Rank: 16 64 5
[Tucker only] R=(16, 64, 5) peak_rss_mb=3354.8 | peak_workingset_mb=6683.1 | peak_cuda_mb=150.7 | cpu_time_sec=129.44
[Tucker+OCSVM] (VAL one-class) chose {'gamma': 0.006666666666666666, 'kernel': 'rbf', 'nu': 0.01} best_obj:(FP=1.000, P95=0.0100, mean=0.0100) Elapsed: 522.31
[Tucker+OCSVM] Final result RANK=(16, 64, 5) AUC=0.5 | ACC=0.8 | param=({'gamma': 0.006666666666666666, 'kernel': 'rbf', 'nu': 0.01}) | aux=FP=1.000, P95=0.0100, mean=0.0100
[Tucker+OCSVM] AUC=0.5000 Boot: mean:0.5000 std:0.0000, CI(0.5000–0.5000) | 
[Tucker+OCSVM] R=(16, 64, 5) peak_rss_mb=3306.9 | peak_workingset_mb=6683.1 | peak_cuda_mb=130.0 | cpu_time_sec=526.95
[Tucker+AE] best_param=(1, 16) best_obj=1.0 Elapsed: 95.47
[Tucker+AE] (global) Final result Rank=(16, 64, 5) AUC=0.5619 ACC=0.804
[Tucker+AE] AUC=0.5619 Boot: mean:0.5621 std:0.0448, CI(0.4734–0.6490) | 
[Tucker+AE] R=(16, 64, 5) peak_rss_mb=3549.2 | peak_workingset_mb=6683.1 | peak_cuda_mb=130.0 | cpu_time_sec=788.81
[Tucker+IF] best_obj=0.055941 best_param: {'bootstrap': False, 'contamination': 0.05, 'max_features': 1.0, 'max_samples': 0.5, 'n_estimators': 50, 'n_jobs': -1, 'random_state': 42} Elapsed (CPU s): 338.77
[Tucker+IF] Final result rank=(16, 64, 5) AUC=0.6888 ACC=0.708 obj=0.05594130675526024| params={'bootstrap': False, 'contamination': 0.05, 'max_features': 1.0, 'max_samples': 0.5, 'n_estimators': 50, 'n_jobs': -1, 'random_state': 42} | thr=0.393874 | target_FP=0.050
[Tucker+IF] AUC=0.6888 Boot: mean:0.6887 std:0.0413, CI(0.6082–0.7644) | 
[Tucker+IF] R=(16, 64, 5) peak_rss_mb=3695.2 | peak_workingset_mb=6683.1 | peak_cuda_mb=130.0 | cpu_time_sec=339.12
Rank: 16 64 16
[Tucker only] R=(16, 64, 16) peak_rss_mb=7203.1 | peak_workingset_mb=7217.9 | peak_cuda_mb=1159.7 | cpu_time_sec=5626.22
[Tucker+OCSVM] (VAL one-class) chose {'gamma': 0.006666666666666666, 'kernel': 'rbf', 'nu': 0.01} best_obj:(FP=1.000, P95=0.0100, mean=0.0100) Elapsed: 82.69
[Tucker+OCSVM] Final result RANK=(16, 64, 16) AUC=0.5 | ACC=0.8 | param=({'gamma': 0.006666666666666666, 'kernel': 'rbf', 'nu': 0.01}) | aux=FP=1.000, P95=0.0100, mean=0.0100
[Tucker+OCSVM] AUC=0.5000 Boot: mean:0.5000 std:0.0000, CI(0.5000–0.5000) | 
[Tucker+OCSVM] R=(16, 64, 16) peak_rss_mb=3397.8 | peak_workingset_mb=7217.9 | peak_cuda_mb=130.0 | cpu_time_sec=83.62
[Tucker+AE] best_param=(1, 16) best_obj=1.0 Elapsed: 18.95
[Tucker+AE] (global) Final result Rank=(16, 64, 16) AUC=0.5042 ACC=0.804
[Tucker+AE] AUC=0.5042 Boot: mean:0.5046 std:0.0456, CI(0.4115–0.5980) | 
[Tucker+AE] R=(16, 64, 16) peak_rss_mb=3934.7 | peak_workingset_mb=7217.9 | peak_cuda_mb=130.0 | cpu_time_sec=409.88
[Tucker+IF] best_obj=0.008876 best_param: {'bootstrap': True, 'contamination': 0.05, 'max_features': 0.5, 'max_samples': 1.0, 'n_estimators': 50, 'n_jobs': -1, 'random_state': 42} Elapsed (CPU s): 360.61
[Tucker+IF] Final result rank=(16, 64, 16) AUC=0.615 ACC=0.688 obj=0.008875968992248063| params={'bootstrap': True, 'contamination': 0.05, 'max_features': 0.5, 'max_samples': 1.0, 'n_estimators': 50, 'n_jobs': -1, 'random_state': 42} | thr=0.390614 | target_FP=0.050
[Tucker+IF] AUC=0.6150 Boot: mean:0.6163 std:0.0462, CI(0.5241–0.7065) | 
[Tucker+IF] R=(16, 64, 16) peak_rss_mb=3747.3 | peak_workingset_mb=7217.9 | peak_cuda_mb=130.0 | cpu_time_sec=361.14
Rank: 32 5 5
[Tucker only] R=(32, 5, 5) peak_rss_mb=3670.5 | peak_workingset_mb=7217.9 | peak_cuda_mb=150.6 | cpu_time_sec=86.25
[Tucker+OCSVM] (VAL one-class) chose {'gamma': 0.000125, 'kernel': 'rbf', 'nu': 0.01} best_obj:(FP=0.791, P95=2.3413, mean=0.7238) Elapsed: 16.22
[Tucker+OCSVM] Final result RANK=(32, 5, 5) AUC=0.397 | ACC=0.8 | param=({'gamma': 0.000125, 'kernel': 'rbf', 'nu': 0.01}) | aux=FP=0.791, P95=2.3413, mean=0.7238
[Tucker+OCSVM] AUC=0.3970 Boot: mean:0.3983 std:0.0422, CI(0.3172–0.4823) | 
[Tucker+OCSVM] R=(32, 5, 5) peak_rss_mb=3568.2 | peak_workingset_mb=7217.9 | peak_cuda_mb=130.0 | cpu_time_sec=16.84
[Tucker+AE] best_param=(3, 16) best_obj=0.7718715393133998 Elapsed: 83.61
[Tucker+AE] (global) Final result Rank=(32, 5, 5) AUC=0.3976 ACC=0.8
[Tucker+AE] AUC=0.3976 Boot: mean:0.3989 std:0.0424, CI(0.3176–0.4814) | 
[Tucker+AE] R=(32, 5, 5) peak_rss_mb=3736.4 | peak_workingset_mb=7217.9 | peak_cuda_mb=130.0 | cpu_time_sec=250.22
[Tucker+IF] best_obj=0.454612 best_param: {'bootstrap': False, 'contamination': 0.05, 'max_features': 0.75, 'max_samples': 0.5, 'n_estimators': 50, 'n_jobs': -1, 'random_state': 42} Elapsed (CPU s): 911.67
[Tucker+IF] Final result rank=(32, 5, 5) AUC=0.3836 ACC=0.66 obj=0.45461240310077516| params={'bootstrap': False, 'contamination': 0.05, 'max_features': 0.75, 'max_samples': 0.5, 'n_estimators': 50, 'n_jobs': -1, 'random_state': 42} | thr=0.524546 | target_FP=0.050
[Tucker+IF] AUC=0.3836 Boot: mean:0.3854 std:0.0423, CI(0.3036–0.4682) | 
[Tucker+IF] R=(32, 5, 5) peak_rss_mb=3835.6 | peak_workingset_mb=7217.9 | peak_cuda_mb=130.0 | cpu_time_sec=914.45
Rank: 32 5 16
[Tucker only] R=(32, 5, 16) peak_rss_mb=6578.0 | peak_workingset_mb=7217.9 | peak_cuda_mb=1193.3 | cpu_time_sec=5476.61
[Tucker+OCSVM] (VAL one-class) chose {'gamma': 'scale', 'kernel': 'rbf', 'nu': 0.01} best_obj:(FP=0.980, P95=1.1769, mean=0.8509) Elapsed: 21.56
[Tucker+OCSVM] Final result RANK=(32, 5, 16) AUC=0.5208 | ACC=0.8 | param=({'gamma': 'scale', 'kernel': 'rbf', 'nu': 0.01}) | aux=FP=0.980, P95=1.1769, mean=0.8509
[Tucker+OCSVM] AUC=0.5208 Boot: mean:0.5226 std:0.0438, CI(0.4355–0.6083) | 
[Tucker+OCSVM] R=(32, 5, 16) peak_rss_mb=491.3 | peak_workingset_mb=7217.9 | peak_cuda_mb=130.0 | cpu_time_sec=22.05
[Tucker+AE] best_param=(2, 16) best_obj=0.9734219269102989 Elapsed: 30.81
[Tucker+AE] (global) Final result Rank=(32, 5, 16) AUC=0.521 ACC=0.8
[Tucker+AE] AUC=0.5210 Boot: mean:0.5229 std:0.0437, CI(0.4359–0.6086) | 
[Tucker+AE] R=(32, 5, 16) peak_rss_mb=902.9 | peak_workingset_mb=7217.9 | peak_cuda_mb=130.0 | cpu_time_sec=256.73
[Tucker+IF] best_obj=0.653948 best_param: {'bootstrap': True, 'contamination': 0.05, 'max_features': 1.0, 'max_samples': 1.0, 'n_estimators': 50, 'n_jobs': -1, 'random_state': 42} Elapsed (CPU s): 300.08
[Tucker+IF] Final result rank=(32, 5, 16) AUC=0.5413 ACC=0.708 obj=0.6539479512735327| params={'bootstrap': True, 'contamination': 0.05, 'max_features': 1.0, 'max_samples': 1.0, 'n_estimators': 50, 'n_jobs': -1, 'random_state': 42} | thr=0.541406 | target_FP=0.050
[Tucker+IF] AUC=0.5413 Boot: mean:0.5415 std:0.0414, CI(0.4610–0.6210) | 
[Tucker+IF] R=(32, 5, 16) peak_rss_mb=1035.8 | peak_workingset_mb=7217.9 | peak_cuda_mb=130.0 | cpu_time_sec=300.56
Rank: 32 16 5
[Tucker only] R=(32, 16, 5) peak_rss_mb=1115.4 | peak_workingset_mb=7217.9 | peak_cuda_mb=150.6 | cpu_time_sec=102.00
[Tucker+OCSVM] (VAL one-class) chose {'gamma': 0.006666666666666666, 'kernel': 'rbf', 'nu': 0.01} best_obj:(FP=1.000, P95=0.0100, mean=0.0100) Elapsed: 76.03
[Tucker+OCSVM] Final result RANK=(32, 16, 5) AUC=0.5 | ACC=0.8 | param=({'gamma': 0.006666666666666666, 'kernel': 'rbf', 'nu': 0.01}) | aux=FP=1.000, P95=0.0100, mean=0.0100
[Tucker+OCSVM] AUC=0.5000 Boot: mean:0.5000 std:0.0000, CI(0.5000–0.5000) | 
[Tucker+OCSVM] R=(32, 16, 5) peak_rss_mb=1174.5 | peak_workingset_mb=7217.9 | peak_cuda_mb=130.0 | cpu_time_sec=76.84
[Tucker+AE] best_param=(1, 16) best_obj=1.0 Elapsed: 6.34
[Tucker+AE] (global) Final result Rank=(32, 16, 5) AUC=0.4516 ACC=0.82
[Tucker+AE] AUC=0.4516 Boot: mean:0.4538 std:0.0496, CI(0.3541–0.5475) | 
[Tucker+AE] R=(32, 16, 5) peak_rss_mb=4312.4 | peak_workingset_mb=7217.9 | peak_cuda_mb=130.0 | cpu_time_sec=337.81
[Tucker+IF] best_obj=0.323937 best_param: {'bootstrap': False, 'contamination': 0.05, 'max_features': 0.75, 'max_samples': 1.0, 'n_estimators': 50, 'n_jobs': -1, 'random_state': 42} Elapsed (CPU s): 372.23
[Tucker+IF] Final result rank=(32, 16, 5) AUC=0.5445 ACC=0.716 obj=0.32393687707641194| params={'bootstrap': False, 'contamination': 0.05, 'max_features': 0.75, 'max_samples': 1.0, 'n_estimators': 50, 'n_jobs': -1, 'random_state': 42} | thr=0.457101 | target_FP=0.050
[Tucker+IF] AUC=0.5445 Boot: mean:0.5449 std:0.0519, CI(0.4400–0.6489) | 
[Tucker+IF] R=(32, 16, 5) peak_rss_mb=4102.0 | peak_workingset_mb=7217.9 | peak_cuda_mb=130.0 | cpu_time_sec=373.38
Rank: 32 16 16
[Tucker only] R=(32, 16, 16) peak_rss_mb=7321.7 | peak_workingset_mb=7351.1 | peak_cuda_mb=1193.6 | cpu_time_sec=5378.50
[Tucker+OCSVM] (VAL one-class) chose {'gamma': 0.006666666666666666, 'kernel': 'rbf', 'nu': 0.01} best_obj:(FP=1.000, P95=0.0100, mean=0.0100) Elapsed: 77.7
[Tucker+OCSVM] Final result RANK=(32, 16, 16) AUC=0.5 | ACC=0.8 | param=({'gamma': 0.006666666666666666, 'kernel': 'rbf', 'nu': 0.01}) | aux=FP=1.000, P95=0.0100, mean=0.0100
[Tucker+OCSVM] AUC=0.5000 Boot: mean:0.5000 std:0.0000, CI(0.5000–0.5000) | 
[Tucker+OCSVM] R=(32, 16, 16) peak_rss_mb=4076.8 | peak_workingset_mb=7351.1 | peak_cuda_mb=130.0 | cpu_time_sec=79.52
[Tucker+AE] best_param=(1, 16) best_obj=1.0 Elapsed: 9.36
[Tucker+AE] (global) Final result Rank=(32, 16, 16) AUC=0.522 ACC=0.796
[Tucker+AE] AUC=0.5220 Boot: mean:0.5219 std:0.0438, CI(0.4371–0.6093) | 
[Tucker+AE] R=(32, 16, 16) peak_rss_mb=4328.6 | peak_workingset_mb=7351.1 | peak_cuda_mb=130.0 | cpu_time_sec=353.34
[Tucker+IF] best_obj=0.034900 best_param: {'bootstrap': True, 'contamination': 0.05, 'max_features': 0.75, 'max_samples': 0.5, 'n_estimators': 50, 'n_jobs': -1, 'random_state': 42} Elapsed (CPU s): 429.83
[Tucker+IF] Final result rank=(32, 16, 16) AUC=0.5719 ACC=0.692 obj=0.03490033222591361| params={'bootstrap': True, 'contamination': 0.05, 'max_features': 0.75, 'max_samples': 0.5, 'n_estimators': 50, 'n_jobs': -1, 'random_state': 42} | thr=0.438487 | target_FP=0.050
[Tucker+IF] AUC=0.5719 Boot: mean:0.5739 std:0.0479, CI(0.4771–0.6685) | 
[Tucker+IF] R=(32, 16, 16) peak_rss_mb=4464.8 | peak_workingset_mb=7351.1 | peak_cuda_mb=130.0 | cpu_time_sec=430.66
Rank: 32 32 5
[Tucker only] R=(32, 32, 5) peak_rss_mb=4526.2 | peak_workingset_mb=7351.1 | peak_cuda_mb=150.6 | cpu_time_sec=113.08
[Tucker+OCSVM] (VAL one-class) chose {'gamma': 0.006666666666666666, 'kernel': 'rbf', 'nu': 0.01} best_obj:(FP=1.000, P95=0.0100, mean=0.0100) Elapsed: 80.3
[Tucker+OCSVM] Final result RANK=(32, 32, 5) AUC=0.5 | ACC=0.8 | param=({'gamma': 0.006666666666666666, 'kernel': 'rbf', 'nu': 0.01}) | aux=FP=1.000, P95=0.0100, mean=0.0100
[Tucker+OCSVM] AUC=0.5000 Boot: mean:0.5000 std:0.0000, CI(0.5000–0.5000) | 
[Tucker+OCSVM] R=(32, 32, 5) peak_rss_mb=4550.1 | peak_workingset_mb=7351.1 | peak_cuda_mb=130.0 | cpu_time_sec=81.75
[Tucker+AE] best_param=(1, 16) best_obj=1.0 Elapsed: 23.72
[Tucker+AE] (global) Final result Rank=(32, 32, 5) AUC=0.4792 ACC=0.8
[Tucker+AE] AUC=0.4792 Boot: mean:0.4804 std:0.0514, CI(0.3769–0.5821) | 
[Tucker+AE] R=(32, 32, 5) peak_rss_mb=4810.8 | peak_workingset_mb=7351.1 | peak_cuda_mb=130.0 | cpu_time_sec=329.17
[Tucker+IF] best_obj=0.007215 best_param: {'bootstrap': True, 'contamination': 0.05, 'max_features': 0.75, 'max_samples': 0.75, 'n_estimators': 50, 'n_jobs': -1, 'random_state': 42} Elapsed (CPU s): 344.34
[Tucker+IF] Final result rank=(32, 32, 5) AUC=0.518 ACC=0.692 obj=0.00721483942414175| params={'bootstrap': True, 'contamination': 0.05, 'max_features': 0.75, 'max_samples': 0.75, 'n_estimators': 50, 'n_jobs': -1, 'random_state': 42} | thr=0.392862 | target_FP=0.050
[Tucker+IF] AUC=0.5180 Boot: mean:0.5204 std:0.0477, CI(0.4246–0.6128) | 
[Tucker+IF] R=(32, 32, 5) peak_rss_mb=4958.2 | peak_workingset_mb=7351.1 | peak_cuda_mb=130.0 | cpu_time_sec=344.75
Rank: 32 32 16
[Tucker only] R=(32, 32, 16) peak_rss_mb=7265.3 | peak_workingset_mb=7351.1 | peak_cuda_mb=1194.0 | cpu_time_sec=5855.64
[Tucker+OCSVM] (VAL one-class) chose {'gamma': 0.006666666666666666, 'kernel': 'rbf', 'nu': 0.01} best_obj:(FP=1.000, P95=0.0100, mean=0.0100) Elapsed: 79.94
[Tucker+OCSVM] Final result RANK=(32, 32, 16) AUC=0.5 | ACC=0.8 | param=({'gamma': 0.006666666666666666, 'kernel': 'rbf', 'nu': 0.01}) | aux=FP=1.000, P95=0.0100, mean=0.0100
[Tucker+OCSVM] AUC=0.5000 Boot: mean:0.5000 std:0.0000, CI(0.5000–0.5000) | 
[Tucker+OCSVM] R=(32, 32, 16) peak_rss_mb=1188.5 | peak_workingset_mb=7351.1 | peak_cuda_mb=130.0 | cpu_time_sec=80.91
[Tucker+AE] best_param=(1, 16) best_obj=1.0 Elapsed: 7.72
[Tucker+AE] (global) Final result Rank=(32, 32, 16) AUC=0.4356 ACC=0.796
[Tucker+AE] AUC=0.4356 Boot: mean:0.4363 std:0.0445, CI(0.3504–0.5231) | 
[Tucker+AE] R=(32, 32, 16) peak_rss_mb=1697.4 | peak_workingset_mb=7351.1 | peak_cuda_mb=130.0 | cpu_time_sec=502.52
[Tucker+IF] best_obj=0.005000 best_param: {'bootstrap': False, 'contamination': 0.05, 'max_features': 0.5, 'max_samples': 0.5, 'n_estimators': 50, 'n_jobs': -1, 'random_state': 42} Elapsed (CPU s): 1069.78
[Tucker+IF] Final result rank=(32, 32, 16) AUC=0.4505 ACC=0.692 obj=0.005| params={'bootstrap': False, 'contamination': 0.05, 'max_features': 0.5, 'max_samples': 0.5, 'n_estimators': 50, 'n_jobs': -1, 'random_state': 42} | thr=0.375591 | target_FP=0.050
[Tucker+IF] AUC=0.4505 Boot: mean:0.4518 std:0.0464, CI(0.3636–0.5443) | 
[Tucker+IF] R=(32, 32, 16) peak_rss_mb=4364.5 | peak_workingset_mb=7351.1 | peak_cuda_mb=130.0 | cpu_time_sec=1071.64
Rank: 32 64 5
[Tucker only] R=(32, 64, 5) peak_rss_mb=4726.3 | peak_workingset_mb=7351.1 | peak_cuda_mb=151.0 | cpu_time_sec=149.88
[Tucker+OCSVM] (VAL one-class) chose {'gamma': 0.006666666666666666, 'kernel': 'rbf', 'nu': 0.01} best_obj:(FP=1.000, P95=0.0100, mean=0.0100) Elapsed: 77.53
[Tucker+OCSVM] Final result RANK=(32, 64, 5) AUC=0.5 | ACC=0.8 | param=({'gamma': 0.006666666666666666, 'kernel': 'rbf', 'nu': 0.01}) | aux=FP=1.000, P95=0.0100, mean=0.0100
[Tucker+OCSVM] AUC=0.5000 Boot: mean:0.5000 std:0.0000, CI(0.5000–0.5000) | 
[Tucker+OCSVM] R=(32, 64, 5) peak_rss_mb=4720.5 | peak_workingset_mb=7351.1 | peak_cuda_mb=130.0 | cpu_time_sec=81.44
[Tucker+AE] best_param=(1, 16) best_obj=1.0 Elapsed: 29.58
[Tucker+AE] (global) Final result Rank=(32, 64, 5) AUC=0.6722 ACC=0.796
[Tucker+AE] AUC=0.6722 Boot: mean:0.6722 std:0.0421, CI(0.5868–0.7546) | 
[Tucker+AE] R=(32, 64, 5) peak_rss_mb=5029.1 | peak_workingset_mb=7351.1 | peak_cuda_mb=130.0 | cpu_time_sec=695.25
[Tucker+IF] best_obj=0.007215 best_param: {'bootstrap': False, 'contamination': 0.05, 'max_features': 0.75, 'max_samples': 1.0, 'n_estimators': 50, 'n_jobs': -1, 'random_state': 42} Elapsed (CPU s): 435.36
[Tucker+IF] Final result rank=(32, 64, 5) AUC=0.4715 ACC=0.628 obj=0.00721483942414175| params={'bootstrap': False, 'contamination': 0.05, 'max_features': 0.75, 'max_samples': 1.0, 'n_estimators': 50, 'n_jobs': -1, 'random_state': 42} | thr=0.356029 | target_FP=0.050
[Tucker+IF] AUC=0.4715 Boot: mean:0.4730 std:0.0437, CI(0.3875–0.5589) | 
[Tucker+IF] R=(32, 64, 5) peak_rss_mb=5189.7 | peak_workingset_mb=7351.1 | peak_cuda_mb=130.0 | cpu_time_sec=437.67
Rank: 32 64 16
[Tucker only] R=(32, 64, 16) peak_rss_mb=5453.8 | peak_workingset_mb=7351.1 | peak_cuda_mb=1187.9 | cpu_time_sec=6935.17
[Tucker+OCSVM] (VAL one-class) chose {'gamma': 0.006666666666666666, 'kernel': 'rbf', 'nu': 0.01} best_obj:(FP=1.000, P95=0.0100, mean=0.0100) Elapsed: 77.44
[Tucker+OCSVM] Final result RANK=(32, 64, 16) AUC=0.5 | ACC=0.8 | param=({'gamma': 0.006666666666666666, 'kernel': 'rbf', 'nu': 0.01}) | aux=FP=1.000, P95=0.0100, mean=0.0100
[Tucker+OCSVM] AUC=0.5000 Boot: mean:0.5000 std:0.0000, CI(0.5000–0.5000) | 
[Tucker+OCSVM] R=(32, 64, 16) peak_rss_mb=1076.8 | peak_workingset_mb=7351.1 | peak_cuda_mb=130.0 | cpu_time_sec=79.70
[Tucker+AE] best_param=(1, 16) best_obj=1.0 Elapsed: 9.97
[Tucker+AE] (global) Final result Rank=(32, 64, 16) AUC=0.5633 ACC=0.796
[Tucker+AE] AUC=0.5633 Boot: mean:0.5652 std:0.0438, CI(0.4809–0.6519) | 
[Tucker+AE] R=(32, 64, 16) peak_rss_mb=1594.0 | peak_workingset_mb=7351.1 | peak_cuda_mb=130.0 | cpu_time_sec=390.89
[Tucker+IF] best_obj=0.005000 best_param: {'bootstrap': False, 'contamination': 0.05, 'max_features': 0.5, 'max_samples': 0.5, 'n_estimators': 50, 'n_jobs': -1, 'random_state': 42} Elapsed (CPU s): 377.67
[Tucker+IF] Final result rank=(32, 64, 16) AUC=0.4816 ACC=0.724 obj=0.005| params={'bootstrap': False, 'contamination': 0.05, 'max_features': 0.5, 'max_samples': 0.5, 'n_estimators': 50, 'n_jobs': -1, 'random_state': 42} | thr=0.354175 | target_FP=0.050
[Tucker+IF] AUC=0.4816 Boot: mean:0.4831 std:0.0464, CI(0.3954–0.5757) | 
[Tucker+IF] R=(32, 64, 16) peak_rss_mb=1737.0 | peak_workingset_mb=7351.1 | peak_cuda_mb=130.0 | cpu_time_sec=379.19
Rank: 64 5 5
[Tucker only] R=(64, 5, 5) peak_rss_mb=1697.1 | peak_workingset_mb=7351.1 | peak_cuda_mb=151.5 | cpu_time_sec=107.09
[Tucker+OCSVM] (VAL one-class) chose {'gamma': 0.006666666666666666, 'kernel': 'rbf', 'nu': 0.01} best_obj:(FP=1.000, P95=0.0100, mean=0.0100) Elapsed: 76.55
[Tucker+OCSVM] Final result RANK=(64, 5, 5) AUC=0.5 | ACC=0.8 | param=({'gamma': 0.006666666666666666, 'kernel': 'rbf', 'nu': 0.01}) | aux=FP=1.000, P95=0.0100, mean=0.0100
[Tucker+OCSVM] AUC=0.5000 Boot: mean:0.5000 std:0.0000, CI(0.5000–0.5000) | 
[Tucker+OCSVM] R=(64, 5, 5) peak_rss_mb=1538.8 | peak_workingset_mb=7351.1 | peak_cuda_mb=130.0 | cpu_time_sec=77.58
[Tucker+AE] best_param=(1, 16) best_obj=1.0 Elapsed: 19.41
[Tucker+AE] (global) Final result Rank=(64, 5, 5) AUC=0.368 ACC=0.796
[Tucker+AE] AUC=0.3680 Boot: mean:0.3687 std:0.0414, CI(0.2892–0.4511) | 
[Tucker+AE] R=(64, 5, 5) peak_rss_mb=1883.9 | peak_workingset_mb=7351.1 | peak_cuda_mb=130.0 | cpu_time_sec=356.73
[Tucker+IF] best_obj=0.944092 best_param: {'bootstrap': True, 'contamination': 0.05, 'max_features': 0.75, 'max_samples': 0.5, 'n_estimators': 50, 'n_jobs': -1, 'random_state': 42} Elapsed (CPU s): 345.64
[Tucker+IF] Final result rank=(64, 5, 5) AUC=0.3825 ACC=0.708 obj=0.9440919158361019| params={'bootstrap': True, 'contamination': 0.05, 'max_features': 0.75, 'max_samples': 0.5, 'n_estimators': 50, 'n_jobs': -1, 'random_state': 42} | thr=0.589245 | target_FP=0.050
[Tucker+IF] AUC=0.3825 Boot: mean:0.3833 std:0.0374, CI(0.3112–0.4570) | 
[Tucker+IF] R=(64, 5, 5) peak_rss_mb=1995.8 | peak_workingset_mb=7351.1 | peak_cuda_mb=130.0 | cpu_time_sec=346.25
Rank: 64 5 16
[Tucker only] R=(64, 5, 16) peak_rss_mb=8120.9 | peak_workingset_mb=8135.7 | peak_cuda_mb=1193.4 | cpu_time_sec=5513.70
[Tucker+OCSVM] (VAL one-class) chose {'gamma': 0.006666666666666666, 'kernel': 'rbf', 'nu': 0.01} best_obj:(FP=1.000, P95=0.0100, mean=0.0100) Elapsed: 72.62
[Tucker+OCSVM] Final result RANK=(64, 5, 16) AUC=0.5 | ACC=0.8 | param=({'gamma': 0.006666666666666666, 'kernel': 'rbf', 'nu': 0.01}) | aux=FP=1.000, P95=0.0100, mean=0.0100
[Tucker+OCSVM] AUC=0.5000 Boot: mean:0.5000 std:0.0000, CI(0.5000–0.5000) | 
[Tucker+OCSVM] R=(64, 5, 16) peak_rss_mb=5193.6 | peak_workingset_mb=8135.7 | peak_cuda_mb=130.0 | cpu_time_sec=75.58
[Tucker+AE] best_param=(1, 16) best_obj=1.0 Elapsed: 71.05
[Tucker+AE] (global) Final result Rank=(64, 5, 16) AUC=0.4363 ACC=0.804
[Tucker+AE] AUC=0.4363 Boot: mean:0.4351 std:0.0467, CI(0.3460–0.5256) | 
[Tucker+AE] R=(64, 5, 16) peak_rss_mb=5452.0 | peak_workingset_mb=8135.7 | peak_cuda_mb=130.0 | cpu_time_sec=444.86
[Tucker+IF] best_obj=0.784623 best_param: {'bootstrap': True, 'contamination': 0.05, 'max_features': 0.75, 'max_samples': 0.75, 'n_estimators': 50, 'n_jobs': -1, 'random_state': 42} Elapsed (CPU s): 379.42
[Tucker+IF] Final result rank=(64, 5, 16) AUC=0.5326 ACC=0.792 obj=0.7846234772978958| params={'bootstrap': True, 'contamination': 0.05, 'max_features': 0.75, 'max_samples': 0.75, 'n_estimators': 50, 'n_jobs': -1, 'random_state': 42} | thr=0.550882 | target_FP=0.050
[Tucker+IF] AUC=0.5326 Boot: mean:0.5333 std:0.0450, CI(0.4455–0.6239) | 
[Tucker+IF] R=(64, 5, 16) peak_rss_mb=5559.2 | peak_workingset_mb=8135.7 | peak_cuda_mb=130.0 | cpu_time_sec=381.44
Rank: 64 16 5
[Tucker only] R=(64, 16, 5) peak_rss_mb=5418.2 | peak_workingset_mb=8135.7 | peak_cuda_mb=151.5 | cpu_time_sec=118.55
[Tucker+OCSVM] (VAL one-class) chose {'gamma': 0.006666666666666666, 'kernel': 'rbf', 'nu': 0.01} best_obj:(FP=1.000, P95=0.0100, mean=0.0100) Elapsed: 70.69
[Tucker+OCSVM] Final result RANK=(64, 16, 5) AUC=0.5 | ACC=0.8 | param=({'gamma': 0.006666666666666666, 'kernel': 'rbf', 'nu': 0.01}) | aux=FP=1.000, P95=0.0100, mean=0.0100
[Tucker+OCSVM] AUC=0.5000 Boot: mean:0.5000 std:0.0000, CI(0.5000–0.5000) | 
[Tucker+OCSVM] R=(64, 16, 5) peak_rss_mb=5456.3 | peak_workingset_mb=8135.7 | peak_cuda_mb=130.0 | cpu_time_sec=71.59
[Tucker+AE] best_param=(1, 16) best_obj=1.0 Elapsed: 7.45
[Tucker+AE] (global) Final result Rank=(64, 16, 5) AUC=0.4897 ACC=0.796
[Tucker+AE] AUC=0.4897 Boot: mean:0.4904 std:0.0441, CI(0.3998–0.5760) | 
[Tucker+AE] R=(64, 16, 5) peak_rss_mb=5722.0 | peak_workingset_mb=8135.7 | peak_cuda_mb=130.0 | cpu_time_sec=341.56
[Tucker+IF] best_obj=0.007215 best_param: {'bootstrap': False, 'contamination': 0.05, 'max_features': 1.0, 'max_samples': 0.5, 'n_estimators': 50, 'n_jobs': -1, 'random_state': 42} Elapsed (CPU s): 334.84
[Tucker+IF] Final result rank=(64, 16, 5) AUC=0.5734 ACC=0.7 obj=0.00721483942414175| params={'bootstrap': False, 'contamination': 0.05, 'max_features': 1.0, 'max_samples': 0.5, 'n_estimators': 50, 'n_jobs': -1, 'random_state': 42} | thr=0.378897 | target_FP=0.050
[Tucker+IF] AUC=0.5734 Boot: mean:0.5756 std:0.0472, CI(0.4830–0.6679) | 
[Tucker+IF] R=(64, 16, 5) peak_rss_mb=5843.8 | peak_workingset_mb=8135.7 | peak_cuda_mb=130.0 | cpu_time_sec=335.28
Rank: 64 16 16
[Tucker only] R=(64, 16, 16) peak_rss_mb=6318.6 | peak_workingset_mb=8135.7 | peak_cuda_mb=1193.7 | cpu_time_sec=5741.62
[Tucker+OCSVM] (VAL one-class) chose {'gamma': 0.006666666666666666, 'kernel': 'rbf', 'nu': 0.01} best_obj:(FP=1.000, P95=0.0100, mean=0.0100) Elapsed: 71.19
[Tucker+OCSVM] Final result RANK=(64, 16, 16) AUC=0.5 | ACC=0.8 | param=({'gamma': 0.006666666666666666, 'kernel': 'rbf', 'nu': 0.01}) | aux=FP=1.000, P95=0.0100, mean=0.0100
[Tucker+OCSVM] AUC=0.5000 Boot: mean:0.5000 std:0.0000, CI(0.5000–0.5000) | 
[Tucker+OCSVM] R=(64, 16, 16) peak_rss_mb=830.4 | peak_workingset_mb=8135.7 | peak_cuda_mb=130.0 | cpu_time_sec=72.52
[Tucker+AE] best_param=(1, 16) best_obj=1.0 Elapsed: 23.92
[Tucker+AE] (global) Final result Rank=(64, 16, 16) AUC=0.4912 ACC=0.804
[Tucker+AE] AUC=0.4912 Boot: mean:0.4930 std:0.0489, CI(0.3966–0.5871) | 
[Tucker+AE] R=(64, 16, 16) peak_rss_mb=1332.8 | peak_workingset_mb=8135.7 | peak_cuda_mb=130.0 | cpu_time_sec=424.03
[Tucker+IF] best_obj=0.005000 best_param: {'bootstrap': False, 'contamination': 0.05, 'max_features': 0.5, 'max_samples': 0.5, 'n_estimators': 50, 'n_jobs': -1, 'random_state': 42} Elapsed (CPU s): 377.91
[Tucker+IF] Final result rank=(64, 16, 16) AUC=0.5629 ACC=0.7 obj=0.005| params={'bootstrap': False, 'contamination': 0.05, 'max_features': 0.5, 'max_samples': 0.5, 'n_estimators': 50, 'n_jobs': -1, 'random_state': 42} | thr=0.374911 | target_FP=0.050
[Tucker+IF] AUC=0.5629 Boot: mean:0.5646 std:0.0480, CI(0.4730–0.6616) | 
[Tucker+IF] R=(64, 16, 16) peak_rss_mb=1499.7 | peak_workingset_mb=8135.7 | peak_cuda_mb=130.0 | cpu_time_sec=378.59
Rank: 64 32 5
[Tucker only] R=(64, 32, 5) peak_rss_mb=1685.3 | peak_workingset_mb=8135.7 | peak_cuda_mb=151.7 | cpu_time_sec=159.58
[Tucker+OCSVM] (VAL one-class) chose {'gamma': 0.006666666666666666, 'kernel': 'rbf', 'nu': 0.01} best_obj:(FP=1.000, P95=0.0100, mean=0.0100) Elapsed: 81.06
[Tucker+OCSVM] Final result RANK=(64, 32, 5) AUC=0.5 | ACC=0.8 | param=({'gamma': 0.006666666666666666, 'kernel': 'rbf', 'nu': 0.01}) | aux=FP=1.000, P95=0.0100, mean=0.0100
[Tucker+OCSVM] AUC=0.5000 Boot: mean:0.5000 std:0.0000, CI(0.5000–0.5000) | 
[Tucker+OCSVM] R=(64, 32, 5) peak_rss_mb=1690.4 | peak_workingset_mb=8135.7 | peak_cuda_mb=130.0 | cpu_time_sec=84.66
[Tucker+AE] best_param=(1, 16) best_obj=1.0 Elapsed: 25.33
[Tucker+AE] (global) Final result Rank=(64, 32, 5) AUC=0.4294 ACC=0.796
[Tucker+AE] AUC=0.4294 Boot: mean:0.4296 std:0.0464, CI(0.3376–0.5223) | 
[Tucker+AE] R=(64, 32, 5) peak_rss_mb=2092.4 | peak_workingset_mb=8135.7 | peak_cuda_mb=130.0 | cpu_time_sec=410.89
[Tucker+IF] best_obj=0.005000 best_param: {'bootstrap': False, 'contamination': 0.05, 'max_features': 1.0, 'max_samples': 0.75, 'n_estimators': 50, 'n_jobs': -1, 'random_state': 42} Elapsed (CPU s): 388.89
[Tucker+IF] Final result rank=(64, 32, 5) AUC=0.5258 ACC=0.7 obj=0.005| params={'bootstrap': False, 'contamination': 0.05, 'max_features': 1.0, 'max_samples': 0.75, 'n_estimators': 50, 'n_jobs': -1, 'random_state': 42} | thr=0.358516 | target_FP=0.050
[Tucker+IF] AUC=0.5258 Boot: mean:0.5271 std:0.0431, CI(0.4423–0.6115) | 
[Tucker+IF] R=(64, 32, 5) peak_rss_mb=2233.7 | peak_workingset_mb=8135.7 | peak_cuda_mb=130.0 | cpu_time_sec=390.31
Rank: 64 32 16
[Tucker only] R=(64, 32, 16) peak_rss_mb=5808.4 | peak_workingset_mb=8135.7 | peak_cuda_mb=1194.2 | cpu_time_sec=6982.86
[Tucker+OCSVM] (VAL one-class) chose {'gamma': 0.006666666666666666, 'kernel': 'rbf', 'nu': 0.01} best_obj:(FP=1.000, P95=0.0100, mean=0.0100) Elapsed: 79.55
[Tucker+OCSVM] Final result RANK=(64, 32, 16) AUC=0.5 | ACC=0.8 | param=({'gamma': 0.006666666666666666, 'kernel': 'rbf', 'nu': 0.01}) | aux=FP=1.000, P95=0.0100, mean=0.0100
[Tucker+OCSVM] AUC=0.5000 Boot: mean:0.5000 std:0.0000, CI(0.5000–0.5000) | 
[Tucker+OCSVM] R=(64, 32, 16) peak_rss_mb=2483.9 | peak_workingset_mb=8135.7 | peak_cuda_mb=130.0 | cpu_time_sec=82.97
[Tucker+AE] best_param=(1, 16) best_obj=1.0 Elapsed: 32.31
[Tucker+AE] (global) Final result Rank=(64, 32, 16) AUC=0.481 ACC=0.804
[Tucker+AE] AUC=0.4810 Boot: mean:0.4817 std:0.0463, CI(0.3885–0.5662) | 
[Tucker+AE] R=(64, 32, 16) peak_rss_mb=2806.1 | peak_workingset_mb=8135.7 | peak_cuda_mb=130.0 | cpu_time_sec=482.11
[Tucker+IF] best_obj=0.005000 best_param: {'bootstrap': False, 'contamination': 0.05, 'max_features': 0.5, 'max_samples': 0.75, 'n_estimators': 50, 'n_jobs': -1, 'random_state': 42} Elapsed (CPU s): 1257.17
[Tucker+IF] Final result rank=(64, 32, 16) AUC=0.4827 ACC=0.688 obj=0.005| params={'bootstrap': False, 'contamination': 0.05, 'max_features': 0.5, 'max_samples': 0.75, 'n_estimators': 50, 'n_jobs': -1, 'random_state': 42} | thr=0.340174 | target_FP=0.050
[Tucker+IF] AUC=0.4827 Boot: mean:0.4842 std:0.0447, CI(0.3974–0.5722) | 
[Tucker+IF] R=(64, 32, 16) peak_rss_mb=6135.4 | peak_workingset_mb=8135.7 | peak_cuda_mb=130.0 | cpu_time_sec=1264.84
Rank: 64 64 5
[Tucker only] R=(64, 64, 5) peak_rss_mb=6799.7 | peak_workingset_mb=8135.7 | peak_cuda_mb=153.1 | cpu_time_sec=210.78
[Tucker+OCSVM] (VAL one-class) chose {'gamma': 0.006666666666666666, 'kernel': 'rbf', 'nu': 0.01} best_obj:(FP=1.000, P95=0.0100, mean=0.0100) Elapsed: 74.75
[Tucker+OCSVM] Final result RANK=(64, 64, 5) AUC=0.5 | ACC=0.8 | param=({'gamma': 0.006666666666666666, 'kernel': 'rbf', 'nu': 0.01}) | aux=FP=1.000, P95=0.0100, mean=0.0100
[Tucker+OCSVM] AUC=0.5000 Boot: mean:0.5000 std:0.0000, CI(0.5000–0.5000) | 
[Tucker+OCSVM] R=(64, 64, 5) peak_rss_mb=6747.2 | peak_workingset_mb=8135.7 | peak_cuda_mb=130.0 | cpu_time_sec=82.75
[Tucker+AE] best_param=(1, 16) best_obj=1.0 Elapsed: 69.83
[Tucker+AE] (global) Final result Rank=(64, 64, 5) AUC=0.4684 ACC=0.796
[Tucker+AE] AUC=0.4684 Boot: mean:0.4669 std:0.0455, CI(0.3793–0.5558) | 
[Tucker+AE] R=(64, 64, 5) peak_rss_mb=7042.9 | peak_workingset_mb=8135.7 | peak_cuda_mb=130.0 | cpu_time_sec=696.58
[Tucker+IF] best_obj=0.011645 best_param: {'bootstrap': True, 'contamination': 0.05, 'max_features': 1.0, 'max_samples': 0.5, 'n_estimators': 50, 'n_jobs': -1, 'random_state': 42} Elapsed (CPU s): 473.36
[Tucker+IF] Final result rank=(64, 64, 5) AUC=0.5379 ACC=0.668 obj=0.01164451827242525| params={'bootstrap': True, 'contamination': 0.05, 'max_features': 1.0, 'max_samples': 0.5, 'n_estimators': 50, 'n_jobs': -1, 'random_state': 42} | thr=0.377679 | target_FP=0.050
[Tucker+IF] AUC=0.5379 Boot: mean:0.5389 std:0.0457, CI(0.4480–0.6257) | 
[Tucker+IF] R=(64, 64, 5) peak_rss_mb=4180.4 | peak_workingset_mb=8135.7 | peak_cuda_mb=130.0 | cpu_time_sec=479.14
Rank: 64 64 16
[Tucker only] R=(64, 64, 16) peak_rss_mb=4509.0 | peak_workingset_mb=8135.7 | peak_cuda_mb=1188.0 | cpu_time_sec=11017.53
[Tucker+OCSVM] (VAL one-class) chose {'gamma': 0.006666666666666666, 'kernel': 'rbf', 'nu': 0.01} best_obj:(FP=1.000, P95=0.0100, mean=0.0100) Elapsed: 76.59
[Tucker+OCSVM] Final result RANK=(64, 64, 16) AUC=0.5 | ACC=0.8 | param=({'gamma': 0.006666666666666666, 'kernel': 'rbf', 'nu': 0.01}) | aux=FP=1.000, P95=0.0100, mean=0.0100
[Tucker+OCSVM] AUC=0.5000 Boot: mean:0.5000 std:0.0000, CI(0.5000–0.5000) | 
[Tucker+OCSVM] R=(64, 64, 16) peak_rss_mb=1466.9 | peak_workingset_mb=8135.7 | peak_cuda_mb=130.0 | cpu_time_sec=82.61
[Tucker+AE] best_param=(1, 16) best_obj=1.0 Elapsed: 81.42
[Tucker+AE] (global) Final result Rank=(64, 64, 16) AUC=0.4922 ACC=0.796
[Tucker+AE] AUC=0.4922 Boot: mean:0.4928 std:0.0425, CI(0.4114–0.5755) | 
[Tucker+AE] R=(64, 64, 16) peak_rss_mb=2094.1 | peak_workingset_mb=8135.7 | peak_cuda_mb=130.0 | cpu_time_sec=558.69
[Tucker+IF] best_obj=0.005000 best_param: {'bootstrap': False, 'contamination': 0.05, 'max_features': 0.75, 'max_samples': 0.5, 'n_estimators': 50, 'n_jobs': -1, 'random_state': 42} Elapsed (CPU s): 462.03
[Tucker+IF] Final result rank=(64, 64, 16) AUC=0.5027 ACC=0.596 obj=0.005| params={'bootstrap': False, 'contamination': 0.05, 'max_features': 0.75, 'max_samples': 0.5, 'n_estimators': 50, 'n_jobs': -1, 'random_state': 42} | thr=0.339299 | target_FP=0.050
[Tucker+IF] AUC=0.5027 Boot: mean:0.5050 std:0.0433, CI(0.4182–0.5899) | 
[Tucker+IF] R=(64, 64, 16) peak_rss_mb=2250.1 | peak_workingset_mb=8135.7 | peak_cuda_mb=130.0 | cpu_time_sec=467.06