TensorLy backend: PyTorch (CUDA)
Rank search
Split seed: 5
[TRAIN] N=1500, NaNs=False, Infs=False
[TRAIN] min=-4.229620, max=5.458745
[VAL] N=301, NaNs=False, Infs=False
[VAL] min=-4.201517, max=6.049192
[FINAL] N=250, NaNs=False, Infs=False
[FINAL] min=-4.032901, max=7.377697
Rank: 5 5 5
[Tucker only] R=(5, 5, 5) peak_rss_mb=2365.5 | peak_workingset_mb=8135.7 | peak_cuda_mb=149.8 | cpu_time_sec=67.11
[Tucker+OCSVM] (VAL one-class) chose {'gamma': 0.0008, 'kernel': 'rbf', 'nu': 0.01} best_obj:(FP=0.196, P95=2.1145, mean=-1.1033) Elapsed: 2.31
[Tucker+OCSVM] Final result RANK=(5, 5, 5) AUC=0.656 | ACC=0.804 | param=({'gamma': 0.0008, 'kernel': 'rbf', 'nu': 0.01}) | aux=FP=0.196, P95=2.1145, mean=-1.1033
[Tucker+OCSVM] AUC=0.6560 Boot: mean:0.6555 std:0.0439, CI(0.5711–0.7381) | 
[Tucker+OCSVM] R=(5, 5, 5) peak_rss_mb=1620.1 | peak_workingset_mb=8135.7 | peak_cuda_mb=130.0 | cpu_time_sec=5.59
[Tucker+AE] best_param=(3, 16) best_obj=0.23643410852713184 Elapsed: 10.3
[Tucker+AE] (global) Final result Rank=(5, 5, 5) AUC=0.6594 ACC=0.804
[Tucker+AE] AUC=0.6594 Boot: mean:0.6587 std:0.0440, CI(0.5736–0.7395) | 
[Tucker+AE] R=(5, 5, 5) peak_rss_mb=1805.3 | peak_workingset_mb=8135.7 | peak_cuda_mb=130.0 | cpu_time_sec=127.94
[Tucker+IF] best_obj=0.167791 best_param: {'bootstrap': True, 'contamination': 0.05, 'max_features': 0.75, 'max_samples': 0.5, 'n_estimators': 50, 'n_jobs': -1, 'random_state': 42} Elapsed (CPU s): 180.83
[Tucker+IF] Final result rank=(5, 5, 5) AUC=0.6572 ACC=0.804 obj=0.1677906976744186| params={'bootstrap': True, 'contamination': 0.05, 'max_features': 0.75, 'max_samples': 0.5, 'n_estimators': 50, 'n_jobs': -1, 'random_state': 42} | thr=0.583262 | target_FP=0.050
[Tucker+IF] AUC=0.6572 Boot: mean:0.6567 std:0.0433, CI(0.5713–0.7383) | 
[Tucker+IF] R=(5, 5, 5) peak_rss_mb=1854.9 | peak_workingset_mb=8135.7 | peak_cuda_mb=130.0 | cpu_time_sec=183.30
Rank: 5 5 16
[Tucker only] R=(5, 5, 16) peak_rss_mb=5160.8 | peak_workingset_mb=8135.7 | peak_cuda_mb=1193.2 | cpu_time_sec=5528.98
[Tucker+OCSVM] (VAL one-class) chose {'gamma': 0.0006666666666666668, 'kernel': 'rbf', 'nu': 0.01} best_obj:(FP=0.206, P95=1.9629, mean=-0.9690) Elapsed: 2.45
[Tucker+OCSVM] Final result RANK=(5, 5, 16) AUC=0.6319 | ACC=0.804 | param=({'gamma': 0.0006666666666666668, 'kernel': 'rbf', 'nu': 0.01}) | aux=FP=0.206, P95=1.9629, mean=-0.9690
[Tucker+OCSVM] AUC=0.6319 Boot: mean:0.6312 std:0.0442, CI(0.5458–0.7161) | 
[Tucker+OCSVM] R=(5, 5, 16) peak_rss_mb=1903.9 | peak_workingset_mb=8135.7 | peak_cuda_mb=130.0 | cpu_time_sec=5.17
[Tucker+AE] best_param=(3, 16) best_obj=0.23975636766334443 Elapsed: 9.8
[Tucker+AE] (global) Final result Rank=(5, 5, 16) AUC=0.6339 ACC=0.804
[Tucker+AE] AUC=0.6339 Boot: mean:0.6331 std:0.0437, CI(0.5493–0.7189) | 
[Tucker+AE] R=(5, 5, 16) peak_rss_mb=2051.4 | peak_workingset_mb=8135.7 | peak_cuda_mb=130.0 | cpu_time_sec=117.25
[Tucker+IF] best_obj=0.172220 best_param: {'bootstrap': False, 'contamination': 0.05, 'max_features': 0.75, 'max_samples': 0.5, 'n_estimators': 50, 'n_jobs': -1, 'random_state': 42} Elapsed (CPU s): 165.34
[Tucker+IF] Final result rank=(5, 5, 16) AUC=0.6364 ACC=0.804 obj=0.17222037652270208| params={'bootstrap': False, 'contamination': 0.05, 'max_features': 0.75, 'max_samples': 0.5, 'n_estimators': 50, 'n_jobs': -1, 'random_state': 42} | thr=0.545662 | target_FP=0.050
[Tucker+IF] AUC=0.6364 Boot: mean:0.6356 std:0.0432, CI(0.5507–0.7214) | 
[Tucker+IF] R=(5, 5, 16) peak_rss_mb=2089.4 | peak_workingset_mb=8135.7 | peak_cuda_mb=130.0 | cpu_time_sec=167.39
Rank: 5 16 5
[Tucker only] R=(5, 16, 5) peak_rss_mb=2113.2 | peak_workingset_mb=8135.7 | peak_cuda_mb=149.8 | cpu_time_sec=82.73
[Tucker+OCSVM] (VAL one-class) chose {'gamma': 0.00025, 'kernel': 'rbf', 'nu': 0.01} best_obj:(FP=0.302, P95=2.0637, mean=-0.3469) Elapsed: 7.27
[Tucker+OCSVM] Final result RANK=(5, 16, 5) AUC=0.5558 | ACC=0.804 | param=({'gamma': 0.00025, 'kernel': 'rbf', 'nu': 0.01}) | aux=FP=0.302, P95=2.0637, mean=-0.3469
[Tucker+OCSVM] AUC=0.5558 Boot: mean:0.5557 std:0.0480, CI(0.4605–0.6454) | 
[Tucker+OCSVM] R=(5, 16, 5) peak_rss_mb=2125.8 | peak_workingset_mb=8135.7 | peak_cuda_mb=130.0 | cpu_time_sec=9.25
[Tucker+AE] best_param=(2, 16) best_obj=0.3167220376522702 Elapsed: 40.5
[Tucker+AE] (global) Final result Rank=(5, 16, 5) AUC=0.5572 ACC=0.804
[Tucker+AE] AUC=0.5572 Boot: mean:0.5572 std:0.0481, CI(0.4597–0.6488) | 
[Tucker+AE] R=(5, 16, 5) peak_rss_mb=2375.3 | peak_workingset_mb=8135.7 | peak_cuda_mb=130.0 | cpu_time_sec=323.00
[Tucker+IF] best_obj=0.210980 best_param: {'bootstrap': True, 'contamination': 0.05, 'max_features': 0.5, 'max_samples': 0.5, 'n_estimators': 50, 'n_jobs': -1, 'random_state': 42} Elapsed (CPU s): 790.62
[Tucker+IF] Final result rank=(5, 16, 5) AUC=0.5344 ACC=0.792 obj=0.21098006644518275| params={'bootstrap': True, 'contamination': 0.05, 'max_features': 0.5, 'max_samples': 0.5, 'n_estimators': 50, 'n_jobs': -1, 'random_state': 42} | thr=0.540067 | target_FP=0.050
[Tucker+IF] AUC=0.5344 Boot: mean:0.5344 std:0.0452, CI(0.4442–0.6204) | 
[Tucker+IF] R=(5, 16, 5) peak_rss_mb=6221.1 | peak_workingset_mb=8135.7 | peak_cuda_mb=130.0 | cpu_time_sec=797.81
Rank: 5 16 16
[Tucker only] R=(5, 16, 16) peak_rss_mb=9344.8 | peak_workingset_mb=9377.3 | peak_cuda_mb=1193.5 | cpu_time_sec=5515.70
[Tucker+OCSVM] (VAL one-class) chose {'gamma': 0.00020833333333333335, 'kernel': 'rbf', 'nu': 0.01} best_obj:(FP=0.382, P95=2.0337, mean=-0.0954) Elapsed: 9.5
[Tucker+OCSVM] Final result RANK=(5, 16, 16) AUC=0.5286 | ACC=0.804 | param=({'gamma': 0.00020833333333333335, 'kernel': 'rbf', 'nu': 0.01}) | aux=FP=0.382, P95=2.0337, mean=-0.0954
[Tucker+OCSVM] AUC=0.5286 Boot: mean:0.5282 std:0.0480, CI(0.4336–0.6190) | 
[Tucker+OCSVM] R=(5, 16, 16) peak_rss_mb=6148.7 | peak_workingset_mb=9377.3 | peak_cuda_mb=130.0 | cpu_time_sec=16.19
[Tucker+AE] best_param=(3, 16) best_obj=0.3970099667774086 Elapsed: 41.0
[Tucker+AE] (global) Final result Rank=(5, 16, 16) AUC=0.5291 ACC=0.804
[Tucker+AE] AUC=0.5291 Boot: mean:0.5288 std:0.0480, CI(0.4344–0.6211) | 
[Tucker+AE] R=(5, 16, 16) peak_rss_mb=6334.5 | peak_workingset_mb=9377.3 | peak_cuda_mb=130.0 | cpu_time_sec=304.87
[Tucker+IF] best_obj=0.237004 best_param: {'bootstrap': True, 'contamination': 0.05, 'max_features': 1.0, 'max_samples': 1.0, 'n_estimators': 50, 'n_jobs': -1, 'random_state': 42} Elapsed (CPU s): 271.23
[Tucker+IF] Final result rank=(5, 16, 16) AUC=0.5331 ACC=0.8 obj=0.23700442967884827| params={'bootstrap': True, 'contamination': 0.05, 'max_features': 1.0, 'max_samples': 1.0, 'n_estimators': 50, 'n_jobs': -1, 'random_state': 42} | thr=0.536768 | target_FP=0.050
[Tucker+IF] AUC=0.5331 Boot: mean:0.5323 std:0.0455, CI(0.4435–0.6182) | 
[Tucker+IF] R=(5, 16, 16) peak_rss_mb=6386.7 | peak_workingset_mb=9377.3 | peak_cuda_mb=130.0 | cpu_time_sec=276.84
Rank: 5 32 5
[Tucker only] R=(5, 32, 5) peak_rss_mb=6387.3 | peak_workingset_mb=9377.3 | peak_cuda_mb=149.4 | cpu_time_sec=92.14
[Tucker+OCSVM] (VAL one-class) chose {'gamma': 0.000125, 'kernel': 'rbf', 'nu': 0.01} best_obj:(FP=0.811, P95=3.3759, mean=0.9930) Elapsed: 17.3
[Tucker+OCSVM] Final result RANK=(5, 32, 5) AUC=0.3589 | ACC=0.8 | param=({'gamma': 0.000125, 'kernel': 'rbf', 'nu': 0.01}) | aux=FP=0.811, P95=3.3759, mean=0.9930
[Tucker+OCSVM] AUC=0.3589 Boot: mean:0.3589 std:0.0409, CI(0.2788–0.4398) | 
[Tucker+OCSVM] R=(5, 32, 5) peak_rss_mb=6402.5 | peak_workingset_mb=9377.3 | peak_cuda_mb=130.0 | cpu_time_sec=21.94
[Tucker+AE] best_param=(2, 16) best_obj=0.7790697674418605 Elapsed: 39.91
[Tucker+AE] (global) Final result Rank=(5, 32, 5) AUC=0.3609 ACC=0.8
[Tucker+AE] AUC=0.3609 Boot: mean:0.3610 std:0.0409, CI(0.2804–0.4417) | 
[Tucker+AE] R=(5, 32, 5) peak_rss_mb=6399.1 | peak_workingset_mb=9377.3 | peak_cuda_mb=130.0 | cpu_time_sec=375.97
[Tucker+IF] best_obj=0.472331 best_param: {'bootstrap': True, 'contamination': 0.05, 'max_features': 1.0, 'max_samples': 0.5, 'n_estimators': 50, 'n_jobs': -1, 'random_state': 42} Elapsed (CPU s): 320.69
[Tucker+IF] Final result rank=(5, 32, 5) AUC=0.3939 ACC=0.68 obj=0.4723311184939093| params={'bootstrap': True, 'contamination': 0.05, 'max_features': 1.0, 'max_samples': 0.5, 'n_estimators': 50, 'n_jobs': -1, 'random_state': 42} | thr=0.528254 | target_FP=0.050
[Tucker+IF] AUC=0.3939 Boot: mean:0.3936 std:0.0420, CI(0.3130–0.4776) | 
[Tucker+IF] R=(5, 32, 5) peak_rss_mb=2529.2 | peak_workingset_mb=9377.3 | peak_cuda_mb=130.0 | cpu_time_sec=325.44
Rank: 5 32 16
[Tucker only] R=(5, 32, 16) peak_rss_mb=4034.5 | peak_workingset_mb=9377.3 | peak_cuda_mb=1191.6 | cpu_time_sec=5312.00
[Tucker+OCSVM] (VAL one-class) chose {'gamma': 0.00010416666666666667, 'kernel': 'rbf', 'nu': 0.01} best_obj:(FP=0.990, P95=4.2098, mean=1.8961) Elapsed: 21.27
[Tucker+OCSVM] Final result RANK=(5, 32, 16) AUC=0.5165 | ACC=0.804 | param=({'gamma': 0.00010416666666666667, 'kernel': 'rbf', 'nu': 0.01}) | aux=FP=0.990, P95=4.2098, mean=1.8961
[Tucker+OCSVM] AUC=0.5165 Boot: mean:0.5162 std:0.0474, CI(0.4225–0.6063) | 
[Tucker+OCSVM] R=(5, 32, 16) peak_rss_mb=530.1 | peak_workingset_mb=9377.3 | peak_cuda_mb=130.0 | cpu_time_sec=25.47
[Tucker+AE] best_param=(2, 16) best_obj=0.9800664451827242 Elapsed: 37.83
[Tucker+AE] (global) Final result Rank=(5, 32, 16) AUC=0.5178 ACC=0.804
[Tucker+AE] AUC=0.5178 Boot: mean:0.5175 std:0.0473, CI(0.4239–0.6085) | 
[Tucker+AE] R=(5, 32, 16) peak_rss_mb=1057.3 | peak_workingset_mb=9377.3 | peak_cuda_mb=130.0 | cpu_time_sec=306.17
[Tucker+IF] best_obj=0.666130 best_param: {'bootstrap': True, 'contamination': 0.05, 'max_features': 1.0, 'max_samples': 1.0, 'n_estimators': 50, 'n_jobs': -1, 'random_state': 42} Elapsed (CPU s): 329.94
[Tucker+IF] Final result rank=(5, 32, 16) AUC=0.4785 ACC=0.76 obj=0.6661295681063123| params={'bootstrap': True, 'contamination': 0.05, 'max_features': 1.0, 'max_samples': 1.0, 'n_estimators': 50, 'n_jobs': -1, 'random_state': 42} | thr=0.545590 | target_FP=0.050
[Tucker+IF] AUC=0.4785 Boot: mean:0.4776 std:0.0457, CI(0.3861–0.5668) | 
[Tucker+IF] R=(5, 32, 16) peak_rss_mb=1138.6 | peak_workingset_mb=9377.3 | peak_cuda_mb=130.0 | cpu_time_sec=332.98
Rank: 5 64 5
[Tucker only] R=(5, 64, 5) peak_rss_mb=1189.9 | peak_workingset_mb=9377.3 | peak_cuda_mb=150.4 | cpu_time_sec=115.23
[Tucker+OCSVM] (VAL one-class) chose {'gamma': 0.006666666666666666, 'kernel': 'rbf', 'nu': 0.01} best_obj:(FP=1.000, P95=0.0100, mean=0.0100) Elapsed: 78.38
[Tucker+OCSVM] Final result RANK=(5, 64, 5) AUC=0.5 | ACC=0.8 | param=({'gamma': 0.006666666666666666, 'kernel': 'rbf', 'nu': 0.01}) | aux=FP=1.000, P95=0.0100, mean=0.0100
[Tucker+OCSVM] AUC=0.5000 Boot: mean:0.5000 std:0.0000, CI(0.5000–0.5000) | 
[Tucker+OCSVM] R=(5, 64, 5) peak_rss_mb=1254.4 | peak_workingset_mb=9377.3 | peak_cuda_mb=130.0 | cpu_time_sec=82.09
[Tucker+AE] best_param=(1, 16) best_obj=1.0 Elapsed: 35.91
[Tucker+AE] (global) Final result Rank=(5, 64, 5) AUC=0.4163 ACC=0.796
[Tucker+AE] AUC=0.4163 Boot: mean:0.4162 std:0.0420, CI(0.3307–0.4957) | 
[Tucker+AE] R=(5, 64, 5) peak_rss_mb=1683.4 | peak_workingset_mb=9377.3 | peak_cuda_mb=130.0 | cpu_time_sec=420.78
[Tucker+IF] best_obj=0.977868 best_param: {'bootstrap': False, 'contamination': 0.05, 'max_features': 0.75, 'max_samples': 0.75, 'n_estimators': 50, 'n_jobs': -1, 'random_state': 42} Elapsed (CPU s): 1187.95
[Tucker+IF] Final result rank=(5, 64, 5) AUC=0.3225 ACC=0.64 obj=0.9778682170542636| params={'bootstrap': False, 'contamination': 0.05, 'max_features': 0.75, 'max_samples': 0.75, 'n_estimators': 50, 'n_jobs': -1, 'random_state': 42} | thr=0.596220 | target_FP=0.050
[Tucker+IF] AUC=0.3225 Boot: mean:0.3229 std:0.0394, CI(0.2499–0.4021) | 
[Tucker+IF] R=(5, 64, 5) peak_rss_mb=1846.1 | peak_workingset_mb=9377.3 | peak_cuda_mb=130.0 | cpu_time_sec=1190.59
Rank: 5 64 16
[Tucker only] R=(5, 64, 16) peak_rss_mb=4723.3 | peak_workingset_mb=9377.3 | peak_cuda_mb=662.5 | cpu_time_sec=5572.03
[Tucker+OCSVM] (VAL one-class) chose {'gamma': 0.006666666666666666, 'kernel': 'rbf', 'nu': 0.01} best_obj:(FP=1.000, P95=0.0100, mean=0.0100) Elapsed: 75.56
[Tucker+OCSVM] Final result RANK=(5, 64, 16) AUC=0.5 | ACC=0.8 | param=({'gamma': 0.006666666666666666, 'kernel': 'rbf', 'nu': 0.01}) | aux=FP=1.000, P95=0.0100, mean=0.0100
[Tucker+OCSVM] AUC=0.5000 Boot: mean:0.5000 std:0.0000, CI(0.5000–0.5000) | 
[Tucker+OCSVM] R=(5, 64, 16) peak_rss_mb=1767.1 | peak_workingset_mb=9377.3 | peak_cuda_mb=130.0 | cpu_time_sec=78.97
[Tucker+AE] best_param=(1, 16) best_obj=1.0 Elapsed: 60.61
[Tucker+AE] (global) Final result Rank=(5, 64, 16) AUC=0.4167 ACC=0.804
[Tucker+AE] AUC=0.4167 Boot: mean:0.4187 std:0.0448, CI(0.3346–0.5106) | 
[Tucker+AE] R=(5, 64, 16) peak_rss_mb=2156.4 | peak_workingset_mb=9377.3 | peak_cuda_mb=130.0 | cpu_time_sec=415.27
[Tucker+IF] best_obj=0.843870 best_param: {'bootstrap': True, 'contamination': 0.05, 'max_features': 0.75, 'max_samples': 0.5, 'n_estimators': 50, 'n_jobs': -1, 'random_state': 42} Elapsed (CPU s): 396.62
[Tucker+IF] Final result rank=(5, 64, 16) AUC=0.4899 ACC=0.8 obj=0.8438704318936876| params={'bootstrap': True, 'contamination': 0.05, 'max_features': 0.75, 'max_samples': 0.5, 'n_estimators': 50, 'n_jobs': -1, 'random_state': 42} | thr=0.551513 | target_FP=0.050
[Tucker+IF] AUC=0.4899 Boot: mean:0.4894 std:0.0503, CI(0.3911–0.5883) | 
[Tucker+IF] R=(5, 64, 16) peak_rss_mb=2301.6 | peak_workingset_mb=9377.3 | peak_cuda_mb=130.0 | cpu_time_sec=399.00
Rank: 16 5 5
[Tucker only] R=(16, 5, 5) peak_rss_mb=2215.8 | peak_workingset_mb=9377.3 | peak_cuda_mb=150.2 | cpu_time_sec=82.88
[Tucker+OCSVM] (VAL one-class) chose {'gamma': 0.00025, 'kernel': 'rbf', 'nu': 0.01} best_obj:(FP=0.302, P95=1.6449, mean=-0.2767) Elapsed: 6.88
[Tucker+OCSVM] Final result RANK=(16, 5, 5) AUC=0.5501 | ACC=0.804 | param=({'gamma': 0.00025, 'kernel': 'rbf', 'nu': 0.01}) | aux=FP=0.302, P95=1.6449, mean=-0.2767
[Tucker+OCSVM] AUC=0.5501 Boot: mean:0.5487 std:0.0519, CI(0.4483–0.6512) | 
[Tucker+OCSVM] R=(16, 5, 5) peak_rss_mb=2188.1 | peak_workingset_mb=9377.3 | peak_cuda_mb=130.0 | cpu_time_sec=9.02
[Tucker+AE] best_param=(3, 16) best_obj=0.31561461794019935 Elapsed: 16.8
[Tucker+AE] (global) Final result Rank=(16, 5, 5) AUC=0.5524 ACC=0.804
[Tucker+AE] AUC=0.5524 Boot: mean:0.5508 std:0.0519, CI(0.4506–0.6532) | 
[Tucker+AE] R=(16, 5, 5) peak_rss_mb=2360.2 | peak_workingset_mb=9377.3 | peak_cuda_mb=130.0 | cpu_time_sec=128.97
[Tucker+IF] best_obj=0.223715 best_param: {'bootstrap': True, 'contamination': 0.05, 'max_features': 0.75, 'max_samples': 0.5, 'n_estimators': 50, 'n_jobs': -1, 'random_state': 42} Elapsed (CPU s): 191.62
[Tucker+IF] Final result rank=(16, 5, 5) AUC=0.5405 ACC=0.792 obj=0.2237153931339978| params={'bootstrap': True, 'contamination': 0.05, 'max_features': 0.75, 'max_samples': 0.5, 'n_estimators': 50, 'n_jobs': -1, 'random_state': 42} | thr=0.535058 | target_FP=0.050
[Tucker+IF] AUC=0.5405 Boot: mean:0.5388 std:0.0518, CI(0.4371–0.6405) | 
[Tucker+IF] R=(16, 5, 5) peak_rss_mb=2382.4 | peak_workingset_mb=9377.3 | peak_cuda_mb=130.0 | cpu_time_sec=192.98
Rank: 16 5 16
[Tucker only] R=(16, 5, 16) peak_rss_mb=5779.3 | peak_workingset_mb=9377.3 | peak_cuda_mb=1193.2 | cpu_time_sec=5254.09
[Tucker+OCSVM] (VAL one-class) chose {'gamma': 0.00020833333333333335, 'kernel': 'rbf', 'nu': 0.01} best_obj:(FP=0.425, P95=1.7307, mean=-0.0321) Elapsed: 12.2
[Tucker+OCSVM] Final result RANK=(16, 5, 16) AUC=0.52 | ACC=0.804 | param=({'gamma': 0.00020833333333333335, 'kernel': 'rbf', 'nu': 0.01}) | aux=FP=0.425, P95=1.7307, mean=-0.0321
[Tucker+OCSVM] AUC=0.5200 Boot: mean:0.5183 std:0.0503, CI(0.4211–0.6177) | 
[Tucker+OCSVM] R=(16, 5, 16) peak_rss_mb=2172.9 | peak_workingset_mb=9377.3 | peak_cuda_mb=130.0 | cpu_time_sec=14.25
[Tucker+AE] best_param=(3, 16) best_obj=0.41085271317829464 Elapsed: 17.17
[Tucker+AE] (global) Final result Rank=(16, 5, 16) AUC=0.5238 ACC=0.808
[Tucker+AE] AUC=0.5238 Boot: mean:0.5220 std:0.0506, CI(0.4248–0.6211) | 
[Tucker+AE] R=(16, 5, 16) peak_rss_mb=2423.1 | peak_workingset_mb=9377.3 | peak_cuda_mb=130.0 | cpu_time_sec=146.88
[Tucker+IF] best_obj=0.250847 best_param: {'bootstrap': False, 'contamination': 0.05, 'max_features': 1.0, 'max_samples': 1.0, 'n_estimators': 50, 'n_jobs': -1, 'random_state': 42} Elapsed (CPU s): 180.61
[Tucker+IF] Final result rank=(16, 5, 16) AUC=0.5356 ACC=0.78 obj=0.25084717607973417| params={'bootstrap': False, 'contamination': 0.05, 'max_features': 1.0, 'max_samples': 1.0, 'n_estimators': 50, 'n_jobs': -1, 'random_state': 42} | thr=0.503135 | target_FP=0.050
[Tucker+IF] AUC=0.5356 Boot: mean:0.5340 std:0.0473, CI(0.4427–0.6308) | 
[Tucker+IF] R=(16, 5, 16) peak_rss_mb=2486.6 | peak_workingset_mb=9377.3 | peak_cuda_mb=130.0 | cpu_time_sec=181.53
Rank: 16 16 5
[Tucker only] R=(16, 16, 5) peak_rss_mb=2529.3 | peak_workingset_mb=9377.3 | peak_cuda_mb=150.2 | cpu_time_sec=99.39
[Tucker+OCSVM] (VAL one-class) chose {'gamma': 0.0078125, 'kernel': 'rbf', 'nu': 0.01} best_obj:(FP=1.000, P95=0.0100, mean=0.0100) Elapsed: 55.8
[Tucker+OCSVM] Final result RANK=(16, 16, 5) AUC=0.47 | ACC=0.8 | param=({'gamma': 0.0078125, 'kernel': 'rbf', 'nu': 0.01}) | aux=FP=1.000, P95=0.0100, mean=0.0100
[Tucker+OCSVM] AUC=0.4700 Boot: mean:0.4693 std:0.0167, CI(0.4300–0.5000) | 
[Tucker+OCSVM] R=(16, 16, 5) peak_rss_mb=7952.8 | peak_workingset_mb=9377.3 | peak_cuda_mb=130.0 | cpu_time_sec=63.95
[Tucker+AE] best_param=(1, 16) best_obj=1.0 Elapsed: 40.95
[Tucker+AE] (global) Final result Rank=(16, 16, 5) AUC=0.554 ACC=0.82
[Tucker+AE] AUC=0.5540 Boot: mean:0.5537 std:0.0535, CI(0.4462–0.6573) | 
[Tucker+AE] R=(16, 16, 5) peak_rss_mb=8166.9 | peak_workingset_mb=9377.3 | peak_cuda_mb=130.0 | cpu_time_sec=562.91
[Tucker+IF] best_obj=0.908101 best_param: {'bootstrap': True, 'contamination': 0.05, 'max_features': 1.0, 'max_samples': 0.5, 'n_estimators': 50, 'n_jobs': -1, 'random_state': 42} Elapsed (CPU s): 455.14
[Tucker+IF] Final result rank=(16, 16, 5) AUC=0.5193 ACC=0.788 obj=0.9081007751937984| params={'bootstrap': True, 'contamination': 0.05, 'max_features': 1.0, 'max_samples': 0.5, 'n_estimators': 50, 'n_jobs': -1, 'random_state': 42} | thr=0.581426 | target_FP=0.050
[Tucker+IF] AUC=0.5193 Boot: mean:0.5188 std:0.0534, CI(0.4102–0.6229) | 
[Tucker+IF] R=(16, 16, 5) peak_rss_mb=8222.8 | peak_workingset_mb=9377.3 | peak_cuda_mb=130.0 | cpu_time_sec=461.94
Rank: 16 16 16
[Tucker only] R=(16, 16, 16) peak_rss_mb=9502.1 | peak_workingset_mb=9539.4 | peak_cuda_mb=1193.5 | cpu_time_sec=5282.41
[Tucker+OCSVM] (VAL one-class) chose {'gamma': 0.006666666666666666, 'kernel': 'rbf', 'nu': 0.01} best_obj:(FP=1.000, P95=0.0100, mean=0.0100) Elapsed: 77.89
[Tucker+OCSVM] Final result RANK=(16, 16, 16) AUC=0.5 | ACC=0.8 | param=({'gamma': 0.006666666666666666, 'kernel': 'rbf', 'nu': 0.01}) | aux=FP=1.000, P95=0.0100, mean=0.0100
[Tucker+OCSVM] AUC=0.5000 Boot: mean:0.5000 std:0.0000, CI(0.5000–0.5000) | 
[Tucker+OCSVM] R=(16, 16, 16) peak_rss_mb=614.3 | peak_workingset_mb=9539.4 | peak_cuda_mb=130.0 | cpu_time_sec=85.80
[Tucker+AE] best_param=(1, 16) best_obj=1.0 Elapsed: 49.72
[Tucker+AE] (global) Final result Rank=(16, 16, 16) AUC=0.4517 ACC=0.812
[Tucker+AE] AUC=0.4517 Boot: mean:0.4521 std:0.0458, CI(0.3625–0.5438) | 
[Tucker+AE] R=(16, 16, 16) peak_rss_mb=1280.4 | peak_workingset_mb=9539.4 | peak_cuda_mb=130.0 | cpu_time_sec=536.09
[Tucker+IF] best_obj=0.992265 best_param: {'bootstrap': True, 'contamination': 0.05, 'max_features': 0.5, 'max_samples': 0.75, 'n_estimators': 50, 'n_jobs': -1, 'random_state': 42} Elapsed (CPU s): 469.55
[Tucker+IF] Final result rank=(16, 16, 16) AUC=0.5185 ACC=0.8 obj=0.9922646733111848| params={'bootstrap': True, 'contamination': 0.05, 'max_features': 0.5, 'max_samples': 0.75, 'n_estimators': 50, 'n_jobs': -1, 'random_state': 42} | thr=0.598583 | target_FP=0.050
[Tucker+IF] AUC=0.5185 Boot: mean:0.5190 std:0.0512, CI(0.4194–0.6205) | 
[Tucker+IF] R=(16, 16, 16) peak_rss_mb=1439.7 | peak_workingset_mb=9539.4 | peak_cuda_mb=130.0 | cpu_time_sec=476.34
Rank: 16 32 5
[Tucker only] R=(16, 32, 5) peak_rss_mb=711.4 | peak_workingset_mb=9539.4 | peak_cuda_mb=150.2 | cpu_time_sec=108.20
[Tucker+OCSVM] (VAL one-class) chose {'gamma': 0.006666666666666666, 'kernel': 'rbf', 'nu': 0.01} best_obj:(FP=1.000, P95=0.0100, mean=0.0100) Elapsed: 80.23
[Tucker+OCSVM] Final result RANK=(16, 32, 5) AUC=0.5 | ACC=0.8 | param=({'gamma': 0.006666666666666666, 'kernel': 'rbf', 'nu': 0.01}) | aux=FP=1.000, P95=0.0100, mean=0.0100
[Tucker+OCSVM] AUC=0.5000 Boot: mean:0.5000 std:0.0000, CI(0.5000–0.5000) | 
[Tucker+OCSVM] R=(16, 32, 5) peak_rss_mb=767.3 | peak_workingset_mb=9539.4 | peak_cuda_mb=130.0 | cpu_time_sec=86.70
[Tucker+AE] best_param=(1, 16) best_obj=1.0 Elapsed: 104.0
[Tucker+AE] (global) Final result Rank=(16, 32, 5) AUC=0.5452 ACC=0.796
[Tucker+AE] AUC=0.5452 Boot: mean:0.5441 std:0.0463, CI(0.4485–0.6334) | 
[Tucker+AE] R=(16, 32, 5) peak_rss_mb=1406.2 | peak_workingset_mb=9539.4 | peak_cuda_mb=130.0 | cpu_time_sec=608.95
[Tucker+IF] best_obj=0.409208 best_param: {'bootstrap': False, 'contamination': 0.05, 'max_features': 0.75, 'max_samples': 0.5, 'n_estimators': 50, 'n_jobs': -1, 'random_state': 42} Elapsed (CPU s): 487.17
[Tucker+IF] Final result rank=(16, 32, 5) AUC=0.5193 ACC=0.704 obj=0.40920819490586935| params={'bootstrap': False, 'contamination': 0.05, 'max_features': 0.75, 'max_samples': 0.5, 'n_estimators': 50, 'n_jobs': -1, 'random_state': 42} | thr=0.467468 | target_FP=0.050
[Tucker+IF] AUC=0.5193 Boot: mean:0.5198 std:0.0487, CI(0.4236–0.6161) | 
[Tucker+IF] R=(16, 32, 5) peak_rss_mb=1583.1 | peak_workingset_mb=9539.4 | peak_cuda_mb=130.0 | cpu_time_sec=491.75
Rank: 16 32 16
[Tucker only] R=(16, 32, 16) peak_rss_mb=3789.1 | peak_workingset_mb=9539.4 | peak_cuda_mb=1191.6 | cpu_time_sec=5760.19
[Tucker+OCSVM] (VAL one-class) chose {'gamma': 0.006666666666666666, 'kernel': 'rbf', 'nu': 0.01} best_obj:(FP=1.000, P95=0.0100, mean=0.0100) Elapsed: 81.22
[Tucker+OCSVM] Final result RANK=(16, 32, 16) AUC=0.5 | ACC=0.8 | param=({'gamma': 0.006666666666666666, 'kernel': 'rbf', 'nu': 0.01}) | aux=FP=1.000, P95=0.0100, mean=0.0100
[Tucker+OCSVM] AUC=0.5000 Boot: mean:0.5000 std:0.0000, CI(0.5000–0.5000) | 
[Tucker+OCSVM] R=(16, 32, 16) peak_rss_mb=675.1 | peak_workingset_mb=9539.4 | peak_cuda_mb=130.0 | cpu_time_sec=86.03
[Tucker+AE] best_param=(1, 16) best_obj=1.0 Elapsed: 58.92
[Tucker+AE] (global) Final result Rank=(16, 32, 16) AUC=0.4835 ACC=0.8
[Tucker+AE] AUC=0.4835 Boot: mean:0.4853 std:0.0459, CI(0.3978–0.5776) | 
[Tucker+AE] R=(16, 32, 16) peak_rss_mb=1316.2 | peak_workingset_mb=9539.4 | peak_cuda_mb=130.0 | cpu_time_sec=535.66
[Tucker+IF] best_obj=0.117957 best_param: {'bootstrap': False, 'contamination': 0.05, 'max_features': 0.75, 'max_samples': 0.5, 'n_estimators': 50, 'n_jobs': -1, 'random_state': 42} Elapsed (CPU s): 425.84
[Tucker+IF] Final result rank=(16, 32, 16) AUC=0.4813 ACC=0.732 obj=0.11795681063122924| params={'bootstrap': False, 'contamination': 0.05, 'max_features': 0.75, 'max_samples': 0.5, 'n_estimators': 50, 'n_jobs': -1, 'random_state': 42} | thr=0.435612 | target_FP=0.050
[Tucker+IF] AUC=0.4813 Boot: mean:0.4806 std:0.0515, CI(0.3782–0.5810) | 
[Tucker+IF] R=(16, 32, 16) peak_rss_mb=1494.7 | peak_workingset_mb=9539.4 | peak_cuda_mb=130.0 | cpu_time_sec=429.98
Rank: 16 64 5
[Tucker only] R=(16, 64, 5) peak_rss_mb=1475.2 | peak_workingset_mb=9539.4 | peak_cuda_mb=150.7 | cpu_time_sec=160.53
[Tucker+OCSVM] (VAL one-class) chose {'gamma': 0.006666666666666666, 'kernel': 'rbf', 'nu': 0.01} best_obj:(FP=1.000, P95=0.0100, mean=0.0100) Elapsed: 529.19
[Tucker+OCSVM] Final result RANK=(16, 64, 5) AUC=0.5 | ACC=0.8 | param=({'gamma': 0.006666666666666666, 'kernel': 'rbf', 'nu': 0.01}) | aux=FP=1.000, P95=0.0100, mean=0.0100
[Tucker+OCSVM] AUC=0.5000 Boot: mean:0.5000 std:0.0000, CI(0.5000–0.5000) | 
[Tucker+OCSVM] R=(16, 64, 5) peak_rss_mb=940.6 | peak_workingset_mb=9539.4 | peak_cuda_mb=130.0 | cpu_time_sec=533.59
[Tucker+AE] best_param=(1, 16) best_obj=1.0 Elapsed: 23.97
[Tucker+AE] (global) Final result Rank=(16, 64, 5) AUC=0.5561 ACC=0.808
[Tucker+AE] AUC=0.5561 Boot: mean:0.5567 std:0.0475, CI(0.4635–0.6508) | 
[Tucker+AE] R=(16, 64, 5) peak_rss_mb=1574.5 | peak_workingset_mb=9539.4 | peak_cuda_mb=130.0 | cpu_time_sec=669.00
[Tucker+IF] best_obj=0.055941 best_param: {'bootstrap': False, 'contamination': 0.05, 'max_features': 1.0, 'max_samples': 0.5, 'n_estimators': 50, 'n_jobs': -1, 'random_state': 42} Elapsed (CPU s): 465.27
[Tucker+IF] Final result rank=(16, 64, 5) AUC=0.6507 ACC=0.684 obj=0.05594130675526024| params={'bootstrap': False, 'contamination': 0.05, 'max_features': 1.0, 'max_samples': 0.5, 'n_estimators': 50, 'n_jobs': -1, 'random_state': 42} | thr=0.394256 | target_FP=0.050
[Tucker+IF] AUC=0.6507 Boot: mean:0.6505 std:0.0401, CI(0.5673–0.7278) | 
[Tucker+IF] R=(16, 64, 5) peak_rss_mb=1750.3 | peak_workingset_mb=9539.4 | peak_cuda_mb=130.0 | cpu_time_sec=465.69
Rank: 16 64 16
[Tucker only] R=(16, 64, 16) peak_rss_mb=5221.8 | peak_workingset_mb=9539.4 | peak_cuda_mb=1192.5 | cpu_time_sec=5789.08
[Tucker+OCSVM] (VAL one-class) chose {'gamma': 0.006666666666666666, 'kernel': 'rbf', 'nu': 0.01} best_obj:(FP=1.000, P95=0.0100, mean=0.0100) Elapsed: 76.52
[Tucker+OCSVM] Final result RANK=(16, 64, 16) AUC=0.5 | ACC=0.8 | param=({'gamma': 0.006666666666666666, 'kernel': 'rbf', 'nu': 0.01}) | aux=FP=1.000, P95=0.0100, mean=0.0100
[Tucker+OCSVM] AUC=0.5000 Boot: mean:0.5000 std:0.0000, CI(0.5000–0.5000) | 
[Tucker+OCSVM] R=(16, 64, 16) peak_rss_mb=2057.8 | peak_workingset_mb=9539.4 | peak_cuda_mb=130.0 | cpu_time_sec=78.77
[Tucker+AE] best_param=(1, 16) best_obj=1.0 Elapsed: 31.16
[Tucker+AE] (global) Final result Rank=(16, 64, 16) AUC=0.4099 ACC=0.796
[Tucker+AE] AUC=0.4099 Boot: mean:0.4107 std:0.0443, CI(0.3249–0.4956) | 
[Tucker+AE] R=(16, 64, 16) peak_rss_mb=2445.4 | peak_workingset_mb=9539.4 | peak_cuda_mb=130.0 | cpu_time_sec=420.80
[Tucker+IF] best_obj=0.006661 best_param: {'bootstrap': True, 'contamination': 0.05, 'max_features': 0.5, 'max_samples': 1.0, 'n_estimators': 50, 'n_jobs': -1, 'random_state': 42} Elapsed (CPU s): 373.53
[Tucker+IF] Final result rank=(16, 64, 16) AUC=0.5972 ACC=0.692 obj=0.006661129568106312| params={'bootstrap': True, 'contamination': 0.05, 'max_features': 0.5, 'max_samples': 1.0, 'n_estimators': 50, 'n_jobs': -1, 'random_state': 42} | thr=0.390667 | target_FP=0.050
[Tucker+IF] AUC=0.5972 Boot: mean:0.5972 std:0.0434, CI(0.5098–0.6785) | 
[Tucker+IF] R=(16, 64, 16) peak_rss_mb=2571.0 | peak_workingset_mb=9539.4 | peak_cuda_mb=130.0 | cpu_time_sec=375.00
Rank: 32 5 5
[Tucker only] R=(32, 5, 5) peak_rss_mb=2506.8 | peak_workingset_mb=9539.4 | peak_cuda_mb=150.6 | cpu_time_sec=88.34
[Tucker+OCSVM] (VAL one-class) chose {'gamma': 0.000125, 'kernel': 'rbf', 'nu': 0.01} best_obj:(FP=0.781, P95=2.5125, mean=0.7521) Elapsed: 15.7
[Tucker+OCSVM] Final result RANK=(32, 5, 5) AUC=0.367 | ACC=0.8 | param=({'gamma': 0.000125, 'kernel': 'rbf', 'nu': 0.01}) | aux=FP=0.781, P95=2.5125, mean=0.7521
[Tucker+OCSVM] AUC=0.3670 Boot: mean:0.3667 std:0.0430, CI(0.2829–0.4490) | 
[Tucker+OCSVM] R=(32, 5, 5) peak_rss_mb=2410.2 | peak_workingset_mb=9539.4 | peak_cuda_mb=130.0 | cpu_time_sec=18.78
[Tucker+AE] best_param=(3, 16) best_obj=0.768549280177187 Elapsed: 76.81
[Tucker+AE] (global) Final result Rank=(32, 5, 5) AUC=0.3679 ACC=0.8
[Tucker+AE] AUC=0.3679 Boot: mean:0.3676 std:0.0431, CI(0.2837–0.4493) | 
[Tucker+AE] R=(32, 5, 5) peak_rss_mb=2647.5 | peak_workingset_mb=9539.4 | peak_cuda_mb=130.0 | cpu_time_sec=280.09
[Tucker+IF] best_obj=0.444092 best_param: {'bootstrap': False, 'contamination': 0.05, 'max_features': 0.75, 'max_samples': 0.5, 'n_estimators': 50, 'n_jobs': -1, 'random_state': 42} Elapsed (CPU s): 288.48
[Tucker+IF] Final result rank=(32, 5, 5) AUC=0.4013 ACC=0.676 obj=0.4440919158361019| params={'bootstrap': False, 'contamination': 0.05, 'max_features': 0.75, 'max_samples': 0.5, 'n_estimators': 50, 'n_jobs': -1, 'random_state': 42} | thr=0.527880 | target_FP=0.050
[Tucker+IF] AUC=0.4013 Boot: mean:0.4005 std:0.0440, CI(0.3147–0.4824) | 
[Tucker+IF] R=(32, 5, 5) peak_rss_mb=2741.0 | peak_workingset_mb=9539.4 | peak_cuda_mb=130.0 | cpu_time_sec=291.72
Rank: 32 5 16
[Tucker only] R=(32, 5, 16) peak_rss_mb=6395.0 | peak_workingset_mb=9539.4 | peak_cuda_mb=1191.1 | cpu_time_sec=5430.61
[Tucker+OCSVM] (VAL one-class) chose {'gamma': 0.00010416666666666667, 'kernel': 'rbf', 'nu': 0.01} best_obj:(FP=0.973, P95=3.3624, mean=1.5962) Elapsed: 59.34
[Tucker+OCSVM] Final result RANK=(32, 5, 16) AUC=0.4818 | ACC=0.804 | param=({'gamma': 0.00010416666666666667, 'kernel': 'rbf', 'nu': 0.01}) | aux=FP=0.973, P95=3.3624, mean=1.5962
[Tucker+OCSVM] AUC=0.4818 Boot: mean:0.4802 std:0.0480, CI(0.3883–0.5761) | 
[Tucker+OCSVM] R=(32, 5, 16) peak_rss_mb=2740.8 | peak_workingset_mb=9539.4 | peak_cuda_mb=130.0 | cpu_time_sec=67.78
[Tucker+AE] best_param=(3, 16) best_obj=0.9706533776301219 Elapsed: 68.45
[Tucker+AE] (global) Final result Rank=(32, 5, 16) AUC=0.4821 ACC=0.804
[Tucker+AE] AUC=0.4821 Boot: mean:0.4805 std:0.0481, CI(0.3884–0.5756) | 
[Tucker+AE] R=(32, 5, 16) peak_rss_mb=9091.1 | peak_workingset_mb=9539.4 | peak_cuda_mb=130.0 | cpu_time_sec=577.66
[Tucker+IF] best_obj=0.663915 best_param: {'bootstrap': True, 'contamination': 0.05, 'max_features': 0.5, 'max_samples': 0.75, 'n_estimators': 50, 'n_jobs': -1, 'random_state': 42} Elapsed (CPU s): 428.62
[Tucker+IF] Final result rank=(32, 5, 16) AUC=0.4599 ACC=0.72 obj=0.6639147286821707| params={'bootstrap': True, 'contamination': 0.05, 'max_features': 0.5, 'max_samples': 0.75, 'n_estimators': 50, 'n_jobs': -1, 'random_state': 42} | thr=0.538033 | target_FP=0.050
[Tucker+IF] AUC=0.4599 Boot: mean:0.4582 std:0.0475, CI(0.3647–0.5508) | 
[Tucker+IF] R=(32, 5, 16) peak_rss_mb=8383.8 | peak_workingset_mb=9539.4 | peak_cuda_mb=130.0 | cpu_time_sec=436.67
Rank: 32 16 5
[Tucker only] R=(32, 16, 5) peak_rss_mb=8388.5 | peak_workingset_mb=9539.4 | peak_cuda_mb=150.6 | cpu_time_sec=117.92
[Tucker+OCSVM] (VAL one-class) chose {'gamma': 0.006666666666666666, 'kernel': 'rbf', 'nu': 0.01} best_obj:(FP=1.000, P95=0.0100, mean=0.0100) Elapsed: 80.66
[Tucker+OCSVM] Final result RANK=(32, 16, 5) AUC=0.5 | ACC=0.8 | param=({'gamma': 0.006666666666666666, 'kernel': 'rbf', 'nu': 0.01}) | aux=FP=1.000, P95=0.0100, mean=0.0100
[Tucker+OCSVM] AUC=0.5000 Boot: mean:0.5000 std:0.0000, CI(0.5000–0.5000) | 
[Tucker+OCSVM] R=(32, 16, 5) peak_rss_mb=8426.1 | peak_workingset_mb=9539.4 | peak_cuda_mb=130.0 | cpu_time_sec=89.17
[Tucker+AE] best_param=(1, 16) best_obj=1.0 Elapsed: 56.8
[Tucker+AE] (global) Final result Rank=(32, 16, 5) AUC=0.5245 ACC=0.812
[Tucker+AE] AUC=0.5245 Boot: mean:0.5238 std:0.0497, CI(0.4224–0.6185) | 
[Tucker+AE] R=(32, 16, 5) peak_rss_mb=8295.3 | peak_workingset_mb=9539.4 | peak_cuda_mb=130.0 | cpu_time_sec=726.62
[Tucker+IF] best_obj=0.338887 best_param: {'bootstrap': False, 'contamination': 0.05, 'max_features': 0.75, 'max_samples': 1.0, 'n_estimators': 50, 'n_jobs': -1, 'random_state': 42} Elapsed (CPU s): 479.89
[Tucker+IF] Final result rank=(32, 16, 5) AUC=0.5033 ACC=0.736 obj=0.3388870431893688| params={'bootstrap': False, 'contamination': 0.05, 'max_features': 0.75, 'max_samples': 1.0, 'n_estimators': 50, 'n_jobs': -1, 'random_state': 42} | thr=0.460982 | target_FP=0.050
[Tucker+IF] AUC=0.5033 Boot: mean:0.5023 std:0.0516, CI(0.4027–0.6032) | 
[Tucker+IF] R=(32, 16, 5) peak_rss_mb=6807.8 | peak_workingset_mb=9539.4 | peak_cuda_mb=130.0 | cpu_time_sec=487.11
Rank: 32 16 16
[Tucker only] R=(32, 16, 16) peak_rss_mb=8369.4 | peak_workingset_mb=9539.4 | peak_cuda_mb=1193.6 | cpu_time_sec=5466.16
[Tucker+OCSVM] (VAL one-class) chose {'gamma': 0.006666666666666666, 'kernel': 'rbf', 'nu': 0.01} best_obj:(FP=1.000, P95=0.0100, mean=0.0100) Elapsed: 76.94
[Tucker+OCSVM] Final result RANK=(32, 16, 16) AUC=0.5 | ACC=0.8 | param=({'gamma': 0.006666666666666666, 'kernel': 'rbf', 'nu': 0.01}) | aux=FP=1.000, P95=0.0100, mean=0.0100
[Tucker+OCSVM] AUC=0.5000 Boot: mean:0.5000 std:0.0000, CI(0.5000–0.5000) | 
[Tucker+OCSVM] R=(32, 16, 16) peak_rss_mb=689.6 | peak_workingset_mb=9539.4 | peak_cuda_mb=130.0 | cpu_time_sec=85.09
[Tucker+AE] best_param=(1, 16) best_obj=1.0 Elapsed: 56.11
[Tucker+AE] (global) Final result Rank=(32, 16, 16) AUC=0.4908 ACC=0.796
[Tucker+AE] AUC=0.4908 Boot: mean:0.4911 std:0.0476, CI(0.3994–0.5870) | 
[Tucker+AE] R=(32, 16, 16) peak_rss_mb=1145.4 | peak_workingset_mb=9539.4 | peak_cuda_mb=130.0 | cpu_time_sec=522.20
[Tucker+IF] best_obj=0.037115 best_param: {'bootstrap': True, 'contamination': 0.05, 'max_features': 0.75, 'max_samples': 0.5, 'n_estimators': 50, 'n_jobs': -1, 'random_state': 42} Elapsed (CPU s): 453.23
[Tucker+IF] Final result rank=(32, 16, 16) AUC=0.4919 ACC=0.676 obj=0.037115171650055366| params={'bootstrap': True, 'contamination': 0.05, 'max_features': 0.75, 'max_samples': 0.5, 'n_estimators': 50, 'n_jobs': -1, 'random_state': 42} | thr=0.439844 | target_FP=0.050
[Tucker+IF] AUC=0.4919 Boot: mean:0.4915 std:0.0507, CI(0.3922–0.5863) | 
[Tucker+IF] R=(32, 16, 16) peak_rss_mb=1136.8 | peak_workingset_mb=9539.4 | peak_cuda_mb=130.0 | cpu_time_sec=459.52
Rank: 32 32 5
[Tucker only] R=(32, 32, 5) peak_rss_mb=1262.5 | peak_workingset_mb=9539.4 | peak_cuda_mb=150.6 | cpu_time_sec=133.02
[Tucker+OCSVM] (VAL one-class) chose {'gamma': 0.006666666666666666, 'kernel': 'rbf', 'nu': 0.01} best_obj:(FP=1.000, P95=0.0100, mean=0.0100) Elapsed: 75.95
[Tucker+OCSVM] Final result RANK=(32, 32, 5) AUC=0.5 | ACC=0.8 | param=({'gamma': 0.006666666666666666, 'kernel': 'rbf', 'nu': 0.01}) | aux=FP=1.000, P95=0.0100, mean=0.0100
[Tucker+OCSVM] AUC=0.5000 Boot: mean:0.5000 std:0.0000, CI(0.5000–0.5000) | 
[Tucker+OCSVM] R=(32, 32, 5) peak_rss_mb=1302.5 | peak_workingset_mb=9539.4 | peak_cuda_mb=130.0 | cpu_time_sec=77.33
[Tucker+AE] best_param=(1, 16) best_obj=1.0 Elapsed: 35.34
[Tucker+AE] (global) Final result Rank=(32, 32, 5) AUC=0.5018 ACC=0.796
[Tucker+AE] AUC=0.5018 Boot: mean:0.5028 std:0.0502, CI(0.4053–0.6034) | 
[Tucker+AE] R=(32, 32, 5) peak_rss_mb=1648.3 | peak_workingset_mb=9539.4 | peak_cuda_mb=130.0 | cpu_time_sec=418.94
[Tucker+IF] best_obj=0.006107 best_param: {'bootstrap': True, 'contamination': 0.05, 'max_features': 0.5, 'max_samples': 1.0, 'n_estimators': 50, 'n_jobs': -1, 'random_state': 42} Elapsed (CPU s): 367.5
[Tucker+IF] Final result rank=(32, 32, 5) AUC=0.5035 ACC=0.696 obj=0.006107419712070875| params={'bootstrap': True, 'contamination': 0.05, 'max_features': 0.5, 'max_samples': 1.0, 'n_estimators': 50, 'n_jobs': -1, 'random_state': 42} | thr=0.398342 | target_FP=0.050
[Tucker+IF] AUC=0.5035 Boot: mean:0.5036 std:0.0506, CI(0.4064–0.6013) | 
[Tucker+IF] R=(32, 32, 5) peak_rss_mb=1760.2 | peak_workingset_mb=9539.4 | peak_cuda_mb=130.0 | cpu_time_sec=368.11
Rank: 32 32 16
[Tucker only] R=(32, 32, 16) peak_rss_mb=3963.6 | peak_workingset_mb=9539.4 | peak_cuda_mb=1194.0 | cpu_time_sec=5956.77
[Tucker+OCSVM] (VAL one-class) chose {'gamma': 0.006666666666666666, 'kernel': 'rbf', 'nu': 0.01} best_obj:(FP=1.000, P95=0.0100, mean=0.0100) Elapsed: 77.36
[Tucker+OCSVM] Final result RANK=(32, 32, 16) AUC=0.5 | ACC=0.8 | param=({'gamma': 0.006666666666666666, 'kernel': 'rbf', 'nu': 0.01}) | aux=FP=1.000, P95=0.0100, mean=0.0100
[Tucker+OCSVM] AUC=0.5000 Boot: mean:0.5000 std:0.0000, CI(0.5000–0.5000) | 
[Tucker+OCSVM] R=(32, 32, 16) peak_rss_mb=866.9 | peak_workingset_mb=9539.4 | peak_cuda_mb=130.0 | cpu_time_sec=80.20
[Tucker+AE] best_param=(1, 16) best_obj=1.0 Elapsed: 10.94
[Tucker+AE] (global) Final result Rank=(32, 32, 16) AUC=0.4461 ACC=0.796
[Tucker+AE] AUC=0.4461 Boot: mean:0.4467 std:0.0480, CI(0.3510–0.5413) | 
[Tucker+AE] R=(32, 32, 16) peak_rss_mb=1447.4 | peak_workingset_mb=9539.4 | peak_cuda_mb=130.0 | cpu_time_sec=406.75
[Tucker+IF] best_obj=0.005000 best_param: {'bootstrap': False, 'contamination': 0.05, 'max_features': 0.5, 'max_samples': 0.5, 'n_estimators': 50, 'n_jobs': -1, 'random_state': 42} Elapsed (CPU s): 387.84
[Tucker+IF] Final result rank=(32, 32, 16) AUC=0.4324 ACC=0.704 obj=0.005| params={'bootstrap': False, 'contamination': 0.05, 'max_features': 0.5, 'max_samples': 0.5, 'n_estimators': 50, 'n_jobs': -1, 'random_state': 42} | thr=0.374269 | target_FP=0.050
[Tucker+IF] AUC=0.4324 Boot: mean:0.4327 std:0.0496, CI(0.3348–0.5312) | 
[Tucker+IF] R=(32, 32, 16) peak_rss_mb=1618.9 | peak_workingset_mb=9539.4 | peak_cuda_mb=130.0 | cpu_time_sec=389.95
Rank: 32 64 5
[Tucker only] R=(32, 64, 5) peak_rss_mb=1813.8 | peak_workingset_mb=9539.4 | peak_cuda_mb=151.0 | cpu_time_sec=141.45
[Tucker+OCSVM] (VAL one-class) chose {'gamma': 0.006666666666666666, 'kernel': 'rbf', 'nu': 0.01} best_obj:(FP=1.000, P95=0.0100, mean=0.0100) Elapsed: 79.41
[Tucker+OCSVM] Final result RANK=(32, 64, 5) AUC=0.5 | ACC=0.8 | param=({'gamma': 0.006666666666666666, 'kernel': 'rbf', 'nu': 0.01}) | aux=FP=1.000, P95=0.0100, mean=0.0100
[Tucker+OCSVM] AUC=0.5000 Boot: mean:0.5000 std:0.0000, CI(0.5000–0.5000) | 
[Tucker+OCSVM] R=(32, 64, 5) peak_rss_mb=1812.2 | peak_workingset_mb=9539.4 | peak_cuda_mb=130.0 | cpu_time_sec=85.73
[Tucker+AE] best_param=(1, 16) best_obj=1.0 Elapsed: 15.0
[Tucker+AE] (global) Final result Rank=(32, 64, 5) AUC=0.6407 ACC=0.808
[Tucker+AE] AUC=0.6407 Boot: mean:0.6412 std:0.0451, CI(0.5498–0.7263) | 
[Tucker+AE] R=(32, 64, 5) peak_rss_mb=2374.0 | peak_workingset_mb=9539.4 | peak_cuda_mb=130.0 | cpu_time_sec=452.14
[Tucker+IF] best_obj=0.007215 best_param: {'bootstrap': False, 'contamination': 0.05, 'max_features': 0.75, 'max_samples': 1.0, 'n_estimators': 50, 'n_jobs': -1, 'random_state': 42} Elapsed (CPU s): 1413.62
[Tucker+IF] Final result rank=(32, 64, 5) AUC=0.4966 ACC=0.632 obj=0.00721483942414175| params={'bootstrap': False, 'contamination': 0.05, 'max_features': 0.75, 'max_samples': 1.0, 'n_estimators': 50, 'n_jobs': -1, 'random_state': 42} | thr=0.356031 | target_FP=0.050
[Tucker+IF] AUC=0.4966 Boot: mean:0.4971 std:0.0463, CI(0.4060–0.5864) | 
[Tucker+IF] R=(32, 64, 5) peak_rss_mb=2460.1 | peak_workingset_mb=9539.4 | peak_cuda_mb=130.0 | cpu_time_sec=1419.02
Rank: 32 64 16
[Tucker only] R=(32, 64, 16) peak_rss_mb=4102.3 | peak_workingset_mb=9539.4 | peak_cuda_mb=1194.9 | cpu_time_sec=6529.28
[Tucker+OCSVM] (VAL one-class) chose {'gamma': 0.006666666666666666, 'kernel': 'rbf', 'nu': 0.01} best_obj:(FP=1.000, P95=0.0100, mean=0.0100) Elapsed: 78.33
[Tucker+OCSVM] Final result RANK=(32, 64, 16) AUC=0.5 | ACC=0.8 | param=({'gamma': 0.006666666666666666, 'kernel': 'rbf', 'nu': 0.01}) | aux=FP=1.000, P95=0.0100, mean=0.0100
[Tucker+OCSVM] AUC=0.5000 Boot: mean:0.5000 std:0.0000, CI(0.5000–0.5000) | 
[Tucker+OCSVM] R=(32, 64, 16) peak_rss_mb=1571.0 | peak_workingset_mb=9539.4 | peak_cuda_mb=130.0 | cpu_time_sec=84.36
[Tucker+AE] best_param=(1, 16) best_obj=1.0 Elapsed: 41.3
[Tucker+AE] (global) Final result Rank=(32, 64, 16) AUC=0.4838 ACC=0.796
[Tucker+AE] AUC=0.4838 Boot: mean:0.4852 std:0.0422, CI(0.3995–0.5645) | 
[Tucker+AE] R=(32, 64, 16) peak_rss_mb=2144.6 | peak_workingset_mb=9539.4 | peak_cuda_mb=130.0 | cpu_time_sec=585.78
[Tucker+IF] best_obj=0.005000 best_param: {'bootstrap': False, 'contamination': 0.05, 'max_features': 0.5, 'max_samples': 0.5, 'n_estimators': 50, 'n_jobs': -1, 'random_state': 42} Elapsed (CPU s): 444.44
[Tucker+IF] Final result rank=(32, 64, 16) AUC=0.5248 ACC=0.716 obj=0.005| params={'bootstrap': False, 'contamination': 0.05, 'max_features': 0.5, 'max_samples': 0.5, 'n_estimators': 50, 'n_jobs': -1, 'random_state': 42} | thr=0.352733 | target_FP=0.050
[Tucker+IF] AUC=0.5248 Boot: mean:0.5261 std:0.0462, CI(0.4327–0.6140) | 
[Tucker+IF] R=(32, 64, 16) peak_rss_mb=2305.9 | peak_workingset_mb=9539.4 | peak_cuda_mb=130.0 | cpu_time_sec=449.55
Rank: 64 5 5
[Tucker only] R=(64, 5, 5) peak_rss_mb=2250.6 | peak_workingset_mb=9539.4 | peak_cuda_mb=151.5 | cpu_time_sec=104.22
[Tucker+OCSVM] (VAL one-class) chose {'gamma': 0.006666666666666666, 'kernel': 'rbf', 'nu': 0.01} best_obj:(FP=1.000, P95=0.0100, mean=0.0100) Elapsed: 76.52
[Tucker+OCSVM] Final result RANK=(64, 5, 5) AUC=0.5 | ACC=0.8 | param=({'gamma': 0.006666666666666666, 'kernel': 'rbf', 'nu': 0.01}) | aux=FP=1.000, P95=0.0100, mean=0.0100
[Tucker+OCSVM] AUC=0.5000 Boot: mean:0.5000 std:0.0000, CI(0.5000–0.5000) | 
[Tucker+OCSVM] R=(64, 5, 5) peak_rss_mb=2099.9 | peak_workingset_mb=9539.4 | peak_cuda_mb=130.0 | cpu_time_sec=81.44
[Tucker+AE] best_param=(1, 16) best_obj=1.0 Elapsed: 39.69
[Tucker+AE] (global) Final result Rank=(64, 5, 5) AUC=0.4209 ACC=0.796
[Tucker+AE] AUC=0.4209 Boot: mean:0.4213 std:0.0439, CI(0.3381–0.5096) | 
[Tucker+AE] R=(64, 5, 5) peak_rss_mb=2410.9 | peak_workingset_mb=9539.4 | peak_cuda_mb=130.0 | cpu_time_sec=530.69
[Tucker+IF] best_obj=0.941877 best_param: {'bootstrap': True, 'contamination': 0.05, 'max_features': 0.75, 'max_samples': 0.5, 'n_estimators': 50, 'n_jobs': -1, 'random_state': 42} Elapsed (CPU s): 559.48
[Tucker+IF] Final result rank=(64, 5, 5) AUC=0.3372 ACC=0.704 obj=0.9418770764119602| params={'bootstrap': True, 'contamination': 0.05, 'max_features': 0.75, 'max_samples': 0.5, 'n_estimators': 50, 'n_jobs': -1, 'random_state': 42} | thr=0.585503 | target_FP=0.050
[Tucker+IF] AUC=0.3372 Boot: mean:0.3375 std:0.0369, CI(0.2680–0.4084) | 
[Tucker+IF] R=(64, 5, 5) peak_rss_mb=9721.8 | peak_workingset_mb=9723.4 | peak_cuda_mb=130.0 | cpu_time_sec=572.31
Rank: 64 5 16
[Tucker only] R=(64, 5, 16) peak_rss_mb=8874.8 | peak_workingset_mb=9723.4 | peak_cuda_mb=1193.4 | cpu_time_sec=5100.55
[Tucker+OCSVM] (VAL one-class) chose {'gamma': 0.006666666666666666, 'kernel': 'rbf', 'nu': 0.01} best_obj:(FP=1.000, P95=0.0100, mean=0.0100) Elapsed: 80.33
[Tucker+OCSVM] Final result RANK=(64, 5, 16) AUC=0.5 | ACC=0.8 | param=({'gamma': 0.006666666666666666, 'kernel': 'rbf', 'nu': 0.01}) | aux=FP=1.000, P95=0.0100, mean=0.0100
[Tucker+OCSVM] AUC=0.5000 Boot: mean:0.5000 std:0.0000, CI(0.5000–0.5000) | 
[Tucker+OCSVM] R=(64, 5, 16) peak_rss_mb=653.7 | peak_workingset_mb=9723.4 | peak_cuda_mb=130.0 | cpu_time_sec=93.59
[Tucker+AE] best_param=(1, 16) best_obj=1.0 Elapsed: 30.95
[Tucker+AE] (global) Final result Rank=(64, 5, 16) AUC=0.5433 ACC=0.8
[Tucker+AE] AUC=0.5433 Boot: mean:0.5421 std:0.0472, CI(0.4538–0.6346) | 
[Tucker+AE] R=(64, 5, 16) peak_rss_mb=1404.2 | peak_workingset_mb=9723.4 | peak_cuda_mb=130.0 | cpu_time_sec=758.42
[Tucker+IF] best_obj=0.800127 best_param: {'bootstrap': True, 'contamination': 0.05, 'max_features': 0.75, 'max_samples': 0.75, 'n_estimators': 50, 'n_jobs': -1, 'random_state': 42} Elapsed (CPU s): 579.81
[Tucker+IF] Final result rank=(64, 5, 16) AUC=0.4857 ACC=0.816 obj=0.8001273532668881| params={'bootstrap': True, 'contamination': 0.05, 'max_features': 0.75, 'max_samples': 0.75, 'n_estimators': 50, 'n_jobs': -1, 'random_state': 42} | thr=0.559582 | target_FP=0.050
[Tucker+IF] AUC=0.4857 Boot: mean:0.4840 std:0.0476, CI(0.3929–0.5771) | 
[Tucker+IF] R=(64, 5, 16) peak_rss_mb=1688.1 | peak_workingset_mb=9723.4 | peak_cuda_mb=130.0 | cpu_time_sec=590.91
Rank: 64 16 5
[Tucker only] R=(64, 16, 5) peak_rss_mb=1808.7 | peak_workingset_mb=9723.4 | peak_cuda_mb=151.5 | cpu_time_sec=144.31
[Tucker+OCSVM] (VAL one-class) chose {'gamma': 0.006666666666666666, 'kernel': 'rbf', 'nu': 0.01} best_obj:(FP=1.000, P95=0.0100, mean=0.0100) Elapsed: 86.22
[Tucker+OCSVM] Final result RANK=(64, 16, 5) AUC=0.5 | ACC=0.8 | param=({'gamma': 0.006666666666666666, 'kernel': 'rbf', 'nu': 0.01}) | aux=FP=1.000, P95=0.0100, mean=0.0100
[Tucker+OCSVM] AUC=0.5000 Boot: mean:0.5000 std:0.0000, CI(0.5000–0.5000) | 
[Tucker+OCSVM] R=(64, 16, 5) peak_rss_mb=1849.6 | peak_workingset_mb=9723.4 | peak_cuda_mb=130.0 | cpu_time_sec=92.48
[Tucker+AE] best_param=(1, 16) best_obj=1.0 Elapsed: 21.17
[Tucker+AE] (global) Final result Rank=(64, 16, 5) AUC=0.5728 ACC=0.796
[Tucker+AE] AUC=0.5728 Boot: mean:0.5727 std:0.0449, CI(0.4854–0.6561) | 
[Tucker+AE] R=(64, 16, 5) peak_rss_mb=2336.6 | peak_workingset_mb=9723.4 | peak_cuda_mb=130.0 | cpu_time_sec=730.22
[Tucker+IF] best_obj=0.006661 best_param: {'bootstrap': False, 'contamination': 0.05, 'max_features': 1.0, 'max_samples': 0.5, 'n_estimators': 50, 'n_jobs': -1, 'random_state': 42} Elapsed (CPU s): 1022.73
[Tucker+IF] Final result rank=(64, 16, 5) AUC=0.5362 ACC=0.688 obj=0.006661129568106312| params={'bootstrap': False, 'contamination': 0.05, 'max_features': 1.0, 'max_samples': 0.5, 'n_estimators': 50, 'n_jobs': -1, 'random_state': 42} | thr=0.377237 | target_FP=0.050
[Tucker+IF] AUC=0.5362 Boot: mean:0.5363 std:0.0473, CI(0.4445–0.6286) | 
[Tucker+IF] R=(64, 16, 5) peak_rss_mb=2579.2 | peak_workingset_mb=9723.4 | peak_cuda_mb=130.0 | cpu_time_sec=1040.36
Rank: 64 16 16
[Tucker only] R=(64, 16, 16) peak_rss_mb=5771.8 | peak_workingset_mb=9723.4 | peak_cuda_mb=1193.7 | cpu_time_sec=5855.00
[Tucker+OCSVM] (VAL one-class) chose {'gamma': 0.006666666666666666, 'kernel': 'rbf', 'nu': 0.01} best_obj:(FP=1.000, P95=0.0100, mean=0.0100) Elapsed: 85.11
[Tucker+OCSVM] Final result RANK=(64, 16, 16) AUC=0.5 | ACC=0.8 | param=({'gamma': 0.006666666666666666, 'kernel': 'rbf', 'nu': 0.01}) | aux=FP=1.000, P95=0.0100, mean=0.0100
[Tucker+OCSVM] AUC=0.5000 Boot: mean:0.5000 std:0.0000, CI(0.5000–0.5000) | 
[Tucker+OCSVM] R=(64, 16, 16) peak_rss_mb=1937.5 | peak_workingset_mb=9723.4 | peak_cuda_mb=130.0 | cpu_time_sec=91.78
[Tucker+AE] best_param=(1, 16) best_obj=1.0 Elapsed: 147.77
[Tucker+AE] (global) Final result Rank=(64, 16, 16) AUC=0.5277 ACC=0.804
[Tucker+AE] AUC=0.5277 Boot: mean:0.5273 std:0.0480, CI(0.4340–0.6189) | 
[Tucker+AE] R=(64, 16, 16) peak_rss_mb=2501.8 | peak_workingset_mb=9723.4 | peak_cuda_mb=130.0 | cpu_time_sec=650.47
[Tucker+IF] best_obj=0.005000 best_param: {'bootstrap': False, 'contamination': 0.05, 'max_features': 0.5, 'max_samples': 0.5, 'n_estimators': 50, 'n_jobs': -1, 'random_state': 42} Elapsed (CPU s): 447.69
[Tucker+IF] Final result rank=(64, 16, 16) AUC=0.5766 ACC=0.688 obj=0.005| params={'bootstrap': False, 'contamination': 0.05, 'max_features': 0.5, 'max_samples': 0.5, 'n_estimators': 50, 'n_jobs': -1, 'random_state': 42} | thr=0.373390 | target_FP=0.050
[Tucker+IF] AUC=0.5766 Boot: mean:0.5749 std:0.0481, CI(0.4761–0.6660) | 
[Tucker+IF] R=(64, 16, 16) peak_rss_mb=2622.2 | peak_workingset_mb=9723.4 | peak_cuda_mb=130.0 | cpu_time_sec=452.70
Rank: 64 32 5
[Tucker only] R=(64, 32, 5) peak_rss_mb=973.3 | peak_workingset_mb=9723.4 | peak_cuda_mb=151.7 | cpu_time_sec=163.22
[Tucker+OCSVM] (VAL one-class) chose {'gamma': 0.006666666666666666, 'kernel': 'rbf', 'nu': 0.01} best_obj:(FP=1.000, P95=0.0100, mean=0.0100) Elapsed: 72.55
[Tucker+OCSVM] Final result RANK=(64, 32, 5) AUC=0.5 | ACC=0.8 | param=({'gamma': 0.006666666666666666, 'kernel': 'rbf', 'nu': 0.01}) | aux=FP=1.000, P95=0.0100, mean=0.0100
[Tucker+OCSVM] AUC=0.5000 Boot: mean:0.5000 std:0.0000, CI(0.5000–0.5000) | 
[Tucker+OCSVM] R=(64, 32, 5) peak_rss_mb=945.6 | peak_workingset_mb=9723.4 | peak_cuda_mb=130.0 | cpu_time_sec=81.80
[Tucker+AE] best_param=(1, 16) best_obj=1.0 Elapsed: 68.83
[Tucker+AE] (global) Final result Rank=(64, 32, 5) AUC=0.4378 ACC=0.796
[Tucker+AE] AUC=0.4378 Boot: mean:0.4383 std:0.0499, CI(0.3444–0.5337) | 
[Tucker+AE] R=(64, 32, 5) peak_rss_mb=1452.8 | peak_workingset_mb=9723.4 | peak_cuda_mb=130.0 | cpu_time_sec=797.03
[Tucker+IF] best_obj=0.005000 best_param: {'bootstrap': False, 'contamination': 0.05, 'max_features': 1.0, 'max_samples': 0.75, 'n_estimators': 50, 'n_jobs': -1, 'random_state': 42} Elapsed (CPU s): 527.61
[Tucker+IF] Final result rank=(64, 32, 5) AUC=0.5087 ACC=0.644 obj=0.005| params={'bootstrap': False, 'contamination': 0.05, 'max_features': 1.0, 'max_samples': 0.75, 'n_estimators': 50, 'n_jobs': -1, 'random_state': 42} | thr=0.353946 | target_FP=0.050
[Tucker+IF] AUC=0.5087 Boot: mean:0.5094 std:0.0476, CI(0.4166–0.6056) | 
[Tucker+IF] R=(64, 32, 5) peak_rss_mb=1018.1 | peak_workingset_mb=9723.4 | peak_cuda_mb=130.0 | cpu_time_sec=534.67
Rank: 64 32 16
[Tucker only] R=(64, 32, 16) peak_rss_mb=3394.5 | peak_workingset_mb=9723.4 | peak_cuda_mb=1194.2 | cpu_time_sec=6907.87
[Tucker+OCSVM] (VAL one-class) chose {'gamma': 0.006666666666666666, 'kernel': 'rbf', 'nu': 0.01} best_obj:(FP=1.000, P95=0.0100, mean=0.0100) Elapsed: 74.36
[Tucker+OCSVM] Final result RANK=(64, 32, 16) AUC=0.5 | ACC=0.8 | param=({'gamma': 0.006666666666666666, 'kernel': 'rbf', 'nu': 0.01}) | aux=FP=1.000, P95=0.0100, mean=0.0100
[Tucker+OCSVM] AUC=0.5000 Boot: mean:0.5000 std:0.0000, CI(0.5000–0.5000) | 
[Tucker+OCSVM] R=(64, 32, 16) peak_rss_mb=747.6 | peak_workingset_mb=9723.4 | peak_cuda_mb=130.0 | cpu_time_sec=83.50
[Tucker+AE] best_param=(1, 16) best_obj=1.0 Elapsed: 17.7
[Tucker+AE] (global) Final result Rank=(64, 32, 16) AUC=0.5339 ACC=0.796
[Tucker+AE] AUC=0.5339 Boot: mean:0.5329 std:0.0469, CI(0.4379–0.6242) | 
[Tucker+AE] R=(64, 32, 16) peak_rss_mb=1444.1 | peak_workingset_mb=9723.4 | peak_cuda_mb=130.0 | cpu_time_sec=606.56
[Tucker+IF] best_obj=0.005000 best_param: {'bootstrap': False, 'contamination': 0.05, 'max_features': 0.5, 'max_samples': 0.5, 'n_estimators': 50, 'n_jobs': -1, 'random_state': 42} Elapsed (CPU s): 475.06
[Tucker+IF] Final result rank=(64, 32, 16) AUC=0.4364 ACC=0.672 obj=0.005| params={'bootstrap': False, 'contamination': 0.05, 'max_features': 0.5, 'max_samples': 0.5, 'n_estimators': 50, 'n_jobs': -1, 'random_state': 42} | thr=0.352477 | target_FP=0.050
[Tucker+IF] AUC=0.4364 Boot: mean:0.4361 std:0.0462, CI(0.3439–0.5248) | 
[Tucker+IF] R=(64, 32, 16) peak_rss_mb=1652.3 | peak_workingset_mb=9723.4 | peak_cuda_mb=130.0 | cpu_time_sec=482.59
Rank: 64 64 5
[Tucker only] R=(64, 64, 5) peak_rss_mb=2367.4 | peak_workingset_mb=9723.4 | peak_cuda_mb=153.1 | cpu_time_sec=248.55
[Tucker+OCSVM] (VAL one-class) chose {'gamma': 0.006666666666666666, 'kernel': 'rbf', 'nu': 0.01} best_obj:(FP=1.000, P95=0.0100, mean=0.0100) Elapsed: 85.56
[Tucker+OCSVM] Final result RANK=(64, 64, 5) AUC=0.5 | ACC=0.8 | param=({'gamma': 0.006666666666666666, 'kernel': 'rbf', 'nu': 0.01}) | aux=FP=1.000, P95=0.0100, mean=0.0100
[Tucker+OCSVM] AUC=0.5000 Boot: mean:0.5000 std:0.0000, CI(0.5000–0.5000) | 
[Tucker+OCSVM] R=(64, 64, 5) peak_rss_mb=2303.8 | peak_workingset_mb=9723.4 | peak_cuda_mb=130.0 | cpu_time_sec=93.92
[Tucker+AE] best_param=(1, 16) best_obj=1.0 Elapsed: 18.55
[Tucker+AE] (global) Final result Rank=(64, 64, 5) AUC=0.4759 ACC=0.8
[Tucker+AE] AUC=0.4759 Boot: mean:0.4753 std:0.0442, CI(0.3870–0.5638) | 
[Tucker+AE] R=(64, 64, 5) peak_rss_mb=2691.1 | peak_workingset_mb=9723.4 | peak_cuda_mb=130.0 | cpu_time_sec=590.89
[Tucker+IF] best_obj=0.011091 best_param: {'bootstrap': True, 'contamination': 0.05, 'max_features': 1.0, 'max_samples': 0.5, 'n_estimators': 50, 'n_jobs': -1, 'random_state': 42} Elapsed (CPU s): 486.45
[Tucker+IF] Final result rank=(64, 64, 5) AUC=0.5131 ACC=0.68 obj=0.011090808416389812| params={'bootstrap': True, 'contamination': 0.05, 'max_features': 1.0, 'max_samples': 0.5, 'n_estimators': 50, 'n_jobs': -1, 'random_state': 42} | thr=0.378737 | target_FP=0.050
[Tucker+IF] AUC=0.5131 Boot: mean:0.5139 std:0.0449, CI(0.4274–0.6027) | 
[Tucker+IF] R=(64, 64, 5) peak_rss_mb=2878.8 | peak_workingset_mb=9723.4 | peak_cuda_mb=130.0 | cpu_time_sec=492.83
Rank: 64 64 16
[Tucker only] R=(64, 64, 16) peak_rss_mb=3912.4 | peak_workingset_mb=9723.4 | peak_cuda_mb=1159.9 | cpu_time_sec=11136.56
[Tucker+OCSVM] (VAL one-class) chose {'gamma': 0.006666666666666666, 'kernel': 'rbf', 'nu': 0.01} best_obj:(FP=1.000, P95=0.0100, mean=0.0100) Elapsed: 81.16
[Tucker+OCSVM] Final result RANK=(64, 64, 16) AUC=0.5 | ACC=0.8 | param=({'gamma': 0.006666666666666666, 'kernel': 'rbf', 'nu': 0.01}) | aux=FP=1.000, P95=0.0100, mean=0.0100
[Tucker+OCSVM] AUC=0.5000 Boot: mean:0.5000 std:0.0000, CI(0.5000–0.5000) | 
[Tucker+OCSVM] R=(64, 64, 16) peak_rss_mb=1576.6 | peak_workingset_mb=9723.4 | peak_cuda_mb=130.0 | cpu_time_sec=89.38
[Tucker+AE] best_param=(1, 16) best_obj=1.0 Elapsed: 54.92
[Tucker+AE] (global) Final result Rank=(64, 64, 16) AUC=0.4923 ACC=0.796
[Tucker+AE] AUC=0.4923 Boot: mean:0.4922 std:0.0442, CI(0.4067–0.5790) | 
[Tucker+AE] R=(64, 64, 16) peak_rss_mb=2275.1 | peak_workingset_mb=9723.4 | peak_cuda_mb=130.0 | cpu_time_sec=1347.55
[Tucker+IF] best_obj=0.005000 best_param: {'bootstrap': False, 'contamination': 0.05, 'max_features': 0.75, 'max_samples': 0.75, 'n_estimators': 50, 'n_jobs': -1, 'random_state': 42} Elapsed (CPU s): 570.03
[Tucker+IF] Final result rank=(64, 64, 16) AUC=0.4685 ACC=0.68 obj=0.005| params={'bootstrap': False, 'contamination': 0.05, 'max_features': 0.75, 'max_samples': 0.75, 'n_estimators': 50, 'n_jobs': -1, 'random_state': 42} | thr=0.346124 | target_FP=0.050
[Tucker+IF] AUC=0.4685 Boot: mean:0.4695 std:0.0466, CI(0.3773–0.5616) | 
[Tucker+IF] R=(64, 64, 16) peak_rss_mb=2476.8 | peak_workingset_mb=9723.4 | peak_cuda_mb=130.0 | cpu_time_sec=576.72
