TensorLy backend: PyTorch (CUDA)
Rank search
Split seed: 5
[TRAIN] N=500, NaNs=False, Infs=False
[TRAIN] min=-3.708315, max=4.955186
[VAL] N=301, NaNs=False, Infs=False
[VAL] min=-3.708315, max=5.484934
[FINAL] N=250, NaNs=False, Infs=False
[FINAL] min=-3.624767, max=6.676866
Rank: 5 5 5
[Tucker only] R=(5, 5, 5) peak_rss_mb=3395.8 | peak_workingset_mb=6416.0 | peak_cuda_mb=158.0 | cpu_time_sec=37.77
[Tucker+OCSVM] (VAL one-class) chose {'gamma': 0.0008, 'kernel': 'rbf', 'nu': 0.01} best_obj:(FP=0.382, P95=1.3059, mean=0.0083) Elapsed: 0.53
[Tucker+OCSVM] Final result RANK=(5, 5, 5) AUC=0.6671 | ACC=0.808 | param=({'gamma': 0.0008, 'kernel': 'rbf', 'nu': 0.01}) | aux=FP=0.382, P95=1.3059, mean=0.0083
[Tucker+OCSVM] AUC=0.6671 Boot: mean:0.6665 std:0.0440, CI(0.5815–0.7499) | 
[Tucker+OCSVM] R=(5, 5, 5) peak_rss_mb=3142.4 | peak_workingset_mb=6416.0 | peak_cuda_mb=138.1 | cpu_time_sec=1.16
[Tucker+AE] best_param=(1, 16) best_obj=0.39479512735326683 Elapsed: 3.97
[Tucker+AE] (global) Final result Rank=(5, 5, 5) AUC=0.6703 ACC=0.808
[Tucker+AE] AUC=0.6703 Boot: mean:0.6697 std:0.0440, CI(0.5841–0.7520) | 
[Tucker+AE] R=(5, 5, 5) peak_rss_mb=3173.3 | peak_workingset_mb=6416.0 | peak_cuda_mb=138.1 | cpu_time_sec=46.44
[Tucker+IF] best_obj=0.255831 best_param: {'bootstrap': True, 'contamination': 0.05, 'max_features': 0.75, 'max_samples': 0.75, 'n_estimators': 50, 'n_jobs': -1, 'random_state': 42} Elapsed (CPU s): 80.97
[Tucker+IF] Final result rank=(5, 5, 5) AUC=0.6506 ACC=0.796 obj=0.2558305647840532| params={'bootstrap': True, 'contamination': 0.05, 'max_features': 0.75, 'max_samples': 0.75, 'n_estimators': 50, 'n_jobs': -1, 'random_state': 42} | thr=0.598537 | target_FP=0.050
[Tucker+IF] AUC=0.6506 Boot: mean:0.6506 std:0.0447, CI(0.5632–0.7339) | 
[Tucker+IF] R=(5, 5, 5) peak_rss_mb=3183.7 | peak_workingset_mb=6416.0 | peak_cuda_mb=138.1 | cpu_time_sec=81.44
Rank: 5 5 16
[Tucker only] R=(5, 5, 16) peak_rss_mb=5367.6 | peak_workingset_mb=6416.0 | peak_cuda_mb=1133.5 | cpu_time_sec=2775.19
[Tucker+OCSVM] (VAL one-class) chose {'gamma': 0.0006666666666666668, 'kernel': 'rbf', 'nu': 0.01} best_obj:(FP=0.435, P95=1.3550, mean=0.0980) Elapsed: 0.58
[Tucker+OCSVM] Final result RANK=(5, 5, 16) AUC=0.6488 | ACC=0.804 | param=({'gamma': 0.0006666666666666668, 'kernel': 'rbf', 'nu': 0.01}) | aux=FP=0.435, P95=1.3550, mean=0.0980
[Tucker+OCSVM] AUC=0.6488 Boot: mean:0.6481 std:0.0440, CI(0.5638–0.7323) | 
[Tucker+OCSVM] R=(5, 5, 16) peak_rss_mb=790.9 | peak_workingset_mb=6416.0 | peak_cuda_mb=138.1 | cpu_time_sec=1.09
[Tucker+AE] best_param=(3, 16) best_obj=0.4523809523809524 Elapsed: 3.75
[Tucker+AE] (global) Final result Rank=(5, 5, 16) AUC=0.6484 ACC=0.804
[Tucker+AE] AUC=0.6484 Boot: mean:0.6478 std:0.0445, CI(0.5610–0.7310) | 
[Tucker+AE] R=(5, 5, 16) peak_rss_mb=1051.0 | peak_workingset_mb=6416.0 | peak_cuda_mb=138.1 | cpu_time_sec=41.73
[Tucker+IF] best_obj=0.240880 best_param: {'bootstrap': True, 'contamination': 0.05, 'max_features': 1.0, 'max_samples': 0.5, 'n_estimators': 50, 'n_jobs': -1, 'random_state': 42} Elapsed (CPU s): 75.94
[Tucker+IF] Final result rank=(5, 5, 16) AUC=0.6695 ACC=0.804 obj=0.24088039867109637| params={'bootstrap': True, 'contamination': 0.05, 'max_features': 1.0, 'max_samples': 0.5, 'n_estimators': 50, 'n_jobs': -1, 'random_state': 42} | thr=0.584355 | target_FP=0.050
[Tucker+IF] AUC=0.6695 Boot: mean:0.6690 std:0.0423, CI(0.5874–0.7528) | 
[Tucker+IF] R=(5, 5, 16) peak_rss_mb=1074.4 | peak_workingset_mb=6416.0 | peak_cuda_mb=138.1 | cpu_time_sec=76.36
Rank: 5 16 5
[Tucker only] R=(5, 16, 5) peak_rss_mb=1092.9 | peak_workingset_mb=6416.0 | peak_cuda_mb=158.0 | cpu_time_sec=45.56
[Tucker+OCSVM] (VAL one-class) chose {'gamma': 0.025, 'kernel': 'rbf', 'nu': 0.01} best_obj:(FP=1.000, P95=0.0100, mean=0.0100) Elapsed: 1.02
[Tucker+OCSVM] Final result RANK=(5, 16, 5) AUC=0.4999 | ACC=0.8 | param=({'gamma': 0.025, 'kernel': 'rbf', 'nu': 0.01}) | aux=FP=1.000, P95=0.0100, mean=0.0100
[Tucker+OCSVM] AUC=0.4999 Boot: mean:0.5006 std:0.0190, CI(0.4600–0.5325) | 
[Tucker+OCSVM] R=(5, 16, 5) peak_rss_mb=1100.4 | peak_workingset_mb=6416.0 | peak_cuda_mb=138.1 | cpu_time_sec=1.45
[Tucker+AE] best_param=(1, 16) best_obj=1.0 Elapsed: 4.45
[Tucker+AE] (global) Final result Rank=(5, 16, 5) AUC=0.6105 ACC=0.82
[Tucker+AE] AUC=0.6105 Boot: mean:0.6104 std:0.0509, CI(0.5078–0.7070) | 
[Tucker+AE] R=(5, 16, 5) peak_rss_mb=1284.6 | peak_workingset_mb=6416.0 | peak_cuda_mb=138.1 | cpu_time_sec=53.03
[Tucker+IF] best_obj=0.842763 best_param: {'bootstrap': True, 'contamination': 0.05, 'max_features': 0.75, 'max_samples': 0.5, 'n_estimators': 50, 'n_jobs': -1, 'random_state': 42} Elapsed (CPU s): 125.56
[Tucker+IF] Final result rank=(5, 16, 5) AUC=0.6159 ACC=0.788 obj=0.8427630121816169| params={'bootstrap': True, 'contamination': 0.05, 'max_features': 0.75, 'max_samples': 0.5, 'n_estimators': 50, 'n_jobs': -1, 'random_state': 42} | thr=0.584030 | target_FP=0.050
[Tucker+IF] AUC=0.6159 Boot: mean:0.6163 std:0.0483, CI(0.5201–0.7124) | 
[Tucker+IF] R=(5, 16, 5) peak_rss_mb=2991.0 | peak_workingset_mb=6416.0 | peak_cuda_mb=138.1 | cpu_time_sec=127.72
Rank: 5 16 16
[Tucker only] R=(5, 16, 16) peak_rss_mb=6000.7 | peak_workingset_mb=6416.0 | peak_cuda_mb=288.5 | cpu_time_sec=2808.11
[Tucker+OCSVM] (VAL one-class) chose {'gamma': 0.020833333333333332, 'kernel': 'rbf', 'nu': 0.01} best_obj:(FP=1.000, P95=0.0100, mean=0.0100) Elapsed: 1.64
[Tucker+OCSVM] Final result RANK=(5, 16, 16) AUC=0.5 | ACC=0.8 | param=({'gamma': 0.020833333333333332, 'kernel': 'rbf', 'nu': 0.01}) | aux=FP=1.000, P95=0.0100, mean=0.0100
[Tucker+OCSVM] AUC=0.5000 Boot: mean:0.5000 std:0.0000, CI(0.5000–0.5000) | 
[Tucker+OCSVM] R=(5, 16, 16) peak_rss_mb=2779.3 | peak_workingset_mb=6416.0 | peak_cuda_mb=138.1 | cpu_time_sec=3.95
[Tucker+AE] best_param=(1, 16) best_obj=1.0 Elapsed: 9.69
[Tucker+AE] (global) Final result Rank=(5, 16, 16) AUC=0.5527 ACC=0.82
[Tucker+AE] AUC=0.5527 Boot: mean:0.5526 std:0.0506, CI(0.4502–0.6524) | 
[Tucker+AE] R=(5, 16, 16) peak_rss_mb=2893.9 | peak_workingset_mb=6416.0 | peak_cuda_mb=138.1 | cpu_time_sec=96.41
[Tucker+IF] best_obj=0.954612 best_param: {'bootstrap': True, 'contamination': 0.05, 'max_features': 1.0, 'max_samples': 1.0, 'n_estimators': 50, 'n_jobs': -1, 'random_state': 42} Elapsed (CPU s): 145.12
[Tucker+IF] Final result rank=(5, 16, 16) AUC=0.536 ACC=0.796 obj=0.9546124031007751| params={'bootstrap': True, 'contamination': 0.05, 'max_features': 1.0, 'max_samples': 1.0, 'n_estimators': 50, 'n_jobs': -1, 'random_state': 42} | thr=0.602901 | target_FP=0.050
[Tucker+IF] AUC=0.5360 Boot: mean:0.5355 std:0.0457, CI(0.4489–0.6228) | 
[Tucker+IF] R=(5, 16, 16) peak_rss_mb=2921.3 | peak_workingset_mb=6416.0 | peak_cuda_mb=138.1 | cpu_time_sec=146.64
Rank: 5 32 5
[Tucker only] R=(5, 32, 5) peak_rss_mb=2932.3 | peak_workingset_mb=6416.0 | peak_cuda_mb=157.8 | cpu_time_sec=45.28
[Tucker+OCSVM] (VAL one-class) chose {'gamma': 0.02, 'kernel': 'rbf', 'nu': 0.01} best_obj:(FP=1.000, P95=0.0100, mean=0.0100) Elapsed: 2.42
[Tucker+OCSVM] Final result RANK=(5, 32, 5) AUC=0.5 | ACC=0.8 | param=({'gamma': 0.02, 'kernel': 'rbf', 'nu': 0.01}) | aux=FP=1.000, P95=0.0100, mean=0.0100
[Tucker+OCSVM] AUC=0.5000 Boot: mean:0.5000 std:0.0000, CI(0.5000–0.5000) | 
[Tucker+OCSVM] R=(5, 32, 5) peak_rss_mb=2936.8 | peak_workingset_mb=6416.0 | peak_cuda_mb=138.1 | cpu_time_sec=4.16
[Tucker+AE] best_param=(1, 16) best_obj=1.0 Elapsed: 3.44
[Tucker+AE] (global) Final result Rank=(5, 32, 5) AUC=0.4368 ACC=0.796
[Tucker+AE] AUC=0.4368 Boot: mean:0.4361 std:0.0436, CI(0.3522–0.5221) | 
[Tucker+AE] R=(5, 32, 5) peak_rss_mb=3011.6 | peak_workingset_mb=6416.0 | peak_cuda_mb=138.1 | cpu_time_sec=48.75
[Tucker+IF] best_obj=0.546528 best_param: {'bootstrap': True, 'contamination': 0.05, 'max_features': 0.5, 'max_samples': 0.5, 'n_estimators': 50, 'n_jobs': -1, 'random_state': 42} Elapsed (CPU s): 132.33
[Tucker+IF] Final result rank=(5, 32, 5) AUC=0.4447 ACC=0.72 obj=0.5465282392026578| params={'bootstrap': True, 'contamination': 0.05, 'max_features': 0.5, 'max_samples': 0.5, 'n_estimators': 50, 'n_jobs': -1, 'random_state': 42} | thr=0.531428 | target_FP=0.050
[Tucker+IF] AUC=0.4447 Boot: mean:0.4442 std:0.0439, CI(0.3573–0.5306) | 
[Tucker+IF] R=(5, 32, 5) peak_rss_mb=3042.0 | peak_workingset_mb=6416.0 | peak_cuda_mb=138.1 | cpu_time_sec=133.23
Rank: 5 32 16
[Tucker only] R=(5, 32, 16) peak_rss_mb=6227.6 | peak_workingset_mb=6416.0 | peak_cuda_mb=1179.2 | cpu_time_sec=2848.75
[Tucker+OCSVM] (VAL one-class) chose {'gamma': 0.02, 'kernel': 'rbf', 'nu': 0.01} best_obj:(FP=1.000, P95=0.0100, mean=0.0100) Elapsed: 2.44
[Tucker+OCSVM] Final result RANK=(5, 32, 16) AUC=0.5 | ACC=0.8 | param=({'gamma': 0.02, 'kernel': 'rbf', 'nu': 0.01}) | aux=FP=1.000, P95=0.0100, mean=0.0100
[Tucker+OCSVM] AUC=0.5000 Boot: mean:0.5000 std:0.0000, CI(0.5000–0.5000) | 
[Tucker+OCSVM] R=(5, 32, 16) peak_rss_mb=3074.4 | peak_workingset_mb=6416.0 | peak_cuda_mb=138.1 | cpu_time_sec=3.45
[Tucker+AE] best_param=(1, 16) best_obj=1.0 Elapsed: 3.06
[Tucker+AE] (global) Final result Rank=(5, 32, 16) AUC=0.5493 ACC=0.812
[Tucker+AE] AUC=0.5493 Boot: mean:0.5508 std:0.0451, CI(0.4650–0.6407) | 
[Tucker+AE] R=(5, 32, 16) peak_rss_mb=3180.3 | peak_workingset_mb=6416.0 | peak_cuda_mb=138.1 | cpu_time_sec=44.70
[Tucker+IF] best_obj=0.173328 best_param: {'bootstrap': False, 'contamination': 0.05, 'max_features': 0.5, 'max_samples': 0.5, 'n_estimators': 50, 'n_jobs': -1, 'random_state': 42} Elapsed (CPU s): 121.0
[Tucker+IF] Final result rank=(5, 32, 16) AUC=0.555 ACC=0.696 obj=0.17332779623477299| params={'bootstrap': False, 'contamination': 0.05, 'max_features': 0.5, 'max_samples': 0.5, 'n_estimators': 50, 'n_jobs': -1, 'random_state': 42} | thr=0.450567 | target_FP=0.050
[Tucker+IF] AUC=0.5550 Boot: mean:0.5547 std:0.0449, CI(0.4649–0.6408) | 
[Tucker+IF] R=(5, 32, 16) peak_rss_mb=3197.7 | peak_workingset_mb=6416.0 | peak_cuda_mb=138.1 | cpu_time_sec=121.66
Rank: 5 64 5
[Tucker only] R=(5, 64, 5) peak_rss_mb=3219.1 | peak_workingset_mb=6416.0 | peak_cuda_mb=158.3 | cpu_time_sec=56.44
[Tucker+OCSVM] (VAL one-class) chose {'gamma': 0.02, 'kernel': 'rbf', 'nu': 0.01} best_obj:(FP=1.000, P95=0.0100, mean=0.0100) Elapsed: 2.41
[Tucker+OCSVM] Final result RANK=(5, 64, 5) AUC=0.5 | ACC=0.8 | param=({'gamma': 0.02, 'kernel': 'rbf', 'nu': 0.01}) | aux=FP=1.000, P95=0.0100, mean=0.0100
[Tucker+OCSVM] AUC=0.5000 Boot: mean:0.5000 std:0.0000, CI(0.5000–0.5000) | 
[Tucker+OCSVM] R=(5, 64, 5) peak_rss_mb=3223.1 | peak_workingset_mb=6416.0 | peak_cuda_mb=138.1 | cpu_time_sec=3.05
[Tucker+AE] best_param=(1, 16) best_obj=1.0 Elapsed: 2.67
[Tucker+AE] (global) Final result Rank=(5, 64, 5) AUC=0.4507 ACC=0.796
[Tucker+AE] AUC=0.4507 Boot: mean:0.4505 std:0.0446, CI(0.3630–0.5370) | 
[Tucker+AE] R=(5, 64, 5) peak_rss_mb=3351.5 | peak_workingset_mb=6416.0 | peak_cuda_mb=138.1 | cpu_time_sec=32.59
[Tucker+IF] best_obj=0.108544 best_param: {'bootstrap': False, 'contamination': 0.05, 'max_features': 0.5, 'max_samples': 0.75, 'n_estimators': 50, 'n_jobs': -1, 'random_state': 42} Elapsed (CPU s): 109.91
[Tucker+IF] Final result rank=(5, 64, 5) AUC=0.395 ACC=0.668 obj=0.10854374307862681| params={'bootstrap': False, 'contamination': 0.05, 'max_features': 0.5, 'max_samples': 0.75, 'n_estimators': 50, 'n_jobs': -1, 'random_state': 42} | thr=0.452277 | target_FP=0.050
[Tucker+IF] AUC=0.3950 Boot: mean:0.3945 std:0.0388, CI(0.3208–0.4724) | 
[Tucker+IF] R=(5, 64, 5) peak_rss_mb=3382.6 | peak_workingset_mb=6416.0 | peak_cuda_mb=138.1 | cpu_time_sec=110.41
Rank: 5 64 16
[Tucker only] R=(5, 64, 16) peak_rss_mb=6596.8 | peak_workingset_mb=6632.5 | peak_cuda_mb=1127.4 | cpu_time_sec=2856.92
[Tucker+OCSVM] (VAL one-class) chose {'gamma': 0.02, 'kernel': 'rbf', 'nu': 0.01} best_obj:(FP=1.000, P95=0.0100, mean=0.0100) Elapsed: 2.34
[Tucker+OCSVM] Final result RANK=(5, 64, 16) AUC=0.5 | ACC=0.8 | param=({'gamma': 0.02, 'kernel': 'rbf', 'nu': 0.01}) | aux=FP=1.000, P95=0.0100, mean=0.0100
[Tucker+OCSVM] AUC=0.5000 Boot: mean:0.5000 std:0.0000, CI(0.5000–0.5000) | 
[Tucker+OCSVM] R=(5, 64, 16) peak_rss_mb=3421.0 | peak_workingset_mb=6632.5 | peak_cuda_mb=138.1 | cpu_time_sec=2.83
[Tucker+AE] best_param=(1, 16) best_obj=1.0 Elapsed: 2.52
[Tucker+AE] (global) Final result Rank=(5, 64, 16) AUC=0.4911 ACC=0.808
[Tucker+AE] AUC=0.4911 Boot: mean:0.4913 std:0.0504, CI(0.3934–0.5885) | 
[Tucker+AE] R=(5, 64, 16) peak_rss_mb=3549.3 | peak_workingset_mb=6632.5 | peak_cuda_mb=138.1 | cpu_time_sec=41.41
[Tucker+IF] best_obj=0.013306 best_param: {'bootstrap': True, 'contamination': 0.05, 'max_features': 0.75, 'max_samples': 1.0, 'n_estimators': 50, 'n_jobs': -1, 'random_state': 42} Elapsed (CPU s): 159.09
[Tucker+IF] Final result rank=(5, 64, 16) AUC=0.57 ACC=0.8 obj=0.013305647840531561| params={'bootstrap': True, 'contamination': 0.05, 'max_features': 0.75, 'max_samples': 1.0, 'n_estimators': 50, 'n_jobs': -1, 'random_state': 42} | thr=0.426493 | target_FP=0.050
[Tucker+IF] AUC=0.5700 Boot: mean:0.5697 std:0.0488, CI(0.4739–0.6606) | 
[Tucker+IF] R=(5, 64, 16) peak_rss_mb=3220.7 | peak_workingset_mb=6632.5 | peak_cuda_mb=138.1 | cpu_time_sec=162.05
Rank: 16 5 5
[Tucker only] R=(16, 5, 5) peak_rss_mb=3222.7 | peak_workingset_mb=6632.5 | peak_cuda_mb=158.3 | cpu_time_sec=44.42
[Tucker+OCSVM] (VAL one-class) chose {'gamma': 0.025, 'kernel': 'rbf', 'nu': 0.01} best_obj:(FP=1.000, P95=0.0100, mean=0.0100) Elapsed: 1.05
[Tucker+OCSVM] Final result RANK=(16, 5, 5) AUC=0.4816 | ACC=0.8 | param=({'gamma': 0.025, 'kernel': 'rbf', 'nu': 0.01}) | aux=FP=1.000, P95=0.0100, mean=0.0100
[Tucker+OCSVM] AUC=0.4816 Boot: mean:0.4808 std:0.0209, CI(0.4395–0.5175) | 
[Tucker+OCSVM] R=(16, 5, 5) peak_rss_mb=3216.3 | peak_workingset_mb=6632.5 | peak_cuda_mb=138.1 | cpu_time_sec=4.00
[Tucker+AE] best_param=(1, 16) best_obj=1.0 Elapsed: 7.31
[Tucker+AE] (global) Final result Rank=(16, 5, 5) AUC=0.5851 ACC=0.808
[Tucker+AE] AUC=0.5851 Boot: mean:0.5843 std:0.0512, CI(0.4832–0.6831) | 
[Tucker+AE] R=(16, 5, 5) peak_rss_mb=3265.5 | peak_workingset_mb=6632.5 | peak_cuda_mb=138.1 | cpu_time_sec=91.61
[Tucker+IF] best_obj=0.841656 best_param: {'bootstrap': True, 'contamination': 0.05, 'max_features': 0.5, 'max_samples': 0.5, 'n_estimators': 50, 'n_jobs': -1, 'random_state': 42} Elapsed (CPU s): 132.22
[Tucker+IF] Final result rank=(16, 5, 5) AUC=0.5709 ACC=0.788 obj=0.8416555924695459| params={'bootstrap': True, 'contamination': 0.05, 'max_features': 0.5, 'max_samples': 0.5, 'n_estimators': 50, 'n_jobs': -1, 'random_state': 42} | thr=0.599626 | target_FP=0.050
[Tucker+IF] AUC=0.5709 Boot: mean:0.5695 std:0.0513, CI(0.4701–0.6699) | 
[Tucker+IF] R=(16, 5, 5) peak_rss_mb=3348.4 | peak_workingset_mb=6632.5 | peak_cuda_mb=138.1 | cpu_time_sec=133.80
Rank: 16 5 16
[Tucker only] R=(16, 5, 16) peak_rss_mb=6432.7 | peak_workingset_mb=6632.5 | peak_cuda_mb=1202.0 | cpu_time_sec=2601.27
[Tucker+OCSVM] (VAL one-class) chose {'gamma': 0.020833333333333332, 'kernel': 'rbf', 'nu': 0.01} best_obj:(FP=1.000, P95=0.0100, mean=0.0100) Elapsed: 1.53
[Tucker+OCSVM] Final result RANK=(16, 5, 16) AUC=0.5 | ACC=0.8 | param=({'gamma': 0.020833333333333332, 'kernel': 'rbf', 'nu': 0.01}) | aux=FP=1.000, P95=0.0100, mean=0.0100
[Tucker+OCSVM] AUC=0.5000 Boot: mean:0.5000 std:0.0000, CI(0.5000–0.5000) | 
[Tucker+OCSVM] R=(16, 5, 16) peak_rss_mb=3449.7 | peak_workingset_mb=6632.5 | peak_cuda_mb=138.1 | cpu_time_sec=3.08
[Tucker+AE] best_param=(1, 16) best_obj=1.0 Elapsed: 6.69
[Tucker+AE] (global) Final result Rank=(16, 5, 16) AUC=0.5498 ACC=0.808
[Tucker+AE] AUC=0.5498 Boot: mean:0.5485 std:0.0512, CI(0.4490–0.6501) | 
[Tucker+AE] R=(16, 5, 16) peak_rss_mb=3496.8 | peak_workingset_mb=6632.5 | peak_cuda_mb=138.1 | cpu_time_sec=90.64
[Tucker+IF] best_obj=0.976207 best_param: {'bootstrap': False, 'contamination': 0.05, 'max_features': 1.0, 'max_samples': 0.5, 'n_estimators': 50, 'n_jobs': -1, 'random_state': 42} Elapsed (CPU s): 128.03
[Tucker+IF] Final result rank=(16, 5, 16) AUC=0.5451 ACC=0.78 obj=0.9762070874861571| params={'bootstrap': False, 'contamination': 0.05, 'max_features': 1.0, 'max_samples': 0.5, 'n_estimators': 50, 'n_jobs': -1, 'random_state': 42} | thr=0.576227 | target_FP=0.050
[Tucker+IF] AUC=0.5451 Boot: mean:0.5440 std:0.0476, CI(0.4487–0.6389) | 
[Tucker+IF] R=(16, 5, 16) peak_rss_mb=3485.2 | peak_workingset_mb=6632.5 | peak_cuda_mb=138.1 | cpu_time_sec=130.03
Rank: 16 16 5
[Tucker only] R=(16, 16, 5) peak_rss_mb=3504.5 | peak_workingset_mb=6632.5 | peak_cuda_mb=158.3 | cpu_time_sec=48.69
[Tucker+OCSVM] (VAL one-class) chose {'gamma': 0.02, 'kernel': 'rbf', 'nu': 0.01} best_obj:(FP=1.000, P95=0.0100, mean=0.0100) Elapsed: 2.73
[Tucker+OCSVM] Final result RANK=(16, 16, 5) AUC=0.5 | ACC=0.8 | param=({'gamma': 0.02, 'kernel': 'rbf', 'nu': 0.01}) | aux=FP=1.000, P95=0.0100, mean=0.0100
[Tucker+OCSVM] AUC=0.5000 Boot: mean:0.5000 std:0.0000, CI(0.5000–0.5000) | 
[Tucker+OCSVM] R=(16, 16, 5) peak_rss_mb=3507.9 | peak_workingset_mb=6632.5 | peak_cuda_mb=138.1 | cpu_time_sec=4.70
[Tucker+AE] best_param=(1, 16) best_obj=1.0 Elapsed: 2.7
[Tucker+AE] (global) Final result Rank=(16, 16, 5) AUC=0.5729 ACC=0.812
[Tucker+AE] AUC=0.5729 Boot: mean:0.5739 std:0.0472, CI(0.4781–0.6652) | 
[Tucker+AE] R=(16, 16, 5) peak_rss_mb=3604.9 | peak_workingset_mb=6632.5 | peak_cuda_mb=138.1 | cpu_time_sec=42.34
[Tucker+IF] best_obj=0.194922 best_param: {'bootstrap': True, 'contamination': 0.05, 'max_features': 0.75, 'max_samples': 0.75, 'n_estimators': 50, 'n_jobs': -1, 'random_state': 42} Elapsed (CPU s): 118.39
[Tucker+IF] Final result rank=(16, 16, 5) AUC=0.5572 ACC=0.8 obj=0.19492248062015505| params={'bootstrap': True, 'contamination': 0.05, 'max_features': 0.75, 'max_samples': 0.75, 'n_estimators': 50, 'n_jobs': -1, 'random_state': 42} | thr=0.469549 | target_FP=0.050
[Tucker+IF] AUC=0.5572 Boot: mean:0.5566 std:0.0505, CI(0.4578–0.6547) | 
[Tucker+IF] R=(16, 16, 5) peak_rss_mb=3636.3 | peak_workingset_mb=6632.5 | peak_cuda_mb=138.1 | cpu_time_sec=119.16
Rank: 16 16 16
[Tucker only] R=(16, 16, 16) peak_rss_mb=5554.8 | peak_workingset_mb=6632.5 | peak_cuda_mb=1202.3 | cpu_time_sec=2763.48
[Tucker+OCSVM] (VAL one-class) chose {'gamma': 0.02, 'kernel': 'rbf', 'nu': 0.01} best_obj:(FP=1.000, P95=0.0100, mean=0.0100) Elapsed: 2.83
[Tucker+OCSVM] Final result RANK=(16, 16, 16) AUC=0.5 | ACC=0.8 | param=({'gamma': 0.02, 'kernel': 'rbf', 'nu': 0.01}) | aux=FP=1.000, P95=0.0100, mean=0.0100
[Tucker+OCSVM] AUC=0.5000 Boot: mean:0.5000 std:0.0000, CI(0.5000–0.5000) | 
[Tucker+OCSVM] R=(16, 16, 16) peak_rss_mb=310.8 | peak_workingset_mb=6632.5 | peak_cuda_mb=138.1 | cpu_time_sec=3.70
[Tucker+AE] best_param=(1, 16) best_obj=1.0 Elapsed: 3.31
[Tucker+AE] (global) Final result Rank=(16, 16, 16) AUC=0.4801 ACC=0.804
[Tucker+AE] AUC=0.4801 Boot: mean:0.4790 std:0.0473, CI(0.3882–0.5731) | 
[Tucker+AE] R=(16, 16, 16) peak_rss_mb=672.3 | peak_workingset_mb=6632.5 | peak_cuda_mb=138.1 | cpu_time_sec=31.98
[Tucker+IF] best_obj=0.016628 best_param: {'bootstrap': True, 'contamination': 0.05, 'max_features': 0.5, 'max_samples': 0.5, 'n_estimators': 50, 'n_jobs': -1, 'random_state': 42} Elapsed (CPU s): 103.66
[Tucker+IF] Final result rank=(16, 16, 16) AUC=0.5356 ACC=0.772 obj=0.016627906976744187| params={'bootstrap': True, 'contamination': 0.05, 'max_features': 0.5, 'max_samples': 0.5, 'n_estimators': 50, 'n_jobs': -1, 'random_state': 42} | thr=0.439691 | target_FP=0.050
[Tucker+IF] AUC=0.5356 Boot: mean:0.5339 std:0.0524, CI(0.4314–0.6369) | 
[Tucker+IF] R=(16, 16, 16) peak_rss_mb=713.3 | peak_workingset_mb=6632.5 | peak_cuda_mb=138.1 | cpu_time_sec=104.30
Rank: 16 32 5
[Tucker only] R=(16, 32, 5) peak_rss_mb=746.9 | peak_workingset_mb=6632.5 | peak_cuda_mb=158.3 | cpu_time_sec=50.94
[Tucker+OCSVM] (VAL one-class) chose {'gamma': 0.02, 'kernel': 'rbf', 'nu': 0.01} best_obj:(FP=1.000, P95=0.0100, mean=0.0100) Elapsed: 2.72
[Tucker+OCSVM] Final result RANK=(16, 32, 5) AUC=0.5 | ACC=0.8 | param=({'gamma': 0.02, 'kernel': 'rbf', 'nu': 0.01}) | aux=FP=1.000, P95=0.0100, mean=0.0100
[Tucker+OCSVM] AUC=0.5000 Boot: mean:0.5000 std:0.0000, CI(0.5000–0.5000) | 
[Tucker+OCSVM] R=(16, 32, 5) peak_rss_mb=748.8 | peak_workingset_mb=6632.5 | peak_cuda_mb=138.1 | cpu_time_sec=3.31
[Tucker+AE] best_param=(1, 16) best_obj=1.0 Elapsed: 2.38
[Tucker+AE] (global) Final result Rank=(16, 32, 5) AUC=0.5472 ACC=0.8
[Tucker+AE] AUC=0.5472 Boot: mean:0.5478 std:0.0446, CI(0.4612–0.6309) | 
[Tucker+AE] R=(16, 32, 5) peak_rss_mb=953.1 | peak_workingset_mb=6632.5 | peak_cuda_mb=138.1 | cpu_time_sec=29.25
[Tucker+IF] best_obj=0.008322 best_param: {'bootstrap': True, 'contamination': 0.05, 'max_features': 0.75, 'max_samples': 0.75, 'n_estimators': 50, 'n_jobs': -1, 'random_state': 42} Elapsed (CPU s): 91.33
[Tucker+IF] Final result rank=(16, 32, 5) AUC=0.5341 ACC=0.724 obj=0.008322259136212625| params={'bootstrap': True, 'contamination': 0.05, 'max_features': 0.75, 'max_samples': 0.75, 'n_estimators': 50, 'n_jobs': -1, 'random_state': 42} | thr=0.403585 | target_FP=0.050
[Tucker+IF] AUC=0.5341 Boot: mean:0.5337 std:0.0491, CI(0.4364–0.6250) | 
[Tucker+IF] R=(16, 32, 5) peak_rss_mb=982.8 | peak_workingset_mb=6632.5 | peak_cuda_mb=138.1 | cpu_time_sec=91.83
Rank: 16 32 16
[Tucker only] R=(16, 32, 16) peak_rss_mb=5534.7 | peak_workingset_mb=6632.5 | peak_cuda_mb=1198.1 | cpu_time_sec=2822.45
[Tucker+OCSVM] (VAL one-class) chose {'gamma': 0.02, 'kernel': 'rbf', 'nu': 0.01} best_obj:(FP=1.000, P95=0.0100, mean=0.0100) Elapsed: 2.61
[Tucker+OCSVM] Final result RANK=(16, 32, 16) AUC=0.5 | ACC=0.8 | param=({'gamma': 0.02, 'kernel': 'rbf', 'nu': 0.01}) | aux=FP=1.000, P95=0.0100, mean=0.0100
[Tucker+OCSVM] AUC=0.5000 Boot: mean:0.5000 std:0.0000, CI(0.5000–0.5000) | 
[Tucker+OCSVM] R=(16, 32, 16) peak_rss_mb=3333.9 | peak_workingset_mb=6632.5 | peak_cuda_mb=138.1 | cpu_time_sec=6.64
[Tucker+AE] best_param=(1, 16) best_obj=1.0 Elapsed: 3.7
[Tucker+AE] (global) Final result Rank=(16, 32, 16) AUC=0.4771 ACC=0.804
[Tucker+AE] AUC=0.4771 Boot: mean:0.4786 std:0.0467, CI(0.3877–0.5703) | 
[Tucker+AE] R=(16, 32, 16) peak_rss_mb=3417.9 | peak_workingset_mb=6632.5 | peak_cuda_mb=138.1 | cpu_time_sec=50.69
[Tucker+IF] best_obj=0.005000 best_param: {'bootstrap': False, 'contamination': 0.05, 'max_features': 0.5, 'max_samples': 0.5, 'n_estimators': 50, 'n_jobs': -1, 'random_state': 42} Elapsed (CPU s): 152.39
[Tucker+IF] Final result rank=(16, 32, 16) AUC=0.5406 ACC=0.776 obj=0.005| params={'bootstrap': False, 'contamination': 0.05, 'max_features': 0.5, 'max_samples': 0.5, 'n_estimators': 50, 'n_jobs': -1, 'random_state': 42} | thr=0.371873 | target_FP=0.050
[Tucker+IF] AUC=0.5406 Boot: mean:0.5399 std:0.0513, CI(0.4403–0.6383) | 
[Tucker+IF] R=(16, 32, 16) peak_rss_mb=3429.8 | peak_workingset_mb=6632.5 | peak_cuda_mb=138.1 | cpu_time_sec=155.73
Rank: 16 64 5
[Tucker only] R=(16, 64, 5) peak_rss_mb=3488.5 | peak_workingset_mb=6632.5 | peak_cuda_mb=158.8 | cpu_time_sec=60.31
[Tucker+OCSVM] (VAL one-class) chose {'gamma': 0.02, 'kernel': 'rbf', 'nu': 0.01} best_obj:(FP=1.000, P95=0.0100, mean=0.0100) Elapsed: 2.58
[Tucker+OCSVM] Final result RANK=(16, 64, 5) AUC=0.5 | ACC=0.8 | param=({'gamma': 0.02, 'kernel': 'rbf', 'nu': 0.01}) | aux=FP=1.000, P95=0.0100, mean=0.0100
[Tucker+OCSVM] AUC=0.5000 Boot: mean:0.5000 std:0.0000, CI(0.5000–0.5000) | 
[Tucker+OCSVM] R=(16, 64, 5) peak_rss_mb=3484.5 | peak_workingset_mb=6632.5 | peak_cuda_mb=138.1 | cpu_time_sec=3.17
[Tucker+AE] best_param=(1, 16) best_obj=1.0 Elapsed: 2.77
[Tucker+AE] (global) Final result Rank=(16, 64, 5) AUC=0.5468 ACC=0.804
[Tucker+AE] AUC=0.5468 Boot: mean:0.5479 std:0.0463, CI(0.4587–0.6352) | 
[Tucker+AE] R=(16, 64, 5) peak_rss_mb=3549.5 | peak_workingset_mb=6632.5 | peak_cuda_mb=138.1 | cpu_time_sec=34.58
[Tucker+IF] best_obj=0.005000 best_param: {'bootstrap': False, 'contamination': 0.05, 'max_features': 0.75, 'max_samples': 0.5, 'n_estimators': 50, 'n_jobs': -1, 'random_state': 42} Elapsed (CPU s): 100.39
[Tucker+IF] Final result rank=(16, 64, 5) AUC=0.686 ACC=0.708 obj=0.005| params={'bootstrap': False, 'contamination': 0.05, 'max_features': 0.75, 'max_samples': 0.5, 'n_estimators': 50, 'n_jobs': -1, 'random_state': 42} | thr=0.370999 | target_FP=0.050
[Tucker+IF] AUC=0.6860 Boot: mean:0.6867 std:0.0395, CI(0.6026–0.7603) | 
[Tucker+IF] R=(16, 64, 5) peak_rss_mb=3569.7 | peak_workingset_mb=6632.5 | peak_cuda_mb=138.1 | cpu_time_sec=100.92
Rank: 16 64 16
[Tucker only] R=(16, 64, 16) peak_rss_mb=6313.6 | peak_workingset_mb=6632.5 | peak_cuda_mb=1184.8 | cpu_time_sec=2944.44
[Tucker+OCSVM] (VAL one-class) chose {'gamma': 0.02, 'kernel': 'rbf', 'nu': 0.01} best_obj:(FP=1.000, P95=0.0100, mean=0.0100) Elapsed: 2.97
[Tucker+OCSVM] Final result RANK=(16, 64, 16) AUC=0.5 | ACC=0.8 | param=({'gamma': 0.02, 'kernel': 'rbf', 'nu': 0.01}) | aux=FP=1.000, P95=0.0100, mean=0.0100
[Tucker+OCSVM] AUC=0.5000 Boot: mean:0.5000 std:0.0000, CI(0.5000–0.5000) | 
[Tucker+OCSVM] R=(16, 64, 16) peak_rss_mb=881.0 | peak_workingset_mb=6632.5 | peak_cuda_mb=138.1 | cpu_time_sec=4.09
[Tucker+AE] best_param=(1, 16) best_obj=1.0 Elapsed: 2.94
[Tucker+AE] (global) Final result Rank=(16, 64, 16) AUC=0.4955 ACC=0.8
[Tucker+AE] AUC=0.4955 Boot: mean:0.4951 std:0.0480, CI(0.4027–0.5910) | 
[Tucker+AE] R=(16, 64, 16) peak_rss_mb=1235.4 | peak_workingset_mb=6632.5 | peak_cuda_mb=138.1 | cpu_time_sec=34.80
[Tucker+IF] best_obj=0.005000 best_param: {'bootstrap': False, 'contamination': 0.05, 'max_features': 0.5, 'max_samples': 0.5, 'n_estimators': 50, 'n_jobs': -1, 'random_state': 42} Elapsed (CPU s): 104.25
[Tucker+IF] Final result rank=(16, 64, 16) AUC=0.6016 ACC=0.724 obj=0.005| params={'bootstrap': False, 'contamination': 0.05, 'max_features': 0.5, 'max_samples': 0.5, 'n_estimators': 50, 'n_jobs': -1, 'random_state': 42} | thr=0.348521 | target_FP=0.050
[Tucker+IF] AUC=0.6016 Boot: mean:0.6014 std:0.0451, CI(0.5100–0.6877) | 
[Tucker+IF] R=(16, 64, 16) peak_rss_mb=1277.3 | peak_workingset_mb=6632.5 | peak_cuda_mb=138.1 | cpu_time_sec=104.78
Rank: 32 5 5
[Tucker only] R=(32, 5, 5) peak_rss_mb=1288.6 | peak_workingset_mb=6632.5 | peak_cuda_mb=158.8 | cpu_time_sec=45.38
[Tucker+OCSVM] (VAL one-class) chose {'gamma': 0.02, 'kernel': 'rbf', 'nu': 0.01} best_obj:(FP=1.000, P95=0.0100, mean=0.0100) Elapsed: 2.83
[Tucker+OCSVM] Final result RANK=(32, 5, 5) AUC=0.5 | ACC=0.8 | param=({'gamma': 0.02, 'kernel': 'rbf', 'nu': 0.01}) | aux=FP=1.000, P95=0.0100, mean=0.0100
[Tucker+OCSVM] AUC=0.5000 Boot: mean:0.5000 std:0.0000, CI(0.5000–0.5000) | 
[Tucker+OCSVM] R=(32, 5, 5) peak_rss_mb=1237.5 | peak_workingset_mb=6632.5 | peak_cuda_mb=138.1 | cpu_time_sec=5.02
[Tucker+AE] best_param=(1, 16) best_obj=1.0 Elapsed: 5.98
[Tucker+AE] (global) Final result Rank=(32, 5, 5) AUC=0.4554 ACC=0.796
[Tucker+AE] AUC=0.4554 Boot: mean:0.4539 std:0.0464, CI(0.3677–0.5478) | 
[Tucker+AE] R=(32, 5, 5) peak_rss_mb=1457.1 | peak_workingset_mb=6632.5 | peak_cuda_mb=138.1 | cpu_time_sec=55.50
[Tucker+IF] best_obj=0.512752 best_param: {'bootstrap': False, 'contamination': 0.05, 'max_features': 0.5, 'max_samples': 0.5, 'n_estimators': 50, 'n_jobs': -1, 'random_state': 42} Elapsed (CPU s): 118.7
[Tucker+IF] Final result rank=(32, 5, 5) AUC=0.4404 ACC=0.668 obj=0.512751937984496| params={'bootstrap': False, 'contamination': 0.05, 'max_features': 0.5, 'max_samples': 0.5, 'n_estimators': 50, 'n_jobs': -1, 'random_state': 42} | thr=0.512461 | target_FP=0.050
[Tucker+IF] AUC=0.4404 Boot: mean:0.4400 std:0.0411, CI(0.3591–0.5194) | 
[Tucker+IF] R=(32, 5, 5) peak_rss_mb=1521.6 | peak_workingset_mb=6632.5 | peak_cuda_mb=138.1 | cpu_time_sec=119.97
Rank: 32 5 16
[Tucker only] R=(32, 5, 16) peak_rss_mb=4613.9 | peak_workingset_mb=6632.5 | peak_cuda_mb=1199.8 | cpu_time_sec=2808.31
[Tucker+OCSVM] (VAL one-class) chose {'gamma': 0.02, 'kernel': 'rbf', 'nu': 0.01} best_obj:(FP=1.000, P95=0.0100, mean=0.0100) Elapsed: 2.91
[Tucker+OCSVM] Final result RANK=(32, 5, 16) AUC=0.5 | ACC=0.8 | param=({'gamma': 0.02, 'kernel': 'rbf', 'nu': 0.01}) | aux=FP=1.000, P95=0.0100, mean=0.0100
[Tucker+OCSVM] AUC=0.5000 Boot: mean:0.5000 std:0.0000, CI(0.5000–0.5000) | 
[Tucker+OCSVM] R=(32, 5, 16) peak_rss_mb=1562.6 | peak_workingset_mb=6632.5 | peak_cuda_mb=138.1 | cpu_time_sec=4.17
[Tucker+AE] best_param=(1, 16) best_obj=1.0 Elapsed: 6.75
[Tucker+AE] (global) Final result Rank=(32, 5, 16) AUC=0.5121 ACC=0.804
[Tucker+AE] AUC=0.5121 Boot: mean:0.5126 std:0.0496, CI(0.4168–0.6138) | 
[Tucker+AE] R=(32, 5, 16) peak_rss_mb=1753.9 | peak_workingset_mb=6632.5 | peak_cuda_mb=138.1 | cpu_time_sec=39.22
[Tucker+IF] best_obj=0.151179 best_param: {'bootstrap': False, 'contamination': 0.05, 'max_features': 0.5, 'max_samples': 0.5, 'n_estimators': 50, 'n_jobs': -1, 'random_state': 42} Elapsed (CPU s): 106.81
[Tucker+IF] Final result rank=(32, 5, 16) AUC=0.5755 ACC=0.74 obj=0.15117940199335547| params={'bootstrap': False, 'contamination': 0.05, 'max_features': 0.5, 'max_samples': 0.5, 'n_estimators': 50, 'n_jobs': -1, 'random_state': 42} | thr=0.460230 | target_FP=0.050
[Tucker+IF] AUC=0.5755 Boot: mean:0.5732 std:0.0457, CI(0.4831–0.6610) | 
[Tucker+IF] R=(32, 5, 16) peak_rss_mb=1757.3 | peak_workingset_mb=6632.5 | peak_cuda_mb=138.1 | cpu_time_sec=107.33
Rank: 32 16 5
[Tucker only] R=(32, 16, 5) peak_rss_mb=1774.7 | peak_workingset_mb=6632.5 | peak_cuda_mb=158.8 | cpu_time_sec=48.14
[Tucker+OCSVM] (VAL one-class) chose {'gamma': 0.02, 'kernel': 'rbf', 'nu': 0.01} best_obj:(FP=1.000, P95=0.0100, mean=0.0100) Elapsed: 2.72
[Tucker+OCSVM] Final result RANK=(32, 16, 5) AUC=0.5 | ACC=0.8 | param=({'gamma': 0.02, 'kernel': 'rbf', 'nu': 0.01}) | aux=FP=1.000, P95=0.0100, mean=0.0100
[Tucker+OCSVM] AUC=0.5000 Boot: mean:0.5000 std:0.0000, CI(0.5000–0.5000) | 
[Tucker+OCSVM] R=(32, 16, 5) peak_rss_mb=1775.6 | peak_workingset_mb=6632.5 | peak_cuda_mb=138.1 | cpu_time_sec=3.41
[Tucker+AE] best_param=(1, 16) best_obj=1.0 Elapsed: 2.36
[Tucker+AE] (global) Final result Rank=(32, 16, 5) AUC=0.5395 ACC=0.808
[Tucker+AE] AUC=0.5395 Boot: mean:0.5393 std:0.0470, CI(0.4435–0.6305) | 
[Tucker+AE] R=(32, 16, 5) peak_rss_mb=1932.9 | peak_workingset_mb=6632.5 | peak_cuda_mb=138.1 | cpu_time_sec=29.06
[Tucker+IF] best_obj=0.005000 best_param: {'bootstrap': False, 'contamination': 0.05, 'max_features': 0.5, 'max_samples': 0.5, 'n_estimators': 50, 'n_jobs': -1, 'random_state': 42} Elapsed (CPU s): 94.55
[Tucker+IF] Final result rank=(32, 16, 5) AUC=0.5484 ACC=0.736 obj=0.005| params={'bootstrap': False, 'contamination': 0.05, 'max_features': 0.5, 'max_samples': 0.5, 'n_estimators': 50, 'n_jobs': -1, 'random_state': 42} | thr=0.379485 | target_FP=0.050
[Tucker+IF] AUC=0.5484 Boot: mean:0.5476 std:0.0472, CI(0.4574–0.6422) | 
[Tucker+IF] R=(32, 16, 5) peak_rss_mb=1960.4 | peak_workingset_mb=6632.5 | peak_cuda_mb=138.1 | cpu_time_sec=95.08
Rank: 32 16 16
[Tucker only] R=(32, 16, 16) peak_rss_mb=5159.5 | peak_workingset_mb=6632.5 | peak_cuda_mb=1202.3 | cpu_time_sec=2757.53
[Tucker+OCSVM] (VAL one-class) chose {'gamma': 0.02, 'kernel': 'rbf', 'nu': 0.01} best_obj:(FP=1.000, P95=0.0100, mean=0.0100) Elapsed: 2.73
[Tucker+OCSVM] Final result RANK=(32, 16, 16) AUC=0.5 | ACC=0.8 | param=({'gamma': 0.02, 'kernel': 'rbf', 'nu': 0.01}) | aux=FP=1.000, P95=0.0100, mean=0.0100
[Tucker+OCSVM] AUC=0.5000 Boot: mean:0.5000 std:0.0000, CI(0.5000–0.5000) | 
[Tucker+OCSVM] R=(32, 16, 16) peak_rss_mb=2011.5 | peak_workingset_mb=6632.5 | peak_cuda_mb=138.1 | cpu_time_sec=3.23
[Tucker+AE] best_param=(1, 16) best_obj=1.0 Elapsed: 2.77
[Tucker+AE] (global) Final result Rank=(32, 16, 16) AUC=0.4198 ACC=0.804
[Tucker+AE] AUC=0.4198 Boot: mean:0.4191 std:0.0437, CI(0.3349–0.5082) | 
[Tucker+AE] R=(32, 16, 16) peak_rss_mb=2186.2 | peak_workingset_mb=6632.5 | peak_cuda_mb=138.1 | cpu_time_sec=36.30
[Tucker+IF] best_obj=0.005000 best_param: {'bootstrap': False, 'contamination': 0.05, 'max_features': 0.5, 'max_samples': 0.75, 'n_estimators': 50, 'n_jobs': -1, 'random_state': 42} Elapsed (CPU s): 137.92
[Tucker+IF] Final result rank=(32, 16, 16) AUC=0.4894 ACC=0.748 obj=0.005| params={'bootstrap': False, 'contamination': 0.05, 'max_features': 0.5, 'max_samples': 0.75, 'n_estimators': 50, 'n_jobs': -1, 'random_state': 42} | thr=0.353861 | target_FP=0.050
[Tucker+IF] AUC=0.4894 Boot: mean:0.4881 std:0.0488, CI(0.3957–0.5854) | 
[Tucker+IF] R=(32, 16, 16) peak_rss_mb=4318.6 | peak_workingset_mb=6632.5 | peak_cuda_mb=138.1 | cpu_time_sec=143.06
Rank: 32 32 5
[Tucker only] R=(32, 32, 5) peak_rss_mb=3971.0 | peak_workingset_mb=6632.5 | peak_cuda_mb=158.8 | cpu_time_sec=54.39
[Tucker+OCSVM] (VAL one-class) chose {'gamma': 0.02, 'kernel': 'rbf', 'nu': 0.01} best_obj:(FP=1.000, P95=0.0100, mean=0.0100) Elapsed: 2.95
[Tucker+OCSVM] Final result RANK=(32, 32, 5) AUC=0.5 | ACC=0.8 | param=({'gamma': 0.02, 'kernel': 'rbf', 'nu': 0.01}) | aux=FP=1.000, P95=0.0100, mean=0.0100
[Tucker+OCSVM] AUC=0.5000 Boot: mean:0.5000 std:0.0000, CI(0.5000–0.5000) | 
[Tucker+OCSVM] R=(32, 32, 5) peak_rss_mb=3967.9 | peak_workingset_mb=6632.5 | peak_cuda_mb=138.1 | cpu_time_sec=4.11
[Tucker+AE] best_param=(1, 16) best_obj=1.0 Elapsed: 3.56
[Tucker+AE] (global) Final result Rank=(32, 32, 5) AUC=0.5659 ACC=0.804
[Tucker+AE] AUC=0.5659 Boot: mean:0.5666 std:0.0467, CI(0.4772–0.6584) | 
[Tucker+AE] R=(32, 32, 5) peak_rss_mb=4018.1 | peak_workingset_mb=6632.5 | peak_cuda_mb=138.1 | cpu_time_sec=41.92
[Tucker+IF] best_obj=0.005000 best_param: {'bootstrap': False, 'contamination': 0.05, 'max_features': 0.5, 'max_samples': 0.5, 'n_estimators': 50, 'n_jobs': -1, 'random_state': 42} Elapsed (CPU s): 120.3
[Tucker+IF] Final result rank=(32, 32, 5) AUC=0.4219 ACC=0.692 obj=0.005| params={'bootstrap': False, 'contamination': 0.05, 'max_features': 0.5, 'max_samples': 0.5, 'n_estimators': 50, 'n_jobs': -1, 'random_state': 42} | thr=0.360144 | target_FP=0.050
[Tucker+IF] AUC=0.4219 Boot: mean:0.4206 std:0.0469, CI(0.3302–0.5162) | 
[Tucker+IF] R=(32, 32, 5) peak_rss_mb=4029.9 | peak_workingset_mb=6632.5 | peak_cuda_mb=138.1 | cpu_time_sec=121.44
Rank: 32 32 16
[Tucker only] R=(32, 32, 16) peak_rss_mb=6082.0 | peak_workingset_mb=6632.5 | peak_cuda_mb=1202.8 | cpu_time_sec=2874.64
[Tucker+OCSVM] (VAL one-class) chose {'gamma': 0.02, 'kernel': 'rbf', 'nu': 0.01} best_obj:(FP=1.000, P95=0.0100, mean=0.0100) Elapsed: 2.69
[Tucker+OCSVM] Final result RANK=(32, 32, 16) AUC=0.5 | ACC=0.8 | param=({'gamma': 0.02, 'kernel': 'rbf', 'nu': 0.01}) | aux=FP=1.000, P95=0.0100, mean=0.0100
[Tucker+OCSVM] AUC=0.5000 Boot: mean:0.5000 std:0.0000, CI(0.5000–0.5000) | 
[Tucker+OCSVM] R=(32, 32, 16) peak_rss_mb=437.4 | peak_workingset_mb=6632.5 | peak_cuda_mb=138.1 | cpu_time_sec=5.25
[Tucker+AE] best_param=(1, 16) best_obj=1.0 Elapsed: 3.42
[Tucker+AE] (global) Final result Rank=(32, 32, 16) AUC=0.5328 ACC=0.812
[Tucker+AE] AUC=0.5328 Boot: mean:0.5328 std:0.0452, CI(0.4446–0.6223) | 
[Tucker+AE] R=(32, 32, 16) peak_rss_mb=816.6 | peak_workingset_mb=6632.5 | peak_cuda_mb=138.1 | cpu_time_sec=43.81
[Tucker+IF] best_obj=0.005000 best_param: {'bootstrap': False, 'contamination': 0.05, 'max_features': 0.5, 'max_samples': 0.5, 'n_estimators': 50, 'n_jobs': -1, 'random_state': 42} Elapsed (CPU s): 121.14
[Tucker+IF] Final result rank=(32, 32, 16) AUC=0.4973 ACC=0.7 obj=0.005| params={'bootstrap': False, 'contamination': 0.05, 'max_features': 0.5, 'max_samples': 0.5, 'n_estimators': 50, 'n_jobs': -1, 'random_state': 42} | thr=0.350339 | target_FP=0.050
[Tucker+IF] AUC=0.4973 Boot: mean:0.4970 std:0.0449, CI(0.4100–0.5871) | 
[Tucker+IF] R=(32, 32, 16) peak_rss_mb=872.2 | peak_workingset_mb=6632.5 | peak_cuda_mb=138.1 | cpu_time_sec=121.97
Rank: 32 64 5
[Tucker only] R=(32, 64, 5) peak_rss_mb=986.1 | peak_workingset_mb=6632.5 | peak_cuda_mb=159.2 | cpu_time_sec=66.00
[Tucker+OCSVM] (VAL one-class) chose {'gamma': 0.02, 'kernel': 'rbf', 'nu': 0.01} best_obj:(FP=1.000, P95=0.0100, mean=0.0100) Elapsed: 2.95
[Tucker+OCSVM] Final result RANK=(32, 64, 5) AUC=0.5 | ACC=0.8 | param=({'gamma': 0.02, 'kernel': 'rbf', 'nu': 0.01}) | aux=FP=1.000, P95=0.0100, mean=0.0100
[Tucker+OCSVM] AUC=0.5000 Boot: mean:0.5000 std:0.0000, CI(0.5000–0.5000) | 
[Tucker+OCSVM] R=(32, 64, 5) peak_rss_mb=973.1 | peak_workingset_mb=6632.5 | peak_cuda_mb=138.1 | cpu_time_sec=7.25
[Tucker+AE] best_param=(1, 16) best_obj=1.0 Elapsed: 3.33
[Tucker+AE] (global) Final result Rank=(32, 64, 5) AUC=0.5531 ACC=0.808
[Tucker+AE] AUC=0.5531 Boot: mean:0.5527 std:0.0440, CI(0.4681–0.6353) | 
[Tucker+AE] R=(32, 64, 5) peak_rss_mb=1229.6 | peak_workingset_mb=6632.5 | peak_cuda_mb=138.1 | cpu_time_sec=45.48
[Tucker+IF] best_obj=0.005000 best_param: {'bootstrap': False, 'contamination': 0.05, 'max_features': 0.5, 'max_samples': 0.75, 'n_estimators': 50, 'n_jobs': -1, 'random_state': 42} Elapsed (CPU s): 152.77
[Tucker+IF] Final result rank=(32, 64, 5) AUC=0.4692 ACC=0.62 obj=0.005| params={'bootstrap': False, 'contamination': 0.05, 'max_features': 0.5, 'max_samples': 0.75, 'n_estimators': 50, 'n_jobs': -1, 'random_state': 42} | thr=0.346111 | target_FP=0.050
[Tucker+IF] AUC=0.4692 Boot: mean:0.4686 std:0.0463, CI(0.3802–0.5614) | 
[Tucker+IF] R=(32, 64, 5) peak_rss_mb=1275.7 | peak_workingset_mb=6632.5 | peak_cuda_mb=138.1 | cpu_time_sec=155.22
Rank: 32 64 16
[Tucker only] R=(32, 64, 16) peak_rss_mb=4605.1 | peak_workingset_mb=6632.5 | peak_cuda_mb=1184.9 | cpu_time_sec=3472.34
[Tucker+OCSVM] (VAL one-class) chose {'gamma': 0.02, 'kernel': 'rbf', 'nu': 0.01} best_obj:(FP=1.000, P95=0.0100, mean=0.0100) Elapsed: 2.42
[Tucker+OCSVM] Final result RANK=(32, 64, 16) AUC=0.5 | ACC=0.8 | param=({'gamma': 0.02, 'kernel': 'rbf', 'nu': 0.01}) | aux=FP=1.000, P95=0.0100, mean=0.0100
[Tucker+OCSVM] AUC=0.5000 Boot: mean:0.5000 std:0.0000, CI(0.5000–0.5000) | 
[Tucker+OCSVM] R=(32, 64, 16) peak_rss_mb=1349.2 | peak_workingset_mb=6632.5 | peak_cuda_mb=138.1 | cpu_time_sec=5.20
[Tucker+AE] best_param=(1, 16) best_obj=1.0 Elapsed: 6.25
[Tucker+AE] (global) Final result Rank=(32, 64, 16) AUC=0.5531 ACC=0.8
[Tucker+AE] AUC=0.5531 Boot: mean:0.5525 std:0.0465, CI(0.4598–0.6433) | 
[Tucker+AE] R=(32, 64, 16) peak_rss_mb=1595.1 | peak_workingset_mb=6632.5 | peak_cuda_mb=138.1 | cpu_time_sec=63.19
[Tucker+IF] best_obj=0.005000 best_param: {'bootstrap': False, 'contamination': 0.05, 'max_features': 0.5, 'max_samples': 0.5, 'n_estimators': 50, 'n_jobs': -1, 'random_state': 42} Elapsed (CPU s): 129.36
[Tucker+IF] Final result rank=(32, 64, 16) AUC=0.4964 ACC=0.656 obj=0.005| params={'bootstrap': False, 'contamination': 0.05, 'max_features': 0.5, 'max_samples': 0.5, 'n_estimators': 50, 'n_jobs': -1, 'random_state': 42} | thr=0.347303 | target_FP=0.050
[Tucker+IF] AUC=0.4964 Boot: mean:0.4961 std:0.0413, CI(0.4129–0.5740) | 
[Tucker+IF] R=(32, 64, 16) peak_rss_mb=1637.4 | peak_workingset_mb=6632.5 | peak_cuda_mb=138.1 | cpu_time_sec=131.14
Rank: 64 5 5
[Tucker only] R=(64, 5, 5) peak_rss_mb=1645.3 | peak_workingset_mb=6632.5 | peak_cuda_mb=159.6 | cpu_time_sec=56.41
[Tucker+OCSVM] (VAL one-class) chose {'gamma': 0.02, 'kernel': 'rbf', 'nu': 0.01} best_obj:(FP=1.000, P95=0.0100, mean=0.0100) Elapsed: 2.45
[Tucker+OCSVM] Final result RANK=(64, 5, 5) AUC=0.5 | ACC=0.8 | param=({'gamma': 0.02, 'kernel': 'rbf', 'nu': 0.01}) | aux=FP=1.000, P95=0.0100, mean=0.0100
[Tucker+OCSVM] AUC=0.5000 Boot: mean:0.5000 std:0.0000, CI(0.5000–0.5000) | 
[Tucker+OCSVM] R=(64, 5, 5) peak_rss_mb=1544.5 | peak_workingset_mb=6632.5 | peak_cuda_mb=138.1 | cpu_time_sec=3.98
[Tucker+AE] best_param=(1, 16) best_obj=1.0 Elapsed: 3.02
[Tucker+AE] (global) Final result Rank=(64, 5, 5) AUC=0.4446 ACC=0.796
[Tucker+AE] AUC=0.4446 Boot: mean:0.4447 std:0.0442, CI(0.3586–0.5324) | 
[Tucker+AE] R=(64, 5, 5) peak_rss_mb=1740.9 | peak_workingset_mb=6632.5 | peak_cuda_mb=138.1 | cpu_time_sec=36.00
[Tucker+IF] best_obj=0.127370 best_param: {'bootstrap': False, 'contamination': 0.05, 'max_features': 0.75, 'max_samples': 0.5, 'n_estimators': 50, 'n_jobs': -1, 'random_state': 42} Elapsed (CPU s): 119.53
[Tucker+IF] Final result rank=(64, 5, 5) AUC=0.3825 ACC=0.692 obj=0.12736987818383166| params={'bootstrap': False, 'contamination': 0.05, 'max_features': 0.75, 'max_samples': 0.5, 'n_estimators': 50, 'n_jobs': -1, 'random_state': 42} | thr=0.458485 | target_FP=0.050
[Tucker+IF] AUC=0.3825 Boot: mean:0.3815 std:0.0414, CI(0.3013–0.4679) | 
[Tucker+IF] R=(64, 5, 5) peak_rss_mb=1777.6 | peak_workingset_mb=6632.5 | peak_cuda_mb=138.1 | cpu_time_sec=120.48
Rank: 64 5 16
[Tucker only] R=(64, 5, 16) peak_rss_mb=5022.8 | peak_workingset_mb=6632.5 | peak_cuda_mb=1202.2 | cpu_time_sec=2973.83
[Tucker+OCSVM] (VAL one-class) chose {'gamma': 0.02, 'kernel': 'rbf', 'nu': 0.01} best_obj:(FP=1.000, P95=0.0100, mean=0.0100) Elapsed: 2.36
[Tucker+OCSVM] Final result RANK=(64, 5, 16) AUC=0.5 | ACC=0.8 | param=({'gamma': 0.02, 'kernel': 'rbf', 'nu': 0.01}) | aux=FP=1.000, P95=0.0100, mean=0.0100
[Tucker+OCSVM] AUC=0.5000 Boot: mean:0.5000 std:0.0000, CI(0.5000–0.5000) | 
[Tucker+OCSVM] R=(64, 5, 16) peak_rss_mb=139.5 | peak_workingset_mb=6632.5 | peak_cuda_mb=138.1 | cpu_time_sec=3.23
[Tucker+AE] best_param=(1, 16) best_obj=1.0 Elapsed: 6.94
[Tucker+AE] (global) Final result Rank=(64, 5, 16) AUC=0.4869 ACC=0.796
[Tucker+AE] AUC=0.4869 Boot: mean:0.4877 std:0.0502, CI(0.3921–0.5903) | 
[Tucker+AE] R=(64, 5, 16) peak_rss_mb=535.5 | peak_workingset_mb=6632.5 | peak_cuda_mb=138.1 | cpu_time_sec=49.64
[Tucker+IF] best_obj=0.005000 best_param: {'bootstrap': True, 'contamination': 0.05, 'max_features': 0.75, 'max_samples': 0.5, 'n_estimators': 50, 'n_jobs': -1, 'random_state': 42} Elapsed (CPU s): 107.14
[Tucker+IF] Final result rank=(64, 5, 16) AUC=0.5469 ACC=0.796 obj=0.005| params={'bootstrap': True, 'contamination': 0.05, 'max_features': 0.75, 'max_samples': 0.5, 'n_estimators': 50, 'n_jobs': -1, 'random_state': 42} | thr=0.418590 | target_FP=0.050
[Tucker+IF] AUC=0.5469 Boot: mean:0.5450 std:0.0479, CI(0.4553–0.6387) | 
[Tucker+IF] R=(64, 5, 16) peak_rss_mb=568.6 | peak_workingset_mb=6632.5 | peak_cuda_mb=138.1 | cpu_time_sec=107.81
Rank: 64 16 5
[Tucker only] R=(64, 16, 5) peak_rss_mb=389.0 | peak_workingset_mb=6632.5 | peak_cuda_mb=159.6 | cpu_time_sec=65.50
[Tucker+OCSVM] (VAL one-class) chose {'gamma': 0.02, 'kernel': 'rbf', 'nu': 0.01} best_obj:(FP=1.000, P95=0.0100, mean=0.0100) Elapsed: 2.45
[Tucker+OCSVM] Final result RANK=(64, 16, 5) AUC=0.5 | ACC=0.8 | param=({'gamma': 0.02, 'kernel': 'rbf', 'nu': 0.01}) | aux=FP=1.000, P95=0.0100, mean=0.0100
[Tucker+OCSVM] AUC=0.5000 Boot: mean:0.5000 std:0.0000, CI(0.5000–0.5000) | 
[Tucker+OCSVM] R=(64, 16, 5) peak_rss_mb=365.6 | peak_workingset_mb=6632.5 | peak_cuda_mb=138.1 | cpu_time_sec=2.86
[Tucker+AE] best_param=(1, 16) best_obj=1.0 Elapsed: 3.75
[Tucker+AE] (global) Final result Rank=(64, 16, 5) AUC=0.4329 ACC=0.796
[Tucker+AE] AUC=0.4329 Boot: mean:0.4329 std:0.0447, CI(0.3465–0.5214) | 
[Tucker+AE] R=(64, 16, 5) peak_rss_mb=644.0 | peak_workingset_mb=6632.5 | peak_cuda_mb=138.1 | cpu_time_sec=31.36
[Tucker+IF] best_obj=0.005000 best_param: {'bootstrap': False, 'contamination': 0.05, 'max_features': 0.5, 'max_samples': 0.5, 'n_estimators': 50, 'n_jobs': -1, 'random_state': 42} Elapsed (CPU s): 124.73
[Tucker+IF] Final result rank=(64, 16, 5) AUC=0.5749 ACC=0.688 obj=0.005| params={'bootstrap': False, 'contamination': 0.05, 'max_features': 0.5, 'max_samples': 0.5, 'n_estimators': 50, 'n_jobs': -1, 'random_state': 42} | thr=0.371067 | target_FP=0.050
[Tucker+IF] AUC=0.5749 Boot: mean:0.5747 std:0.0442, CI(0.4869–0.6616) | 
[Tucker+IF] R=(64, 16, 5) peak_rss_mb=3928.3 | peak_workingset_mb=6632.5 | peak_cuda_mb=138.1 | cpu_time_sec=129.34
Rank: 64 16 16
[Tucker only] R=(64, 16, 16) peak_rss_mb=5518.6 | peak_workingset_mb=6632.5 | peak_cuda_mb=1202.5 | cpu_time_sec=2875.55
[Tucker+OCSVM] (VAL one-class) chose {'gamma': 0.02, 'kernel': 'rbf', 'nu': 0.01} best_obj:(FP=1.000, P95=0.0100, mean=0.0100) Elapsed: 2.44
[Tucker+OCSVM] Final result RANK=(64, 16, 16) AUC=0.5 | ACC=0.8 | param=({'gamma': 0.02, 'kernel': 'rbf', 'nu': 0.01}) | aux=FP=1.000, P95=0.0100, mean=0.0100
[Tucker+OCSVM] AUC=0.5000 Boot: mean:0.5000 std:0.0000, CI(0.5000–0.5000) | 
[Tucker+OCSVM] R=(64, 16, 16) peak_rss_mb=430.9 | peak_workingset_mb=6632.5 | peak_cuda_mb=138.1 | cpu_time_sec=5.59
[Tucker+AE] best_param=(1, 16) best_obj=1.0 Elapsed: 5.33
[Tucker+AE] (global) Final result Rank=(64, 16, 16) AUC=0.4593 ACC=0.796
[Tucker+AE] AUC=0.4593 Boot: mean:0.4592 std:0.0471, CI(0.3696–0.5537) | 
[Tucker+AE] R=(64, 16, 16) peak_rss_mb=777.5 | peak_workingset_mb=6632.5 | peak_cuda_mb=138.1 | cpu_time_sec=65.03
[Tucker+IF] best_obj=0.005000 best_param: {'bootstrap': False, 'contamination': 0.05, 'max_features': 0.5, 'max_samples': 0.5, 'n_estimators': 50, 'n_jobs': -1, 'random_state': 42} Elapsed (CPU s): 140.78
[Tucker+IF] Final result rank=(64, 16, 16) AUC=0.5215 ACC=0.712 obj=0.005| params={'bootstrap': False, 'contamination': 0.05, 'max_features': 0.5, 'max_samples': 0.5, 'n_estimators': 50, 'n_jobs': -1, 'random_state': 42} | thr=0.360829 | target_FP=0.050
[Tucker+IF] AUC=0.5215 Boot: mean:0.5193 std:0.0483, CI(0.4242–0.6143) | 
[Tucker+IF] R=(64, 16, 16) peak_rss_mb=841.3 | peak_workingset_mb=6632.5 | peak_cuda_mb=138.1 | cpu_time_sec=142.80
Rank: 64 32 5
[Tucker only] R=(64, 32, 5) peak_rss_mb=966.5 | peak_workingset_mb=6632.5 | peak_cuda_mb=159.8 | cpu_time_sec=72.78
[Tucker+OCSVM] (VAL one-class) chose {'gamma': 0.02, 'kernel': 'rbf', 'nu': 0.01} best_obj:(FP=1.000, P95=0.0100, mean=0.0100) Elapsed: 2.48
[Tucker+OCSVM] Final result RANK=(64, 32, 5) AUC=0.5 | ACC=0.8 | param=({'gamma': 0.02, 'kernel': 'rbf', 'nu': 0.01}) | aux=FP=1.000, P95=0.0100, mean=0.0100
[Tucker+OCSVM] AUC=0.5000 Boot: mean:0.5000 std:0.0000, CI(0.5000–0.5000) | 
[Tucker+OCSVM] R=(64, 32, 5) peak_rss_mb=953.2 | peak_workingset_mb=6632.5 | peak_cuda_mb=138.1 | cpu_time_sec=8.50
[Tucker+AE] best_param=(1, 16) best_obj=1.0 Elapsed: 4.89
[Tucker+AE] (global) Final result Rank=(64, 32, 5) AUC=0.5428 ACC=0.796
[Tucker+AE] AUC=0.5428 Boot: mean:0.5423 std:0.0454, CI(0.4545–0.6313) | 
[Tucker+AE] R=(64, 32, 5) peak_rss_mb=1178.6 | peak_workingset_mb=6632.5 | peak_cuda_mb=138.1 | cpu_time_sec=67.75
[Tucker+IF] best_obj=0.005000 best_param: {'bootstrap': False, 'contamination': 0.05, 'max_features': 0.5, 'max_samples': 0.5, 'n_estimators': 50, 'n_jobs': -1, 'random_state': 42} Elapsed (CPU s): 179.03
[Tucker+IF] Final result rank=(64, 32, 5) AUC=0.4772 ACC=0.696 obj=0.005| params={'bootstrap': False, 'contamination': 0.05, 'max_features': 0.5, 'max_samples': 0.5, 'n_estimators': 50, 'n_jobs': -1, 'random_state': 42} | thr=0.351697 | target_FP=0.050
[Tucker+IF] AUC=0.4772 Boot: mean:0.4766 std:0.0470, CI(0.3828–0.5726) | 
[Tucker+IF] R=(64, 32, 5) peak_rss_mb=1239.9 | peak_workingset_mb=6632.5 | peak_cuda_mb=138.1 | cpu_time_sec=184.03
Rank: 64 32 16
[Tucker only] R=(64, 32, 16) peak_rss_mb=4382.7 | peak_workingset_mb=6632.5 | peak_cuda_mb=1200.6 | cpu_time_sec=3466.28
[Tucker+OCSVM] (VAL one-class) chose {'gamma': 0.02, 'kernel': 'rbf', 'nu': 0.01} best_obj:(FP=1.000, P95=0.0100, mean=0.0100) Elapsed: 2.48
[Tucker+OCSVM] Final result RANK=(64, 32, 16) AUC=0.5 | ACC=0.8 | param=({'gamma': 0.02, 'kernel': 'rbf', 'nu': 0.01}) | aux=FP=1.000, P95=0.0100, mean=0.0100
[Tucker+OCSVM] AUC=0.5000 Boot: mean:0.5000 std:0.0000, CI(0.5000–0.5000) | 
[Tucker+OCSVM] R=(64, 32, 16) peak_rss_mb=1335.8 | peak_workingset_mb=6632.5 | peak_cuda_mb=138.1 | cpu_time_sec=7.58
[Tucker+AE] best_param=(1, 16) best_obj=1.0 Elapsed: 4.14
[Tucker+AE] (global) Final result Rank=(64, 32, 16) AUC=0.4892 ACC=0.796
[Tucker+AE] AUC=0.4892 Boot: mean:0.4915 std:0.0451, CI(0.4029–0.5821) | 
[Tucker+AE] R=(64, 32, 16) peak_rss_mb=1579.4 | peak_workingset_mb=6632.5 | peak_cuda_mb=138.1 | cpu_time_sec=79.31
[Tucker+IF] best_obj=0.005000 best_param: {'bootstrap': False, 'contamination': 0.05, 'max_features': 0.5, 'max_samples': 0.5, 'n_estimators': 50, 'n_jobs': -1, 'random_state': 42} Elapsed (CPU s): 168.05
[Tucker+IF] Final result rank=(64, 32, 16) AUC=0.4401 ACC=0.68 obj=0.005| params={'bootstrap': False, 'contamination': 0.05, 'max_features': 0.5, 'max_samples': 0.5, 'n_estimators': 50, 'n_jobs': -1, 'random_state': 42} | thr=0.338845 | target_FP=0.050
[Tucker+IF] AUC=0.4401 Boot: mean:0.4421 std:0.0460, CI(0.3521–0.5297) | 
[Tucker+IF] R=(64, 32, 16) peak_rss_mb=1630.1 | peak_workingset_mb=6632.5 | peak_cuda_mb=138.1 | cpu_time_sec=172.45
Rank: 64 64 5
[Tucker only] R=(64, 64, 5) peak_rss_mb=1824.4 | peak_workingset_mb=6632.5 | peak_cuda_mb=161.2 | cpu_time_sec=84.84
[Tucker+OCSVM] (VAL one-class) chose {'gamma': 0.02, 'kernel': 'rbf', 'nu': 0.01} best_obj:(FP=1.000, P95=0.0100, mean=0.0100) Elapsed: 2.48
[Tucker+OCSVM] Final result RANK=(64, 64, 5) AUC=0.5 | ACC=0.8 | param=({'gamma': 0.02, 'kernel': 'rbf', 'nu': 0.01}) | aux=FP=1.000, P95=0.0100, mean=0.0100
[Tucker+OCSVM] AUC=0.5000 Boot: mean:0.5000 std:0.0000, CI(0.5000–0.5000) | 
[Tucker+OCSVM] R=(64, 64, 5) peak_rss_mb=1791.1 | peak_workingset_mb=6632.5 | peak_cuda_mb=138.1 | cpu_time_sec=6.91
[Tucker+AE] best_param=(1, 16) best_obj=1.0 Elapsed: 3.81
[Tucker+AE] (global) Final result Rank=(64, 64, 5) AUC=0.4905 ACC=0.796
[Tucker+AE] AUC=0.4905 Boot: mean:0.4919 std:0.0466, CI(0.3985–0.5831) | 
[Tucker+AE] R=(64, 64, 5) peak_rss_mb=2012.8 | peak_workingset_mb=6632.5 | peak_cuda_mb=138.1 | cpu_time_sec=57.78
[Tucker+IF] best_obj=0.006107 best_param: {'bootstrap': False, 'contamination': 0.05, 'max_features': 0.75, 'max_samples': 0.75, 'n_estimators': 50, 'n_jobs': -1, 'random_state': 42} Elapsed (CPU s): 159.56
[Tucker+IF] Final result rank=(64, 64, 5) AUC=0.4623 ACC=0.628 obj=0.006107419712070875| params={'bootstrap': False, 'contamination': 0.05, 'max_features': 0.75, 'max_samples': 0.75, 'n_estimators': 50, 'n_jobs': -1, 'random_state': 42} | thr=0.349955 | target_FP=0.050
[Tucker+IF] AUC=0.4623 Boot: mean:0.4627 std:0.0445, CI(0.3771–0.5540) | 
[Tucker+IF] R=(64, 64, 5) peak_rss_mb=2060.2 | peak_workingset_mb=6632.5 | peak_cuda_mb=138.1 | cpu_time_sec=163.44
Rank: 64 64 16
[Tucker only] R=(64, 64, 16) peak_rss_mb=5404.4 | peak_workingset_mb=6632.5 | peak_cuda_mb=1196.8 | cpu_time_sec=5673.75
[Tucker+OCSVM] (VAL one-class) chose {'gamma': 0.02, 'kernel': 'rbf', 'nu': 0.01} best_obj:(FP=1.000, P95=0.0100, mean=0.0100) Elapsed: 2.41
[Tucker+OCSVM] Final result RANK=(64, 64, 16) AUC=0.5 | ACC=0.8 | param=({'gamma': 0.02, 'kernel': 'rbf', 'nu': 0.01}) | aux=FP=1.000, P95=0.0100, mean=0.0100
[Tucker+OCSVM] AUC=0.5000 Boot: mean:0.5000 std:0.0000, CI(0.5000–0.5000) | 
[Tucker+OCSVM] R=(64, 64, 16) peak_rss_mb=2220.8 | peak_workingset_mb=6632.5 | peak_cuda_mb=138.1 | cpu_time_sec=6.02
[Tucker+AE] best_param=(1, 16) best_obj=1.0 Elapsed: 3.27
[Tucker+AE] (global) Final result Rank=(64, 64, 16) AUC=0.5615 ACC=0.804
[Tucker+AE] AUC=0.5615 Boot: mean:0.5604 std:0.0486, CI(0.4661–0.6555) | 
[Tucker+AE] R=(64, 64, 16) peak_rss_mb=2409.2 | peak_workingset_mb=6632.5 | peak_cuda_mb=138.1 | cpu_time_sec=53.17
[Tucker+IF] best_obj=0.005000 best_param: {'bootstrap': False, 'contamination': 0.05, 'max_features': 0.5, 'max_samples': 0.5, 'n_estimators': 50, 'n_jobs': -1, 'random_state': 42} Elapsed (CPU s): 152.78
[Tucker+IF] Final result rank=(64, 64, 16) AUC=0.4736 ACC=0.664 obj=0.005| params={'bootstrap': False, 'contamination': 0.05, 'max_features': 0.5, 'max_samples': 0.5, 'n_estimators': 50, 'n_jobs': -1, 'random_state': 42} | thr=0.347531 | target_FP=0.050
[Tucker+IF] AUC=0.4736 Boot: mean:0.4740 std:0.0479, CI(0.3781–0.5634) | 
[Tucker+IF] R=(64, 64, 16) peak_rss_mb=2455.2 | peak_workingset_mb=6632.5 | peak_cuda_mb=138.1 | cpu_time_sec=155.44
