TensorLy backend: PyTorch (CUDA)
Rank search
Split seed: 3
[TRAIN] N=3000, NaNs=False, Infs=False
[TRAIN] min=-4.202724, max=7.373927
[VAL] N=430, NaNs=False, Infs=False
[VAL] min=-4.173106, max=6.352870
[FINAL] N=250, NaNs=False, Infs=False
[FINAL] min=-4.124424, max=5.724528
Rank: 5 5 5
[Tucker only] R=(5, 5, 5) peak_rss_mb=1706.5 | peak_workingset_mb=1708.0 | peak_cuda_mb=149.8 | cpu_time_sec=127.27
[Tucker+OCSVM] (VAL one-class) chose {'gamma': 0.0008, 'kernel': 'rbf', 'nu': 0.01} best_obj:(FP=0.153, P95=2.2015, mean=-2.7972) Elapsed: 7.84
[Tucker+OCSVM] Final result RANK=(5, 5, 5) AUC=0.6917 | ACC=0.804 | param=({'gamma': 0.0008, 'kernel': 'rbf', 'nu': 0.01}) | aux=FP=0.153, P95=2.2015, mean=-2.7972
[Tucker+OCSVM] AUC=0.6917 Boot: mean:0.6923 std:0.0377, CI(0.6180–0.7669) | 
[Tucker+OCSVM] R=(5, 5, 5) peak_rss_mb=1743.6 | peak_workingset_mb=1744.6 | peak_cuda_mb=130.0 | cpu_time_sec=8.12
[Tucker+AE] best_param=(3, 16) best_obj=0.22403100775193796 Elapsed: 9.12
[Tucker+AE] (global) Final result Rank=(5, 5, 5) AUC=0.6954 ACC=0.804
[Tucker+AE] AUC=0.6954 Boot: mean:0.6960 std:0.0377, CI(0.6219–0.7713) | 
[Tucker+AE] R=(5, 5, 5) peak_rss_mb=1908.0 | peak_workingset_mb=1908.0 | peak_cuda_mb=130.0 | cpu_time_sec=84.81
[Tucker+IF] best_obj=0.165465 best_param: {'bootstrap': True, 'contamination': 0.05, 'max_features': 0.75, 'max_samples': 0.5, 'n_estimators': 50, 'n_jobs': -1, 'random_state': 42} Elapsed (CPU s): 415.12
[Tucker+IF] Final result rank=(5, 5, 5) AUC=0.6893 ACC=0.792 obj=0.16546511627906976| params={'bootstrap': True, 'contamination': 0.05, 'max_features': 0.75, 'max_samples': 0.5, 'n_estimators': 50, 'n_jobs': -1, 'random_state': 42} | thr=0.573835 | target_FP=0.050
[Tucker+IF] AUC=0.6893 Boot: mean:0.6900 std:0.0378, CI(0.6156–0.7638) | 
[Tucker+IF] R=(5, 5, 5) peak_rss_mb=1942.9 | peak_workingset_mb=1943.4 | peak_cuda_mb=130.0 | cpu_time_sec=415.56
Rank: 5 5 16
[Tucker only] R=(5, 5, 16) peak_rss_mb=4383.8 | peak_workingset_mb=4459.5 | peak_cuda_mb=859.3 | cpu_time_sec=9719.98
[Tucker+OCSVM] (VAL one-class) chose {'gamma': 0.0006666666666666668, 'kernel': 'rbf', 'nu': 0.01} best_obj:(FP=0.147, P95=1.9553, mean=-2.8094) Elapsed: 9.14
[Tucker+OCSVM] Final result RANK=(5, 5, 16) AUC=0.6666 | ACC=0.804 | param=({'gamma': 0.0006666666666666668, 'kernel': 'rbf', 'nu': 0.01}) | aux=FP=0.147, P95=1.9553, mean=-2.8094
[Tucker+OCSVM] AUC=0.6666 Boot: mean:0.6670 std:0.0384, CI(0.5912–0.7421) | 
[Tucker+OCSVM] R=(5, 5, 16) peak_rss_mb=1567.4 | peak_workingset_mb=4459.5 | peak_cuda_mb=130.0 | cpu_time_sec=9.47
[Tucker+AE] best_param=(3, 16) best_obj=0.21317829457364343 Elapsed: 8.06
[Tucker+AE] (global) Final result Rank=(5, 5, 16) AUC=0.6739 ACC=0.8
[Tucker+AE] AUC=0.6739 Boot: mean:0.6745 std:0.0383, CI(0.5984–0.7505) | 
[Tucker+AE] R=(5, 5, 16) peak_rss_mb=1700.9 | peak_workingset_mb=4459.5 | peak_cuda_mb=130.0 | cpu_time_sec=85.81
[Tucker+IF] best_obj=0.162364 best_param: {'bootstrap': False, 'contamination': 0.05, 'max_features': 1.0, 'max_samples': 1.0, 'n_estimators': 50, 'n_jobs': -1, 'random_state': 42} Elapsed (CPU s): 150.25
[Tucker+IF] Final result rank=(5, 5, 16) AUC=0.6719 ACC=0.796 obj=0.1623643410852713| params={'bootstrap': False, 'contamination': 0.05, 'max_features': 1.0, 'max_samples': 1.0, 'n_estimators': 50, 'n_jobs': -1, 'random_state': 42} | thr=0.523184 | target_FP=0.050
[Tucker+IF] AUC=0.6719 Boot: mean:0.6725 std:0.0385, CI(0.5963–0.7486) | 
[Tucker+IF] R=(5, 5, 16) peak_rss_mb=1752.2 | peak_workingset_mb=4459.5 | peak_cuda_mb=130.0 | cpu_time_sec=150.61
Rank: 5 16 5
[Tucker only] R=(5, 16, 5) peak_rss_mb=1702.0 | peak_workingset_mb=4459.5 | peak_cuda_mb=149.7 | cpu_time_sec=299.50
[Tucker+OCSVM] (VAL one-class) chose {'gamma': 0.00025, 'kernel': 'rbf', 'nu': 0.01} best_obj:(FP=0.163, P95=1.8751, mean=-1.9347) Elapsed: 183.73
[Tucker+OCSVM] Final result RANK=(5, 16, 5) AUC=0.6176 | ACC=0.808 | param=({'gamma': 0.00025, 'kernel': 'rbf', 'nu': 0.01}) | aux=FP=0.163, P95=1.8751, mean=-1.9347
[Tucker+OCSVM] AUC=0.6176 Boot: mean:0.6184 std:0.0434, CI(0.5344–0.7050) | 
[Tucker+OCSVM] R=(5, 16, 5) peak_rss_mb=1755.1 | peak_workingset_mb=4459.5 | peak_cuda_mb=130.0 | cpu_time_sec=184.06
[Tucker+AE] best_param=(3, 16) best_obj=0.20348837209302328 Elapsed: 20.89
[Tucker+AE] (global) Final result Rank=(5, 16, 5) AUC=0.6149 ACC=0.808
[Tucker+AE] AUC=0.6149 Boot: mean:0.6158 std:0.0436, CI(0.5314–0.7022) | 
[Tucker+AE] R=(5, 16, 5) peak_rss_mb=1946.6 | peak_workingset_mb=4459.5 | peak_cuda_mb=130.0 | cpu_time_sec=197.38
[Tucker+IF] best_obj=0.167016 best_param: {'bootstrap': True, 'contamination': 0.05, 'max_features': 0.5, 'max_samples': 0.5, 'n_estimators': 50, 'n_jobs': -1, 'random_state': 42} Elapsed (CPU s): 240.0
[Tucker+IF] Final result rank=(5, 16, 5) AUC=0.5913 ACC=0.804 obj=0.167015503875969| params={'bootstrap': True, 'contamination': 0.05, 'max_features': 0.5, 'max_samples': 0.5, 'n_estimators': 50, 'n_jobs': -1, 'random_state': 42} | thr=0.536515 | target_FP=0.050
[Tucker+IF] AUC=0.5913 Boot: mean:0.5922 std:0.0458, CI(0.5029–0.6810) | 
[Tucker+IF] R=(5, 16, 5) peak_rss_mb=2024.5 | peak_workingset_mb=4459.5 | peak_cuda_mb=130.0 | cpu_time_sec=240.50
Rank: 5 16 16
[Tucker only] R=(5, 16, 16) peak_rss_mb=5347.6 | peak_workingset_mb=5350.1 | peak_cuda_mb=1193.5 | cpu_time_sec=9940.39
[Tucker+OCSVM] (VAL one-class) chose {'gamma': 0.00020833333333333335, 'kernel': 'rbf', 'nu': 0.01} best_obj:(FP=0.188, P95=2.0585, mean=-1.5643) Elapsed: 32.25
[Tucker+OCSVM] Final result RANK=(5, 16, 16) AUC=0.5844 | ACC=0.804 | param=({'gamma': 0.00020833333333333335, 'kernel': 'rbf', 'nu': 0.01}) | aux=FP=0.188, P95=2.0585, mean=-1.5643
[Tucker+OCSVM] AUC=0.5844 Boot: mean:0.5851 std:0.0436, CI(0.4988–0.6726) | 
[Tucker+OCSVM] R=(5, 16, 16) peak_rss_mb=1919.2 | peak_workingset_mb=5350.1 | peak_cuda_mb=130.0 | cpu_time_sec=32.66
[Tucker+AE] best_param=(3, 16) best_obj=0.2193798449612403 Elapsed: 47.41
[Tucker+AE] (global) Final result Rank=(5, 16, 16) AUC=0.5848 ACC=0.804
[Tucker+AE] AUC=0.5848 Boot: mean:0.5856 std:0.0435, CI(0.4998–0.6718) | 
[Tucker+AE] R=(5, 16, 16) peak_rss_mb=2132.7 | peak_workingset_mb=5350.1 | peak_cuda_mb=130.0 | cpu_time_sec=327.94
[Tucker+IF] best_obj=0.165853 best_param: {'bootstrap': False, 'contamination': 0.05, 'max_features': 1.0, 'max_samples': 0.5, 'n_estimators': 50, 'n_jobs': -1, 'random_state': 42} Elapsed (CPU s): 445.17
[Tucker+IF] Final result rank=(5, 16, 16) AUC=0.5995 ACC=0.804 obj=0.16585271317829456| params={'bootstrap': False, 'contamination': 0.05, 'max_features': 1.0, 'max_samples': 0.5, 'n_estimators': 50, 'n_jobs': -1, 'random_state': 42} | thr=0.498514 | target_FP=0.050
[Tucker+IF] AUC=0.5995 Boot: mean:0.5998 std:0.0445, CI(0.5117–0.6918) | 
[Tucker+IF] R=(5, 16, 16) peak_rss_mb=2178.2 | peak_workingset_mb=5350.1 | peak_cuda_mb=130.0 | cpu_time_sec=445.58
Rank: 5 32 5
[Tucker only] R=(5, 32, 5) peak_rss_mb=1953.4 | peak_workingset_mb=5350.1 | peak_cuda_mb=149.9 | cpu_time_sec=238.42
[Tucker+OCSVM] (VAL one-class) chose {'gamma': 0.000125, 'kernel': 'rbf', 'nu': 0.01} best_obj:(FP=0.128, P95=1.0736, mean=-1.5693) Elapsed: 62.28
[Tucker+OCSVM] Final result RANK=(5, 32, 5) AUC=0.5239 | ACC=0.8 | param=({'gamma': 0.000125, 'kernel': 'rbf', 'nu': 0.01}) | aux=FP=0.128, P95=1.0736, mean=-1.5693
[Tucker+OCSVM] AUC=0.5239 Boot: mean:0.5253 std:0.0424, CI(0.4409–0.6092) | 
[Tucker+OCSVM] R=(5, 32, 5) peak_rss_mb=2002.8 | peak_workingset_mb=5350.1 | peak_cuda_mb=130.0 | cpu_time_sec=62.67
[Tucker+AE] best_param=(3, 16) best_obj=0.16899224806201552 Elapsed: 124.83
[Tucker+AE] (global) Final result Rank=(5, 32, 5) AUC=0.5245 ACC=0.8
[Tucker+AE] AUC=0.5245 Boot: mean:0.5258 std:0.0424, CI(0.4412–0.6100) | 
[Tucker+AE] R=(5, 32, 5) peak_rss_mb=2197.9 | peak_workingset_mb=5350.1 | peak_cuda_mb=130.0 | cpu_time_sec=405.05
[Tucker+IF] best_obj=0.151899 best_param: {'bootstrap': True, 'contamination': 0.05, 'max_features': 1.0, 'max_samples': 0.5, 'n_estimators': 50, 'n_jobs': -1, 'random_state': 42} Elapsed (CPU s): 688.31
[Tucker+IF] Final result rank=(5, 32, 5) AUC=0.5155 ACC=0.74 obj=0.15189922480620158| params={'bootstrap': True, 'contamination': 0.05, 'max_features': 1.0, 'max_samples': 0.5, 'n_estimators': 50, 'n_jobs': -1, 'random_state': 42} | thr=0.506746 | target_FP=0.050
[Tucker+IF] AUC=0.5155 Boot: mean:0.5166 std:0.0401, CI(0.4376–0.5949) | 
[Tucker+IF] R=(5, 32, 5) peak_rss_mb=2380.2 | peak_workingset_mb=5350.1 | peak_cuda_mb=130.0 | cpu_time_sec=688.67
Rank: 5 32 16
[Tucker only] R=(5, 32, 16) peak_rss_mb=5521.9 | peak_workingset_mb=5568.2 | peak_cuda_mb=215.2 | cpu_time_sec=9907.41
[Tucker+OCSVM] (VAL one-class) chose {'gamma': 0.00010416666666666667, 'kernel': 'rbf', 'nu': 0.01} best_obj:(FP=0.309, P95=2.3117, mean=-0.4734) Elapsed: 68.08
[Tucker+OCSVM] Final result RANK=(5, 32, 16) AUC=0.6427 | ACC=0.8 | param=({'gamma': 0.00010416666666666667, 'kernel': 'rbf', 'nu': 0.01}) | aux=FP=0.309, P95=2.3117, mean=-0.4734
[Tucker+OCSVM] AUC=0.6427 Boot: mean:0.6436 std:0.0406, CI(0.5657–0.7222) | 
[Tucker+OCSVM] R=(5, 32, 16) peak_rss_mb=2247.9 | peak_workingset_mb=5568.2 | peak_cuda_mb=130.0 | cpu_time_sec=68.61
[Tucker+AE] best_param=(3, 16) best_obj=0.35271317829457366 Elapsed: 57.44
[Tucker+AE] (global) Final result Rank=(5, 32, 16) AUC=0.6405 ACC=0.8
[Tucker+AE] AUC=0.6405 Boot: mean:0.6415 std:0.0407, CI(0.5627–0.7206) | 
[Tucker+AE] R=(5, 32, 16) peak_rss_mb=2561.2 | peak_workingset_mb=5568.2 | peak_cuda_mb=130.0 | cpu_time_sec=399.67
[Tucker+IF] best_obj=0.253450 best_param: {'bootstrap': True, 'contamination': 0.05, 'max_features': 1.0, 'max_samples': 1.0, 'n_estimators': 50, 'n_jobs': -1, 'random_state': 42} Elapsed (CPU s): 769.83
[Tucker+IF] Final result rank=(5, 32, 16) AUC=0.5738 ACC=0.776 obj=0.2534496124031007| params={'bootstrap': True, 'contamination': 0.05, 'max_features': 1.0, 'max_samples': 1.0, 'n_estimators': 50, 'n_jobs': -1, 'random_state': 42} | thr=0.507608 | target_FP=0.050
[Tucker+IF] AUC=0.5738 Boot: mean:0.5747 std:0.0418, CI(0.4922–0.6568) | 
[Tucker+IF] R=(5, 32, 16) peak_rss_mb=2689.2 | peak_workingset_mb=5568.2 | peak_cuda_mb=130.0 | cpu_time_sec=770.25
Rank: 5 64 5
[Tucker only] R=(5, 64, 5) peak_rss_mb=2460.8 | peak_workingset_mb=5568.2 | peak_cuda_mb=150.4 | cpu_time_sec=279.52
[Tucker+OCSVM] (VAL one-class) chose {'gamma': 6.25e-05, 'kernel': 'rbf', 'nu': 0.01} best_obj:(FP=0.463, P95=9.3516, mean=1.1649) Elapsed: 108.72
[Tucker+OCSVM] Final result RANK=(5, 64, 5) AUC=0.4725 | ACC=0.8 | param=({'gamma': 6.25e-05, 'kernel': 'rbf', 'nu': 0.01}) | aux=FP=0.463, P95=9.3516, mean=1.1649
[Tucker+OCSVM] AUC=0.4725 Boot: mean:0.4744 std:0.0378, CI(0.3997–0.5482) | 
[Tucker+OCSVM] R=(5, 64, 5) peak_rss_mb=2561.9 | peak_workingset_mb=5568.2 | peak_cuda_mb=130.0 | cpu_time_sec=109.14
[Tucker+AE] best_param=(3, 16) best_obj=0.45930232558139533 Elapsed: 111.11
[Tucker+AE] (global) Final result Rank=(5, 64, 5) AUC=0.4724 ACC=0.8
[Tucker+AE] AUC=0.4724 Boot: mean:0.4743 std:0.0378, CI(0.3997–0.5484) | 
[Tucker+AE] R=(5, 64, 5) peak_rss_mb=3013.4 | peak_workingset_mb=5568.2 | peak_cuda_mb=130.0 | cpu_time_sec=733.98
[Tucker+IF] best_obj=0.356938 best_param: {'bootstrap': False, 'contamination': 0.05, 'max_features': 1.0, 'max_samples': 0.5, 'n_estimators': 50, 'n_jobs': -1, 'random_state': 42} Elapsed (CPU s): 990.17
[Tucker+IF] Final result rank=(5, 64, 5) AUC=0.4833 ACC=0.648 obj=0.35693798449612407| params={'bootstrap': False, 'contamination': 0.05, 'max_features': 1.0, 'max_samples': 0.5, 'n_estimators': 50, 'n_jobs': -1, 'random_state': 42} | thr=0.523034 | target_FP=0.050
[Tucker+IF] AUC=0.4833 Boot: mean:0.4846 std:0.0375, CI(0.4099–0.5601) | 
[Tucker+IF] R=(5, 64, 5) peak_rss_mb=3175.3 | peak_workingset_mb=5568.2 | peak_cuda_mb=130.0 | cpu_time_sec=990.63
Rank: 5 64 16
[Tucker only] R=(5, 64, 16) peak_rss_mb=5826.8 | peak_workingset_mb=5856.6 | peak_cuda_mb=989.0 | cpu_time_sec=10140.66
[Tucker+OCSVM] (VAL one-class) chose {'gamma': 5.208333333333334e-05, 'kernel': 'rbf', 'nu': 0.01} best_obj:(FP=0.928, P95=8.6160, mean=4.4222) Elapsed: 208.78
[Tucker+OCSVM] Final result RANK=(5, 64, 16) AUC=0.5635 | ACC=0.812 | param=({'gamma': 5.208333333333334e-05, 'kernel': 'rbf', 'nu': 0.01}) | aux=FP=0.928, P95=8.6160, mean=4.4222
[Tucker+OCSVM] AUC=0.5635 Boot: mean:0.5650 std:0.0481, CI(0.4719–0.6598) | 
[Tucker+OCSVM] R=(5, 64, 16) peak_rss_mb=2588.1 | peak_workingset_mb=5856.6 | peak_cuda_mb=130.0 | cpu_time_sec=209.33
[Tucker+AE] best_param=(2, 16) best_obj=0.9244186046511628 Elapsed: 87.36
[Tucker+AE] (global) Final result Rank=(5, 64, 16) AUC=0.5631 ACC=0.812
[Tucker+AE] AUC=0.5631 Boot: mean:0.5646 std:0.0481, CI(0.4716–0.6595) | 
[Tucker+AE] R=(5, 64, 16) peak_rss_mb=3235.2 | peak_workingset_mb=5856.6 | peak_cuda_mb=130.0 | cpu_time_sec=846.53
[Tucker+IF] best_obj=0.768566 best_param: {'bootstrap': True, 'contamination': 0.05, 'max_features': 0.5, 'max_samples': 0.5, 'n_estimators': 50, 'n_jobs': -1, 'random_state': 42} Elapsed (CPU s): 1101.62
[Tucker+IF] Final result rank=(5, 64, 16) AUC=0.538 ACC=0.808 obj=0.7685658914728682| params={'bootstrap': True, 'contamination': 0.05, 'max_features': 0.5, 'max_samples': 0.5, 'n_estimators': 50, 'n_jobs': -1, 'random_state': 42} | thr=0.542923 | target_FP=0.050
[Tucker+IF] AUC=0.5380 Boot: mean:0.5388 std:0.0476, CI(0.4461–0.6302) | 
[Tucker+IF] R=(5, 64, 16) peak_rss_mb=3546.9 | peak_workingset_mb=5856.6 | peak_cuda_mb=130.0 | cpu_time_sec=1102.02
Rank: 16 5 5
[Tucker only] R=(16, 5, 5) peak_rss_mb=3310.7 | peak_workingset_mb=5856.6 | peak_cuda_mb=150.2 | cpu_time_sec=149.48
[Tucker+OCSVM] (VAL one-class) chose {'gamma': 0.00025, 'kernel': 'rbf', 'nu': 0.01} best_obj:(FP=0.158, P95=1.5530, mean=-1.9731) Elapsed: 27.56
[Tucker+OCSVM] Final result RANK=(16, 5, 5) AUC=0.6091 | ACC=0.812 | param=({'gamma': 0.00025, 'kernel': 'rbf', 'nu': 0.01}) | aux=FP=0.158, P95=1.5530, mean=-1.9731
[Tucker+OCSVM] AUC=0.6091 Boot: mean:0.6107 std:0.0455, CI(0.5187–0.6991) | 
[Tucker+OCSVM] R=(16, 5, 5) peak_rss_mb=3257.2 | peak_workingset_mb=5856.6 | peak_cuda_mb=130.0 | cpu_time_sec=27.89
[Tucker+AE] best_param=(2, 16) best_obj=0.21744186046511627 Elapsed: 15.94
[Tucker+AE] (global) Final result Rank=(16, 5, 5) AUC=0.6101 ACC=0.812
[Tucker+AE] AUC=0.6101 Boot: mean:0.6117 std:0.0456, CI(0.5196–0.7006) | 
[Tucker+AE] R=(16, 5, 5) peak_rss_mb=3423.1 | peak_workingset_mb=5856.6 | peak_cuda_mb=130.0 | cpu_time_sec=155.00
[Tucker+IF] best_obj=0.170504 best_param: {'bootstrap': True, 'contamination': 0.05, 'max_features': 1.0, 'max_samples': 0.5, 'n_estimators': 50, 'n_jobs': -1, 'random_state': 42} Elapsed (CPU s): 272.17
[Tucker+IF] Final result rank=(16, 5, 5) AUC=0.5888 ACC=0.792 obj=0.17050387596899227| params={'bootstrap': True, 'contamination': 0.05, 'max_features': 1.0, 'max_samples': 0.5, 'n_estimators': 50, 'n_jobs': -1, 'random_state': 42} | thr=0.523670 | target_FP=0.050
[Tucker+IF] AUC=0.5888 Boot: mean:0.5901 std:0.0461, CI(0.4983–0.6823) | 
[Tucker+IF] R=(16, 5, 5) peak_rss_mb=3452.9 | peak_workingset_mb=5856.6 | peak_cuda_mb=130.0 | cpu_time_sec=272.69
Rank: 16 5 16
[Tucker only] R=(16, 5, 16) peak_rss_mb=5731.1 | peak_workingset_mb=5856.6 | peak_cuda_mb=1190.9 | cpu_time_sec=9867.59
[Tucker+OCSVM] (VAL one-class) chose {'gamma': 0.00020833333333333335, 'kernel': 'rbf', 'nu': 0.01} best_obj:(FP=0.188, P95=1.3446, mean=-1.6383) Elapsed: 194.94
[Tucker+OCSVM] Final result RANK=(16, 5, 16) AUC=0.5783 | ACC=0.812 | param=({'gamma': 0.00020833333333333335, 'kernel': 'rbf', 'nu': 0.01}) | aux=FP=0.188, P95=1.3446, mean=-1.6383
[Tucker+OCSVM] AUC=0.5783 Boot: mean:0.5798 std:0.0454, CI(0.4909–0.6702) | 
[Tucker+OCSVM] R=(16, 5, 16) peak_rss_mb=2635.9 | peak_workingset_mb=5856.6 | peak_cuda_mb=130.0 | cpu_time_sec=195.61
[Tucker+AE] best_param=(3, 16) best_obj=0.22674418604651161 Elapsed: 24.83
[Tucker+AE] (global) Final result Rank=(16, 5, 16) AUC=0.5818 ACC=0.812
[Tucker+AE] AUC=0.5818 Boot: mean:0.5833 std:0.0456, CI(0.4934–0.6746) | 
[Tucker+AE] R=(16, 5, 16) peak_rss_mb=2834.1 | peak_workingset_mb=5856.6 | peak_cuda_mb=130.0 | cpu_time_sec=207.30
[Tucker+IF] best_obj=0.158876 best_param: {'bootstrap': False, 'contamination': 0.05, 'max_features': 1.0, 'max_samples': 0.5, 'n_estimators': 50, 'n_jobs': -1, 'random_state': 42} Elapsed (CPU s): 294.45
[Tucker+IF] Final result rank=(16, 5, 16) AUC=0.5666 ACC=0.8 obj=0.15887596899224807| params={'bootstrap': False, 'contamination': 0.05, 'max_features': 1.0, 'max_samples': 0.5, 'n_estimators': 50, 'n_jobs': -1, 'random_state': 42} | thr=0.501537 | target_FP=0.050
[Tucker+IF] AUC=0.5666 Boot: mean:0.5681 std:0.0475, CI(0.4759–0.6619) | 
[Tucker+IF] R=(16, 5, 16) peak_rss_mb=2935.3 | peak_workingset_mb=5856.6 | peak_cuda_mb=130.0 | cpu_time_sec=295.11
Rank: 16 16 5
[Tucker only] R=(16, 16, 5) peak_rss_mb=3006.3 | peak_workingset_mb=5856.6 | peak_cuda_mb=150.2 | cpu_time_sec=172.09
[Tucker+OCSVM] (VAL one-class) chose {'gamma': 7.812500000000002e-05, 'kernel': 'rbf', 'nu': 0.01} best_obj:(FP=0.612, P95=4.5066, mean=0.8008) Elapsed: 82.69
[Tucker+OCSVM] Final result RANK=(16, 16, 5) AUC=0.612 | ACC=0.808 | param=({'gamma': 7.812500000000002e-05, 'kernel': 'rbf', 'nu': 0.01}) | aux=FP=0.612, P95=4.5066, mean=0.8008
[Tucker+OCSVM] AUC=0.6120 Boot: mean:0.6135 std:0.0475, CI(0.5213–0.7065) | 
[Tucker+OCSVM] R=(16, 16, 5) peak_rss_mb=3079.9 | peak_workingset_mb=5856.6 | peak_cuda_mb=130.0 | cpu_time_sec=83.12
[Tucker+AE] best_param=(3, 16) best_obj=0.6143410852713178 Elapsed: 111.73
[Tucker+AE] (global) Final result Rank=(16, 16, 5) AUC=0.6132 ACC=0.808
[Tucker+AE] AUC=0.6132 Boot: mean:0.6147 std:0.0474, CI(0.5225–0.7078) | 
[Tucker+AE] R=(16, 16, 5) peak_rss_mb=3263.6 | peak_workingset_mb=5856.6 | peak_cuda_mb=130.0 | cpu_time_sec=949.02
[Tucker+IF] best_obj=0.487558 best_param: {'bootstrap': False, 'contamination': 0.05, 'max_features': 1.0, 'max_samples': 1.0, 'n_estimators': 50, 'n_jobs': -1, 'random_state': 42} Elapsed (CPU s): 559.86
[Tucker+IF] Final result rank=(16, 16, 5) AUC=0.6021 ACC=0.796 obj=0.48755813953488375| params={'bootstrap': False, 'contamination': 0.05, 'max_features': 1.0, 'max_samples': 1.0, 'n_estimators': 50, 'n_jobs': -1, 'random_state': 42} | thr=0.515943 | target_FP=0.050
[Tucker+IF] AUC=0.6021 Boot: mean:0.6035 std:0.0446, CI(0.5172–0.6902) | 
[Tucker+IF] R=(16, 16, 5) peak_rss_mb=3491.6 | peak_workingset_mb=5856.6 | peak_cuda_mb=130.0 | cpu_time_sec=560.36
Rank: 16 16 16
[Tucker only] R=(16, 16, 16) peak_rss_mb=6331.9 | peak_workingset_mb=6342.5 | peak_cuda_mb=1193.5 | cpu_time_sec=10025.19
[Tucker+OCSVM] (VAL one-class) chose {'gamma': 6.510416666666667e-05, 'kernel': 'rbf', 'nu': 0.01} best_obj:(FP=0.749, P95=5.8375, mean=1.9006) Elapsed: 459.53
[Tucker+OCSVM] Final result RANK=(16, 16, 16) AUC=0.5854 | ACC=0.808 | param=({'gamma': 6.510416666666667e-05, 'kernel': 'rbf', 'nu': 0.01}) | aux=FP=0.749, P95=5.8375, mean=1.9006
[Tucker+OCSVM] AUC=0.5854 Boot: mean:0.5870 std:0.0481, CI(0.4926–0.6793) | 
[Tucker+OCSVM] R=(16, 16, 16) peak_rss_mb=2535.6 | peak_workingset_mb=6342.5 | peak_cuda_mb=130.0 | cpu_time_sec=460.05
[Tucker+AE] best_param=(3, 32) best_obj=0.7507751937984497 Elapsed: 63.23
[Tucker+AE] (global) Final result Rank=(16, 16, 16) AUC=0.5864 ACC=0.808
[Tucker+AE] AUC=0.5864 Boot: mean:0.5880 std:0.0480, CI(0.4942–0.6806) | 
[Tucker+AE] R=(16, 16, 16) peak_rss_mb=3060.7 | peak_workingset_mb=6342.5 | peak_cuda_mb=130.0 | cpu_time_sec=707.41
[Tucker+IF] best_obj=0.615465 best_param: {'bootstrap': True, 'contamination': 0.05, 'max_features': 0.5, 'max_samples': 0.75, 'n_estimators': 50, 'n_jobs': -1, 'random_state': 42} Elapsed (CPU s): 717.52
[Tucker+IF] Final result rank=(16, 16, 16) AUC=0.5722 ACC=0.788 obj=0.6154651162790697| params={'bootstrap': True, 'contamination': 0.05, 'max_features': 0.5, 'max_samples': 0.75, 'n_estimators': 50, 'n_jobs': -1, 'random_state': 42} | thr=0.536792 | target_FP=0.050
[Tucker+IF] AUC=0.5722 Boot: mean:0.5731 std:0.0477, CI(0.4843–0.6689) | 
[Tucker+IF] R=(16, 16, 16) peak_rss_mb=4335.2 | peak_workingset_mb=6342.5 | peak_cuda_mb=130.0 | cpu_time_sec=721.02
Rank: 16 32 5
[Tucker only] R=(16, 32, 5) peak_rss_mb=3753.6 | peak_workingset_mb=6342.5 | peak_cuda_mb=148.9 | cpu_time_sec=559.09
[Tucker+OCSVM] (VAL one-class) chose {'gamma': 'scale', 'kernel': 'rbf', 'nu': 0.01} best_obj:(FP=0.998, P95=3.2895, mean=3.2054) Elapsed: 311.47
[Tucker+OCSVM] Final result RANK=(16, 32, 5) AUC=0.5908 | ACC=0.808 | param=({'gamma': 'scale', 'kernel': 'rbf', 'nu': 0.01}) | aux=FP=0.998, P95=3.2895, mean=3.2054
[Tucker+OCSVM] AUC=0.5908 Boot: mean:0.5924 std:0.0494, CI(0.4940–0.6847) | 
[Tucker+OCSVM] R=(16, 32, 5) peak_rss_mb=3933.8 | peak_workingset_mb=6342.5 | peak_cuda_mb=130.0 | cpu_time_sec=312.80
[Tucker+AE] best_param=(1, 16) best_obj=0.9976744186046512 Elapsed: 59.66
[Tucker+AE] (global) Final result Rank=(16, 32, 5) AUC=0.5911 ACC=0.808
[Tucker+AE] AUC=0.5911 Boot: mean:0.5927 std:0.0494, CI(0.4938–0.6845) | 
[Tucker+AE] R=(16, 32, 5) peak_rss_mb=4718.4 | peak_workingset_mb=6342.5 | peak_cuda_mb=130.0 | cpu_time_sec=1123.72
[Tucker+IF] best_obj=0.931744 best_param: {'bootstrap': True, 'contamination': 0.05, 'max_features': 0.5, 'max_samples': 0.75, 'n_estimators': 50, 'n_jobs': -1, 'random_state': 42} Elapsed (CPU s): 1786.34
[Tucker+IF] Final result rank=(16, 32, 5) AUC=0.5147 ACC=0.708 obj=0.9317441860465117| params={'bootstrap': True, 'contamination': 0.05, 'max_features': 0.5, 'max_samples': 0.75, 'n_estimators': 50, 'n_jobs': -1, 'random_state': 42} | thr=0.566891 | target_FP=0.050
[Tucker+IF] AUC=0.5147 Boot: mean:0.5158 std:0.0459, CI(0.4262–0.6067) | 
[Tucker+IF] R=(16, 32, 5) peak_rss_mb=5283.6 | peak_workingset_mb=6342.5 | peak_cuda_mb=130.0 | cpu_time_sec=1791.44
Rank: 16 32 16
[Tucker only] R=(16, 32, 16) peak_rss_mb=6112.0 | peak_workingset_mb=6342.5 | peak_cuda_mb=1194.0 | cpu_time_sec=10245.09
[Tucker+OCSVM] (VAL one-class) chose {'gamma': 0.003333333333333333, 'kernel': 'rbf', 'nu': 0.01} best_obj:(FP=1.000, P95=0.0100, mean=0.0100) Elapsed: 1147.8
[Tucker+OCSVM] Final result RANK=(16, 32, 16) AUC=0.5 | ACC=0.8 | param=({'gamma': 0.003333333333333333, 'kernel': 'rbf', 'nu': 0.01}) | aux=FP=1.000, P95=0.0100, mean=0.0100
[Tucker+OCSVM] AUC=0.5000 Boot: mean:0.5000 std:0.0000, CI(0.5000–0.5000) | 
[Tucker+OCSVM] R=(16, 32, 16) peak_rss_mb=1403.9 | peak_workingset_mb=6342.5 | peak_cuda_mb=130.0 | cpu_time_sec=1155.44
[Tucker+AE] best_param=(1, 16) best_obj=1.0 Elapsed: 98.0
[Tucker+AE] (global) Final result Rank=(16, 32, 16) AUC=0.5601 ACC=0.808
[Tucker+AE] AUC=0.5601 Boot: mean:0.5592 std:0.0480, CI(0.4685–0.6505) | 
[Tucker+AE] R=(16, 32, 16) peak_rss_mb=2283.3 | peak_workingset_mb=6342.5 | peak_cuda_mb=130.0 | cpu_time_sec=1740.75
[Tucker+IF] best_obj=0.999574 best_param: {'bootstrap': True, 'contamination': 0.05, 'max_features': 1.0, 'max_samples': 0.5, 'n_estimators': 50, 'n_jobs': -1, 'random_state': 42} Elapsed (CPU s): 1500.3
[Tucker+IF] Final result rank=(16, 32, 16) AUC=0.5317 ACC=0.752 obj=0.9995736434108526| params={'bootstrap': True, 'contamination': 0.05, 'max_features': 1.0, 'max_samples': 0.5, 'n_estimators': 50, 'n_jobs': -1, 'random_state': 42} | thr=0.579564 | target_FP=0.050
[Tucker+IF] AUC=0.5317 Boot: mean:0.5325 std:0.0459, CI(0.4440–0.6224) | 
[Tucker+IF] R=(16, 32, 16) peak_rss_mb=4312.6 | peak_workingset_mb=6342.5 | peak_cuda_mb=130.0 | cpu_time_sec=1501.03
Rank: 16 64 5
[Tucker only] R=(16, 64, 5) peak_rss_mb=4560.9 | peak_workingset_mb=6342.5 | peak_cuda_mb=150.7 | cpu_time_sec=358.89
[Tucker+OCSVM] (VAL one-class) chose {'gamma': 0.003333333333333333, 'kernel': 'rbf', 'nu': 0.01} best_obj:(FP=1.000, P95=0.0100, mean=0.0100) Elapsed: 1439.34
[Tucker+OCSVM] Final result RANK=(16, 64, 5) AUC=0.5 | ACC=0.8 | param=({'gamma': 0.003333333333333333, 'kernel': 'rbf', 'nu': 0.01}) | aux=FP=1.000, P95=0.0100, mean=0.0100
[Tucker+OCSVM] AUC=0.5000 Boot: mean:0.5000 std:0.0000, CI(0.5000–0.5000) | 
[Tucker+OCSVM] R=(16, 64, 5) peak_rss_mb=4549.0 | peak_workingset_mb=6342.5 | peak_cuda_mb=130.0 | cpu_time_sec=1484.92
[Tucker+AE] best_param=(1, 16) best_obj=1.0 Elapsed: 260.48
[Tucker+AE] (global) Final result Rank=(16, 64, 5) AUC=0.6041 ACC=0.808
[Tucker+AE] AUC=0.6041 Boot: mean:0.6045 std:0.0468, CI(0.5117–0.6941) | 
[Tucker+AE] R=(16, 64, 5) peak_rss_mb=5349.5 | peak_workingset_mb=6342.5 | peak_cuda_mb=130.0 | cpu_time_sec=1288.03
[Tucker+IF] best_obj=0.427481 best_param: {'bootstrap': True, 'contamination': 0.05, 'max_features': 1.0, 'max_samples': 0.5, 'n_estimators': 50, 'n_jobs': -1, 'random_state': 42} Elapsed (CPU s): 1461.23
[Tucker+IF] Final result rank=(16, 64, 5) AUC=0.7132 ACC=0.732 obj=0.4274806201550388| params={'bootstrap': True, 'contamination': 0.05, 'max_features': 1.0, 'max_samples': 0.5, 'n_estimators': 50, 'n_jobs': -1, 'random_state': 42} | thr=0.468582 | target_FP=0.050
[Tucker+IF] AUC=0.7132 Boot: mean:0.7140 std:0.0367, CI(0.6435–0.7819) | 
[Tucker+IF] R=(16, 64, 5) peak_rss_mb=5904.2 | peak_workingset_mb=6342.5 | peak_cuda_mb=130.0 | cpu_time_sec=1461.75
Rank: 16 64 16
[Tucker only] R=(16, 64, 16) peak_rss_mb=5363.9 | peak_workingset_mb=6342.5 | peak_cuda_mb=1119.2 | cpu_time_sec=10371.77
[Tucker+OCSVM] (VAL one-class) chose {'gamma': 0.003333333333333333, 'kernel': 'rbf', 'nu': 0.01} best_obj:(FP=1.000, P95=0.0100, mean=0.0100) Elapsed: 1389.97
[Tucker+OCSVM] Final result RANK=(16, 64, 16) AUC=0.5 | ACC=0.8 | param=({'gamma': 0.003333333333333333, 'kernel': 'rbf', 'nu': 0.01}) | aux=FP=1.000, P95=0.0100, mean=0.0100
[Tucker+OCSVM] AUC=0.5000 Boot: mean:0.5000 std:0.0000, CI(0.5000–0.5000) | 
[Tucker+OCSVM] R=(16, 64, 16) peak_rss_mb=5548.7 | peak_workingset_mb=6342.5 | peak_cuda_mb=130.0 | cpu_time_sec=1401.48
[Tucker+AE] best_param=(1, 16) best_obj=1.0 Elapsed: 175.67
[Tucker+AE] (global) Final result Rank=(16, 64, 16) AUC=0.5016 ACC=0.8
[Tucker+AE] AUC=0.5016 Boot: mean:0.5030 std:0.0436, CI(0.4150–0.5890) | 
[Tucker+AE] R=(16, 64, 16) peak_rss_mb=6378.6 | peak_workingset_mb=6412.9 | peak_cuda_mb=130.0 | cpu_time_sec=1593.83
[Tucker+IF] best_obj=0.099961 best_param: {'bootstrap': False, 'contamination': 0.05, 'max_features': 1.0, 'max_samples': 0.5, 'n_estimators': 50, 'n_jobs': -1, 'random_state': 42} Elapsed (CPU s): 1499.45
[Tucker+IF] Final result rank=(16, 64, 16) AUC=0.6435 ACC=0.7 obj=0.09996124031007753| params={'bootstrap': False, 'contamination': 0.05, 'max_features': 1.0, 'max_samples': 0.5, 'n_estimators': 50, 'n_jobs': -1, 'random_state': 42} | thr=0.415705 | target_FP=0.050
[Tucker+IF] AUC=0.6435 Boot: mean:0.6444 std:0.0439, CI(0.5535–0.7290) | 
[Tucker+IF] R=(16, 64, 16) peak_rss_mb=6901.2 | peak_workingset_mb=6936.4 | peak_cuda_mb=130.0 | cpu_time_sec=1500.41
Rank: 32 5 5
[Tucker only] R=(32, 5, 5) peak_rss_mb=3187.5 | peak_workingset_mb=6936.4 | peak_cuda_mb=150.6 | cpu_time_sec=270.81
[Tucker+OCSVM] (VAL one-class) chose {'gamma': 0.000125, 'kernel': 'rbf', 'nu': 0.01} best_obj:(FP=0.135, P95=1.0322, mean=-1.4135) Elapsed: 54.44
[Tucker+OCSVM] Final result RANK=(32, 5, 5) AUC=0.5237 | ACC=0.8 | param=({'gamma': 0.000125, 'kernel': 'rbf', 'nu': 0.01}) | aux=FP=0.135, P95=1.0322, mean=-1.4135
[Tucker+OCSVM] AUC=0.5237 Boot: mean:0.5251 std:0.0435, CI(0.4361–0.6090) | 
[Tucker+OCSVM] R=(32, 5, 5) peak_rss_mb=3152.3 | peak_workingset_mb=6936.4 | peak_cuda_mb=130.0 | cpu_time_sec=55.14
[Tucker+AE] best_param=(3, 16) best_obj=0.17868217054263566 Elapsed: 146.31
[Tucker+AE] (global) Final result Rank=(32, 5, 5) AUC=0.5222 ACC=0.8
[Tucker+AE] AUC=0.5222 Boot: mean:0.5236 std:0.0437, CI(0.4344–0.6071) | 
[Tucker+AE] R=(32, 5, 5) peak_rss_mb=3336.2 | peak_workingset_mb=6936.4 | peak_cuda_mb=130.0 | cpu_time_sec=526.69
[Tucker+IF] best_obj=0.170891 best_param: {'bootstrap': True, 'contamination': 0.05, 'max_features': 0.5, 'max_samples': 0.75, 'n_estimators': 50, 'n_jobs': -1, 'random_state': 42} Elapsed (CPU s): 650.06
[Tucker+IF] Final result rank=(32, 5, 5) AUC=0.4969 ACC=0.704 obj=0.17089147286821707| params={'bootstrap': True, 'contamination': 0.05, 'max_features': 0.5, 'max_samples': 0.75, 'n_estimators': 50, 'n_jobs': -1, 'random_state': 42} | thr=0.505123 | target_FP=0.050
[Tucker+IF] AUC=0.4969 Boot: mean:0.4987 std:0.0423, CI(0.4144–0.5808) | 
[Tucker+IF] R=(32, 5, 5) peak_rss_mb=618.8 | peak_workingset_mb=6936.4 | peak_cuda_mb=130.0 | cpu_time_sec=650.75
Rank: 32 5 16
[Tucker only] R=(32, 5, 16) peak_rss_mb=3557.3 | peak_workingset_mb=6936.4 | peak_cuda_mb=1193.3 | cpu_time_sec=9463.09
[Tucker+OCSVM] (VAL one-class) chose {'gamma': 0.00010416666666666667, 'kernel': 'rbf', 'nu': 0.01} best_obj:(FP=0.270, P95=1.5972, mean=-0.6357) Elapsed: 66.84
[Tucker+OCSVM] Final result RANK=(32, 5, 16) AUC=0.6234 | ACC=0.8 | param=({'gamma': 0.00010416666666666667, 'kernel': 'rbf', 'nu': 0.01}) | aux=FP=0.270, P95=1.5972, mean=-0.6357
[Tucker+OCSVM] AUC=0.6234 Boot: mean:0.6246 std:0.0407, CI(0.5430–0.7038) | 
[Tucker+OCSVM] R=(32, 5, 16) peak_rss_mb=812.9 | peak_workingset_mb=6936.4 | peak_cuda_mb=130.0 | cpu_time_sec=67.52
[Tucker+AE] best_param=(3, 16) best_obj=0.30697674418604654 Elapsed: 34.14
[Tucker+AE] (global) Final result Rank=(32, 5, 16) AUC=0.6229 ACC=0.8
[Tucker+AE] AUC=0.6229 Boot: mean:0.6241 std:0.0407, CI(0.5430–0.7024) | 
[Tucker+AE] R=(32, 5, 16) peak_rss_mb=6266.3 | peak_workingset_mb=6936.4 | peak_cuda_mb=130.0 | cpu_time_sec=474.53
[Tucker+IF] best_obj=0.239109 best_param: {'bootstrap': False, 'contamination': 0.05, 'max_features': 1.0, 'max_samples': 0.5, 'n_estimators': 50, 'n_jobs': -1, 'random_state': 42} Elapsed (CPU s): 746.3
[Tucker+IF] Final result rank=(32, 5, 16) AUC=0.608 ACC=0.712 obj=0.23910852713178296| params={'bootstrap': False, 'contamination': 0.05, 'max_features': 1.0, 'max_samples': 0.5, 'n_estimators': 50, 'n_jobs': -1, 'random_state': 42} | thr=0.482505 | target_FP=0.050
[Tucker+IF] AUC=0.6080 Boot: mean:0.6094 std:0.0372, CI(0.5360–0.6811) | 
[Tucker+IF] R=(32, 5, 16) peak_rss_mb=6398.1 | peak_workingset_mb=6936.4 | peak_cuda_mb=130.0 | cpu_time_sec=751.45
Rank: 32 16 5
[Tucker only] R=(32, 16, 5) peak_rss_mb=1537.7 | peak_workingset_mb=6936.4 | peak_cuda_mb=150.6 | cpu_time_sec=400.58
[Tucker+OCSVM] (VAL one-class) chose {'gamma': 0.00390625, 'kernel': 'rbf', 'nu': 0.01} best_obj:(FP=1.000, P95=0.0100, mean=0.0100) Elapsed: 262.77
[Tucker+OCSVM] Final result RANK=(32, 16, 5) AUC=0.5025 | ACC=0.8 | param=({'gamma': 0.00390625, 'kernel': 'rbf', 'nu': 0.01}) | aux=FP=1.000, P95=0.0100, mean=0.0100
[Tucker+OCSVM] AUC=0.5025 Boot: mean:0.5026 std:0.0027, CI(0.5000–0.5100) | 
[Tucker+OCSVM] R=(32, 16, 5) peak_rss_mb=1787.3 | peak_workingset_mb=6936.4 | peak_cuda_mb=130.0 | cpu_time_sec=268.52
[Tucker+AE] best_param=(1, 16) best_obj=1.0 Elapsed: 62.89
[Tucker+AE] (global) Final result Rank=(32, 16, 5) AUC=0.608 ACC=0.808
[Tucker+AE] AUC=0.6080 Boot: mean:0.6093 std:0.0500, CI(0.5120–0.7057) | 
[Tucker+AE] R=(32, 16, 5) peak_rss_mb=2763.6 | peak_workingset_mb=6936.4 | peak_cuda_mb=130.0 | cpu_time_sec=1110.94
[Tucker+IF] best_obj=0.924380 best_param: {'bootstrap': True, 'contamination': 0.05, 'max_features': 0.5, 'max_samples': 0.5, 'n_estimators': 50, 'n_jobs': -1, 'random_state': 42} Elapsed (CPU s): 1327.09
[Tucker+IF] Final result rank=(32, 16, 5) AUC=0.566 ACC=0.748 obj=0.9243798449612403| params={'bootstrap': True, 'contamination': 0.05, 'max_features': 0.5, 'max_samples': 0.5, 'n_estimators': 50, 'n_jobs': -1, 'random_state': 42} | thr=0.558536 | target_FP=0.050
[Tucker+IF] AUC=0.5660 Boot: mean:0.5673 std:0.0518, CI(0.4636–0.6711) | 
[Tucker+IF] R=(32, 16, 5) peak_rss_mb=3295.2 | peak_workingset_mb=6936.4 | peak_cuda_mb=130.0 | cpu_time_sec=1328.27
Rank: 32 16 16
[Tucker only] R=(32, 16, 16) peak_rss_mb=6220.6 | peak_workingset_mb=6936.4 | peak_cuda_mb=1193.6 | cpu_time_sec=10071.44
[Tucker+OCSVM] (VAL one-class) chose {'gamma': 0.003333333333333333, 'kernel': 'rbf', 'nu': 0.01} best_obj:(FP=1.000, P95=0.0100, mean=0.0100) Elapsed: 1004.67
[Tucker+OCSVM] Final result RANK=(32, 16, 16) AUC=0.5 | ACC=0.8 | param=({'gamma': 0.003333333333333333, 'kernel': 'rbf', 'nu': 0.01}) | aux=FP=1.000, P95=0.0100, mean=0.0100
[Tucker+OCSVM] AUC=0.5000 Boot: mean:0.5000 std:0.0000, CI(0.5000–0.5000) | 
[Tucker+OCSVM] R=(32, 16, 16) peak_rss_mb=3312.7 | peak_workingset_mb=6936.4 | peak_cuda_mb=130.0 | cpu_time_sec=1009.05
[Tucker+AE] best_param=(1, 16) best_obj=1.0 Elapsed: 121.48
[Tucker+AE] (global) Final result Rank=(32, 16, 16) AUC=0.5193 ACC=0.808
[Tucker+AE] AUC=0.5193 Boot: mean:0.5187 std:0.0489, CI(0.4218–0.6177) | 
[Tucker+AE] R=(32, 16, 16) peak_rss_mb=2701.6 | peak_workingset_mb=6936.4 | peak_cuda_mb=130.0 | cpu_time_sec=1228.20
[Tucker+IF] best_obj=0.995698 best_param: {'bootstrap': True, 'contamination': 0.05, 'max_features': 1.0, 'max_samples': 0.75, 'n_estimators': 50, 'n_jobs': -1, 'random_state': 42} Elapsed (CPU s): 1537.7
[Tucker+IF] Final result rank=(32, 16, 16) AUC=0.5524 ACC=0.724 obj=0.9956976744186046| params={'bootstrap': True, 'contamination': 0.05, 'max_features': 1.0, 'max_samples': 0.75, 'n_estimators': 50, 'n_jobs': -1, 'random_state': 42} | thr=0.571652 | target_FP=0.050
[Tucker+IF] AUC=0.5524 Boot: mean:0.5541 std:0.0477, CI(0.4612–0.6471) | 
[Tucker+IF] R=(32, 16, 16) peak_rss_mb=2660.0 | peak_workingset_mb=6936.4 | peak_cuda_mb=130.0 | cpu_time_sec=1538.53
Rank: 32 32 5
[Tucker only] R=(32, 32, 5) peak_rss_mb=7163.8 | peak_workingset_mb=7182.3 | peak_cuda_mb=150.6 | cpu_time_sec=383.23
[Tucker+OCSVM] (VAL one-class) chose {'gamma': 0.003333333333333333, 'kernel': 'rbf', 'nu': 0.01} best_obj:(FP=1.000, P95=0.0100, mean=0.0100) Elapsed: 1661.05
[Tucker+OCSVM] Final result RANK=(32, 32, 5) AUC=0.5 | ACC=0.8 | param=({'gamma': 0.003333333333333333, 'kernel': 'rbf', 'nu': 0.01}) | aux=FP=1.000, P95=0.0100, mean=0.0100
[Tucker+OCSVM] AUC=0.5000 Boot: mean:0.5000 std:0.0000, CI(0.5000–0.5000) | 
[Tucker+OCSVM] R=(32, 32, 5) peak_rss_mb=6840.9 | peak_workingset_mb=7182.3 | peak_cuda_mb=130.0 | cpu_time_sec=1671.30
[Tucker+AE] best_param=(1, 16) best_obj=1.0 Elapsed: 117.39
[Tucker+AE] (global) Final result Rank=(32, 32, 5) AUC=0.5269 ACC=0.796
[Tucker+AE] AUC=0.5269 Boot: mean:0.5289 std:0.0445, CI(0.4402–0.6145) | 
[Tucker+AE] R=(32, 32, 5) peak_rss_mb=6783.9 | peak_workingset_mb=7182.3 | peak_cuda_mb=130.0 | cpu_time_sec=1228.92
[Tucker+IF] best_obj=0.248798 best_param: {'bootstrap': True, 'contamination': 0.05, 'max_features': 1.0, 'max_samples': 0.5, 'n_estimators': 50, 'n_jobs': -1, 'random_state': 42} Elapsed (CPU s): 1754.19
[Tucker+IF] Final result rank=(32, 32, 5) AUC=0.4522 ACC=0.628 obj=0.24879844961240313| params={'bootstrap': True, 'contamination': 0.05, 'max_features': 1.0, 'max_samples': 0.5, 'n_estimators': 50, 'n_jobs': -1, 'random_state': 42} | thr=0.456841 | target_FP=0.050
[Tucker+IF] AUC=0.4522 Boot: mean:0.4545 std:0.0491, CI(0.3576–0.5498) | 
[Tucker+IF] R=(32, 32, 5) peak_rss_mb=6968.8 | peak_workingset_mb=7182.3 | peak_cuda_mb=130.0 | cpu_time_sec=1754.77
Rank: 32 32 16
[Tucker only] R=(32, 32, 16) peak_rss_mb=5063.2 | peak_workingset_mb=7182.3 | peak_cuda_mb=1194.0 | cpu_time_sec=10361.03
[Tucker+OCSVM] (VAL one-class) chose {'gamma': 0.003333333333333333, 'kernel': 'rbf', 'nu': 0.01} best_obj:(FP=1.000, P95=0.0100, mean=0.0100) Elapsed: 1562.72
[Tucker+OCSVM] Final result RANK=(32, 32, 16) AUC=0.5 | ACC=0.8 | param=({'gamma': 0.003333333333333333, 'kernel': 'rbf', 'nu': 0.01}) | aux=FP=1.000, P95=0.0100, mean=0.0100
[Tucker+OCSVM] AUC=0.5000 Boot: mean:0.5000 std:0.0000, CI(0.5000–0.5000) | 
[Tucker+OCSVM] R=(32, 32, 16) peak_rss_mb=2525.7 | peak_workingset_mb=7182.3 | peak_cuda_mb=130.0 | cpu_time_sec=1580.48
[Tucker+AE] best_param=(1, 16) best_obj=1.0 Elapsed: 229.92
[Tucker+AE] (global) Final result Rank=(32, 32, 16) AUC=0.5167 ACC=0.796
[Tucker+AE] AUC=0.5167 Boot: mean:0.5172 std:0.0423, CI(0.4331–0.5973) | 
[Tucker+AE] R=(32, 32, 16) peak_rss_mb=1996.3 | peak_workingset_mb=7182.3 | peak_cuda_mb=130.0 | cpu_time_sec=1293.03
[Tucker+IF] best_obj=0.058101 best_param: {'bootstrap': False, 'contamination': 0.05, 'max_features': 0.5, 'max_samples': 0.75, 'n_estimators': 50, 'n_jobs': -1, 'random_state': 42} Elapsed (CPU s): 1490.52
[Tucker+IF] Final result rank=(32, 32, 16) AUC=0.4786 ACC=0.668 obj=0.05810077519379844| params={'bootstrap': False, 'contamination': 0.05, 'max_features': 0.5, 'max_samples': 0.75, 'n_estimators': 50, 'n_jobs': -1, 'random_state': 42} | thr=0.402387 | target_FP=0.050
[Tucker+IF] AUC=0.4786 Boot: mean:0.4812 std:0.0469, CI(0.3900–0.5728) | 
[Tucker+IF] R=(32, 32, 16) peak_rss_mb=2673.6 | peak_workingset_mb=7182.3 | peak_cuda_mb=130.0 | cpu_time_sec=1493.86
Rank: 32 64 5
[Tucker only] R=(32, 64, 5) peak_rss_mb=3562.1 | peak_workingset_mb=7182.3 | peak_cuda_mb=151.0 | cpu_time_sec=967.03
[Tucker+OCSVM] (VAL one-class) chose {'gamma': 0.003333333333333333, 'kernel': 'rbf', 'nu': 0.01} best_obj:(FP=1.000, P95=0.0100, mean=0.0100) Elapsed: 1597.44
[Tucker+OCSVM] Final result RANK=(32, 64, 5) AUC=0.5 | ACC=0.8 | param=({'gamma': 0.003333333333333333, 'kernel': 'rbf', 'nu': 0.01}) | aux=FP=1.000, P95=0.0100, mean=0.0100
[Tucker+OCSVM] AUC=0.5000 Boot: mean:0.5000 std:0.0000, CI(0.5000–0.5000) | 
[Tucker+OCSVM] R=(32, 64, 5) peak_rss_mb=8517.0 | peak_workingset_mb=8561.8 | peak_cuda_mb=130.0 | cpu_time_sec=1617.98
[Tucker+AE] best_param=(1, 16) best_obj=1.0 Elapsed: 165.48
[Tucker+AE] (global) Final result Rank=(32, 64, 5) AUC=0.5164 ACC=0.804
[Tucker+AE] AUC=0.5164 Boot: mean:0.5153 std:0.0480, CI(0.4224–0.6114) | 
[Tucker+AE] R=(32, 64, 5) peak_rss_mb=6485.2 | peak_workingset_mb=8561.8 | peak_cuda_mb=130.0 | cpu_time_sec=2071.55
[Tucker+IF] best_obj=0.010039 best_param: {'bootstrap': True, 'contamination': 0.05, 'max_features': 1.0, 'max_samples': 1.0, 'n_estimators': 50, 'n_jobs': -1, 'random_state': 42} Elapsed (CPU s): 1594.2
[Tucker+IF] Final result rank=(32, 64, 5) AUC=0.5514 ACC=0.668 obj=0.010038759689922482| params={'bootstrap': True, 'contamination': 0.05, 'max_features': 1.0, 'max_samples': 1.0, 'n_estimators': 50, 'n_jobs': -1, 'random_state': 42} | thr=0.393466 | target_FP=0.050
[Tucker+IF] AUC=0.5514 Boot: mean:0.5529 std:0.0469, CI(0.4603–0.6418) | 
[Tucker+IF] R=(32, 64, 5) peak_rss_mb=5786.3 | peak_workingset_mb=8561.8 | peak_cuda_mb=130.0 | cpu_time_sec=1598.67
Rank: 32 64 16
[Tucker only] R=(32, 64, 16) peak_rss_mb=3450.4 | peak_workingset_mb=8561.8 | peak_cuda_mb=1194.9 | cpu_time_sec=12809.05
[Tucker+OCSVM] (VAL one-class) chose {'gamma': 0.003333333333333333, 'kernel': 'rbf', 'nu': 0.01} best_obj:(FP=1.000, P95=0.0100, mean=0.0100) Elapsed: 1070.97
[Tucker+OCSVM] Final result RANK=(32, 64, 16) AUC=0.5 | ACC=0.8 | param=({'gamma': 0.003333333333333333, 'kernel': 'rbf', 'nu': 0.01}) | aux=FP=1.000, P95=0.0100, mean=0.0100
[Tucker+OCSVM] AUC=0.5000 Boot: mean:0.5000 std:0.0000, CI(0.5000–0.5000) | 
[Tucker+OCSVM] R=(32, 64, 16) peak_rss_mb=1737.0 | peak_workingset_mb=8561.8 | peak_cuda_mb=130.0 | cpu_time_sec=1087.36
[Tucker+AE] best_param=(1, 16) best_obj=1.0 Elapsed: 234.64
[Tucker+AE] (global) Final result Rank=(32, 64, 16) AUC=0.5547 ACC=0.8
[Tucker+AE] AUC=0.5547 Boot: mean:0.5548 std:0.0478, CI(0.4631–0.6482) | 
[Tucker+AE] R=(32, 64, 16) peak_rss_mb=2886.6 | peak_workingset_mb=8561.8 | peak_cuda_mb=130.0 | cpu_time_sec=2106.11
[Tucker+IF] best_obj=0.005000 best_param: {'bootstrap': False, 'contamination': 0.05, 'max_features': 0.5, 'max_samples': 0.75, 'n_estimators': 50, 'n_jobs': -1, 'random_state': 42} Elapsed (CPU s): 1190.64
[Tucker+IF] Final result rank=(32, 64, 16) AUC=0.5298 ACC=0.612 obj=0.005| params={'bootstrap': False, 'contamination': 0.05, 'max_features': 0.5, 'max_samples': 0.75, 'n_estimators': 50, 'n_jobs': -1, 'random_state': 42} | thr=0.353920 | target_FP=0.050
[Tucker+IF] AUC=0.5298 Boot: mean:0.5304 std:0.0435, CI(0.4443–0.6140) | 
[Tucker+IF] R=(32, 64, 16) peak_rss_mb=2641.0 | peak_workingset_mb=8561.8 | peak_cuda_mb=130.0 | cpu_time_sec=1195.58
Rank: 64 5 5
[Tucker only] R=(64, 5, 5) peak_rss_mb=2769.3 | peak_workingset_mb=8561.8 | peak_cuda_mb=151.5 | cpu_time_sec=327.48
[Tucker+OCSVM] (VAL one-class) chose {'gamma': 6.25e-05, 'kernel': 'rbf', 'nu': 0.01} best_obj:(FP=0.428, P95=14.0863, mean=1.9090) Elapsed: 396.25
[Tucker+OCSVM] Final result RANK=(64, 5, 5) AUC=0.4539 | ACC=0.8 | param=({'gamma': 6.25e-05, 'kernel': 'rbf', 'nu': 0.01}) | aux=FP=0.428, P95=14.0863, mean=1.9090
[Tucker+OCSVM] AUC=0.4539 Boot: mean:0.4555 std:0.0382, CI(0.3783–0.5315) | 
[Tucker+OCSVM] R=(64, 5, 5) peak_rss_mb=2566.4 | peak_workingset_mb=8561.8 | peak_cuda_mb=130.0 | cpu_time_sec=398.88
[Tucker+AE] best_param=(3, 32) best_obj=0.43062015503875967 Elapsed: 63.36
[Tucker+AE] (global) Final result Rank=(64, 5, 5) AUC=0.4534 ACC=0.8
[Tucker+AE] AUC=0.4534 Boot: mean:0.4551 std:0.0382, CI(0.3780–0.5313) | 
[Tucker+AE] R=(64, 5, 5) peak_rss_mb=3124.3 | peak_workingset_mb=8561.8 | peak_cuda_mb=130.0 | cpu_time_sec=684.97
[Tucker+IF] best_obj=0.345310 best_param: {'bootstrap': True, 'contamination': 0.05, 'max_features': 1.0, 'max_samples': 0.5, 'n_estimators': 50, 'n_jobs': -1, 'random_state': 42} Elapsed (CPU s): 693.77
[Tucker+IF] Final result rank=(64, 5, 5) AUC=0.4622 ACC=0.756 obj=0.34531007751937987| params={'bootstrap': True, 'contamination': 0.05, 'max_features': 1.0, 'max_samples': 0.5, 'n_estimators': 50, 'n_jobs': -1, 'random_state': 42} | thr=0.580014 | target_FP=0.050
[Tucker+IF] AUC=0.4622 Boot: mean:0.4636 std:0.0388, CI(0.3877–0.5404) | 
[Tucker+IF] R=(64, 5, 5) peak_rss_mb=3428.5 | peak_workingset_mb=8561.8 | peak_cuda_mb=130.0 | cpu_time_sec=696.38
Rank: 64 5 16
[Tucker only] R=(64, 5, 16) peak_rss_mb=6604.1 | peak_workingset_mb=9706.1 | peak_cuda_mb=1193.4 | cpu_time_sec=10038.66
[Tucker+OCSVM] (VAL one-class) chose {'gamma': 5.208333333333334e-05, 'kernel': 'rbf', 'nu': 0.01} best_obj:(FP=0.988, P95=8.5455, mean=4.4129) Elapsed: 422.0
[Tucker+OCSVM] Final result RANK=(64, 5, 16) AUC=0.6141 | ACC=0.816 | param=({'gamma': 5.208333333333334e-05, 'kernel': 'rbf', 'nu': 0.01}) | aux=FP=0.988, P95=8.5455, mean=4.4129
[Tucker+OCSVM] AUC=0.6141 Boot: mean:0.6147 std:0.0419, CI(0.5307–0.6963) | 
[Tucker+OCSVM] R=(64, 5, 16) peak_rss_mb=1607.5 | peak_workingset_mb=9706.1 | peak_cuda_mb=130.0 | cpu_time_sec=426.88
[Tucker+AE] best_param=(1, 16) best_obj=0.9856589147286821 Elapsed: 80.25
[Tucker+AE] (global) Final result Rank=(64, 5, 16) AUC=0.6142 ACC=0.816
[Tucker+AE] AUC=0.6142 Boot: mean:0.6148 std:0.0420, CI(0.5304–0.6956) | 
[Tucker+AE] R=(64, 5, 16) peak_rss_mb=2426.4 | peak_workingset_mb=9706.1 | peak_cuda_mb=130.0 | cpu_time_sec=1013.14
[Tucker+IF] best_obj=0.808101 best_param: {'bootstrap': True, 'contamination': 0.05, 'max_features': 0.75, 'max_samples': 0.5, 'n_estimators': 50, 'n_jobs': -1, 'random_state': 42} Elapsed (CPU s): 1192.28
[Tucker+IF] Final result rank=(64, 5, 16) AUC=0.6029 ACC=0.8 obj=0.8081007751937985| params={'bootstrap': True, 'contamination': 0.05, 'max_features': 0.75, 'max_samples': 0.5, 'n_estimators': 50, 'n_jobs': -1, 'random_state': 42} | thr=0.548350 | target_FP=0.050
[Tucker+IF] AUC=0.6029 Boot: mean:0.6041 std:0.0430, CI(0.5209–0.6875) | 
[Tucker+IF] R=(64, 5, 16) peak_rss_mb=2859.0 | peak_workingset_mb=9706.1 | peak_cuda_mb=130.0 | cpu_time_sec=1196.66
Rank: 64 16 5
[Tucker only] R=(64, 16, 5) peak_rss_mb=3018.3 | peak_workingset_mb=9706.1 | peak_cuda_mb=151.5 | cpu_time_sec=286.14
[Tucker+OCSVM] (VAL one-class) chose {'gamma': 0.003333333333333333, 'kernel': 'rbf', 'nu': 0.01} best_obj:(FP=1.000, P95=0.0100, mean=0.0100) Elapsed: 1458.17
[Tucker+OCSVM] Final result RANK=(64, 16, 5) AUC=0.5 | ACC=0.8 | param=({'gamma': 0.003333333333333333, 'kernel': 'rbf', 'nu': 0.01}) | aux=FP=1.000, P95=0.0100, mean=0.0100
[Tucker+OCSVM] AUC=0.5000 Boot: mean:0.5000 std:0.0000, CI(0.5000–0.5000) | 
[Tucker+OCSVM] R=(64, 16, 5) peak_rss_mb=3194.3 | peak_workingset_mb=9706.1 | peak_cuda_mb=130.0 | cpu_time_sec=1470.25
[Tucker+AE] best_param=(1, 16) best_obj=1.0 Elapsed: 66.5
[Tucker+AE] (global) Final result Rank=(64, 16, 5) AUC=0.5776 ACC=0.804
[Tucker+AE] AUC=0.5776 Boot: mean:0.5789 std:0.0462, CI(0.4880–0.6707) | 
[Tucker+AE] R=(64, 16, 5) peak_rss_mb=1916.7 | peak_workingset_mb=9706.1 | peak_cuda_mb=130.0 | cpu_time_sec=1002.75
[Tucker+IF] best_obj=0.246860 best_param: {'bootstrap': True, 'contamination': 0.05, 'max_features': 1.0, 'max_samples': 1.0, 'n_estimators': 50, 'n_jobs': -1, 'random_state': 42} Elapsed (CPU s): 1116.41
[Tucker+IF] Final result rank=(64, 16, 5) AUC=0.6014 ACC=0.596 obj=0.24686046511627904| params={'bootstrap': True, 'contamination': 0.05, 'max_features': 1.0, 'max_samples': 1.0, 'n_estimators': 50, 'n_jobs': -1, 'random_state': 42} | thr=0.459625 | target_FP=0.050
[Tucker+IF] AUC=0.6014 Boot: mean:0.6028 std:0.0427, CI(0.5172–0.6875) | 
[Tucker+IF] R=(64, 16, 5) peak_rss_mb=2504.5 | peak_workingset_mb=9706.1 | peak_cuda_mb=130.0 | cpu_time_sec=1116.94
Rank: 64 16 16
[Tucker only] R=(64, 16, 16) peak_rss_mb=5986.0 | peak_workingset_mb=9706.1 | peak_cuda_mb=1193.7 | cpu_time_sec=10310.97
[Tucker+OCSVM] (VAL one-class) chose {'gamma': 0.003333333333333333, 'kernel': 'rbf', 'nu': 0.01} best_obj:(FP=1.000, P95=0.0100, mean=0.0100) Elapsed: 1417.11
[Tucker+OCSVM] Final result RANK=(64, 16, 16) AUC=0.5 | ACC=0.8 | param=({'gamma': 0.003333333333333333, 'kernel': 'rbf', 'nu': 0.01}) | aux=FP=1.000, P95=0.0100, mean=0.0100
[Tucker+OCSVM] AUC=0.5000 Boot: mean:0.5000 std:0.0000, CI(0.5000–0.5000) | 
[Tucker+OCSVM] R=(64, 16, 16) peak_rss_mb=3578.9 | peak_workingset_mb=9706.1 | peak_cuda_mb=130.0 | cpu_time_sec=1429.75
[Tucker+AE] best_param=(1, 16) best_obj=1.0 Elapsed: 89.67
[Tucker+AE] (global) Final result Rank=(64, 16, 16) AUC=0.5374 ACC=0.796
[Tucker+AE] AUC=0.5374 Boot: mean:0.5357 std:0.0436, CI(0.4477–0.6217) | 
[Tucker+AE] R=(64, 16, 16) peak_rss_mb=4629.7 | peak_workingset_mb=9706.1 | peak_cuda_mb=130.0 | cpu_time_sec=1094.02
[Tucker+IF] best_obj=0.040659 best_param: {'bootstrap': True, 'contamination': 0.05, 'max_features': 1.0, 'max_samples': 0.5, 'n_estimators': 50, 'n_jobs': -1, 'random_state': 42} Elapsed (CPU s): 1864.62
[Tucker+IF] Final result rank=(64, 16, 16) AUC=0.5858 ACC=0.596 obj=0.04065891472868216| params={'bootstrap': True, 'contamination': 0.05, 'max_features': 1.0, 'max_samples': 0.5, 'n_estimators': 50, 'n_jobs': -1, 'random_state': 42} | thr=0.418524 | target_FP=0.050
[Tucker+IF] AUC=0.5858 Boot: mean:0.5873 std:0.0439, CI(0.5009–0.6712) | 
[Tucker+IF] R=(64, 16, 16) peak_rss_mb=5087.1 | peak_workingset_mb=9706.1 | peak_cuda_mb=130.0 | cpu_time_sec=1866.88
Rank: 64 32 5
[Tucker only] R=(64, 32, 5) peak_rss_mb=3580.9 | peak_workingset_mb=9706.1 | peak_cuda_mb=151.7 | cpu_time_sec=307.39
[Tucker+OCSVM] (VAL one-class) chose {'gamma': 0.003333333333333333, 'kernel': 'rbf', 'nu': 0.01} best_obj:(FP=1.000, P95=0.0100, mean=0.0100) Elapsed: 1997.55
[Tucker+OCSVM] Final result RANK=(64, 32, 5) AUC=0.5 | ACC=0.8 | param=({'gamma': 0.003333333333333333, 'kernel': 'rbf', 'nu': 0.01}) | aux=FP=1.000, P95=0.0100, mean=0.0100
[Tucker+OCSVM] AUC=0.5000 Boot: mean:0.5000 std:0.0000, CI(0.5000–0.5000) | 
[Tucker+OCSVM] R=(64, 32, 5) peak_rss_mb=9803.2 | peak_workingset_mb=10014.7 | peak_cuda_mb=130.0 | cpu_time_sec=2122.42
[Tucker+AE] best_param=(1, 16) best_obj=1.0 Elapsed: 337.62
[Tucker+AE] (global) Final result Rank=(64, 32, 5) AUC=0.4494 ACC=0.796
[Tucker+AE] AUC=0.4494 Boot: mean:0.4497 std:0.0449, CI(0.3613–0.5366) | 
[Tucker+AE] R=(64, 32, 5) peak_rss_mb=9630.5 | peak_workingset_mb=10014.7 | peak_cuda_mb=130.0 | cpu_time_sec=3816.95
[Tucker+IF] best_obj=0.005775 best_param: {'bootstrap': False, 'contamination': 0.05, 'max_features': 1.0, 'max_samples': 0.75, 'n_estimators': 50, 'n_jobs': -1, 'random_state': 42} Elapsed (CPU s): 2268.44
[Tucker+IF] Final result rank=(64, 32, 5) AUC=0.5934 ACC=0.628 obj=0.0057751937984496125| params={'bootstrap': False, 'contamination': 0.05, 'max_features': 1.0, 'max_samples': 0.75, 'n_estimators': 50, 'n_jobs': -1, 'random_state': 42} | thr=0.364636 | target_FP=0.050
[Tucker+IF] AUC=0.5934 Boot: mean:0.5952 std:0.0444, CI(0.5100–0.6806) | 
[Tucker+IF] R=(64, 32, 5) peak_rss_mb=2529.9 | peak_workingset_mb=10014.7 | peak_cuda_mb=130.0 | cpu_time_sec=2277.77
Rank: 64 32 16
[Tucker only] R=(64, 32, 16) peak_rss_mb=5345.8 | peak_workingset_mb=10014.7 | peak_cuda_mb=1194.2 | cpu_time_sec=12153.39
[Tucker+OCSVM] (VAL one-class) chose {'gamma': 0.003333333333333333, 'kernel': 'rbf', 'nu': 0.01} best_obj:(FP=1.000, P95=0.0100, mean=0.0100) Elapsed: 2003.02
[Tucker+OCSVM] Final result RANK=(64, 32, 16) AUC=0.5 | ACC=0.8 | param=({'gamma': 0.003333333333333333, 'kernel': 'rbf', 'nu': 0.01}) | aux=FP=1.000, P95=0.0100, mean=0.0100
[Tucker+OCSVM] AUC=0.5000 Boot: mean:0.5000 std:0.0000, CI(0.5000–0.5000) | 
[Tucker+OCSVM] R=(64, 32, 16) peak_rss_mb=3704.9 | peak_workingset_mb=10014.7 | peak_cuda_mb=130.0 | cpu_time_sec=2025.28
[Tucker+AE] best_param=(1, 16) best_obj=1.0 Elapsed: 202.38
[Tucker+AE] (global) Final result Rank=(64, 32, 16) AUC=0.5129 ACC=0.808
[Tucker+AE] AUC=0.5129 Boot: mean:0.5129 std:0.0479, CI(0.4183–0.6041) | 
[Tucker+AE] R=(64, 32, 16) peak_rss_mb=4444.3 | peak_workingset_mb=10014.7 | peak_cuda_mb=130.0 | cpu_time_sec=2582.25
[Tucker+IF] best_obj=0.005000 best_param: {'bootstrap': False, 'contamination': 0.05, 'max_features': 0.5, 'max_samples': 0.5, 'n_estimators': 50, 'n_jobs': -1, 'random_state': 42} Elapsed (CPU s): 1673.52
[Tucker+IF] Final result rank=(64, 32, 16) AUC=0.5909 ACC=0.684 obj=0.005| params={'bootstrap': False, 'contamination': 0.05, 'max_features': 0.5, 'max_samples': 0.5, 'n_estimators': 50, 'n_jobs': -1, 'random_state': 42} | thr=0.359655 | target_FP=0.050
[Tucker+IF] AUC=0.5909 Boot: mean:0.5927 std:0.0460, CI(0.5054–0.6823) | 
[Tucker+IF] R=(64, 32, 16) peak_rss_mb=3396.7 | peak_workingset_mb=10014.7 | peak_cuda_mb=130.0 | cpu_time_sec=1681.23
Rank: 64 64 5
[Tucker only] R=(64, 64, 5) peak_rss_mb=4955.9 | peak_workingset_mb=10014.7 | peak_cuda_mb=153.5 | cpu_time_sec=811.91
[Tucker+OCSVM] (VAL one-class) chose {'gamma': 0.003333333333333333, 'kernel': 'rbf', 'nu': 0.01} best_obj:(FP=1.000, P95=0.0100, mean=0.0100) Elapsed: 3857.89
[Tucker+OCSVM] Final result RANK=(64, 64, 5) AUC=0.5 | ACC=0.8 | param=({'gamma': 0.003333333333333333, 'kernel': 'rbf', 'nu': 0.01}) | aux=FP=1.000, P95=0.0100, mean=0.0100
[Tucker+OCSVM] AUC=0.5000 Boot: mean:0.5000 std:0.0000, CI(0.5000–0.5000) | 
[Tucker+OCSVM] R=(64, 64, 5) peak_rss_mb=4982.4 | peak_workingset_mb=10014.7 | peak_cuda_mb=130.0 | cpu_time_sec=3904.69
[Tucker+AE] best_param=(1, 16) best_obj=1.0 Elapsed: 243.3
[Tucker+AE] (global) Final result Rank=(64, 64, 5) AUC=0.4719 ACC=0.808
[Tucker+AE] AUC=0.4719 Boot: mean:0.4721 std:0.0502, CI(0.3773–0.5741) | 
[Tucker+AE] R=(64, 64, 5) peak_rss_mb=11042.4 | peak_workingset_mb=11220.8 | peak_cuda_mb=130.0 | cpu_time_sec=3563.95
[Tucker+IF] best_obj=0.006163 best_param: {'bootstrap': True, 'contamination': 0.05, 'max_features': 0.75, 'max_samples': 0.75, 'n_estimators': 50, 'n_jobs': -1, 'random_state': 42} Elapsed (CPU s): 1805.27
[Tucker+IF] Final result rank=(64, 64, 5) AUC=0.5323 ACC=0.64 obj=0.006162790697674419| params={'bootstrap': True, 'contamination': 0.05, 'max_features': 0.75, 'max_samples': 0.75, 'n_estimators': 50, 'n_jobs': -1, 'random_state': 42} | thr=0.356945 | target_FP=0.050
[Tucker+IF] AUC=0.5323 Boot: mean:0.5351 std:0.0434, CI(0.4494–0.6200) | 
[Tucker+IF] R=(64, 64, 5) peak_rss_mb=2594.6 | peak_workingset_mb=11220.8 | peak_cuda_mb=130.0 | cpu_time_sec=1815.75
Rank: 64 64 16
[Tucker only] R=(64, 64, 16) peak_rss_mb=5601.8 | peak_workingset_mb=11220.8 | peak_cuda_mb=1192.7 | cpu_time_sec=18610.34
[Tucker+OCSVM] (VAL one-class) chose {'gamma': 0.003333333333333333, 'kernel': 'rbf', 'nu': 0.01} best_obj:(FP=1.000, P95=0.0100, mean=0.0100) Elapsed: 1239.28
[Tucker+OCSVM] Final result RANK=(64, 64, 16) AUC=0.5 | ACC=0.8 | param=({'gamma': 0.003333333333333333, 'kernel': 'rbf', 'nu': 0.01}) | aux=FP=1.000, P95=0.0100, mean=0.0100
[Tucker+OCSVM] AUC=0.5000 Boot: mean:0.5000 std:0.0000, CI(0.5000–0.5000) | 
[Tucker+OCSVM] R=(64, 64, 16) peak_rss_mb=4908.4 | peak_workingset_mb=11220.8 | peak_cuda_mb=130.0 | cpu_time_sec=1262.08
[Tucker+AE] best_param=(1, 16) best_obj=1.0 Elapsed: 160.95
[Tucker+AE] (global) Final result Rank=(64, 64, 16) AUC=0.5912 ACC=0.804
[Tucker+AE] AUC=0.5912 Boot: mean:0.5920 std:0.0452, CI(0.5015–0.6795) | 
[Tucker+AE] R=(64, 64, 16) peak_rss_mb=6007.2 | peak_workingset_mb=11220.8 | peak_cuda_mb=130.0 | cpu_time_sec=1654.16
[Tucker+IF] best_obj=0.005000 best_param: {'bootstrap': False, 'contamination': 0.05, 'max_features': 0.75, 'max_samples': 0.75, 'n_estimators': 50, 'n_jobs': -1, 'random_state': 42} Elapsed (CPU s): 1230.47
[Tucker+IF] Final result rank=(64, 64, 16) AUC=0.563 ACC=0.696 obj=0.005| params={'bootstrap': False, 'contamination': 0.05, 'max_features': 0.75, 'max_samples': 0.75, 'n_estimators': 50, 'n_jobs': -1, 'random_state': 42} | thr=0.338667 | target_FP=0.050
[Tucker+IF] AUC=0.5630 Boot: mean:0.5641 std:0.0441, CI(0.4770–0.6493) | 
[Tucker+IF] R=(64, 64, 16) peak_rss_mb=6574.0 | peak_workingset_mb=11220.8 | peak_cuda_mb=130.0 | cpu_time_sec=1238.05
