TensorLy backend: PyTorch (CUDA)
Rank search
Split seed: 5
[TRAIN] N=3000, NaNs=False, Infs=False
[TRAIN] min=-4.202724, max=7.373927
[VAL] N=430, NaNs=False, Infs=False
[VAL] min=-4.173106, max=6.352870
[FINAL] N=250, NaNs=False, Infs=False
[FINAL] min=-4.124424, max=7.766641
Rank: 5 5 5
[Tucker only] R=(5, 5, 5) peak_rss_mb=1707.7 | peak_workingset_mb=1709.1 | peak_cuda_mb=149.9 | cpu_time_sec=121.75
[Tucker+OCSVM] (VAL one-class) chose {'gamma': 0.0008, 'kernel': 'rbf', 'nu': 0.01} best_obj:(FP=0.153, P95=2.2015, mean=-2.7972) Elapsed: 7.86
[Tucker+OCSVM] Final result RANK=(5, 5, 5) AUC=0.6312 | ACC=0.804 | param=({'gamma': 0.0008, 'kernel': 'rbf', 'nu': 0.01}) | aux=FP=0.153, P95=2.2015, mean=-2.7972
[Tucker+OCSVM] AUC=0.6312 Boot: mean:0.6305 std:0.0426, CI(0.5494–0.7127) | 
[Tucker+OCSVM] R=(5, 5, 5) peak_rss_mb=1743.5 | peak_workingset_mb=1745.0 | peak_cuda_mb=130.0 | cpu_time_sec=8.12
[Tucker+AE] best_param=(2, 16) best_obj=0.21472868217054264 Elapsed: 5.2
[Tucker+AE] (global) Final result Rank=(5, 5, 5) AUC=0.6391 ACC=0.804
[Tucker+AE] AUC=0.6391 Boot: mean:0.6383 std:0.0424, CI(0.5563–0.7179) | 
[Tucker+AE] R=(5, 5, 5) peak_rss_mb=1890.2 | peak_workingset_mb=1890.7 | peak_cuda_mb=130.0 | cpu_time_sec=76.86
[Tucker+IF] best_obj=0.165465 best_param: {'bootstrap': True, 'contamination': 0.05, 'max_features': 0.75, 'max_samples': 0.5, 'n_estimators': 50, 'n_jobs': -1, 'random_state': 42} Elapsed (CPU s): 123.03
[Tucker+IF] Final result rank=(5, 5, 5) AUC=0.6265 ACC=0.792 obj=0.16546511627906976| params={'bootstrap': True, 'contamination': 0.05, 'max_features': 0.75, 'max_samples': 0.5, 'n_estimators': 50, 'n_jobs': -1, 'random_state': 42} | thr=0.573835 | target_FP=0.050
[Tucker+IF] AUC=0.6265 Boot: mean:0.6253 std:0.0439, CI(0.5391–0.7109) | 
[Tucker+IF] R=(5, 5, 5) peak_rss_mb=1934.0 | peak_workingset_mb=1936.9 | peak_cuda_mb=130.0 | cpu_time_sec=123.36
Rank: 5 5 16
[Tucker only] R=(5, 5, 16) peak_rss_mb=4658.7 | peak_workingset_mb=4700.3 | peak_cuda_mb=726.4 | cpu_time_sec=9094.91
[Tucker+OCSVM] (VAL one-class) chose {'gamma': 0.0006666666666666668, 'kernel': 'rbf', 'nu': 0.01} best_obj:(FP=0.147, P95=1.9553, mean=-2.8094) Elapsed: 8.23
[Tucker+OCSVM] Final result RANK=(5, 5, 16) AUC=0.6146 | ACC=0.804 | param=({'gamma': 0.0006666666666666668, 'kernel': 'rbf', 'nu': 0.01}) | aux=FP=0.147, P95=1.9553, mean=-2.8094
[Tucker+OCSVM] AUC=0.6146 Boot: mean:0.6138 std:0.0425, CI(0.5309–0.6951) | 
[Tucker+OCSVM] R=(5, 5, 16) peak_rss_mb=1065.0 | peak_workingset_mb=4700.3 | peak_cuda_mb=130.0 | cpu_time_sec=8.55
[Tucker+AE] best_param=(2, 16) best_obj=0.22868217054263562 Elapsed: 6.83
[Tucker+AE] (global) Final result Rank=(5, 5, 16) AUC=0.6188 ACC=0.804
[Tucker+AE] AUC=0.6188 Boot: mean:0.6179 std:0.0422, CI(0.5361–0.6994) | 
[Tucker+AE] R=(5, 5, 16) peak_rss_mb=1240.4 | peak_workingset_mb=4700.3 | peak_cuda_mb=130.0 | cpu_time_sec=81.69
[Tucker+IF] best_obj=0.162364 best_param: {'bootstrap': False, 'contamination': 0.05, 'max_features': 1.0, 'max_samples': 1.0, 'n_estimators': 50, 'n_jobs': -1, 'random_state': 42} Elapsed (CPU s): 139.94
[Tucker+IF] Final result rank=(5, 5, 16) AUC=0.6192 ACC=0.796 obj=0.1623643410852713| params={'bootstrap': False, 'contamination': 0.05, 'max_features': 1.0, 'max_samples': 1.0, 'n_estimators': 50, 'n_jobs': -1, 'random_state': 42} | thr=0.523184 | target_FP=0.050
[Tucker+IF] AUC=0.6192 Boot: mean:0.6185 std:0.0411, CI(0.5376–0.6965) | 
[Tucker+IF] R=(5, 5, 16) peak_rss_mb=1281.9 | peak_workingset_mb=4700.3 | peak_cuda_mb=130.0 | cpu_time_sec=140.28
Rank: 5 16 5
[Tucker only] R=(5, 16, 5) peak_rss_mb=1248.9 | peak_workingset_mb=4700.3 | peak_cuda_mb=149.8 | cpu_time_sec=146.14
[Tucker+OCSVM] (VAL one-class) chose {'gamma': 0.00025, 'kernel': 'rbf', 'nu': 0.01} best_obj:(FP=0.163, P95=1.8751, mean=-1.9347) Elapsed: 25.73
[Tucker+OCSVM] Final result RANK=(5, 16, 5) AUC=0.5843 | ACC=0.808 | param=({'gamma': 0.00025, 'kernel': 'rbf', 'nu': 0.01}) | aux=FP=0.163, P95=1.8751, mean=-1.9347
[Tucker+OCSVM] AUC=0.5843 Boot: mean:0.5838 std:0.0485, CI(0.4854–0.6771) | 
[Tucker+OCSVM] R=(5, 16, 5) peak_rss_mb=1272.8 | peak_workingset_mb=4700.3 | peak_cuda_mb=130.0 | cpu_time_sec=26.05
[Tucker+AE] best_param=(3, 16) best_obj=0.20271317829457366 Elapsed: 18.52
[Tucker+AE] (global) Final result Rank=(5, 16, 5) AUC=0.582 ACC=0.808
[Tucker+AE] AUC=0.5820 Boot: mean:0.5815 std:0.0491, CI(0.4821–0.6751) | 
[Tucker+AE] R=(5, 16, 5) peak_rss_mb=1462.8 | peak_workingset_mb=4700.3 | peak_cuda_mb=130.0 | cpu_time_sec=152.09
[Tucker+IF] best_obj=0.167016 best_param: {'bootstrap': True, 'contamination': 0.05, 'max_features': 0.5, 'max_samples': 0.5, 'n_estimators': 50, 'n_jobs': -1, 'random_state': 42} Elapsed (CPU s): 232.52
[Tucker+IF] Final result rank=(5, 16, 5) AUC=0.5679 ACC=0.8 obj=0.167015503875969| params={'bootstrap': True, 'contamination': 0.05, 'max_features': 0.5, 'max_samples': 0.5, 'n_estimators': 50, 'n_jobs': -1, 'random_state': 42} | thr=0.536515 | target_FP=0.050
[Tucker+IF] AUC=0.5679 Boot: mean:0.5674 std:0.0484, CI(0.4712–0.6621) | 
[Tucker+IF] R=(5, 16, 5) peak_rss_mb=1512.9 | peak_workingset_mb=4700.3 | peak_cuda_mb=130.0 | cpu_time_sec=232.88
Rank: 5 16 16
[Tucker only] R=(5, 16, 16) peak_rss_mb=4477.6 | peak_workingset_mb=4700.3 | peak_cuda_mb=1191.2 | cpu_time_sec=9101.03
[Tucker+OCSVM] (VAL one-class) chose {'gamma': 0.00020833333333333335, 'kernel': 'rbf', 'nu': 0.01} best_obj:(FP=0.188, P95=2.0585, mean=-1.5643) Elapsed: 30.48
[Tucker+OCSVM] Final result RANK=(5, 16, 16) AUC=0.5487 | ACC=0.804 | param=({'gamma': 0.00020833333333333335, 'kernel': 'rbf', 'nu': 0.01}) | aux=FP=0.188, P95=2.0585, mean=-1.5643
[Tucker+OCSVM] AUC=0.5487 Boot: mean:0.5481 std:0.0481, CI(0.4487–0.6421) | 
[Tucker+OCSVM] R=(5, 16, 16) peak_rss_mb=1369.9 | peak_workingset_mb=4700.3 | peak_cuda_mb=130.0 | cpu_time_sec=30.88
[Tucker+AE] best_param=(3, 16) best_obj=0.2186046511627907 Elapsed: 23.5
[Tucker+AE] (global) Final result Rank=(5, 16, 16) AUC=0.5473 ACC=0.808
[Tucker+AE] AUC=0.5473 Boot: mean:0.5467 std:0.0484, CI(0.4477–0.6408) | 
[Tucker+AE] R=(5, 16, 16) peak_rss_mb=1659.0 | peak_workingset_mb=4700.3 | peak_cuda_mb=130.0 | cpu_time_sec=167.45
[Tucker+IF] best_obj=0.165853 best_param: {'bootstrap': False, 'contamination': 0.05, 'max_features': 1.0, 'max_samples': 0.5, 'n_estimators': 50, 'n_jobs': -1, 'random_state': 42} Elapsed (CPU s): 252.8
[Tucker+IF] Final result rank=(5, 16, 16) AUC=0.5487 ACC=0.804 obj=0.16585271317829456| params={'bootstrap': False, 'contamination': 0.05, 'max_features': 1.0, 'max_samples': 0.5, 'n_estimators': 50, 'n_jobs': -1, 'random_state': 42} | thr=0.498514 | target_FP=0.050
[Tucker+IF] AUC=0.5487 Boot: mean:0.5481 std:0.0465, CI(0.4546–0.6404) | 
[Tucker+IF] R=(5, 16, 16) peak_rss_mb=1759.2 | peak_workingset_mb=4700.3 | peak_cuda_mb=130.0 | cpu_time_sec=253.14
Rank: 5 32 5
[Tucker only] R=(5, 32, 5) peak_rss_mb=1712.9 | peak_workingset_mb=4700.3 | peak_cuda_mb=149.9 | cpu_time_sec=157.14
[Tucker+OCSVM] (VAL one-class) chose {'gamma': 0.000125, 'kernel': 'rbf', 'nu': 0.01} best_obj:(FP=0.128, P95=1.0736, mean=-1.5693) Elapsed: 49.42
[Tucker+OCSVM] Final result RANK=(5, 32, 5) AUC=0.4646 | ACC=0.8 | param=({'gamma': 0.000125, 'kernel': 'rbf', 'nu': 0.01}) | aux=FP=0.128, P95=1.0736, mean=-1.5693
[Tucker+OCSVM] AUC=0.4646 Boot: mean:0.4649 std:0.0421, CI(0.3836–0.5457) | 
[Tucker+OCSVM] R=(5, 32, 5) peak_rss_mb=1626.3 | peak_workingset_mb=4700.3 | peak_cuda_mb=130.0 | cpu_time_sec=49.84
[Tucker+AE] best_param=(3, 16) best_obj=0.1744186046511628 Elapsed: 132.16
[Tucker+AE] (global) Final result Rank=(5, 32, 5) AUC=0.4649 ACC=0.8
[Tucker+AE] AUC=0.4649 Boot: mean:0.4652 std:0.0419, CI(0.3833–0.5471) | 
[Tucker+AE] R=(5, 32, 5) peak_rss_mb=1957.0 | peak_workingset_mb=4700.3 | peak_cuda_mb=130.0 | cpu_time_sec=416.81
[Tucker+IF] best_obj=0.151899 best_param: {'bootstrap': True, 'contamination': 0.05, 'max_features': 1.0, 'max_samples': 0.5, 'n_estimators': 50, 'n_jobs': -1, 'random_state': 42} Elapsed (CPU s): 371.16
[Tucker+IF] Final result rank=(5, 32, 5) AUC=0.443 ACC=0.744 obj=0.15189922480620158| params={'bootstrap': True, 'contamination': 0.05, 'max_features': 1.0, 'max_samples': 0.5, 'n_estimators': 50, 'n_jobs': -1, 'random_state': 42} | thr=0.506746 | target_FP=0.050
[Tucker+IF] AUC=0.4430 Boot: mean:0.4436 std:0.0425, CI(0.3600–0.5263) | 
[Tucker+IF] R=(5, 32, 5) peak_rss_mb=2058.1 | peak_workingset_mb=4700.3 | peak_cuda_mb=130.0 | cpu_time_sec=371.61
Rank: 5 32 16
[Tucker only] R=(5, 32, 16) peak_rss_mb=4009.1 | peak_workingset_mb=4700.3 | peak_cuda_mb=1193.9 | cpu_time_sec=9203.34
[Tucker+OCSVM] (VAL one-class) chose {'gamma': 0.00010416666666666667, 'kernel': 'rbf', 'nu': 0.01} best_obj:(FP=0.309, P95=2.3117, mean=-0.4734) Elapsed: 56.58
[Tucker+OCSVM] Final result RANK=(5, 32, 16) AUC=0.617 | ACC=0.808 | param=({'gamma': 0.00010416666666666667, 'kernel': 'rbf', 'nu': 0.01}) | aux=FP=0.309, P95=2.3117, mean=-0.4734
[Tucker+OCSVM] AUC=0.6170 Boot: mean:0.6165 std:0.0423, CI(0.5333–0.7001) | 
[Tucker+OCSVM] R=(5, 32, 16) peak_rss_mb=1459.1 | peak_workingset_mb=4700.3 | peak_cuda_mb=130.0 | cpu_time_sec=56.98
[Tucker+AE] best_param=(3, 16) best_obj=0.3523255813953488 Elapsed: 48.66
[Tucker+AE] (global) Final result Rank=(5, 32, 16) AUC=0.6164 ACC=0.808
[Tucker+AE] AUC=0.6164 Boot: mean:0.6160 std:0.0422, CI(0.5327–0.6987) | 
[Tucker+AE] R=(5, 32, 16) peak_rss_mb=1924.5 | peak_workingset_mb=4700.3 | peak_cuda_mb=130.0 | cpu_time_sec=404.56
[Tucker+IF] best_obj=0.253450 best_param: {'bootstrap': True, 'contamination': 0.05, 'max_features': 1.0, 'max_samples': 1.0, 'n_estimators': 50, 'n_jobs': -1, 'random_state': 42} Elapsed (CPU s): 409.11
[Tucker+IF] Final result rank=(5, 32, 16) AUC=0.5935 ACC=0.784 obj=0.2534496124031007| params={'bootstrap': True, 'contamination': 0.05, 'max_features': 1.0, 'max_samples': 1.0, 'n_estimators': 50, 'n_jobs': -1, 'random_state': 42} | thr=0.507608 | target_FP=0.050
[Tucker+IF] AUC=0.5935 Boot: mean:0.5930 std:0.0448, CI(0.5027–0.6783) | 
[Tucker+IF] R=(5, 32, 16) peak_rss_mb=2089.7 | peak_workingset_mb=4700.3 | peak_cuda_mb=130.0 | cpu_time_sec=409.45
Rank: 5 64 5
[Tucker only] R=(5, 64, 5) peak_rss_mb=2032.7 | peak_workingset_mb=4700.3 | peak_cuda_mb=150.4 | cpu_time_sec=194.00
[Tucker+OCSVM] (VAL one-class) chose {'gamma': 6.25e-05, 'kernel': 'rbf', 'nu': 0.01} best_obj:(FP=0.463, P95=9.3516, mean=1.1649) Elapsed: 98.05
[Tucker+OCSVM] Final result RANK=(5, 64, 5) AUC=0.3852 | ACC=0.8 | param=({'gamma': 6.25e-05, 'kernel': 'rbf', 'nu': 0.01}) | aux=FP=0.463, P95=9.3516, mean=1.1649
[Tucker+OCSVM] AUC=0.3852 Boot: mean:0.3857 std:0.0392, CI(0.3083–0.4657) | 
[Tucker+OCSVM] R=(5, 64, 5) peak_rss_mb=1931.8 | peak_workingset_mb=4700.3 | peak_cuda_mb=130.0 | cpu_time_sec=98.48
[Tucker+AE] best_param=(3, 16) best_obj=0.460077519379845 Elapsed: 63.7
[Tucker+AE] (global) Final result Rank=(5, 64, 5) AUC=0.3857 ACC=0.8
[Tucker+AE] AUC=0.3857 Boot: mean:0.3862 std:0.0392, CI(0.3090–0.4658) | 
[Tucker+AE] R=(5, 64, 5) peak_rss_mb=2463.5 | peak_workingset_mb=4700.3 | peak_cuda_mb=130.0 | cpu_time_sec=693.78
[Tucker+IF] best_obj=0.356938 best_param: {'bootstrap': False, 'contamination': 0.05, 'max_features': 1.0, 'max_samples': 0.5, 'n_estimators': 50, 'n_jobs': -1, 'random_state': 42} Elapsed (CPU s): 606.77
[Tucker+IF] Final result rank=(5, 64, 5) AUC=0.3907 ACC=0.644 obj=0.35693798449612407| params={'bootstrap': False, 'contamination': 0.05, 'max_features': 1.0, 'max_samples': 0.5, 'n_estimators': 50, 'n_jobs': -1, 'random_state': 42} | thr=0.523034 | target_FP=0.050
[Tucker+IF] AUC=0.3907 Boot: mean:0.3912 std:0.0403, CI(0.3126–0.4718) | 
[Tucker+IF] R=(5, 64, 5) peak_rss_mb=2726.4 | peak_workingset_mb=4700.3 | peak_cuda_mb=130.0 | cpu_time_sec=607.23
Rank: 5 64 16
[Tucker only] R=(5, 64, 16) peak_rss_mb=5502.4 | peak_workingset_mb=5504.2 | peak_cuda_mb=1190.2 | cpu_time_sec=9176.80
[Tucker+OCSVM] (VAL one-class) chose {'gamma': 5.208333333333334e-05, 'kernel': 'rbf', 'nu': 0.01} best_obj:(FP=0.928, P95=8.6160, mean=4.4222) Elapsed: 122.98
[Tucker+OCSVM] Final result RANK=(5, 64, 16) AUC=0.5335 | ACC=0.824 | param=({'gamma': 5.208333333333334e-05, 'kernel': 'rbf', 'nu': 0.01}) | aux=FP=0.928, P95=8.6160, mean=4.4222
[Tucker+OCSVM] AUC=0.5335 Boot: mean:0.5331 std:0.0511, CI(0.4324–0.6311) | 
[Tucker+OCSVM] R=(5, 64, 16) peak_rss_mb=865.1 | peak_workingset_mb=5504.2 | peak_cuda_mb=130.0 | cpu_time_sec=123.42
[Tucker+AE] best_param=(3, 16) best_obj=0.9244186046511628 Elapsed: 102.47
[Tucker+AE] (global) Final result Rank=(5, 64, 16) AUC=0.5341 ACC=0.824
[Tucker+AE] AUC=0.5341 Boot: mean:0.5337 std:0.0510, CI(0.4333–0.6317) | 
[Tucker+AE] R=(5, 64, 16) peak_rss_mb=1549.4 | peak_workingset_mb=5504.2 | peak_cuda_mb=130.0 | cpu_time_sec=769.56
[Tucker+IF] best_obj=0.768566 best_param: {'bootstrap': True, 'contamination': 0.05, 'max_features': 0.5, 'max_samples': 0.5, 'n_estimators': 50, 'n_jobs': -1, 'random_state': 42} Elapsed (CPU s): 719.91
[Tucker+IF] Final result rank=(5, 64, 16) AUC=0.5377 ACC=0.816 obj=0.7685658914728682| params={'bootstrap': True, 'contamination': 0.05, 'max_features': 0.5, 'max_samples': 0.5, 'n_estimators': 50, 'n_jobs': -1, 'random_state': 42} | thr=0.542923 | target_FP=0.050
[Tucker+IF] AUC=0.5377 Boot: mean:0.5370 std:0.0488, CI(0.4429–0.6335) | 
[Tucker+IF] R=(5, 64, 16) peak_rss_mb=2532.0 | peak_workingset_mb=5504.2 | peak_cuda_mb=130.0 | cpu_time_sec=720.39
Rank: 16 5 5
[Tucker only] R=(16, 5, 5) peak_rss_mb=2310.9 | peak_workingset_mb=5504.2 | peak_cuda_mb=150.2 | cpu_time_sec=143.02
[Tucker+OCSVM] (VAL one-class) chose {'gamma': 0.00025, 'kernel': 'rbf', 'nu': 0.01} best_obj:(FP=0.158, P95=1.5530, mean=-1.9731) Elapsed: 26.58
[Tucker+OCSVM] Final result RANK=(16, 5, 5) AUC=0.5628 | ACC=0.804 | param=({'gamma': 0.00025, 'kernel': 'rbf', 'nu': 0.01}) | aux=FP=0.158, P95=1.5530, mean=-1.9731
[Tucker+OCSVM] AUC=0.5628 Boot: mean:0.5610 std:0.0505, CI(0.4605–0.6600) | 
[Tucker+OCSVM] R=(16, 5, 5) peak_rss_mb=2267.8 | peak_workingset_mb=5504.2 | peak_cuda_mb=130.0 | cpu_time_sec=27.02
[Tucker+AE] best_param=(1, 16) best_obj=0.21434108527131782 Elapsed: 10.25
[Tucker+AE] (global) Final result Rank=(16, 5, 5) AUC=0.5633 ACC=0.804
[Tucker+AE] AUC=0.5633 Boot: mean:0.5616 std:0.0505, CI(0.4610–0.6591) | 
[Tucker+AE] R=(16, 5, 5) peak_rss_mb=2425.8 | peak_workingset_mb=5504.2 | peak_cuda_mb=130.0 | cpu_time_sec=159.09
[Tucker+IF] best_obj=0.170504 best_param: {'bootstrap': True, 'contamination': 0.05, 'max_features': 1.0, 'max_samples': 0.5, 'n_estimators': 50, 'n_jobs': -1, 'random_state': 42} Elapsed (CPU s): 228.05
[Tucker+IF] Final result rank=(16, 5, 5) AUC=0.5318 ACC=0.788 obj=0.17050387596899227| params={'bootstrap': True, 'contamination': 0.05, 'max_features': 1.0, 'max_samples': 0.5, 'n_estimators': 50, 'n_jobs': -1, 'random_state': 42} | thr=0.523670 | target_FP=0.050
[Tucker+IF] AUC=0.5318 Boot: mean:0.5305 std:0.0485, CI(0.4343–0.6261) | 
[Tucker+IF] R=(16, 5, 5) peak_rss_mb=2513.3 | peak_workingset_mb=5504.2 | peak_cuda_mb=130.0 | cpu_time_sec=228.42
Rank: 16 5 16
[Tucker only] R=(16, 5, 16) peak_rss_mb=5666.2 | peak_workingset_mb=5669.1 | peak_cuda_mb=1193.2 | cpu_time_sec=9711.61
[Tucker+OCSVM] (VAL one-class) chose {'gamma': 0.00020833333333333335, 'kernel': 'rbf', 'nu': 0.01} best_obj:(FP=0.188, P95=1.3446, mean=-1.6383) Elapsed: 30.72
[Tucker+OCSVM] Final result RANK=(16, 5, 16) AUC=0.5371 | ACC=0.804 | param=({'gamma': 0.00020833333333333335, 'kernel': 'rbf', 'nu': 0.01}) | aux=FP=0.188, P95=1.3446, mean=-1.6383
[Tucker+OCSVM] AUC=0.5371 Boot: mean:0.5352 std:0.0500, CI(0.4382–0.6365) | 
[Tucker+OCSVM] R=(16, 5, 16) peak_rss_mb=2450.6 | peak_workingset_mb=5669.1 | peak_cuda_mb=130.0 | cpu_time_sec=31.22
[Tucker+AE] best_param=(3, 16) best_obj=0.22519379844961243 Elapsed: 23.25
[Tucker+AE] (global) Final result Rank=(16, 5, 16) AUC=0.5368 ACC=0.804
[Tucker+AE] AUC=0.5368 Boot: mean:0.5349 std:0.0502, CI(0.4389–0.6351) | 
[Tucker+AE] R=(16, 5, 16) peak_rss_mb=2641.0 | peak_workingset_mb=5669.1 | peak_cuda_mb=130.0 | cpu_time_sec=178.73
[Tucker+IF] best_obj=0.158876 best_param: {'bootstrap': False, 'contamination': 0.05, 'max_features': 1.0, 'max_samples': 0.5, 'n_estimators': 50, 'n_jobs': -1, 'random_state': 42} Elapsed (CPU s): 261.41
[Tucker+IF] Final result rank=(16, 5, 16) AUC=0.514 ACC=0.796 obj=0.15887596899224807| params={'bootstrap': False, 'contamination': 0.05, 'max_features': 1.0, 'max_samples': 0.5, 'n_estimators': 50, 'n_jobs': -1, 'random_state': 42} | thr=0.501537 | target_FP=0.050
[Tucker+IF] AUC=0.5140 Boot: mean:0.5119 std:0.0504, CI(0.4159–0.6127) | 
[Tucker+IF] R=(16, 5, 16) peak_rss_mb=2737.1 | peak_workingset_mb=5669.1 | peak_cuda_mb=130.0 | cpu_time_sec=261.81
Rank: 16 16 5
[Tucker only] R=(16, 16, 5) peak_rss_mb=2799.6 | peak_workingset_mb=5669.1 | peak_cuda_mb=150.2 | cpu_time_sec=168.28
[Tucker+OCSVM] (VAL one-class) chose {'gamma': 7.812500000000002e-05, 'kernel': 'rbf', 'nu': 0.01} best_obj:(FP=0.612, P95=4.5066, mean=0.8008) Elapsed: 77.95
[Tucker+OCSVM] Final result RANK=(16, 16, 5) AUC=0.5751 | ACC=0.816 | param=({'gamma': 7.812500000000002e-05, 'kernel': 'rbf', 'nu': 0.01}) | aux=FP=0.612, P95=4.5066, mean=0.8008
[Tucker+OCSVM] AUC=0.5751 Boot: mean:0.5749 std:0.0532, CI(0.4659–0.6796) | 
[Tucker+OCSVM] R=(16, 16, 5) peak_rss_mb=2869.9 | peak_workingset_mb=5669.1 | peak_cuda_mb=130.0 | cpu_time_sec=78.37
[Tucker+AE] best_param=(3, 32) best_obj=0.613953488372093 Elapsed: 76.97
[Tucker+AE] (global) Final result Rank=(16, 16, 5) AUC=0.5752 ACC=0.816
[Tucker+AE] AUC=0.5752 Boot: mean:0.5750 std:0.0532, CI(0.4658–0.6808) | 
[Tucker+AE] R=(16, 16, 5) peak_rss_mb=3320.3 | peak_workingset_mb=5669.1 | peak_cuda_mb=130.0 | cpu_time_sec=551.39
[Tucker+IF] best_obj=0.487558 best_param: {'bootstrap': False, 'contamination': 0.05, 'max_features': 1.0, 'max_samples': 1.0, 'n_estimators': 50, 'n_jobs': -1, 'random_state': 42} Elapsed (CPU s): 569.22
[Tucker+IF] Final result rank=(16, 16, 5) AUC=0.5569 ACC=0.808 obj=0.48755813953488375| params={'bootstrap': False, 'contamination': 0.05, 'max_features': 1.0, 'max_samples': 1.0, 'n_estimators': 50, 'n_jobs': -1, 'random_state': 42} | thr=0.515943 | target_FP=0.050
[Tucker+IF] AUC=0.5569 Boot: mean:0.5560 std:0.0523, CI(0.4514–0.6586) | 
[Tucker+IF] R=(16, 16, 5) peak_rss_mb=3489.9 | peak_workingset_mb=5669.1 | peak_cuda_mb=130.0 | cpu_time_sec=569.91
Rank: 16 16 16
[Tucker only] R=(16, 16, 16) peak_rss_mb=3897.9 | peak_workingset_mb=5669.1 | peak_cuda_mb=1193.5 | cpu_time_sec=9842.42
[Tucker+OCSVM] (VAL one-class) chose {'gamma': 6.510416666666667e-05, 'kernel': 'rbf', 'nu': 0.01} best_obj:(FP=0.749, P95=5.8375, mean=1.9006) Elapsed: 94.33
[Tucker+OCSVM] Final result RANK=(16, 16, 16) AUC=0.5484 | ACC=0.816 | param=({'gamma': 6.510416666666667e-05, 'kernel': 'rbf', 'nu': 0.01}) | aux=FP=0.749, P95=5.8375, mean=1.9006
[Tucker+OCSVM] AUC=0.5484 Boot: mean:0.5482 std:0.0530, CI(0.4413–0.6538) | 
[Tucker+OCSVM] R=(16, 16, 16) peak_rss_mb=910.3 | peak_workingset_mb=5669.1 | peak_cuda_mb=130.0 | cpu_time_sec=95.00
[Tucker+AE] best_param=(3, 16) best_obj=0.7507751937984497 Elapsed: 56.2
[Tucker+AE] (global) Final result Rank=(16, 16, 16) AUC=0.5478 ACC=0.816
[Tucker+AE] AUC=0.5478 Boot: mean:0.5475 std:0.0530, CI(0.4402–0.6535) | 
[Tucker+AE] R=(16, 16, 16) peak_rss_mb=1608.1 | peak_workingset_mb=5669.1 | peak_cuda_mb=130.0 | cpu_time_sec=766.41
[Tucker+IF] best_obj=0.615465 best_param: {'bootstrap': True, 'contamination': 0.05, 'max_features': 0.5, 'max_samples': 0.75, 'n_estimators': 50, 'n_jobs': -1, 'random_state': 42} Elapsed (CPU s): 607.19
[Tucker+IF] Final result rank=(16, 16, 16) AUC=0.5429 ACC=0.792 obj=0.6154651162790697| params={'bootstrap': True, 'contamination': 0.05, 'max_features': 0.5, 'max_samples': 0.75, 'n_estimators': 50, 'n_jobs': -1, 'random_state': 42} | thr=0.536792 | target_FP=0.050
[Tucker+IF] AUC=0.5429 Boot: mean:0.5428 std:0.0501, CI(0.4441–0.6431) | 
[Tucker+IF] R=(16, 16, 16) peak_rss_mb=3552.6 | peak_workingset_mb=5669.1 | peak_cuda_mb=130.0 | cpu_time_sec=607.91
Rank: 16 32 5
[Tucker only] R=(16, 32, 5) peak_rss_mb=3194.2 | peak_workingset_mb=5669.1 | peak_cuda_mb=150.2 | cpu_time_sec=194.33
[Tucker+OCSVM] (VAL one-class) chose {'gamma': 'scale', 'kernel': 'rbf', 'nu': 0.01} best_obj:(FP=0.998, P95=3.2895, mean=3.2054) Elapsed: 251.38
[Tucker+OCSVM] Final result RANK=(16, 32, 5) AUC=0.5357 | ACC=0.816 | param=({'gamma': 'scale', 'kernel': 'rbf', 'nu': 0.01}) | aux=FP=0.998, P95=3.2895, mean=3.2054
[Tucker+OCSVM] AUC=0.5357 Boot: mean:0.5355 std:0.0549, CI(0.4241–0.6418) | 
[Tucker+OCSVM] R=(16, 32, 5) peak_rss_mb=3367.9 | peak_workingset_mb=5669.1 | peak_cuda_mb=130.0 | cpu_time_sec=252.64
[Tucker+AE] best_param=(1, 16) best_obj=0.9976744186046512 Elapsed: 70.5
[Tucker+AE] (global) Final result Rank=(16, 32, 5) AUC=0.5353 ACC=0.816
[Tucker+AE] AUC=0.5353 Boot: mean:0.5351 std:0.0548, CI(0.4240–0.6416) | 
[Tucker+AE] R=(16, 32, 5) peak_rss_mb=4218.6 | peak_workingset_mb=5669.1 | peak_cuda_mb=130.0 | cpu_time_sec=1094.16
[Tucker+IF] best_obj=0.931744 best_param: {'bootstrap': True, 'contamination': 0.05, 'max_features': 0.5, 'max_samples': 0.75, 'n_estimators': 50, 'n_jobs': -1, 'random_state': 42} Elapsed (CPU s): 938.25
[Tucker+IF] Final result rank=(16, 32, 5) AUC=0.4835 ACC=0.728 obj=0.9317441860465117| params={'bootstrap': True, 'contamination': 0.05, 'max_features': 0.5, 'max_samples': 0.75, 'n_estimators': 50, 'n_jobs': -1, 'random_state': 42} | thr=0.566891 | target_FP=0.050
[Tucker+IF] AUC=0.4835 Boot: mean:0.4827 std:0.0518, CI(0.3826–0.5794) | 
[Tucker+IF] R=(16, 32, 5) peak_rss_mb=4724.9 | peak_workingset_mb=5669.1 | peak_cuda_mb=130.0 | cpu_time_sec=938.84
Rank: 16 32 16
[Tucker only] R=(16, 32, 16) peak_rss_mb=5950.2 | peak_workingset_mb=5969.3 | peak_cuda_mb=1191.6 | cpu_time_sec=9760.84
[Tucker+OCSVM] (VAL one-class) chose {'gamma': 0.003333333333333333, 'kernel': 'rbf', 'nu': 0.01} best_obj:(FP=1.000, P95=0.0100, mean=0.0100) Elapsed: 796.59
[Tucker+OCSVM] Final result RANK=(16, 32, 16) AUC=0.5 | ACC=0.8 | param=({'gamma': 0.003333333333333333, 'kernel': 'rbf', 'nu': 0.01}) | aux=FP=1.000, P95=0.0100, mean=0.0100
[Tucker+OCSVM] AUC=0.5000 Boot: mean:0.5000 std:0.0000, CI(0.5000–0.5000) | 
[Tucker+OCSVM] R=(16, 32, 16) peak_rss_mb=3805.7 | peak_workingset_mb=5969.3 | peak_cuda_mb=130.0 | cpu_time_sec=804.19
[Tucker+AE] best_param=(1, 16) best_obj=1.0 Elapsed: 92.95
[Tucker+AE] (global) Final result Rank=(16, 32, 16) AUC=0.4695 ACC=0.804
[Tucker+AE] AUC=0.4695 Boot: mean:0.4710 std:0.0456, CI(0.3829–0.5609) | 
[Tucker+AE] R=(16, 32, 16) peak_rss_mb=4830.1 | peak_workingset_mb=5969.3 | peak_cuda_mb=130.0 | cpu_time_sec=1340.31
[Tucker+IF] best_obj=0.999574 best_param: {'bootstrap': True, 'contamination': 0.05, 'max_features': 1.0, 'max_samples': 0.5, 'n_estimators': 50, 'n_jobs': -1, 'random_state': 42} Elapsed (CPU s): 1083.34
[Tucker+IF] Final result rank=(16, 32, 16) AUC=0.5154 ACC=0.756 obj=0.9995736434108526| params={'bootstrap': True, 'contamination': 0.05, 'max_features': 1.0, 'max_samples': 0.5, 'n_estimators': 50, 'n_jobs': -1, 'random_state': 42} | thr=0.579564 | target_FP=0.050
[Tucker+IF] AUC=0.5154 Boot: mean:0.5157 std:0.0495, CI(0.4183–0.6107) | 
[Tucker+IF] R=(16, 32, 16) peak_rss_mb=5385.7 | peak_workingset_mb=5969.3 | peak_cuda_mb=130.0 | cpu_time_sec=1083.94
Rank: 16 64 5
[Tucker only] R=(16, 64, 5) peak_rss_mb=5237.0 | peak_workingset_mb=5969.3 | peak_cuda_mb=150.7 | cpu_time_sec=274.02
[Tucker+OCSVM] (VAL one-class) chose {'gamma': 0.003333333333333333, 'kernel': 'rbf', 'nu': 0.01} best_obj:(FP=1.000, P95=0.0100, mean=0.0100) Elapsed: 3091.66
[Tucker+OCSVM] Final result RANK=(16, 64, 5) AUC=0.5 | ACC=0.8 | param=({'gamma': 0.003333333333333333, 'kernel': 'rbf', 'nu': 0.01}) | aux=FP=1.000, P95=0.0100, mean=0.0100
[Tucker+OCSVM] AUC=0.5000 Boot: mean:0.5000 std:0.0000, CI(0.5000–0.5000) | 
[Tucker+OCSVM] R=(16, 64, 5) peak_rss_mb=5493.0 | peak_workingset_mb=5969.3 | peak_cuda_mb=130.0 | cpu_time_sec=3140.88
[Tucker+AE] best_param=(1, 16) best_obj=1.0 Elapsed: 198.48
[Tucker+AE] (global) Final result Rank=(16, 64, 5) AUC=0.6198 ACC=0.808
[Tucker+AE] AUC=0.6198 Boot: mean:0.6183 std:0.0416, CI(0.5355–0.7001) | 
[Tucker+AE] R=(16, 64, 5) peak_rss_mb=1147.7 | peak_workingset_mb=5969.3 | peak_cuda_mb=130.0 | cpu_time_sec=1458.42
[Tucker+IF] best_obj=0.427481 best_param: {'bootstrap': True, 'contamination': 0.05, 'max_features': 1.0, 'max_samples': 0.5, 'n_estimators': 50, 'n_jobs': -1, 'random_state': 42} Elapsed (CPU s): 1123.33
[Tucker+IF] Final result rank=(16, 64, 5) AUC=0.6714 ACC=0.72 obj=0.4274806201550388| params={'bootstrap': True, 'contamination': 0.05, 'max_features': 1.0, 'max_samples': 0.5, 'n_estimators': 50, 'n_jobs': -1, 'random_state': 42} | thr=0.468582 | target_FP=0.050
[Tucker+IF] AUC=0.6714 Boot: mean:0.6721 std:0.0406, CI(0.5918–0.7481) | 
[Tucker+IF] R=(16, 64, 5) peak_rss_mb=4675.8 | peak_workingset_mb=5969.3 | peak_cuda_mb=130.0 | cpu_time_sec=1124.02
Rank: 16 64 16
[Tucker only] R=(16, 64, 16) peak_rss_mb=4756.5 | peak_workingset_mb=5969.3 | peak_cuda_mb=1194.9 | cpu_time_sec=10380.84
[Tucker+OCSVM] (VAL one-class) chose {'gamma': 0.003333333333333333, 'kernel': 'rbf', 'nu': 0.01} best_obj:(FP=1.000, P95=0.0100, mean=0.0100) Elapsed: 1185.47
[Tucker+OCSVM] Final result RANK=(16, 64, 16) AUC=0.5 | ACC=0.8 | param=({'gamma': 0.003333333333333333, 'kernel': 'rbf', 'nu': 0.01}) | aux=FP=1.000, P95=0.0100, mean=0.0100
[Tucker+OCSVM] AUC=0.5000 Boot: mean:0.5000 std:0.0000, CI(0.5000–0.5000) | 
[Tucker+OCSVM] R=(16, 64, 16) peak_rss_mb=1575.7 | peak_workingset_mb=5969.3 | peak_cuda_mb=130.0 | cpu_time_sec=1199.69
[Tucker+AE] best_param=(1, 16) best_obj=1.0 Elapsed: 161.58
[Tucker+AE] (global) Final result Rank=(16, 64, 16) AUC=0.5432 ACC=0.796
[Tucker+AE] AUC=0.5432 Boot: mean:0.5428 std:0.0463, CI(0.4498–0.6289) | 
[Tucker+AE] R=(16, 64, 16) peak_rss_mb=858.4 | peak_workingset_mb=5969.3 | peak_cuda_mb=130.0 | cpu_time_sec=1061.63
[Tucker+IF] best_obj=0.099961 best_param: {'bootstrap': False, 'contamination': 0.05, 'max_features': 1.0, 'max_samples': 0.5, 'n_estimators': 50, 'n_jobs': -1, 'random_state': 42} Elapsed (CPU s): 1190.89
[Tucker+IF] Final result rank=(16, 64, 16) AUC=0.6674 ACC=0.716 obj=0.09996124031007753| params={'bootstrap': False, 'contamination': 0.05, 'max_features': 1.0, 'max_samples': 0.5, 'n_estimators': 50, 'n_jobs': -1, 'random_state': 42} | thr=0.415705 | target_FP=0.050
[Tucker+IF] AUC=0.6674 Boot: mean:0.6670 std:0.0429, CI(0.5798–0.7505) | 
[Tucker+IF] R=(16, 64, 16) peak_rss_mb=831.9 | peak_workingset_mb=5969.3 | peak_cuda_mb=130.0 | cpu_time_sec=1192.05
Rank: 32 5 5
[Tucker only] R=(32, 5, 5) peak_rss_mb=596.1 | peak_workingset_mb=5969.3 | peak_cuda_mb=150.6 | cpu_time_sec=183.02
[Tucker+OCSVM] (VAL one-class) chose {'gamma': 0.000125, 'kernel': 'rbf', 'nu': 0.01} best_obj:(FP=0.135, P95=1.0322, mean=-1.4135) Elapsed: 52.27
[Tucker+OCSVM] Final result RANK=(32, 5, 5) AUC=0.435 | ACC=0.804 | param=({'gamma': 0.000125, 'kernel': 'rbf', 'nu': 0.01}) | aux=FP=0.135, P95=1.0322, mean=-1.4135
[Tucker+OCSVM] AUC=0.4350 Boot: mean:0.4340 std:0.0472, CI(0.3409–0.5287) | 
[Tucker+OCSVM] R=(32, 5, 5) peak_rss_mb=595.0 | peak_workingset_mb=5969.3 | peak_cuda_mb=130.0 | cpu_time_sec=52.98
[Tucker+AE] best_param=(3, 16) best_obj=0.17015503875968993 Elapsed: 40.66
[Tucker+AE] (global) Final result Rank=(32, 5, 5) AUC=0.4382 ACC=0.804
[Tucker+AE] AUC=0.4382 Boot: mean:0.4372 std:0.0473, CI(0.3439–0.5315) | 
[Tucker+AE] R=(32, 5, 5) peak_rss_mb=4167.8 | peak_workingset_mb=5969.3 | peak_cuda_mb=130.0 | cpu_time_sec=432.05
[Tucker+IF] best_obj=0.170891 best_param: {'bootstrap': True, 'contamination': 0.05, 'max_features': 0.5, 'max_samples': 0.75, 'n_estimators': 50, 'n_jobs': -1, 'random_state': 42} Elapsed (CPU s): 411.27
[Tucker+IF] Final result rank=(32, 5, 5) AUC=0.4162 ACC=0.708 obj=0.17089147286821707| params={'bootstrap': True, 'contamination': 0.05, 'max_features': 0.5, 'max_samples': 0.75, 'n_estimators': 50, 'n_jobs': -1, 'random_state': 42} | thr=0.505123 | target_FP=0.050
[Tucker+IF] AUC=0.4162 Boot: mean:0.4150 std:0.0458, CI(0.3239–0.5085) | 
[Tucker+IF] R=(32, 5, 5) peak_rss_mb=763.3 | peak_workingset_mb=5969.3 | peak_cuda_mb=130.0 | cpu_time_sec=412.03
Rank: 32 5 16
[Tucker only] R=(32, 5, 16) peak_rss_mb=4241.2 | peak_workingset_mb=5969.3 | peak_cuda_mb=1193.3 | cpu_time_sec=10522.42
[Tucker+OCSVM] (VAL one-class) chose {'gamma': 0.00010416666666666667, 'kernel': 'rbf', 'nu': 0.01} best_obj:(FP=0.270, P95=1.5972, mean=-0.6357) Elapsed: 56.38
[Tucker+OCSVM] Final result RANK=(32, 5, 16) AUC=0.55 | ACC=0.804 | param=({'gamma': 0.00010416666666666667, 'kernel': 'rbf', 'nu': 0.01}) | aux=FP=0.270, P95=1.5972, mean=-0.6357
[Tucker+OCSVM] AUC=0.5500 Boot: mean:0.5482 std:0.0451, CI(0.4602–0.6379) | 
[Tucker+OCSVM] R=(32, 5, 16) peak_rss_mb=1200.1 | peak_workingset_mb=5969.3 | peak_cuda_mb=130.0 | cpu_time_sec=57.12
[Tucker+AE] best_param=(3, 16) best_obj=0.30697674418604654 Elapsed: 33.08
[Tucker+AE] (global) Final result Rank=(32, 5, 16) AUC=0.5518 ACC=0.804
[Tucker+AE] AUC=0.5518 Boot: mean:0.5500 std:0.0451, CI(0.4613–0.6395) | 
[Tucker+AE] R=(32, 5, 16) peak_rss_mb=1625.4 | peak_workingset_mb=5969.3 | peak_cuda_mb=130.0 | cpu_time_sec=431.19
[Tucker+IF] best_obj=0.239109 best_param: {'bootstrap': False, 'contamination': 0.05, 'max_features': 1.0, 'max_samples': 0.5, 'n_estimators': 50, 'n_jobs': -1, 'random_state': 42} Elapsed (CPU s): 436.67
[Tucker+IF] Final result rank=(32, 5, 16) AUC=0.528 ACC=0.716 obj=0.23910852713178296| params={'bootstrap': False, 'contamination': 0.05, 'max_features': 1.0, 'max_samples': 0.5, 'n_estimators': 50, 'n_jobs': -1, 'random_state': 42} | thr=0.482505 | target_FP=0.050
[Tucker+IF] AUC=0.5280 Boot: mean:0.5268 std:0.0435, CI(0.4391–0.6102) | 
[Tucker+IF] R=(32, 5, 16) peak_rss_mb=1803.8 | peak_workingset_mb=5969.3 | peak_cuda_mb=130.0 | cpu_time_sec=437.23
Rank: 32 16 5
[Tucker only] R=(32, 16, 5) peak_rss_mb=1897.7 | peak_workingset_mb=5969.3 | peak_cuda_mb=150.6 | cpu_time_sec=187.17
[Tucker+OCSVM] (VAL one-class) chose {'gamma': 0.00390625, 'kernel': 'rbf', 'nu': 0.01} best_obj:(FP=1.000, P95=0.0100, mean=0.0100) Elapsed: 182.91
[Tucker+OCSVM] Final result RANK=(32, 16, 5) AUC=0.49255 | ACC=0.8 | param=({'gamma': 0.00390625, 'kernel': 'rbf', 'nu': 0.01}) | aux=FP=1.000, P95=0.0100, mean=0.0100
[Tucker+OCSVM] AUC=0.4925 Boot: mean:0.4922 std:0.0100, CI(0.4700–0.5050) | 
[Tucker+OCSVM] R=(32, 16, 5) peak_rss_mb=2131.0 | peak_workingset_mb=5969.3 | peak_cuda_mb=130.0 | cpu_time_sec=185.42
[Tucker+AE] best_param=(1, 16) best_obj=1.0 Elapsed: 76.3
[Tucker+AE] (global) Final result Rank=(32, 16, 5) AUC=0.5568 ACC=0.808
[Tucker+AE] AUC=0.5568 Boot: mean:0.5565 std:0.0548, CI(0.4478–0.6632) | 
[Tucker+AE] R=(32, 16, 5) peak_rss_mb=2963.7 | peak_workingset_mb=5969.3 | peak_cuda_mb=130.0 | cpu_time_sec=1115.36
[Tucker+IF] best_obj=0.924380 best_param: {'bootstrap': True, 'contamination': 0.05, 'max_features': 0.5, 'max_samples': 0.5, 'n_estimators': 50, 'n_jobs': -1, 'random_state': 42} Elapsed (CPU s): 918.12
[Tucker+IF] Final result rank=(32, 16, 5) AUC=0.5211 ACC=0.736 obj=0.9243798449612403| params={'bootstrap': True, 'contamination': 0.05, 'max_features': 0.5, 'max_samples': 0.5, 'n_estimators': 50, 'n_jobs': -1, 'random_state': 42} | thr=0.558536 | target_FP=0.050
[Tucker+IF] AUC=0.5211 Boot: mean:0.5213 std:0.0538, CI(0.4164–0.6292) | 
[Tucker+IF] R=(32, 16, 5) peak_rss_mb=3422.2 | peak_workingset_mb=5969.3 | peak_cuda_mb=130.0 | cpu_time_sec=918.80
Rank: 32 16 16
[Tucker only] R=(32, 16, 16) peak_rss_mb=6452.6 | peak_workingset_mb=6468.7 | peak_cuda_mb=1193.6 | cpu_time_sec=10600.41
[Tucker+OCSVM] (VAL one-class) chose {'gamma': 0.003333333333333333, 'kernel': 'rbf', 'nu': 0.01} best_obj:(FP=1.000, P95=0.0100, mean=0.0100) Elapsed: 541.72
[Tucker+OCSVM] Final result RANK=(32, 16, 16) AUC=0.5 | ACC=0.8 | param=({'gamma': 0.003333333333333333, 'kernel': 'rbf', 'nu': 0.01}) | aux=FP=1.000, P95=0.0100, mean=0.0100
[Tucker+OCSVM] AUC=0.5000 Boot: mean:0.5000 std:0.0000, CI(0.5000–0.5000) | 
[Tucker+OCSVM] R=(32, 16, 16) peak_rss_mb=3618.6 | peak_workingset_mb=6468.7 | peak_cuda_mb=130.0 | cpu_time_sec=544.67
[Tucker+AE] best_param=(1, 16) best_obj=1.0 Elapsed: 98.77
[Tucker+AE] (global) Final result Rank=(32, 16, 16) AUC=0.4309 ACC=0.804
[Tucker+AE] AUC=0.4309 Boot: mean:0.4313 std:0.0447, CI(0.3403–0.5196) | 
[Tucker+AE] R=(32, 16, 16) peak_rss_mb=4424.2 | peak_workingset_mb=6468.7 | peak_cuda_mb=130.0 | cpu_time_sec=1131.22
[Tucker+IF] best_obj=0.995698 best_param: {'bootstrap': True, 'contamination': 0.05, 'max_features': 1.0, 'max_samples': 0.75, 'n_estimators': 50, 'n_jobs': -1, 'random_state': 42} Elapsed (CPU s): 1089.34
[Tucker+IF] Final result rank=(32, 16, 16) AUC=0.4877 ACC=0.756 obj=0.9956976744186046| params={'bootstrap': True, 'contamination': 0.05, 'max_features': 1.0, 'max_samples': 0.75, 'n_estimators': 50, 'n_jobs': -1, 'random_state': 42} | thr=0.571652 | target_FP=0.050
[Tucker+IF] AUC=0.4877 Boot: mean:0.4872 std:0.0566, CI(0.3789–0.5972) | 
[Tucker+IF] R=(32, 16, 16) peak_rss_mb=7502.0 | peak_workingset_mb=8891.0 | peak_cuda_mb=130.0 | cpu_time_sec=1092.86
Rank: 32 32 5
[Tucker only] R=(32, 32, 5) peak_rss_mb=7258.7 | peak_workingset_mb=8891.0 | peak_cuda_mb=150.6 | cpu_time_sec=243.91
[Tucker+OCSVM] (VAL one-class) chose {'gamma': 0.003333333333333333, 'kernel': 'rbf', 'nu': 0.01} best_obj:(FP=1.000, P95=0.0100, mean=0.0100) Elapsed: 1092.19
[Tucker+OCSVM] Final result RANK=(32, 32, 5) AUC=0.5 | ACC=0.8 | param=({'gamma': 0.003333333333333333, 'kernel': 'rbf', 'nu': 0.01}) | aux=FP=1.000, P95=0.0100, mean=0.0100
[Tucker+OCSVM] AUC=0.5000 Boot: mean:0.5000 std:0.0000, CI(0.5000–0.5000) | 
[Tucker+OCSVM] R=(32, 32, 5) peak_rss_mb=7539.8 | peak_workingset_mb=8891.0 | peak_cuda_mb=130.0 | cpu_time_sec=1104.59
[Tucker+AE] best_param=(1, 16) best_obj=1.0 Elapsed: 106.81
[Tucker+AE] (global) Final result Rank=(32, 32, 5) AUC=0.4324 ACC=0.8
[Tucker+AE] AUC=0.4324 Boot: mean:0.4325 std:0.0437, CI(0.3474–0.5165) | 
[Tucker+AE] R=(32, 32, 5) peak_rss_mb=8352.6 | peak_workingset_mb=8891.0 | peak_cuda_mb=130.0 | cpu_time_sec=1233.64
[Tucker+IF] best_obj=0.248798 best_param: {'bootstrap': True, 'contamination': 0.05, 'max_features': 1.0, 'max_samples': 0.5, 'n_estimators': 50, 'n_jobs': -1, 'random_state': 42} Elapsed (CPU s): 1047.91
[Tucker+IF] Final result rank=(32, 32, 5) AUC=0.4355 ACC=0.632 obj=0.24879844961240313| params={'bootstrap': True, 'contamination': 0.05, 'max_features': 1.0, 'max_samples': 0.5, 'n_estimators': 50, 'n_jobs': -1, 'random_state': 42} | thr=0.456841 | target_FP=0.050
[Tucker+IF] AUC=0.4355 Boot: mean:0.4352 std:0.0525, CI(0.3350–0.5398) | 
[Tucker+IF] R=(32, 32, 5) peak_rss_mb=8861.4 | peak_workingset_mb=8909.8 | peak_cuda_mb=130.0 | cpu_time_sec=1048.44
Rank: 32 32 16
[Tucker only] R=(32, 32, 16) peak_rss_mb=10467.3 | peak_workingset_mb=10470.0 | peak_cuda_mb=1194.0 | cpu_time_sec=10967.03
[Tucker+OCSVM] (VAL one-class) chose {'gamma': 0.003333333333333333, 'kernel': 'rbf', 'nu': 0.01} best_obj:(FP=1.000, P95=0.0100, mean=0.0100) Elapsed: 1173.17
[Tucker+OCSVM] Final result RANK=(32, 32, 16) AUC=0.5 | ACC=0.8 | param=({'gamma': 0.003333333333333333, 'kernel': 'rbf', 'nu': 0.01}) | aux=FP=1.000, P95=0.0100, mean=0.0100
[Tucker+OCSVM] AUC=0.5000 Boot: mean:0.5000 std:0.0000, CI(0.5000–0.5000) | 
[Tucker+OCSVM] R=(32, 32, 16) peak_rss_mb=2289.8 | peak_workingset_mb=10470.0 | peak_cuda_mb=130.0 | cpu_time_sec=1188.14
[Tucker+AE] best_param=(1, 16) best_obj=1.0 Elapsed: 219.92
[Tucker+AE] (global) Final result Rank=(32, 32, 16) AUC=0.5486 ACC=0.812
[Tucker+AE] AUC=0.5486 Boot: mean:0.5486 std:0.0469, CI(0.4549–0.6402) | 
[Tucker+AE] R=(32, 32, 16) peak_rss_mb=3462.1 | peak_workingset_mb=10470.0 | peak_cuda_mb=130.0 | cpu_time_sec=1193.05
[Tucker+IF] best_obj=0.058101 best_param: {'bootstrap': False, 'contamination': 0.05, 'max_features': 0.5, 'max_samples': 0.75, 'n_estimators': 50, 'n_jobs': -1, 'random_state': 42} Elapsed (CPU s): 1108.23
[Tucker+IF] Final result rank=(32, 32, 16) AUC=0.4346 ACC=0.668 obj=0.05810077519379844| params={'bootstrap': False, 'contamination': 0.05, 'max_features': 0.5, 'max_samples': 0.75, 'n_estimators': 50, 'n_jobs': -1, 'random_state': 42} | thr=0.402387 | target_FP=0.050
[Tucker+IF] AUC=0.4346 Boot: mean:0.4345 std:0.0500, CI(0.3387–0.5347) | 
[Tucker+IF] R=(32, 32, 16) peak_rss_mb=9337.9 | peak_workingset_mb=10470.0 | peak_cuda_mb=130.0 | cpu_time_sec=1111.08
Rank: 32 64 5
[Tucker only] R=(32, 64, 5) peak_rss_mb=8646.4 | peak_workingset_mb=10470.0 | peak_cuda_mb=151.0 | cpu_time_sec=297.73
[Tucker+OCSVM] (VAL one-class) chose {'gamma': 0.003333333333333333, 'kernel': 'rbf', 'nu': 0.01} best_obj:(FP=1.000, P95=0.0100, mean=0.0100) Elapsed: 1398.33
[Tucker+OCSVM] Final result RANK=(32, 64, 5) AUC=0.5 | ACC=0.8 | param=({'gamma': 0.003333333333333333, 'kernel': 'rbf', 'nu': 0.01}) | aux=FP=1.000, P95=0.0100, mean=0.0100
[Tucker+OCSVM] AUC=0.5000 Boot: mean:0.5000 std:0.0000, CI(0.5000–0.5000) | 
[Tucker+OCSVM] R=(32, 64, 5) peak_rss_mb=8951.5 | peak_workingset_mb=10470.0 | peak_cuda_mb=130.0 | cpu_time_sec=1422.64
[Tucker+AE] best_param=(1, 16) best_obj=1.0 Elapsed: 202.31
[Tucker+AE] (global) Final result Rank=(32, 64, 5) AUC=0.4767 ACC=0.8
[Tucker+AE] AUC=0.4767 Boot: mean:0.4757 std:0.0498, CI(0.3776–0.5728) | 
[Tucker+AE] R=(32, 64, 5) peak_rss_mb=8076.1 | peak_workingset_mb=10470.0 | peak_cuda_mb=130.0 | cpu_time_sec=1686.56
[Tucker+IF] best_obj=0.010039 best_param: {'bootstrap': True, 'contamination': 0.05, 'max_features': 1.0, 'max_samples': 1.0, 'n_estimators': 50, 'n_jobs': -1, 'random_state': 42} Elapsed (CPU s): 1246.84
[Tucker+IF] Final result rank=(32, 64, 5) AUC=0.4961 ACC=0.648 obj=0.010038759689922482| params={'bootstrap': True, 'contamination': 0.05, 'max_features': 1.0, 'max_samples': 1.0, 'n_estimators': 50, 'n_jobs': -1, 'random_state': 42} | thr=0.393466 | target_FP=0.050
[Tucker+IF] AUC=0.4961 Boot: mean:0.4966 std:0.0479, CI(0.4042–0.5931) | 
[Tucker+IF] R=(32, 64, 5) peak_rss_mb=5576.1 | peak_workingset_mb=10470.0 | peak_cuda_mb=130.0 | cpu_time_sec=1252.91
Rank: 32 64 16
[Tucker only] R=(32, 64, 16) peak_rss_mb=6263.1 | peak_workingset_mb=10470.0 | peak_cuda_mb=1162.1 | cpu_time_sec=11953.80
[Tucker+OCSVM] (VAL one-class) chose {'gamma': 0.003333333333333333, 'kernel': 'rbf', 'nu': 0.01} best_obj:(FP=1.000, P95=0.0100, mean=0.0100) Elapsed: 1244.23
[Tucker+OCSVM] Final result RANK=(32, 64, 16) AUC=0.5 | ACC=0.8 | param=({'gamma': 0.003333333333333333, 'kernel': 'rbf', 'nu': 0.01}) | aux=FP=1.000, P95=0.0100, mean=0.0100
[Tucker+OCSVM] AUC=0.5000 Boot: mean:0.5000 std:0.0000, CI(0.5000–0.5000) | 
[Tucker+OCSVM] R=(32, 64, 16) peak_rss_mb=3982.9 | peak_workingset_mb=10470.0 | peak_cuda_mb=130.0 | cpu_time_sec=1264.45
[Tucker+AE] best_param=(1, 16) best_obj=1.0 Elapsed: 139.17
[Tucker+AE] (global) Final result Rank=(32, 64, 16) AUC=0.5264 ACC=0.796
[Tucker+AE] AUC=0.5264 Boot: mean:0.5260 std:0.0495, CI(0.4303–0.6221) | 
[Tucker+AE] R=(32, 64, 16) peak_rss_mb=5198.7 | peak_workingset_mb=10470.0 | peak_cuda_mb=130.0 | cpu_time_sec=1542.39
[Tucker+IF] best_obj=0.005000 best_param: {'bootstrap': False, 'contamination': 0.05, 'max_features': 0.5, 'max_samples': 0.75, 'n_estimators': 50, 'n_jobs': -1, 'random_state': 42} Elapsed (CPU s): 1203.17
[Tucker+IF] Final result rank=(32, 64, 16) AUC=0.5375 ACC=0.624 obj=0.005| params={'bootstrap': False, 'contamination': 0.05, 'max_features': 0.5, 'max_samples': 0.75, 'n_estimators': 50, 'n_jobs': -1, 'random_state': 42} | thr=0.353920 | target_FP=0.050
[Tucker+IF] AUC=0.5375 Boot: mean:0.5368 std:0.0434, CI(0.4509–0.6219) | 
[Tucker+IF] R=(32, 64, 16) peak_rss_mb=5641.8 | peak_workingset_mb=10470.0 | peak_cuda_mb=130.0 | cpu_time_sec=1209.12
Rank: 64 5 5
[Tucker only] R=(64, 5, 5) peak_rss_mb=5266.6 | peak_workingset_mb=10470.0 | peak_cuda_mb=151.5 | cpu_time_sec=193.09
[Tucker+OCSVM] (VAL one-class) chose {'gamma': 6.25e-05, 'kernel': 'rbf', 'nu': 0.01} best_obj:(FP=0.428, P95=14.0863, mean=1.9090) Elapsed: 100.3
[Tucker+OCSVM] Final result RANK=(64, 5, 5) AUC=0.4055 | ACC=0.8 | param=({'gamma': 6.25e-05, 'kernel': 'rbf', 'nu': 0.01}) | aux=FP=0.428, P95=14.0863, mean=1.9090
[Tucker+OCSVM] AUC=0.4055 Boot: mean:0.4061 std:0.0375, CI(0.3340–0.4823) | 
[Tucker+OCSVM] R=(64, 5, 5) peak_rss_mb=4904.5 | peak_workingset_mb=10470.0 | peak_cuda_mb=130.0 | cpu_time_sec=103.69
[Tucker+AE] best_param=(2, 16) best_obj=0.4313953488372093 Elapsed: 60.72
[Tucker+AE] (global) Final result Rank=(64, 5, 5) AUC=0.4055 ACC=0.8
[Tucker+AE] AUC=0.4055 Boot: mean:0.4061 std:0.0375, CI(0.3339–0.4818) | 
[Tucker+AE] R=(64, 5, 5) peak_rss_mb=8876.4 | peak_workingset_mb=10470.0 | peak_cuda_mb=130.0 | cpu_time_sec=1525.72
[Tucker+IF] best_obj=0.345310 best_param: {'bootstrap': True, 'contamination': 0.05, 'max_features': 1.0, 'max_samples': 0.5, 'n_estimators': 50, 'n_jobs': -1, 'random_state': 42} Elapsed (CPU s): 757.31
[Tucker+IF] Final result rank=(64, 5, 5) AUC=0.4007 ACC=0.752 obj=0.34531007751937987| params={'bootstrap': True, 'contamination': 0.05, 'max_features': 1.0, 'max_samples': 0.5, 'n_estimators': 50, 'n_jobs': -1, 'random_state': 42} | thr=0.580014 | target_FP=0.050
[Tucker+IF] AUC=0.4007 Boot: mean:0.4011 std:0.0387, CI(0.3289–0.4778) | 
[Tucker+IF] R=(64, 5, 5) peak_rss_mb=5750.2 | peak_workingset_mb=10470.0 | peak_cuda_mb=130.0 | cpu_time_sec=761.83
Rank: 64 5 16
[Tucker only] R=(64, 5, 16) peak_rss_mb=6277.4 | peak_workingset_mb=10470.0 | peak_cuda_mb=1193.4 | cpu_time_sec=9796.64
[Tucker+OCSVM] (VAL one-class) chose {'gamma': 5.208333333333334e-05, 'kernel': 'rbf', 'nu': 0.01} best_obj:(FP=0.988, P95=8.5455, mean=4.4129) Elapsed: 116.38
[Tucker+OCSVM] Final result RANK=(64, 5, 16) AUC=0.5563 | ACC=0.824 | param=({'gamma': 5.208333333333334e-05, 'kernel': 'rbf', 'nu': 0.01}) | aux=FP=0.988, P95=8.5455, mean=4.4129
[Tucker+OCSVM] AUC=0.5563 Boot: mean:0.5545 std:0.0462, CI(0.4630–0.6440) | 
[Tucker+OCSVM] R=(64, 5, 16) peak_rss_mb=1059.7 | peak_workingset_mb=10470.0 | peak_cuda_mb=130.0 | cpu_time_sec=120.69
[Tucker+AE] best_param=(1, 16) best_obj=0.9856589147286821 Elapsed: 75.83
[Tucker+AE] (global) Final result Rank=(64, 5, 16) AUC=0.5559 ACC=0.824
[Tucker+AE] AUC=0.5559 Boot: mean:0.5541 std:0.0462, CI(0.4628–0.6432) | 
[Tucker+AE] R=(64, 5, 16) peak_rss_mb=2029.2 | peak_workingset_mb=10470.0 | peak_cuda_mb=130.0 | cpu_time_sec=857.75
[Tucker+IF] best_obj=0.808101 best_param: {'bootstrap': True, 'contamination': 0.05, 'max_features': 0.75, 'max_samples': 0.5, 'n_estimators': 50, 'n_jobs': -1, 'random_state': 42} Elapsed (CPU s): 827.75
[Tucker+IF] Final result rank=(64, 5, 16) AUC=0.5101 ACC=0.804 obj=0.8081007751937985| params={'bootstrap': True, 'contamination': 0.05, 'max_features': 0.75, 'max_samples': 0.5, 'n_estimators': 50, 'n_jobs': -1, 'random_state': 42} | thr=0.548350 | target_FP=0.050
[Tucker+IF] AUC=0.5101 Boot: mean:0.5083 std:0.0477, CI(0.4143–0.6024) | 
[Tucker+IF] R=(64, 5, 16) peak_rss_mb=2435.2 | peak_workingset_mb=10470.0 | peak_cuda_mb=130.0 | cpu_time_sec=831.36
Rank: 64 16 5
[Tucker only] R=(64, 16, 5) peak_rss_mb=2558.5 | peak_workingset_mb=10470.0 | peak_cuda_mb=151.5 | cpu_time_sec=266.62
[Tucker+OCSVM] (VAL one-class) chose {'gamma': 0.003333333333333333, 'kernel': 'rbf', 'nu': 0.01} best_obj:(FP=1.000, P95=0.0100, mean=0.0100) Elapsed: 780.88
[Tucker+OCSVM] Final result RANK=(64, 16, 5) AUC=0.5 | ACC=0.8 | param=({'gamma': 0.003333333333333333, 'kernel': 'rbf', 'nu': 0.01}) | aux=FP=1.000, P95=0.0100, mean=0.0100
[Tucker+OCSVM] AUC=0.5000 Boot: mean:0.5000 std:0.0000, CI(0.5000–0.5000) | 
[Tucker+OCSVM] R=(64, 16, 5) peak_rss_mb=2858.6 | peak_workingset_mb=10470.0 | peak_cuda_mb=130.0 | cpu_time_sec=787.53
[Tucker+AE] best_param=(1, 16) best_obj=1.0 Elapsed: 133.67
[Tucker+AE] (global) Final result Rank=(64, 16, 5) AUC=0.5156 ACC=0.796
[Tucker+AE] AUC=0.5156 Boot: mean:0.5163 std:0.0420, CI(0.4343–0.6003) | 
[Tucker+AE] R=(64, 16, 5) peak_rss_mb=3865.2 | peak_workingset_mb=10470.0 | peak_cuda_mb=130.0 | cpu_time_sec=1157.05
[Tucker+IF] best_obj=0.246860 best_param: {'bootstrap': True, 'contamination': 0.05, 'max_features': 1.0, 'max_samples': 1.0, 'n_estimators': 50, 'n_jobs': -1, 'random_state': 42} Elapsed (CPU s): 1059.06
[Tucker+IF] Final result rank=(64, 16, 5) AUC=0.5656 ACC=0.596 obj=0.24686046511627904| params={'bootstrap': True, 'contamination': 0.05, 'max_features': 1.0, 'max_samples': 1.0, 'n_estimators': 50, 'n_jobs': -1, 'random_state': 42} | thr=0.459625 | target_FP=0.050
[Tucker+IF] AUC=0.5656 Boot: mean:0.5650 std:0.0440, CI(0.4805–0.6493) | 
[Tucker+IF] R=(64, 16, 5) peak_rss_mb=4525.2 | peak_workingset_mb=10470.0 | peak_cuda_mb=130.0 | cpu_time_sec=1059.56
Rank: 64 16 16
[Tucker only] R=(64, 16, 16) peak_rss_mb=7412.8 | peak_workingset_mb=10470.0 | peak_cuda_mb=1193.7 | cpu_time_sec=10999.58
[Tucker+OCSVM] (VAL one-class) chose {'gamma': 0.003333333333333333, 'kernel': 'rbf', 'nu': 0.01} best_obj:(FP=1.000, P95=0.0100, mean=0.0100) Elapsed: 1251.62
[Tucker+OCSVM] Final result RANK=(64, 16, 16) AUC=0.5 | ACC=0.8 | param=({'gamma': 0.003333333333333333, 'kernel': 'rbf', 'nu': 0.01}) | aux=FP=1.000, P95=0.0100, mean=0.0100
[Tucker+OCSVM] AUC=0.5000 Boot: mean:0.5000 std:0.0000, CI(0.5000–0.5000) | 
[Tucker+OCSVM] R=(64, 16, 16) peak_rss_mb=4747.8 | peak_workingset_mb=10470.0 | peak_cuda_mb=130.0 | cpu_time_sec=1268.64
[Tucker+AE] best_param=(1, 16) best_obj=1.0 Elapsed: 93.23
[Tucker+AE] (global) Final result Rank=(64, 16, 16) AUC=0.5825 ACC=0.796
[Tucker+AE] AUC=0.5825 Boot: mean:0.5811 std:0.0439, CI(0.4972–0.6676) | 
[Tucker+AE] R=(64, 16, 16) peak_rss_mb=5675.5 | peak_workingset_mb=10470.0 | peak_cuda_mb=130.0 | cpu_time_sec=1109.50
[Tucker+IF] best_obj=0.040659 best_param: {'bootstrap': True, 'contamination': 0.05, 'max_features': 1.0, 'max_samples': 0.5, 'n_estimators': 50, 'n_jobs': -1, 'random_state': 42} Elapsed (CPU s): 1106.53
[Tucker+IF] Final result rank=(64, 16, 16) AUC=0.6009 ACC=0.604 obj=0.04065891472868216| params={'bootstrap': True, 'contamination': 0.05, 'max_features': 1.0, 'max_samples': 0.5, 'n_estimators': 50, 'n_jobs': -1, 'random_state': 42} | thr=0.418524 | target_FP=0.050
[Tucker+IF] AUC=0.6009 Boot: mean:0.6011 std:0.0439, CI(0.5123–0.6855) | 
[Tucker+IF] R=(64, 16, 16) peak_rss_mb=6174.2 | peak_workingset_mb=10470.0 | peak_cuda_mb=130.0 | cpu_time_sec=1108.45
Rank: 64 32 5
[Tucker only] R=(64, 32, 5) peak_rss_mb=6280.1 | peak_workingset_mb=10470.0 | peak_cuda_mb=151.7 | cpu_time_sec=291.95
[Tucker+OCSVM] (VAL one-class) chose {'gamma': 0.003333333333333333, 'kernel': 'rbf', 'nu': 0.01} best_obj:(FP=1.000, P95=0.0100, mean=0.0100) Elapsed: 3806.31
[Tucker+OCSVM] Final result RANK=(64, 32, 5) AUC=0.5 | ACC=0.8 | param=({'gamma': 0.003333333333333333, 'kernel': 'rbf', 'nu': 0.01}) | aux=FP=1.000, P95=0.0100, mean=0.0100
[Tucker+OCSVM] AUC=0.5000 Boot: mean:0.5000 std:0.0000, CI(0.5000–0.5000) | 
[Tucker+OCSVM] R=(64, 32, 5) peak_rss_mb=10646.0 | peak_workingset_mb=11484.0 | peak_cuda_mb=130.0 | cpu_time_sec=3881.23
[Tucker+AE] best_param=(1, 16) best_obj=1.0 Elapsed: 182.33
[Tucker+AE] (global) Final result Rank=(64, 32, 5) AUC=0.5543 ACC=0.808
[Tucker+AE] AUC=0.5543 Boot: mean:0.5547 std:0.0464, CI(0.4631–0.6468) | 
[Tucker+AE] R=(64, 32, 5) peak_rss_mb=10626.2 | peak_workingset_mb=11484.0 | peak_cuda_mb=130.0 | cpu_time_sec=1866.70
[Tucker+IF] best_obj=0.005775 best_param: {'bootstrap': False, 'contamination': 0.05, 'max_features': 1.0, 'max_samples': 0.75, 'n_estimators': 50, 'n_jobs': -1, 'random_state': 42} Elapsed (CPU s): 1297.56
[Tucker+IF] Final result rank=(64, 32, 5) AUC=0.4886 ACC=0.604 obj=0.0057751937984496125| params={'bootstrap': False, 'contamination': 0.05, 'max_features': 1.0, 'max_samples': 0.75, 'n_estimators': 50, 'n_jobs': -1, 'random_state': 42} | thr=0.364636 | target_FP=0.050
[Tucker+IF] AUC=0.4886 Boot: mean:0.4891 std:0.0467, CI(0.4000–0.5803) | 
[Tucker+IF] R=(64, 32, 5) peak_rss_mb=10305.8 | peak_workingset_mb=11484.0 | peak_cuda_mb=130.0 | cpu_time_sec=1308.14
Rank: 64 32 16
[Tucker only] R=(64, 32, 16) peak_rss_mb=11033.8 | peak_workingset_mb=11484.0 | peak_cuda_mb=1194.2 | cpu_time_sec=11589.55
[Tucker+OCSVM] (VAL one-class) chose {'gamma': 0.003333333333333333, 'kernel': 'rbf', 'nu': 0.01} best_obj:(FP=1.000, P95=0.0100, mean=0.0100) Elapsed: 1834.12
[Tucker+OCSVM] Final result RANK=(64, 32, 16) AUC=0.5 | ACC=0.8 | param=({'gamma': 0.003333333333333333, 'kernel': 'rbf', 'nu': 0.01}) | aux=FP=1.000, P95=0.0100, mean=0.0100
[Tucker+OCSVM] AUC=0.5000 Boot: mean:0.5000 std:0.0000, CI(0.5000–0.5000) | 
[Tucker+OCSVM] R=(64, 32, 16) peak_rss_mb=9053.8 | peak_workingset_mb=11484.0 | peak_cuda_mb=130.0 | cpu_time_sec=1868.77
[Tucker+AE] best_param=(1, 16) best_obj=1.0 Elapsed: 172.72
[Tucker+AE] (global) Final result Rank=(64, 32, 16) AUC=0.5346 ACC=0.796
[Tucker+AE] AUC=0.5346 Boot: mean:0.5358 std:0.0467, CI(0.4448–0.6277) | 
[Tucker+AE] R=(64, 32, 16) peak_rss_mb=10427.6 | peak_workingset_mb=11484.0 | peak_cuda_mb=130.0 | cpu_time_sec=1721.66
[Tucker+IF] best_obj=0.005000 best_param: {'bootstrap': False, 'contamination': 0.05, 'max_features': 0.5, 'max_samples': 0.5, 'n_estimators': 50, 'n_jobs': -1, 'random_state': 42} Elapsed (CPU s): 1246.92
[Tucker+IF] Final result rank=(64, 32, 16) AUC=0.4835 ACC=0.656 obj=0.005| params={'bootstrap': False, 'contamination': 0.05, 'max_features': 0.5, 'max_samples': 0.5, 'n_estimators': 50, 'n_jobs': -1, 'random_state': 42} | thr=0.359655 | target_FP=0.050
[Tucker+IF] AUC=0.4835 Boot: mean:0.4830 std:0.0471, CI(0.3890–0.5748) | 
[Tucker+IF] R=(64, 32, 16) peak_rss_mb=11005.5 | peak_workingset_mb=11484.0 | peak_cuda_mb=130.0 | cpu_time_sec=1256.48
Rank: 64 64 5
[Tucker only] R=(64, 64, 5) peak_rss_mb=11582.1 | peak_workingset_mb=11835.1 | peak_cuda_mb=153.0 | cpu_time_sec=377.48
[Tucker+OCSVM] (VAL one-class) chose {'gamma': 0.003333333333333333, 'kernel': 'rbf', 'nu': 0.01} best_obj:(FP=1.000, P95=0.0100, mean=0.0100) Elapsed: 2330.34
[Tucker+OCSVM] Final result RANK=(64, 64, 5) AUC=0.5 | ACC=0.8 | param=({'gamma': 0.003333333333333333, 'kernel': 'rbf', 'nu': 0.01}) | aux=FP=1.000, P95=0.0100, mean=0.0100
[Tucker+OCSVM] AUC=0.5000 Boot: mean:0.5000 std:0.0000, CI(0.5000–0.5000) | 
[Tucker+OCSVM] R=(64, 64, 5) peak_rss_mb=11646.1 | peak_workingset_mb=12014.3 | peak_cuda_mb=130.0 | cpu_time_sec=2402.88
[Tucker+AE] best_param=(1, 16) best_obj=1.0 Elapsed: 233.2
[Tucker+AE] (global) Final result Rank=(64, 64, 5) AUC=0.4305 ACC=0.804
[Tucker+AE] AUC=0.4305 Boot: mean:0.4304 std:0.0435, CI(0.3438–0.5165) | 
[Tucker+AE] R=(64, 64, 5) peak_rss_mb=11293.7 | peak_workingset_mb=12014.3 | peak_cuda_mb=130.0 | cpu_time_sec=1907.95
[Tucker+IF] best_obj=0.006163 best_param: {'bootstrap': True, 'contamination': 0.05, 'max_features': 0.75, 'max_samples': 0.75, 'n_estimators': 50, 'n_jobs': -1, 'random_state': 42} Elapsed (CPU s): 1321.12
[Tucker+IF] Final result rank=(64, 64, 5) AUC=0.499 ACC=0.648 obj=0.006162790697674419| params={'bootstrap': True, 'contamination': 0.05, 'max_features': 0.75, 'max_samples': 0.75, 'n_estimators': 50, 'n_jobs': -1, 'random_state': 42} | thr=0.356945 | target_FP=0.050
[Tucker+IF] AUC=0.4990 Boot: mean:0.4998 std:0.0487, CI(0.4037–0.5989) | 
[Tucker+IF] R=(64, 64, 5) peak_rss_mb=9581.9 | peak_workingset_mb=12014.3 | peak_cuda_mb=130.0 | cpu_time_sec=1331.92
Rank: 64 64 16
[Tucker only] R=(64, 64, 16) peak_rss_mb=11016.0 | peak_workingset_mb=12014.3 | peak_cuda_mb=1195.0 | cpu_time_sec=18890.52
[Tucker+OCSVM] (VAL one-class) chose {'gamma': 0.003333333333333333, 'kernel': 'rbf', 'nu': 0.01} best_obj:(FP=1.000, P95=0.0100, mean=0.0100) Elapsed: 2571.77
[Tucker+OCSVM] Final result RANK=(64, 64, 16) AUC=0.5 | ACC=0.8 | param=({'gamma': 0.003333333333333333, 'kernel': 'rbf', 'nu': 0.01}) | aux=FP=1.000, P95=0.0100, mean=0.0100
[Tucker+OCSVM] AUC=0.5000 Boot: mean:0.5000 std:0.0000, CI(0.5000–0.5000) | 
[Tucker+OCSVM] R=(64, 64, 16) peak_rss_mb=3988.5 | peak_workingset_mb=12014.3 | peak_cuda_mb=130.0 | cpu_time_sec=2619.12
[Tucker+AE] best_param=(1, 16) best_obj=1.0 Elapsed: 180.41
[Tucker+AE] (global) Final result Rank=(64, 64, 16) AUC=0.5283 ACC=0.8
[Tucker+AE] AUC=0.5283 Boot: mean:0.5290 std:0.0456, CI(0.4413–0.6187) | 
[Tucker+AE] R=(64, 64, 16) peak_rss_mb=5544.2 | peak_workingset_mb=12014.3 | peak_cuda_mb=130.0 | cpu_time_sec=1728.00
[Tucker+IF] best_obj=0.005000 best_param: {'bootstrap': False, 'contamination': 0.05, 'max_features': 0.75, 'max_samples': 0.75, 'n_estimators': 50, 'n_jobs': -1, 'random_state': 42} Elapsed (CPU s): 1299.22
[Tucker+IF] Final result rank=(64, 64, 16) AUC=0.516 ACC=0.708 obj=0.005| params={'bootstrap': False, 'contamination': 0.05, 'max_features': 0.75, 'max_samples': 0.75, 'n_estimators': 50, 'n_jobs': -1, 'random_state': 42} | thr=0.338667 | target_FP=0.050
[Tucker+IF] AUC=0.5160 Boot: mean:0.5163 std:0.0495, CI(0.4221–0.6117) | 
[Tucker+IF] R=(64, 64, 16) peak_rss_mb=6162.7 | peak_workingset_mb=12014.3 | peak_cuda_mb=130.0 | cpu_time_sec=1309.52
