Split seed: 5
[TRAIN] N=1000, NaNs=False, Infs=False
[TRAIN] min=-4.191012, max=5.345349
[VAL] N=301, NaNs=False, Infs=False
[VAL] min=-4.163506, max=5.928876
[FINAL] N=250, NaNs=False, Infs=False
[FINAL] min=-3.998470, max=7.241811
Rank: 5 5 5
[Tucker only] R=(5, 5, 5) peak_rss_mb=1846.6 | peak_workingset_mb=9323.5 | peak_cuda_mb=149.9 | cpu_time_sec=60.30
[Tucker+OCSVM] (VAL one-class) chose {'gamma': 0.0008, 'kernel': 'rbf', 'nu': 0.01} best_obj:(FP=0.249, P95=2.1463, mean=-0.4204) Elapsed: 1.33
[Tucker+OCSVM] Final result RANK=(5, 5, 5) AUC=0.6749 | ACC=0.812 | param=({'gamma': 0.0008, 'kernel': 'rbf', 'nu': 0.01}) | aux=FP=0.249, P95=2.1463, mean=-0.4204
[Tucker+OCSVM] AUC=0.6749 Boot: mean:0.6742 std:0.0431, CI(0.5883–0.7539) | 
[Tucker+OCSVM] R=(5, 5, 5) peak_rss_mb=1458.9 | peak_workingset_mb=9323.5 | peak_cuda_mb=130.0 | cpu_time_sec=6.61
[Tucker+AE] best_param=(2, 16) best_obj=0.2862679955703211 Elapsed: 13.97
[Tucker+AE] (global) Final result Rank=(5, 5, 5) AUC=0.6743 ACC=0.812
[Tucker+AE] AUC=0.6743 Boot: mean:0.6737 std:0.0427, CI(0.5909–0.7528) | 
[Tucker+AE] R=(5, 5, 5) peak_rss_mb=1637.1 | peak_workingset_mb=9323.5 | peak_cuda_mb=130.0 | cpu_time_sec=140.06
[Tucker+IF] best_obj=0.208765 best_param: {'bootstrap': True, 'contamination': 0.05, 'max_features': 0.75, 'max_samples': 0.5, 'n_estimators': 50, 'n_jobs': -1, 'random_state': 42} Elapsed (CPU s): 204.02
[Tucker+IF] Final result rank=(5, 5, 5) AUC=0.6619 ACC=0.8 obj=0.20876522702104097| params={'bootstrap': True, 'contamination': 0.05, 'max_features': 0.75, 'max_samples': 0.5, 'n_estimators': 50, 'n_jobs': -1, 'random_state': 42} | thr=0.592718 | target_FP=0.050
[Tucker+IF] AUC=0.6619 Boot: mean:0.6611 std:0.0436, CI(0.5742–0.7446) | 
[Tucker+IF] R=(5, 5, 5) peak_rss_mb=1668.1 | peak_workingset_mb=9323.5 | peak_cuda_mb=130.0 | cpu_time_sec=207.89
Rank: 5 5 16
[Tucker only] R=(5, 5, 16) peak_rss_mb=3813.2 | peak_workingset_mb=9323.5 | peak_cuda_mb=339.0 | cpu_time_sec=4212.17
[Tucker+OCSVM] (VAL one-class) chose {'gamma': 0.0006666666666666668, 'kernel': 'rbf', 'nu': 0.01} best_obj:(FP=0.262, P95=2.0651, mean=-0.3328) Elapsed: 1.39
[Tucker+OCSVM] Final result RANK=(5, 5, 16) AUC=0.6553 | ACC=0.808 | param=({'gamma': 0.0006666666666666668, 'kernel': 'rbf', 'nu': 0.01}) | aux=FP=0.262, P95=2.0651, mean=-0.3328
[Tucker+OCSVM] AUC=0.6553 Boot: mean:0.6545 std:0.0437, CI(0.5673–0.7372) | 
[Tucker+OCSVM] R=(5, 5, 16) peak_rss_mb=411.3 | peak_workingset_mb=9323.5 | peak_cuda_mb=130.0 | cpu_time_sec=5.77
[Tucker+AE] best_param=(2, 16) best_obj=0.30564784053156147 Elapsed: 8.08
[Tucker+AE] (global) Final result Rank=(5, 5, 16) AUC=0.6534 ACC=0.808
[Tucker+AE] AUC=0.6534 Boot: mean:0.6526 std:0.0435, CI(0.5673–0.7358) | 
[Tucker+AE] R=(5, 5, 16) peak_rss_mb=769.2 | peak_workingset_mb=9323.5 | peak_cuda_mb=130.0 | cpu_time_sec=117.78
[Tucker+IF] best_obj=0.210980 best_param: {'bootstrap': False, 'contamination': 0.05, 'max_features': 0.75, 'max_samples': 0.5, 'n_estimators': 50, 'n_jobs': -1, 'random_state': 42} Elapsed (CPU s): 173.12
[Tucker+IF] Final result rank=(5, 5, 16) AUC=0.6486 ACC=0.804 obj=0.21098006644518275| params={'bootstrap': False, 'contamination': 0.05, 'max_features': 0.75, 'max_samples': 0.5, 'n_estimators': 50, 'n_jobs': -1, 'random_state': 42} | thr=0.573312 | target_FP=0.050
[Tucker+IF] AUC=0.6486 Boot: mean:0.6479 std:0.0444, CI(0.5607–0.7315) | 
[Tucker+IF] R=(5, 5, 16) peak_rss_mb=827.9 | peak_workingset_mb=9323.5 | peak_cuda_mb=130.0 | cpu_time_sec=176.72
Rank: 5 16 5
[Tucker only] R=(5, 16, 5) peak_rss_mb=854.1 | peak_workingset_mb=9323.5 | peak_cuda_mb=149.8 | cpu_time_sec=67.97
[Tucker+OCSVM] (VAL one-class) chose {'gamma': 0.00025, 'kernel': 'rbf', 'nu': 0.01} best_obj:(FP=0.635, P95=2.7415, mean=0.4989) Elapsed: 2.5
[Tucker+OCSVM] Final result RANK=(5, 16, 5) AUC=0.5883 | ACC=0.804 | param=({'gamma': 0.00025, 'kernel': 'rbf', 'nu': 0.01}) | aux=FP=0.635, P95=2.7415, mean=0.4989
[Tucker+OCSVM] AUC=0.5883 Boot: mean:0.5882 std:0.0485, CI(0.4907–0.6815) | 
[Tucker+OCSVM] R=(5, 16, 5) peak_rss_mb=861.1 | peak_workingset_mb=9323.5 | peak_cuda_mb=130.0 | cpu_time_sec=5.73
[Tucker+AE] best_param=(3, 16) best_obj=0.6140642303433 Elapsed: 11.86
[Tucker+AE] (global) Final result Rank=(5, 16, 5) AUC=0.5884 ACC=0.804
[Tucker+AE] AUC=0.5884 Boot: mean:0.5883 std:0.0487, CI(0.4914–0.6812) | 
[Tucker+AE] R=(5, 16, 5) peak_rss_mb=1104.8 | peak_workingset_mb=9323.5 | peak_cuda_mb=130.0 | cpu_time_sec=121.20
[Tucker+IF] best_obj=0.374324 best_param: {'bootstrap': False, 'contamination': 0.05, 'max_features': 1.0, 'max_samples': 0.5, 'n_estimators': 50, 'n_jobs': -1, 'random_state': 42} Elapsed (CPU s): 178.14
[Tucker+IF] Final result rank=(5, 16, 5) AUC=0.5497 ACC=0.792 obj=0.3743244739756368| params={'bootstrap': False, 'contamination': 0.05, 'max_features': 1.0, 'max_samples': 0.5, 'n_estimators': 50, 'n_jobs': -1, 'random_state': 42} | thr=0.551877 | target_FP=0.050
[Tucker+IF] AUC=0.5497 Boot: mean:0.5498 std:0.0467, CI(0.4578–0.6386) | 
[Tucker+IF] R=(5, 16, 5) peak_rss_mb=1161.0 | peak_workingset_mb=9323.5 | peak_cuda_mb=130.0 | cpu_time_sec=181.33
Rank: 5 16 16
[Tucker only] R=(5, 16, 16) peak_rss_mb=4321.6 | peak_workingset_mb=9323.5 | peak_cuda_mb=345.6 | cpu_time_sec=4236.80
[Tucker+OCSVM] (VAL one-class) chose {'gamma': 0.00020833333333333335, 'kernel': 'rbf', 'nu': 0.01} best_obj:(FP=0.734, P95=2.9911, mean=0.8196) Elapsed: 2.83
[Tucker+OCSVM] Final result RANK=(5, 16, 16) AUC=0.5674 | ACC=0.804 | param=({'gamma': 0.00020833333333333335, 'kernel': 'rbf', 'nu': 0.01}) | aux=FP=0.734, P95=2.9911, mean=0.8196
[Tucker+OCSVM] AUC=0.5674 Boot: mean:0.5671 std:0.0483, CI(0.4726–0.6596) | 
[Tucker+OCSVM] R=(5, 16, 16) peak_rss_mb=1206.4 | peak_workingset_mb=9323.5 | peak_cuda_mb=130.0 | cpu_time_sec=5.67
[Tucker+AE] best_param=(3, 16) best_obj=0.7231450719822812 Elapsed: 22.97
[Tucker+AE] (global) Final result Rank=(5, 16, 16) AUC=0.5664 ACC=0.804
[Tucker+AE] AUC=0.5664 Boot: mean:0.5661 std:0.0487, CI(0.4679–0.6598) | 
[Tucker+AE] R=(5, 16, 16) peak_rss_mb=1513.0 | peak_workingset_mb=9323.5 | peak_cuda_mb=130.0 | cpu_time_sec=129.12
[Tucker+IF] best_obj=0.426373 best_param: {'bootstrap': True, 'contamination': 0.05, 'max_features': 1.0, 'max_samples': 0.5, 'n_estimators': 50, 'n_jobs': -1, 'random_state': 42} Elapsed (CPU s): 356.08
[Tucker+IF] Final result rank=(5, 16, 16) AUC=0.5246 ACC=0.788 obj=0.42637320044296784| params={'bootstrap': True, 'contamination': 0.05, 'max_features': 1.0, 'max_samples': 0.5, 'n_estimators': 50, 'n_jobs': -1, 'random_state': 42} | thr=0.548588 | target_FP=0.050
[Tucker+IF] AUC=0.5246 Boot: mean:0.5244 std:0.0459, CI(0.4313–0.6114) | 
[Tucker+IF] R=(5, 16, 16) peak_rss_mb=1597.6 | peak_workingset_mb=9323.5 | peak_cuda_mb=130.0 | cpu_time_sec=367.83
Rank: 5 32 5
[Tucker only] R=(5, 32, 5) peak_rss_mb=1610.3 | peak_workingset_mb=9323.5 | peak_cuda_mb=149.5 | cpu_time_sec=193.44
[Tucker+OCSVM] (VAL one-class) chose {'gamma': 0.000375, 'kernel': 'rbf', 'nu': 0.01} best_obj:(FP=0.997, P95=4.8852, mean=3.8885) Elapsed: 62.06
[Tucker+OCSVM] Final result RANK=(5, 32, 5) AUC=0.3704 | ACC=0.8 | param=({'gamma': 0.000375, 'kernel': 'rbf', 'nu': 0.01}) | aux=FP=0.997, P95=4.8852, mean=3.8885
[Tucker+OCSVM] AUC=0.3704 Boot: mean:0.3714 std:0.0408, CI(0.2901–0.4534) | 
[Tucker+OCSVM] R=(5, 32, 5) peak_rss_mb=1631.1 | peak_workingset_mb=9323.5 | peak_cuda_mb=130.0 | cpu_time_sec=73.92
[Tucker+AE] best_param=(1, 16) best_obj=0.9966777408637874 Elapsed: 35.06
[Tucker+AE] (global) Final result Rank=(5, 32, 5) AUC=0.3701 ACC=0.8
[Tucker+AE] AUC=0.3701 Boot: mean:0.3711 std:0.0408, CI(0.2904–0.4527) | 
[Tucker+AE] R=(5, 32, 5) peak_rss_mb=1938.9 | peak_workingset_mb=9323.5 | peak_cuda_mb=130.0 | cpu_time_sec=471.52
[Tucker+IF] best_obj=0.916406 best_param: {'bootstrap': True, 'contamination': 0.05, 'max_features': 1.0, 'max_samples': 0.75, 'n_estimators': 50, 'n_jobs': -1, 'random_state': 42} Elapsed (CPU s): 309.5
[Tucker+IF] Final result rank=(5, 32, 5) AUC=0.4606 ACC=0.688 obj=0.9164064230343301| params={'bootstrap': True, 'contamination': 0.05, 'max_features': 1.0, 'max_samples': 0.75, 'n_estimators': 50, 'n_jobs': -1, 'random_state': 42} | thr=0.577174 | target_FP=0.050
[Tucker+IF] AUC=0.4606 Boot: mean:0.4612 std:0.0443, CI(0.3746–0.5478) | 
[Tucker+IF] R=(5, 32, 5) peak_rss_mb=2018.0 | peak_workingset_mb=9323.5 | peak_cuda_mb=130.0 | cpu_time_sec=311.78
Rank: 5 32 16
[Tucker only] R=(5, 32, 16) peak_rss_mb=5305.2 | peak_workingset_mb=9323.5 | peak_cuda_mb=345.7 | cpu_time_sec=4171.31
[Tucker+OCSVM] (VAL one-class) chose {'gamma': 0.010416666666666666, 'kernel': 'rbf', 'nu': 0.01} best_obj:(FP=1.000, P95=0.0100, mean=0.0100) Elapsed: 15.22
[Tucker+OCSVM] Final result RANK=(5, 32, 16) AUC=0.5 | ACC=0.8 | param=({'gamma': 0.010416666666666666, 'kernel': 'rbf', 'nu': 0.01}) | aux=FP=1.000, P95=0.0100, mean=0.0100
[Tucker+OCSVM] AUC=0.5000 Boot: mean:0.5000 std:0.0000, CI(0.5000–0.5000) | 
[Tucker+OCSVM] R=(5, 32, 16) peak_rss_mb=2072.7 | peak_workingset_mb=9323.5 | peak_cuda_mb=130.0 | cpu_time_sec=17.27
[Tucker+AE] best_param=(1, 16) best_obj=1.0 Elapsed: 10.5
[Tucker+AE] (global) Final result Rank=(5, 32, 16) AUC=0.5478 ACC=0.8
[Tucker+AE] AUC=0.5478 Boot: mean:0.5477 std:0.0524, CI(0.4458–0.6464) | 
[Tucker+AE] R=(5, 32, 16) peak_rss_mb=7981.4 | peak_workingset_mb=9323.5 | peak_cuda_mb=130.0 | cpu_time_sec=423.39
[Tucker+IF] best_obj=0.993926 best_param: {'bootstrap': False, 'contamination': 0.05, 'max_features': 1.0, 'max_samples': 0.5, 'n_estimators': 50, 'n_jobs': -1, 'random_state': 42} Elapsed (CPU s): 361.83
[Tucker+IF] Final result rank=(5, 32, 16) AUC=0.4976 ACC=0.752 obj=0.9939258028792912| params={'bootstrap': False, 'contamination': 0.05, 'max_features': 1.0, 'max_samples': 0.5, 'n_estimators': 50, 'n_jobs': -1, 'random_state': 42} | thr=0.574134 | target_FP=0.050
[Tucker+IF] AUC=0.4976 Boot: mean:0.4969 std:0.0442, CI(0.4108–0.5821) | 
[Tucker+IF] R=(5, 32, 16) peak_rss_mb=8047.1 | peak_workingset_mb=9323.5 | peak_cuda_mb=130.0 | cpu_time_sec=371.72
Rank: 5 64 5
[Tucker only] R=(5, 64, 5) peak_rss_mb=8184.5 | peak_workingset_mb=9323.5 | peak_cuda_mb=150.4 | cpu_time_sec=93.69
[Tucker+OCSVM] (VAL one-class) chose {'gamma': 0.01, 'kernel': 'rbf', 'nu': 0.01} best_obj:(FP=1.000, P95=0.0100, mean=0.0100) Elapsed: 26.2
[Tucker+OCSVM] Final result RANK=(5, 64, 5) AUC=0.5 | ACC=0.8 | param=({'gamma': 0.01, 'kernel': 'rbf', 'nu': 0.01}) | aux=FP=1.000, P95=0.0100, mean=0.0100
[Tucker+OCSVM] AUC=0.5000 Boot: mean:0.5000 std:0.0000, CI(0.5000–0.5000) | 
[Tucker+OCSVM] R=(5, 64, 5) peak_rss_mb=8079.1 | peak_workingset_mb=9323.5 | peak_cuda_mb=130.0 | cpu_time_sec=35.66
[Tucker+AE] best_param=(1, 16) best_obj=1.0 Elapsed: 13.42
[Tucker+AE] (global) Final result Rank=(5, 64, 5) AUC=0.4914 ACC=0.796
[Tucker+AE] AUC=0.4914 Boot: mean:0.4918 std:0.0435, CI(0.4084–0.5765) | 
[Tucker+AE] R=(5, 64, 5) peak_rss_mb=8143.8 | peak_workingset_mb=9323.5 | peak_cuda_mb=130.0 | cpu_time_sec=495.83
[Tucker+IF] best_obj=0.748079 best_param: {'bootstrap': True, 'contamination': 0.05, 'max_features': 0.5, 'max_samples': 0.75, 'n_estimators': 50, 'n_jobs': -1, 'random_state': 42} Elapsed (CPU s): 413.59
[Tucker+IF] Final result rank=(5, 64, 5) AUC=0.3662 ACC=0.636 obj=0.748078626799557| params={'bootstrap': True, 'contamination': 0.05, 'max_features': 0.5, 'max_samples': 0.75, 'n_estimators': 50, 'n_jobs': -1, 'random_state': 42} | thr=0.553622 | target_FP=0.050
[Tucker+IF] AUC=0.3662 Boot: mean:0.3668 std:0.0393, CI(0.2904–0.4472) | 
[Tucker+IF] R=(5, 64, 5) peak_rss_mb=2666.8 | peak_workingset_mb=9323.5 | peak_cuda_mb=130.0 | cpu_time_sec=423.94
Rank: 5 64 16
[Tucker only] R=(5, 64, 16) peak_rss_mb=4579.7 | peak_workingset_mb=9323.5 | peak_cuda_mb=1190.1 | cpu_time_sec=4006.84
[Tucker+OCSVM] (VAL one-class) chose {'gamma': 0.01, 'kernel': 'rbf', 'nu': 0.01} best_obj:(FP=1.000, P95=0.0100, mean=0.0100) Elapsed: 27.17
[Tucker+OCSVM] Final result RANK=(5, 64, 16) AUC=0.5 | ACC=0.8 | param=({'gamma': 0.01, 'kernel': 'rbf', 'nu': 0.01}) | aux=FP=1.000, P95=0.0100, mean=0.0100
[Tucker+OCSVM] AUC=0.5000 Boot: mean:0.5000 std:0.0000, CI(0.5000–0.5000) | 
[Tucker+OCSVM] R=(5, 64, 16) peak_rss_mb=1433.1 | peak_workingset_mb=9323.5 | peak_cuda_mb=130.0 | cpu_time_sec=36.50
[Tucker+AE] best_param=(1, 16) best_obj=1.0 Elapsed: 10.78
[Tucker+AE] (global) Final result Rank=(5, 64, 16) AUC=0.5038 ACC=0.796
[Tucker+AE] AUC=0.5038 Boot: mean:0.5030 std:0.0456, CI(0.4106–0.5920) | 
[Tucker+AE] R=(5, 64, 16) peak_rss_mb=1773.7 | peak_workingset_mb=9323.5 | peak_cuda_mb=130.0 | cpu_time_sec=321.36
[Tucker+IF] best_obj=0.630692 best_param: {'bootstrap': True, 'contamination': 0.05, 'max_features': 0.75, 'max_samples': 0.5, 'n_estimators': 50, 'n_jobs': -1, 'random_state': 42} Elapsed (CPU s): 344.03
[Tucker+IF] Final result rank=(5, 64, 16) AUC=0.5155 ACC=0.776 obj=0.6306921373200444| params={'bootstrap': True, 'contamination': 0.05, 'max_features': 0.75, 'max_samples': 0.5, 'n_estimators': 50, 'n_jobs': -1, 'random_state': 42} | thr=0.509162 | target_FP=0.050
[Tucker+IF] AUC=0.5155 Boot: mean:0.5152 std:0.0484, CI(0.4207–0.6088) | 
[Tucker+IF] R=(5, 64, 16) peak_rss_mb=1870.0 | peak_workingset_mb=9323.5 | peak_cuda_mb=130.0 | cpu_time_sec=351.48
Rank: 16 5 5
[Tucker only] R=(16, 5, 5) peak_rss_mb=1843.1 | peak_workingset_mb=9323.5 | peak_cuda_mb=150.2 | cpu_time_sec=65.56
[Tucker+OCSVM] (VAL one-class) chose {'gamma': 0.00025, 'kernel': 'rbf', 'nu': 0.01} best_obj:(FP=0.664, P95=2.3528, mean=0.4966) Elapsed: 2.31
[Tucker+OCSVM] Final result RANK=(16, 5, 5) AUC=0.5931 | ACC=0.808 | param=({'gamma': 0.00025, 'kernel': 'rbf', 'nu': 0.01}) | aux=FP=0.664, P95=2.3528, mean=0.4966
[Tucker+OCSVM] AUC=0.5931 Boot: mean:0.5916 std:0.0515, CI(0.4881–0.6925) | 
[Tucker+OCSVM] R=(16, 5, 5) peak_rss_mb=1824.4 | peak_workingset_mb=9323.5 | peak_cuda_mb=130.0 | cpu_time_sec=10.34
[Tucker+AE] best_param=(3, 16) best_obj=0.6417497231450721 Elapsed: 28.94
[Tucker+AE] (global) Final result Rank=(16, 5, 5) AUC=0.5943 ACC=0.808
[Tucker+AE] AUC=0.5943 Boot: mean:0.5928 std:0.0516, CI(0.4890–0.6932) | 
[Tucker+AE] R=(16, 5, 5) peak_rss_mb=2072.0 | peak_workingset_mb=9323.5 | peak_cuda_mb=130.0 | cpu_time_sec=227.91
[Tucker+IF] best_obj=0.396473 best_param: {'bootstrap': True, 'contamination': 0.05, 'max_features': 1.0, 'max_samples': 0.5, 'n_estimators': 50, 'n_jobs': -1, 'random_state': 42} Elapsed (CPU s): 247.7
[Tucker+IF] Final result rank=(16, 5, 5) AUC=0.5247 ACC=0.8 obj=0.39647286821705424| params={'bootstrap': True, 'contamination': 0.05, 'max_features': 1.0, 'max_samples': 0.5, 'n_estimators': 50, 'n_jobs': -1, 'random_state': 42} | thr=0.549879 | target_FP=0.050
[Tucker+IF] AUC=0.5247 Boot: mean:0.5232 std:0.0530, CI(0.4196–0.6280) | 
[Tucker+IF] R=(16, 5, 5) peak_rss_mb=2146.2 | peak_workingset_mb=9323.5 | peak_cuda_mb=130.0 | cpu_time_sec=254.28
Rank: 16 5 16
[Tucker only] R=(16, 5, 16) peak_rss_mb=4713.3 | peak_workingset_mb=9323.5 | peak_cuda_mb=1124.8 | cpu_time_sec=3781.78
[Tucker+OCSVM] (VAL one-class) chose {'gamma': 0.00020833333333333335, 'kernel': 'rbf', 'nu': 0.01} best_obj:(FP=0.741, P95=2.5824, mean=0.7826) Elapsed: 4.17
[Tucker+OCSVM] Final result RANK=(16, 5, 16) AUC=0.5594 | ACC=0.804 | param=({'gamma': 0.00020833333333333335, 'kernel': 'rbf', 'nu': 0.01}) | aux=FP=0.741, P95=2.5824, mean=0.7826
[Tucker+OCSVM] AUC=0.5594 Boot: mean:0.5579 std:0.0511, CI(0.4584–0.6568) | 
[Tucker+OCSVM] R=(16, 5, 16) peak_rss_mb=1927.1 | peak_workingset_mb=9323.5 | peak_cuda_mb=130.0 | cpu_time_sec=11.47
[Tucker+AE] best_param=(3, 16) best_obj=0.7325581395348837 Elapsed: 26.58
[Tucker+AE] (global) Final result Rank=(16, 5, 16) AUC=0.5577 ACC=0.804
[Tucker+AE] AUC=0.5577 Boot: mean:0.5562 std:0.0510, CI(0.4568–0.6551) | 
[Tucker+AE] R=(16, 5, 16) peak_rss_mb=2220.3 | peak_workingset_mb=9323.5 | peak_cuda_mb=130.0 | cpu_time_sec=206.41
[Tucker+IF] best_obj=0.504446 best_param: {'bootstrap': False, 'contamination': 0.05, 'max_features': 1.0, 'max_samples': 0.5, 'n_estimators': 50, 'n_jobs': -1, 'random_state': 42} Elapsed (CPU s): 248.45
[Tucker+IF] Final result rank=(16, 5, 16) AUC=0.5628 ACC=0.808 obj=0.5044462901439646| params={'bootstrap': False, 'contamination': 0.05, 'max_features': 1.0, 'max_samples': 0.5, 'n_estimators': 50, 'n_jobs': -1, 'random_state': 42} | thr=0.543267 | target_FP=0.050
[Tucker+IF] AUC=0.5628 Boot: mean:0.5615 std:0.0497, CI(0.4631–0.6572) | 
[Tucker+IF] R=(16, 5, 16) peak_rss_mb=2256.1 | peak_workingset_mb=9323.5 | peak_cuda_mb=130.0 | cpu_time_sec=254.09
Rank: 16 16 5
[Tucker only] R=(16, 16, 5) peak_rss_mb=1049.2 | peak_workingset_mb=9323.5 | peak_cuda_mb=150.2 | cpu_time_sec=81.33
[Tucker+OCSVM] (VAL one-class) chose {'gamma': 0.01, 'kernel': 'rbf', 'nu': 0.01} best_obj:(FP=1.000, P95=0.0100, mean=0.0100) Elapsed: 23.55
[Tucker+OCSVM] Final result RANK=(16, 16, 5) AUC=0.5 | ACC=0.8 | param=({'gamma': 0.01, 'kernel': 'rbf', 'nu': 0.01}) | aux=FP=1.000, P95=0.0100, mean=0.0100
[Tucker+OCSVM] AUC=0.5000 Boot: mean:0.5000 std:0.0000, CI(0.5000–0.5000) | 
[Tucker+OCSVM] R=(16, 16, 5) peak_rss_mb=1074.9 | peak_workingset_mb=9323.5 | peak_cuda_mb=130.0 | cpu_time_sec=30.28
[Tucker+AE] best_param=(1, 16) best_obj=1.0 Elapsed: 8.39
[Tucker+AE] (global) Final result Rank=(16, 16, 5) AUC=0.5267 ACC=0.808
[Tucker+AE] AUC=0.5267 Boot: mean:0.5276 std:0.0454, CI(0.4379–0.6168) | 
[Tucker+AE] R=(16, 16, 5) peak_rss_mb=1316.5 | peak_workingset_mb=9323.5 | peak_cuda_mb=130.0 | cpu_time_sec=204.36
[Tucker+IF] best_obj=0.887060 best_param: {'bootstrap': False, 'contamination': 0.05, 'max_features': 0.5, 'max_samples': 0.5, 'n_estimators': 50, 'n_jobs': -1, 'random_state': 42} Elapsed (CPU s): 276.56
[Tucker+IF] Final result rank=(16, 16, 5) AUC=0.5319 ACC=0.768 obj=0.8870598006644517| params={'bootstrap': False, 'contamination': 0.05, 'max_features': 0.5, 'max_samples': 0.5, 'n_estimators': 50, 'n_jobs': -1, 'random_state': 42} | thr=0.549907 | target_FP=0.050
[Tucker+IF] AUC=0.5319 Boot: mean:0.5315 std:0.0508, CI(0.4342–0.6298) | 
[Tucker+IF] R=(16, 16, 5) peak_rss_mb=1340.0 | peak_workingset_mb=9323.5 | peak_cuda_mb=130.0 | cpu_time_sec=281.53
Rank: 16 16 16
[Tucker only] R=(16, 16, 16) peak_rss_mb=3541.9 | peak_workingset_mb=9323.5 | peak_cuda_mb=1193.5 | cpu_time_sec=4270.19
[Tucker+OCSVM] (VAL one-class) chose {'gamma': 0.01, 'kernel': 'rbf', 'nu': 0.01} best_obj:(FP=1.000, P95=0.0100, mean=0.0100) Elapsed: 25.02
[Tucker+OCSVM] Final result RANK=(16, 16, 16) AUC=0.5 | ACC=0.8 | param=({'gamma': 0.01, 'kernel': 'rbf', 'nu': 0.01}) | aux=FP=1.000, P95=0.0100, mean=0.0100
[Tucker+OCSVM] AUC=0.5000 Boot: mean:0.5000 std:0.0000, CI(0.5000–0.5000) | 
[Tucker+OCSVM] R=(16, 16, 16) peak_rss_mb=501.9 | peak_workingset_mb=9323.5 | peak_cuda_mb=130.0 | cpu_time_sec=29.89
[Tucker+AE] best_param=(1, 16) best_obj=1.0 Elapsed: 7.42
[Tucker+AE] (global) Final result Rank=(16, 16, 16) AUC=0.5224 ACC=0.808
[Tucker+AE] AUC=0.5224 Boot: mean:0.5224 std:0.0451, CI(0.4377–0.6101) | 
[Tucker+AE] R=(16, 16, 16) peak_rss_mb=993.2 | peak_workingset_mb=9323.5 | peak_cuda_mb=130.0 | cpu_time_sec=215.36
[Tucker+IF] best_obj=0.704336 best_param: {'bootstrap': True, 'contamination': 0.05, 'max_features': 0.75, 'max_samples': 0.5, 'n_estimators': 50, 'n_jobs': -1, 'random_state': 42} Elapsed (CPU s): 256.77
[Tucker+IF] Final result rank=(16, 16, 16) AUC=0.5357 ACC=0.788 obj=0.7043355481727575| params={'bootstrap': True, 'contamination': 0.05, 'max_features': 0.75, 'max_samples': 0.5, 'n_estimators': 50, 'n_jobs': -1, 'random_state': 42} | thr=0.524228 | target_FP=0.050
[Tucker+IF] AUC=0.5357 Boot: mean:0.5361 std:0.0525, CI(0.4330–0.6406) | 
[Tucker+IF] R=(16, 16, 16) peak_rss_mb=1102.6 | peak_workingset_mb=9323.5 | peak_cuda_mb=130.0 | cpu_time_sec=260.58
Rank: 16 32 5
[Tucker only] R=(16, 32, 5) peak_rss_mb=1142.1 | peak_workingset_mb=9323.5 | peak_cuda_mb=150.2 | cpu_time_sec=84.23
[Tucker+OCSVM] (VAL one-class) chose {'gamma': 0.01, 'kernel': 'rbf', 'nu': 0.01} best_obj:(FP=1.000, P95=0.0100, mean=0.0100) Elapsed: 25.91
[Tucker+OCSVM] Final result RANK=(16, 32, 5) AUC=0.5 | ACC=0.8 | param=({'gamma': 0.01, 'kernel': 'rbf', 'nu': 0.01}) | aux=FP=1.000, P95=0.0100, mean=0.0100
[Tucker+OCSVM] AUC=0.5000 Boot: mean:0.5000 std:0.0000, CI(0.5000–0.5000) | 
[Tucker+OCSVM] R=(16, 32, 5) peak_rss_mb=1162.7 | peak_workingset_mb=9323.5 | peak_cuda_mb=130.0 | cpu_time_sec=29.67
[Tucker+AE] best_param=(1, 16) best_obj=1.0 Elapsed: 20.19
[Tucker+AE] (global) Final result Rank=(16, 32, 5) AUC=0.4989 ACC=0.804
[Tucker+AE] AUC=0.4989 Boot: mean:0.4990 std:0.0501, CI(0.4031–0.5929) | 
[Tucker+AE] R=(16, 32, 5) peak_rss_mb=1461.8 | peak_workingset_mb=9323.5 | peak_cuda_mb=130.0 | cpu_time_sec=172.23
[Tucker+IF] best_obj=0.185509 best_param: {'bootstrap': False, 'contamination': 0.05, 'max_features': 0.5, 'max_samples': 0.5, 'n_estimators': 50, 'n_jobs': -1, 'random_state': 42} Elapsed (CPU s): 255.81
[Tucker+IF] Final result rank=(16, 32, 5) AUC=0.4909 ACC=0.708 obj=0.18550941306755261| params={'bootstrap': False, 'contamination': 0.05, 'max_features': 0.5, 'max_samples': 0.5, 'n_estimators': 50, 'n_jobs': -1, 'random_state': 42} | thr=0.432090 | target_FP=0.050
[Tucker+IF] AUC=0.4909 Boot: mean:0.4907 std:0.0486, CI(0.3951–0.5839) | 
[Tucker+IF] R=(16, 32, 5) peak_rss_mb=1547.5 | peak_workingset_mb=9323.5 | peak_cuda_mb=130.0 | cpu_time_sec=259.23
Rank: 16 32 16
[Tucker only] R=(16, 32, 16) peak_rss_mb=3564.2 | peak_workingset_mb=9323.5 | peak_cuda_mb=1189.4 | cpu_time_sec=4197.94
[Tucker+OCSVM] (VAL one-class) chose {'gamma': 0.01, 'kernel': 'rbf', 'nu': 0.01} best_obj:(FP=1.000, P95=0.0100, mean=0.0100) Elapsed: 26.94
[Tucker+OCSVM] Final result RANK=(16, 32, 16) AUC=0.5 | ACC=0.8 | param=({'gamma': 0.01, 'kernel': 'rbf', 'nu': 0.01}) | aux=FP=1.000, P95=0.0100, mean=0.0100
[Tucker+OCSVM] AUC=0.5000 Boot: mean:0.5000 std:0.0000, CI(0.5000–0.5000) | 
[Tucker+OCSVM] R=(16, 32, 16) peak_rss_mb=569.2 | peak_workingset_mb=9323.5 | peak_cuda_mb=130.0 | cpu_time_sec=30.77
[Tucker+AE] best_param=(1, 16) best_obj=1.0 Elapsed: 6.66
[Tucker+AE] (global) Final result Rank=(16, 32, 16) AUC=0.5896 ACC=0.796
[Tucker+AE] AUC=0.5896 Boot: mean:0.5891 std:0.0479, CI(0.4974–0.6801) | 
[Tucker+AE] R=(16, 32, 16) peak_rss_mb=1028.5 | peak_workingset_mb=9323.5 | peak_cuda_mb=130.0 | cpu_time_sec=176.61
[Tucker+IF] best_obj=0.018289 best_param: {'bootstrap': True, 'contamination': 0.05, 'max_features': 0.5, 'max_samples': 0.75, 'n_estimators': 50, 'n_jobs': -1, 'random_state': 42} Elapsed (CPU s): 248.83
[Tucker+IF] Final result rank=(16, 32, 16) AUC=0.5114 ACC=0.712 obj=0.018289036544850496| params={'bootstrap': True, 'contamination': 0.05, 'max_features': 0.5, 'max_samples': 0.75, 'n_estimators': 50, 'n_jobs': -1, 'random_state': 42} | thr=0.415285 | target_FP=0.050
[Tucker+IF] AUC=0.5114 Boot: mean:0.5120 std:0.0489, CI(0.4161–0.6076) | 
[Tucker+IF] R=(16, 32, 16) peak_rss_mb=1125.6 | peak_workingset_mb=9323.5 | peak_cuda_mb=130.0 | cpu_time_sec=251.50
Rank: 16 64 5
[Tucker only] R=(16, 64, 5) peak_rss_mb=1223.6 | peak_workingset_mb=9323.5 | peak_cuda_mb=150.7 | cpu_time_sec=100.45
[Tucker+OCSVM] (VAL one-class) chose {'gamma': 0.01, 'kernel': 'rbf', 'nu': 0.01} best_obj:(FP=1.000, P95=0.0100, mean=0.0100) Elapsed: 24.38
[Tucker+OCSVM] Final result RANK=(16, 64, 5) AUC=0.5 | ACC=0.8 | param=({'gamma': 0.01, 'kernel': 'rbf', 'nu': 0.01}) | aux=FP=1.000, P95=0.0100, mean=0.0100
[Tucker+OCSVM] AUC=0.5000 Boot: mean:0.5000 std:0.0000, CI(0.5000–0.5000) | 
[Tucker+OCSVM] R=(16, 64, 5) peak_rss_mb=1227.4 | peak_workingset_mb=9323.5 | peak_cuda_mb=130.0 | cpu_time_sec=24.92
[Tucker+AE] best_param=(1, 16) best_obj=1.0 Elapsed: 4.62
[Tucker+AE] (global) Final result Rank=(16, 64, 5) AUC=0.5765 ACC=0.796
[Tucker+AE] AUC=0.5765 Boot: mean:0.5788 std:0.0462, CI(0.4887–0.6695) | 
[Tucker+AE] R=(16, 64, 5) peak_rss_mb=1491.4 | peak_workingset_mb=9323.5 | peak_cuda_mb=130.0 | cpu_time_sec=150.56
[Tucker+IF] best_obj=0.034900 best_param: {'bootstrap': False, 'contamination': 0.05, 'max_features': 0.75, 'max_samples': 0.75, 'n_estimators': 50, 'n_jobs': -1, 'random_state': 42} Elapsed (CPU s): 197.5
[Tucker+IF] Final result rank=(16, 64, 5) AUC=0.6919 ACC=0.744 obj=0.03490033222591362| params={'bootstrap': False, 'contamination': 0.05, 'max_features': 0.75, 'max_samples': 0.75, 'n_estimators': 50, 'n_jobs': -1, 'random_state': 42} | thr=0.379768 | target_FP=0.050
[Tucker+IF] AUC=0.6919 Boot: mean:0.6912 std:0.0418, CI(0.6074–0.7696) | 
[Tucker+IF] R=(16, 64, 5) peak_rss_mb=1560.0 | peak_workingset_mb=9323.5 | peak_cuda_mb=130.0 | cpu_time_sec=198.00
Rank: 16 64 16
[Tucker only] R=(16, 64, 16) peak_rss_mb=4548.4 | peak_workingset_mb=9323.5 | peak_cuda_mb=1190.2 | cpu_time_sec=4414.94
[Tucker+OCSVM] (VAL one-class) chose {'gamma': 0.01, 'kernel': 'rbf', 'nu': 0.01} best_obj:(FP=1.000, P95=0.0100, mean=0.0100) Elapsed: 27.09
[Tucker+OCSVM] Final result RANK=(16, 64, 16) AUC=0.5 | ACC=0.8 | param=({'gamma': 0.01, 'kernel': 'rbf', 'nu': 0.01}) | aux=FP=1.000, P95=0.0100, mean=0.0100
[Tucker+OCSVM] AUC=0.5000 Boot: mean:0.5000 std:0.0000, CI(0.5000–0.5000) | 
[Tucker+OCSVM] R=(16, 64, 16) peak_rss_mb=1658.6 | peak_workingset_mb=9323.5 | peak_cuda_mb=130.0 | cpu_time_sec=27.78
[Tucker+AE] best_param=(1, 16) best_obj=1.0 Elapsed: 5.36
[Tucker+AE] (global) Final result Rank=(16, 64, 16) AUC=0.5424 ACC=0.8
[Tucker+AE] AUC=0.5424 Boot: mean:0.5424 std:0.0453, CI(0.4527–0.6312) | 
[Tucker+AE] R=(16, 64, 16) peak_rss_mb=1911.6 | peak_workingset_mb=9323.5 | peak_cuda_mb=130.0 | cpu_time_sec=125.52
[Tucker+IF] best_obj=0.005000 best_param: {'bootstrap': False, 'contamination': 0.05, 'max_features': 0.5, 'max_samples': 1.0, 'n_estimators': 50, 'n_jobs': -1, 'random_state': 42} Elapsed (CPU s): 198.09
[Tucker+IF] Final result rank=(16, 64, 16) AUC=0.6523 ACC=0.704 obj=0.005| params={'bootstrap': False, 'contamination': 0.05, 'max_features': 0.5, 'max_samples': 1.0, 'n_estimators': 50, 'n_jobs': -1, 'random_state': 42} | thr=0.367530 | target_FP=0.050
[Tucker+IF] AUC=0.6523 Boot: mean:0.6527 std:0.0414, CI(0.5698–0.7300) | 
[Tucker+IF] R=(16, 64, 16) peak_rss_mb=1980.2 | peak_workingset_mb=9323.5 | peak_cuda_mb=130.0 | cpu_time_sec=198.53
Rank: 32 5 5
[Tucker only] R=(32, 5, 5) peak_rss_mb=1952.8 | peak_workingset_mb=9323.5 | peak_cuda_mb=150.6 | cpu_time_sec=69.55
[Tucker+OCSVM] (VAL one-class) chose {'gamma': 0.000375, 'kernel': 'rbf', 'nu': 0.01} best_obj:(FP=0.997, P95=4.8646, mean=3.6614) Elapsed: 9.19
[Tucker+OCSVM] Final result RANK=(32, 5, 5) AUC=0.4157 | ACC=0.8 | param=({'gamma': 0.000375, 'kernel': 'rbf', 'nu': 0.01}) | aux=FP=0.997, P95=4.8646, mean=3.6614
[Tucker+OCSVM] AUC=0.4157 Boot: mean:0.4149 std:0.0440, CI(0.3302–0.5018) | 
[Tucker+OCSVM] R=(32, 5, 5) peak_rss_mb=1884.7 | peak_workingset_mb=9323.5 | peak_cuda_mb=130.0 | cpu_time_sec=11.56
[Tucker+AE] best_param=(2, 16) best_obj=0.9966777408637874 Elapsed: 18.72
[Tucker+AE] (global) Final result Rank=(32, 5, 5) AUC=0.4158 ACC=0.8
[Tucker+AE] AUC=0.4158 Boot: mean:0.4150 std:0.0440, CI(0.3307–0.5022) | 
[Tucker+AE] R=(32, 5, 5) peak_rss_mb=2138.6 | peak_workingset_mb=9323.5 | peak_cuda_mb=130.0 | cpu_time_sec=190.52
[Tucker+IF] best_obj=0.889828 best_param: {'bootstrap': True, 'contamination': 0.05, 'max_features': 1.0, 'max_samples': 0.5, 'n_estimators': 50, 'n_jobs': -1, 'random_state': 42} Elapsed (CPU s): 338.0
[Tucker+IF] Final result rank=(32, 5, 5) AUC=0.3934 ACC=0.728 obj=0.8898283499446291| params={'bootstrap': True, 'contamination': 0.05, 'max_features': 1.0, 'max_samples': 0.5, 'n_estimators': 50, 'n_jobs': -1, 'random_state': 42} | thr=0.566641 | target_FP=0.050
[Tucker+IF] AUC=0.3934 Boot: mean:0.3931 std:0.0478, CI(0.2980–0.4888) | 
[Tucker+IF] R=(32, 5, 5) peak_rss_mb=8065.5 | peak_workingset_mb=9323.5 | peak_cuda_mb=130.0 | cpu_time_sec=383.17
Rank: 32 5 16
[Tucker only] R=(32, 5, 16) peak_rss_mb=9891.9 | peak_workingset_mb=9935.4 | peak_cuda_mb=1193.3 | cpu_time_sec=4418.09
[Tucker+OCSVM] (VAL one-class) chose {'gamma': 0.010416666666666666, 'kernel': 'rbf', 'nu': 0.01} best_obj:(FP=1.000, P95=0.0100, mean=0.0100) Elapsed: 106.55
[Tucker+OCSVM] Final result RANK=(32, 5, 16) AUC=0.5 | ACC=0.8 | param=({'gamma': 0.010416666666666666, 'kernel': 'rbf', 'nu': 0.01}) | aux=FP=1.000, P95=0.0100, mean=0.0100
[Tucker+OCSVM] AUC=0.5000 Boot: mean:0.5000 std:0.0000, CI(0.5000–0.5000) | 
[Tucker+OCSVM] R=(32, 5, 16) peak_rss_mb=7158.8 | peak_workingset_mb=9935.4 | peak_cuda_mb=130.0 | cpu_time_sec=151.28
[Tucker+AE] best_param=(1, 16) best_obj=1.0 Elapsed: 157.62
[Tucker+AE] (global) Final result Rank=(32, 5, 16) AUC=0.488 ACC=0.8
[Tucker+AE] AUC=0.4880 Boot: mean:0.4862 std:0.0487, CI(0.3913–0.5829) | 
[Tucker+AE] R=(32, 5, 16) peak_rss_mb=7205.8 | peak_workingset_mb=9935.4 | peak_cuda_mb=130.0 | cpu_time_sec=993.12
[Tucker+IF] best_obj=0.984513 best_param: {'bootstrap': False, 'contamination': 0.05, 'max_features': 0.75, 'max_samples': 0.5, 'n_estimators': 50, 'n_jobs': -1, 'random_state': 42} Elapsed (CPU s): 418.34
[Tucker+IF] Final result rank=(32, 5, 16) AUC=0.5177 ACC=0.736 obj=0.9845127353266887| params={'bootstrap': False, 'contamination': 0.05, 'max_features': 0.75, 'max_samples': 0.5, 'n_estimators': 50, 'n_jobs': -1, 'random_state': 42} | thr=0.566029 | target_FP=0.050
[Tucker+IF] AUC=0.5177 Boot: mean:0.5167 std:0.0478, CI(0.4214–0.6067) | 
[Tucker+IF] R=(32, 5, 16) peak_rss_mb=6615.0 | peak_workingset_mb=9935.4 | peak_cuda_mb=130.0 | cpu_time_sec=430.08
Rank: 32 16 5
[Tucker only] R=(32, 16, 5) peak_rss_mb=6634.2 | peak_workingset_mb=9935.4 | peak_cuda_mb=150.6 | cpu_time_sec=77.41
[Tucker+OCSVM] (VAL one-class) chose {'gamma': 0.01, 'kernel': 'rbf', 'nu': 0.01} best_obj:(FP=1.000, P95=0.0100, mean=0.0100) Elapsed: 26.72
[Tucker+OCSVM] Final result RANK=(32, 16, 5) AUC=0.5 | ACC=0.8 | param=({'gamma': 0.01, 'kernel': 'rbf', 'nu': 0.01}) | aux=FP=1.000, P95=0.0100, mean=0.0100
[Tucker+OCSVM] AUC=0.5000 Boot: mean:0.5000 std:0.0000, CI(0.5000–0.5000) | 
[Tucker+OCSVM] R=(32, 16, 5) peak_rss_mb=6654.0 | peak_workingset_mb=9935.4 | peak_cuda_mb=130.0 | cpu_time_sec=37.94
[Tucker+AE] best_param=(1, 16) best_obj=1.0 Elapsed: 17.59
[Tucker+AE] (global) Final result Rank=(32, 16, 5) AUC=0.5499 ACC=0.804
[Tucker+AE] AUC=0.5499 Boot: mean:0.5503 std:0.0483, CI(0.4537–0.6441) | 
[Tucker+AE] R=(32, 16, 5) peak_rss_mb=6845.0 | peak_workingset_mb=9935.4 | peak_cuda_mb=130.0 | cpu_time_sec=478.31
[Tucker+IF] best_obj=0.079751 best_param: {'bootstrap': True, 'contamination': 0.05, 'max_features': 1.0, 'max_samples': 0.75, 'n_estimators': 50, 'n_jobs': -1, 'random_state': 42} Elapsed (CPU s): 415.28
[Tucker+IF] Final result rank=(32, 16, 5) AUC=0.4772 ACC=0.668 obj=0.07975083056478406| params={'bootstrap': True, 'contamination': 0.05, 'max_features': 1.0, 'max_samples': 0.75, 'n_estimators': 50, 'n_jobs': -1, 'random_state': 42} | thr=0.442427 | target_FP=0.050
[Tucker+IF] AUC=0.4772 Boot: mean:0.4771 std:0.0500, CI(0.3786–0.5745) | 
[Tucker+IF] R=(32, 16, 5) peak_rss_mb=7035.1 | peak_workingset_mb=9935.4 | peak_cuda_mb=130.0 | cpu_time_sec=426.47
Rank: 32 16 16
[Tucker only] R=(32, 16, 16) peak_rss_mb=7611.2 | peak_workingset_mb=9935.4 | peak_cuda_mb=1193.6 | cpu_time_sec=4099.75
[Tucker+OCSVM] (VAL one-class) chose {'gamma': 0.01, 'kernel': 'rbf', 'nu': 0.01} best_obj:(FP=1.000, P95=0.0100, mean=0.0100) Elapsed: 27.77
[Tucker+OCSVM] Final result RANK=(32, 16, 16) AUC=0.5 | ACC=0.8 | param=({'gamma': 0.01, 'kernel': 'rbf', 'nu': 0.01}) | aux=FP=1.000, P95=0.0100, mean=0.0100
[Tucker+OCSVM] AUC=0.5000 Boot: mean:0.5000 std:0.0000, CI(0.5000–0.5000) | 
[Tucker+OCSVM] R=(32, 16, 16) peak_rss_mb=495.1 | peak_workingset_mb=9935.4 | peak_cuda_mb=130.0 | cpu_time_sec=39.95
[Tucker+AE] best_param=(1, 16) best_obj=1.0 Elapsed: 16.39
[Tucker+AE] (global) Final result Rank=(32, 16, 16) AUC=0.5141 ACC=0.8
[Tucker+AE] AUC=0.5141 Boot: mean:0.5158 std:0.0479, CI(0.4229–0.6135) | 
[Tucker+AE] R=(32, 16, 16) peak_rss_mb=1085.3 | peak_workingset_mb=9935.4 | peak_cuda_mb=130.0 | cpu_time_sec=500.34
[Tucker+IF] best_obj=0.007215 best_param: {'bootstrap': True, 'contamination': 0.05, 'max_features': 0.75, 'max_samples': 0.5, 'n_estimators': 50, 'n_jobs': -1, 'random_state': 42} Elapsed (CPU s): 393.61
[Tucker+IF] Final result rank=(32, 16, 16) AUC=0.4558 ACC=0.656 obj=0.00721483942414175| params={'bootstrap': True, 'contamination': 0.05, 'max_features': 0.75, 'max_samples': 0.5, 'n_estimators': 50, 'n_jobs': -1, 'random_state': 42} | thr=0.416126 | target_FP=0.050
[Tucker+IF] AUC=0.4558 Boot: mean:0.4556 std:0.0498, CI(0.3568–0.5571) | 
[Tucker+IF] R=(32, 16, 16) peak_rss_mb=1234.2 | peak_workingset_mb=9935.4 | peak_cuda_mb=130.0 | cpu_time_sec=404.53
Rank: 32 32 5
[Tucker only] R=(32, 32, 5) peak_rss_mb=1335.7 | peak_workingset_mb=9935.4 | peak_cuda_mb=150.6 | cpu_time_sec=90.48
[Tucker+OCSVM] (VAL one-class) chose {'gamma': 0.01, 'kernel': 'rbf', 'nu': 0.01} best_obj:(FP=1.000, P95=0.0100, mean=0.0100) Elapsed: 24.55
[Tucker+OCSVM] Final result RANK=(32, 32, 5) AUC=0.5 | ACC=0.8 | param=({'gamma': 0.01, 'kernel': 'rbf', 'nu': 0.01}) | aux=FP=1.000, P95=0.0100, mean=0.0100
[Tucker+OCSVM] AUC=0.5000 Boot: mean:0.5000 std:0.0000, CI(0.5000–0.5000) | 
[Tucker+OCSVM] R=(32, 32, 5) peak_rss_mb=1339.4 | peak_workingset_mb=9935.4 | peak_cuda_mb=130.0 | cpu_time_sec=28.19
[Tucker+AE] best_param=(1, 16) best_obj=1.0 Elapsed: 7.78
[Tucker+AE] (global) Final result Rank=(32, 32, 5) AUC=0.477 ACC=0.796
[Tucker+AE] AUC=0.4770 Boot: mean:0.4771 std:0.0465, CI(0.3878–0.5667) | 
[Tucker+AE] R=(32, 32, 5) peak_rss_mb=1660.5 | peak_workingset_mb=9935.4 | peak_cuda_mb=130.0 | cpu_time_sec=194.39
[Tucker+IF] best_obj=0.005000 best_param: {'bootstrap': False, 'contamination': 0.05, 'max_features': 0.5, 'max_samples': 0.75, 'n_estimators': 50, 'n_jobs': -1, 'random_state': 42} Elapsed (CPU s): 241.45
[Tucker+IF] Final result rank=(32, 32, 5) AUC=0.4544 ACC=0.652 obj=0.005| params={'bootstrap': False, 'contamination': 0.05, 'max_features': 0.5, 'max_samples': 0.75, 'n_estimators': 50, 'n_jobs': -1, 'random_state': 42} | thr=0.359081 | target_FP=0.050
[Tucker+IF] AUC=0.4544 Boot: mean:0.4542 std:0.0492, CI(0.3573–0.5516) | 
[Tucker+IF] R=(32, 32, 5) peak_rss_mb=1742.8 | peak_workingset_mb=9935.4 | peak_cuda_mb=130.0 | cpu_time_sec=244.27
Rank: 32 32 16
[Tucker only] R=(32, 32, 16) peak_rss_mb=4954.8 | peak_workingset_mb=9935.4 | peak_cuda_mb=1191.8 | cpu_time_sec=4346.23
[Tucker+OCSVM] (VAL one-class) chose {'gamma': 0.01, 'kernel': 'rbf', 'nu': 0.01} best_obj:(FP=1.000, P95=0.0100, mean=0.0100) Elapsed: 29.06
[Tucker+OCSVM] Final result RANK=(32, 32, 16) AUC=0.5 | ACC=0.8 | param=({'gamma': 0.01, 'kernel': 'rbf', 'nu': 0.01}) | aux=FP=1.000, P95=0.0100, mean=0.0100
[Tucker+OCSVM] AUC=0.5000 Boot: mean:0.5000 std:0.0000, CI(0.5000–0.5000) | 
[Tucker+OCSVM] R=(32, 32, 16) peak_rss_mb=1860.9 | peak_workingset_mb=9935.4 | peak_cuda_mb=130.0 | cpu_time_sec=36.45
[Tucker+AE] best_param=(1, 16) best_obj=1.0 Elapsed: 9.64
[Tucker+AE] (global) Final result Rank=(32, 32, 16) AUC=0.487 ACC=0.796
[Tucker+AE] AUC=0.4870 Boot: mean:0.4871 std:0.0461, CI(0.3936–0.5775) | 
[Tucker+AE] R=(32, 32, 16) peak_rss_mb=2213.5 | peak_workingset_mb=9935.4 | peak_cuda_mb=130.0 | cpu_time_sec=397.98
[Tucker+IF] best_obj=0.005000 best_param: {'bootstrap': False, 'contamination': 0.05, 'max_features': 0.5, 'max_samples': 0.5, 'n_estimators': 50, 'n_jobs': -1, 'random_state': 42} Elapsed (CPU s): 305.16
[Tucker+IF] Final result rank=(32, 32, 16) AUC=0.465 ACC=0.684 obj=0.005| params={'bootstrap': False, 'contamination': 0.05, 'max_features': 0.5, 'max_samples': 0.5, 'n_estimators': 50, 'n_jobs': -1, 'random_state': 42} | thr=0.347608 | target_FP=0.050
[Tucker+IF] AUC=0.4650 Boot: mean:0.4643 std:0.0496, CI(0.3666–0.5661) | 
[Tucker+IF] R=(32, 32, 16) peak_rss_mb=2312.9 | peak_workingset_mb=9935.4 | peak_cuda_mb=130.0 | cpu_time_sec=310.45
Rank: 32 64 5
[Tucker only] R=(32, 64, 5) peak_rss_mb=2455.6 | peak_workingset_mb=9935.4 | peak_cuda_mb=151.0 | cpu_time_sec=110.48
[Tucker+OCSVM] (VAL one-class) chose {'gamma': 0.01, 'kernel': 'rbf', 'nu': 0.01} best_obj:(FP=1.000, P95=0.0100, mean=0.0100) Elapsed: 25.88
[Tucker+OCSVM] Final result RANK=(32, 64, 5) AUC=0.5 | ACC=0.8 | param=({'gamma': 0.01, 'kernel': 'rbf', 'nu': 0.01}) | aux=FP=1.000, P95=0.0100, mean=0.0100
[Tucker+OCSVM] AUC=0.5000 Boot: mean:0.5000 std:0.0000, CI(0.5000–0.5000) | 
[Tucker+OCSVM] R=(32, 64, 5) peak_rss_mb=2446.2 | peak_workingset_mb=9935.4 | peak_cuda_mb=130.0 | cpu_time_sec=34.06
[Tucker+AE] best_param=(1, 16) best_obj=1.0 Elapsed: 9.55
[Tucker+AE] (global) Final result Rank=(32, 64, 5) AUC=0.5228 ACC=0.796
[Tucker+AE] AUC=0.5228 Boot: mean:0.5224 std:0.0464, CI(0.4309–0.6112) | 
[Tucker+AE] R=(32, 64, 5) peak_rss_mb=2784.0 | peak_workingset_mb=9935.4 | peak_cuda_mb=130.0 | cpu_time_sec=211.25
[Tucker+IF] best_obj=0.005000 best_param: {'bootstrap': False, 'contamination': 0.05, 'max_features': 0.5, 'max_samples': 0.5, 'n_estimators': 50, 'n_jobs': -1, 'random_state': 42} Elapsed (CPU s): 881.05
[Tucker+IF] Final result rank=(32, 64, 5) AUC=0.4838 ACC=0.612 obj=0.005| params={'bootstrap': False, 'contamination': 0.05, 'max_features': 0.5, 'max_samples': 0.5, 'n_estimators': 50, 'n_jobs': -1, 'random_state': 42} | thr=0.358529 | target_FP=0.050
[Tucker+IF] AUC=0.4838 Boot: mean:0.4842 std:0.0480, CI(0.3873–0.5767) | 
[Tucker+IF] R=(32, 64, 5) peak_rss_mb=2839.3 | peak_workingset_mb=9935.4 | peak_cuda_mb=130.0 | cpu_time_sec=904.66
Rank: 32 64 16
[Tucker only] R=(32, 64, 16) peak_rss_mb=3928.1 | peak_workingset_mb=9935.4 | peak_cuda_mb=1192.7 | cpu_time_sec=5332.97
[Tucker+OCSVM] (VAL one-class) chose {'gamma': 0.01, 'kernel': 'rbf', 'nu': 0.01} best_obj:(FP=1.000, P95=0.0100, mean=0.0100) Elapsed: 30.36
[Tucker+OCSVM] Final result RANK=(32, 64, 16) AUC=0.5 | ACC=0.8 | param=({'gamma': 0.01, 'kernel': 'rbf', 'nu': 0.01}) | aux=FP=1.000, P95=0.0100, mean=0.0100
[Tucker+OCSVM] AUC=0.5000 Boot: mean:0.5000 std:0.0000, CI(0.5000–0.5000) | 
[Tucker+OCSVM] R=(32, 64, 16) peak_rss_mb=1066.8 | peak_workingset_mb=9935.4 | peak_cuda_mb=130.0 | cpu_time_sec=39.05
[Tucker+AE] best_param=(1, 16) best_obj=1.0 Elapsed: 30.19
[Tucker+AE] (global) Final result Rank=(32, 64, 16) AUC=0.5735 ACC=0.796
[Tucker+AE] AUC=0.5735 Boot: mean:0.5726 std:0.0466, CI(0.4790–0.6635) | 
[Tucker+AE] R=(32, 64, 16) peak_rss_mb=1559.7 | peak_workingset_mb=9935.4 | peak_cuda_mb=130.0 | cpu_time_sec=341.70
[Tucker+IF] best_obj=0.005000 best_param: {'bootstrap': False, 'contamination': 0.05, 'max_features': 0.5, 'max_samples': 0.5, 'n_estimators': 50, 'n_jobs': -1, 'random_state': 42} Elapsed (CPU s): 325.94
[Tucker+IF] Final result rank=(32, 64, 16) AUC=0.5216 ACC=0.704 obj=0.005| params={'bootstrap': False, 'contamination': 0.05, 'max_features': 0.5, 'max_samples': 0.5, 'n_estimators': 50, 'n_jobs': -1, 'random_state': 42} | thr=0.346624 | target_FP=0.050
[Tucker+IF] AUC=0.5216 Boot: mean:0.5216 std:0.0458, CI(0.4327–0.6103) | 
[Tucker+IF] R=(32, 64, 16) peak_rss_mb=1663.9 | peak_workingset_mb=9935.4 | peak_cuda_mb=130.0 | cpu_time_sec=333.36
Rank: 64 5 5
[Tucker only] R=(64, 5, 5) peak_rss_mb=1665.3 | peak_workingset_mb=9935.4 | peak_cuda_mb=151.5 | cpu_time_sec=85.64
[Tucker+OCSVM] (VAL one-class) chose {'gamma': 0.01, 'kernel': 'rbf', 'nu': 0.01} best_obj:(FP=1.000, P95=0.0100, mean=0.0100) Elapsed: 26.12
[Tucker+OCSVM] Final result RANK=(64, 5, 5) AUC=0.5 | ACC=0.8 | param=({'gamma': 0.01, 'kernel': 'rbf', 'nu': 0.01}) | aux=FP=1.000, P95=0.0100, mean=0.0100
[Tucker+OCSVM] AUC=0.5000 Boot: mean:0.5000 std:0.0000, CI(0.5000–0.5000) | 
[Tucker+OCSVM] R=(64, 5, 5) peak_rss_mb=1532.1 | peak_workingset_mb=9935.4 | peak_cuda_mb=130.0 | cpu_time_sec=33.03
[Tucker+AE] best_param=(1, 16) best_obj=1.0 Elapsed: 7.5
[Tucker+AE] (global) Final result Rank=(64, 5, 5) AUC=0.3742 ACC=0.796
[Tucker+AE] AUC=0.3742 Boot: mean:0.3719 std:0.0412, CI(0.2919–0.4535) | 
[Tucker+AE] R=(64, 5, 5) peak_rss_mb=1839.0 | peak_workingset_mb=9935.4 | peak_cuda_mb=130.0 | cpu_time_sec=259.31
[Tucker+IF] best_obj=0.661700 best_param: {'bootstrap': True, 'contamination': 0.05, 'max_features': 0.5, 'max_samples': 0.5, 'n_estimators': 50, 'n_jobs': -1, 'random_state': 42} Elapsed (CPU s): 295.89
[Tucker+IF] Final result rank=(64, 5, 5) AUC=0.3391 ACC=0.656 obj=0.6616998892580288| params={'bootstrap': True, 'contamination': 0.05, 'max_features': 0.5, 'max_samples': 0.5, 'n_estimators': 50, 'n_jobs': -1, 'random_state': 42} | thr=0.532707 | target_FP=0.050
[Tucker+IF] AUC=0.3391 Boot: mean:0.3388 std:0.0403, CI(0.2614–0.4157) | 
[Tucker+IF] R=(64, 5, 5) peak_rss_mb=1941.0 | peak_workingset_mb=9935.4 | peak_cuda_mb=130.0 | cpu_time_sec=301.13
Rank: 64 5 16
[Tucker only] R=(64, 5, 16) peak_rss_mb=5012.5 | peak_workingset_mb=9935.4 | peak_cuda_mb=1193.4 | cpu_time_sec=4178.08
[Tucker+OCSVM] (VAL one-class) chose {'gamma': 0.01, 'kernel': 'rbf', 'nu': 0.01} best_obj:(FP=1.000, P95=0.0100, mean=0.0100) Elapsed: 26.34
[Tucker+OCSVM] Final result RANK=(64, 5, 16) AUC=0.5 | ACC=0.8 | param=({'gamma': 0.01, 'kernel': 'rbf', 'nu': 0.01}) | aux=FP=1.000, P95=0.0100, mean=0.0100
[Tucker+OCSVM] AUC=0.5000 Boot: mean:0.5000 std:0.0000, CI(0.5000–0.5000) | 
[Tucker+OCSVM] R=(64, 5, 16) peak_rss_mb=2007.4 | peak_workingset_mb=9935.4 | peak_cuda_mb=130.0 | cpu_time_sec=32.61
[Tucker+AE] best_param=(1, 16) best_obj=1.0 Elapsed: 22.09
[Tucker+AE] (global) Final result Rank=(64, 5, 16) AUC=0.5607 ACC=0.804
[Tucker+AE] AUC=0.5607 Boot: mean:0.5596 std:0.0450, CI(0.4727–0.6471) | 
[Tucker+AE] R=(64, 5, 16) peak_rss_mb=2311.5 | peak_workingset_mb=9935.4 | peak_cuda_mb=130.0 | cpu_time_sec=228.16
[Tucker+IF] best_obj=0.394258 best_param: {'bootstrap': True, 'contamination': 0.05, 'max_features': 0.5, 'max_samples': 1.0, 'n_estimators': 50, 'n_jobs': -1, 'random_state': 42} Elapsed (CPU s): 284.53
[Tucker+IF] Final result rank=(64, 5, 16) AUC=0.5339 ACC=0.796 obj=0.39425802879291255| params={'bootstrap': True, 'contamination': 0.05, 'max_features': 0.5, 'max_samples': 1.0, 'n_estimators': 50, 'n_jobs': -1, 'random_state': 42} | thr=0.504576 | target_FP=0.050
[Tucker+IF] AUC=0.5339 Boot: mean:0.5325 std:0.0508, CI(0.4317–0.6348) | 
[Tucker+IF] R=(64, 5, 16) peak_rss_mb=2411.0 | peak_workingset_mb=9935.4 | peak_cuda_mb=130.0 | cpu_time_sec=289.97
Rank: 64 16 5
[Tucker only] R=(64, 16, 5) peak_rss_mb=2489.2 | peak_workingset_mb=9935.4 | peak_cuda_mb=151.5 | cpu_time_sec=94.50
[Tucker+OCSVM] (VAL one-class) chose {'gamma': 0.01, 'kernel': 'rbf', 'nu': 0.01} best_obj:(FP=1.000, P95=0.0100, mean=0.0100) Elapsed: 25.97
[Tucker+OCSVM] Final result RANK=(64, 16, 5) AUC=0.5 | ACC=0.8 | param=({'gamma': 0.01, 'kernel': 'rbf', 'nu': 0.01}) | aux=FP=1.000, P95=0.0100, mean=0.0100
[Tucker+OCSVM] AUC=0.5000 Boot: mean:0.5000 std:0.0000, CI(0.5000–0.5000) | 
[Tucker+OCSVM] R=(64, 16, 5) peak_rss_mb=2499.8 | peak_workingset_mb=9935.4 | peak_cuda_mb=130.0 | cpu_time_sec=27.05
[Tucker+AE] best_param=(1, 16) best_obj=1.0 Elapsed: 5.05
[Tucker+AE] (global) Final result Rank=(64, 16, 5) AUC=0.5714 ACC=0.8
[Tucker+AE] AUC=0.5714 Boot: mean:0.5729 std:0.0431, CI(0.4879–0.6589) | 
[Tucker+AE] R=(64, 16, 5) peak_rss_mb=2755.1 | peak_workingset_mb=9935.4 | peak_cuda_mb=130.0 | cpu_time_sec=120.66
[Tucker+IF] best_obj=0.005000 best_param: {'bootstrap': False, 'contamination': 0.05, 'max_features': 0.5, 'max_samples': 0.75, 'n_estimators': 50, 'n_jobs': -1, 'random_state': 42} Elapsed (CPU s): 201.78
[Tucker+IF] Final result rank=(64, 16, 5) AUC=0.6131 ACC=0.688 obj=0.005| params={'bootstrap': False, 'contamination': 0.05, 'max_features': 0.5, 'max_samples': 0.75, 'n_estimators': 50, 'n_jobs': -1, 'random_state': 42} | thr=0.365986 | target_FP=0.050
[Tucker+IF] AUC=0.6131 Boot: mean:0.6120 std:0.0437, CI(0.5244–0.6969) | 
[Tucker+IF] R=(64, 16, 5) peak_rss_mb=2823.5 | peak_workingset_mb=9935.4 | peak_cuda_mb=130.0 | cpu_time_sec=202.37
Rank: 64 16 16
[Tucker only] R=(64, 16, 16) peak_rss_mb=2777.3 | peak_workingset_mb=9935.4 | peak_cuda_mb=1193.7 | cpu_time_sec=4421.73
[Tucker+OCSVM] (VAL one-class) chose {'gamma': 0.01, 'kernel': 'rbf', 'nu': 0.01} best_obj:(FP=1.000, P95=0.0100, mean=0.0100) Elapsed: 29.25
[Tucker+OCSVM] Final result RANK=(64, 16, 16) AUC=0.5 | ACC=0.8 | param=({'gamma': 0.01, 'kernel': 'rbf', 'nu': 0.01}) | aux=FP=1.000, P95=0.0100, mean=0.0100
[Tucker+OCSVM] AUC=0.5000 Boot: mean:0.5000 std:0.0000, CI(0.5000–0.5000) | 
[Tucker+OCSVM] R=(64, 16, 16) peak_rss_mb=2200.6 | peak_workingset_mb=10497.3 | peak_cuda_mb=130.0 | cpu_time_sec=39.45
[Tucker+AE] best_param=(1, 16) best_obj=1.0 Elapsed: 24.25
[Tucker+AE] (global) Final result Rank=(64, 16, 16) AUC=0.5158 ACC=0.796
[Tucker+AE] AUC=0.5158 Boot: mean:0.5142 std:0.0469, CI(0.4251–0.6048) | 
[Tucker+AE] R=(64, 16, 16) peak_rss_mb=2607.7 | peak_workingset_mb=10497.3 | peak_cuda_mb=130.0 | cpu_time_sec=835.25
[Tucker+IF] best_obj=0.005000 best_param: {'bootstrap': False, 'contamination': 0.05, 'max_features': 0.5, 'max_samples': 0.5, 'n_estimators': 50, 'n_jobs': -1, 'random_state': 42} Elapsed (CPU s): 413.28
[Tucker+IF] Final result rank=(64, 16, 16) AUC=0.4958 ACC=0.676 obj=0.005| params={'bootstrap': False, 'contamination': 0.05, 'max_features': 0.5, 'max_samples': 0.5, 'n_estimators': 50, 'n_jobs': -1, 'random_state': 42} | thr=0.360776 | target_FP=0.050
[Tucker+IF] AUC=0.4958 Boot: mean:0.4948 std:0.0464, CI(0.4020–0.5870) | 
[Tucker+IF] R=(64, 16, 16) peak_rss_mb=2707.2 | peak_workingset_mb=10497.3 | peak_cuda_mb=130.0 | cpu_time_sec=423.78
Rank: 64 32 5
[Tucker only] R=(64, 32, 5) peak_rss_mb=3009.5 | peak_workingset_mb=10497.3 | peak_cuda_mb=151.7 | cpu_time_sec=118.39
[Tucker+OCSVM] (VAL one-class) chose {'gamma': 0.01, 'kernel': 'rbf', 'nu': 0.01} best_obj:(FP=1.000, P95=0.0100, mean=0.0100) Elapsed: 26.91
[Tucker+OCSVM] Final result RANK=(64, 32, 5) AUC=0.5 | ACC=0.8 | param=({'gamma': 0.01, 'kernel': 'rbf', 'nu': 0.01}) | aux=FP=1.000, P95=0.0100, mean=0.0100
[Tucker+OCSVM] AUC=0.5000 Boot: mean:0.5000 std:0.0000, CI(0.5000–0.5000) | 
[Tucker+OCSVM] R=(64, 32, 5) peak_rss_mb=3002.6 | peak_workingset_mb=10497.3 | peak_cuda_mb=130.0 | cpu_time_sec=42.73
[Tucker+AE] best_param=(1, 16) best_obj=1.0 Elapsed: 84.42
[Tucker+AE] (global) Final result Rank=(64, 32, 5) AUC=0.5165 ACC=0.796
[Tucker+AE] AUC=0.5165 Boot: mean:0.5167 std:0.0433, CI(0.4344–0.6035) | 
[Tucker+AE] R=(64, 32, 5) peak_rss_mb=3271.5 | peak_workingset_mb=10497.3 | peak_cuda_mb=130.0 | cpu_time_sec=1376.11
[Tucker+IF] best_obj=0.005000 best_param: {'bootstrap': False, 'contamination': 0.05, 'max_features': 0.5, 'max_samples': 0.5, 'n_estimators': 50, 'n_jobs': -1, 'random_state': 42} Elapsed (CPU s): 618.62
[Tucker+IF] Final result rank=(64, 32, 5) AUC=0.4137 ACC=0.648 obj=0.005| params={'bootstrap': False, 'contamination': 0.05, 'max_features': 0.5, 'max_samples': 0.5, 'n_estimators': 50, 'n_jobs': -1, 'random_state': 42} | thr=0.358075 | target_FP=0.050
[Tucker+IF] AUC=0.4137 Boot: mean:0.4142 std:0.0484, CI(0.3200–0.5105) | 
[Tucker+IF] R=(64, 32, 5) peak_rss_mb=3378.2 | peak_workingset_mb=10497.3 | peak_cuda_mb=130.0 | cpu_time_sec=631.22
Rank: 64 32 16
[Tucker only] R=(64, 32, 16) peak_rss_mb=6165.6 | peak_workingset_mb=10497.3 | peak_cuda_mb=1194.2 | cpu_time_sec=4803.77
[Tucker+OCSVM] (VAL one-class) chose {'gamma': 0.01, 'kernel': 'rbf', 'nu': 0.01} best_obj:(FP=1.000, P95=0.0100, mean=0.0100) Elapsed: 26.77
[Tucker+OCSVM] Final result RANK=(64, 32, 16) AUC=0.5 | ACC=0.8 | param=({'gamma': 0.01, 'kernel': 'rbf', 'nu': 0.01}) | aux=FP=1.000, P95=0.0100, mean=0.0100
[Tucker+OCSVM] AUC=0.5000 Boot: mean:0.5000 std:0.0000, CI(0.5000–0.5000) | 
[Tucker+OCSVM] R=(64, 32, 16) peak_rss_mb=3475.2 | peak_workingset_mb=10497.3 | peak_cuda_mb=130.0 | cpu_time_sec=37.98
[Tucker+AE] best_param=(1, 16) best_obj=1.0 Elapsed: 17.83
[Tucker+AE] (global) Final result Rank=(64, 32, 16) AUC=0.5345 ACC=0.8
[Tucker+AE] AUC=0.5345 Boot: mean:0.5362 std:0.0454, CI(0.4470–0.6235) | 
[Tucker+AE] R=(64, 32, 16) peak_rss_mb=3688.7 | peak_workingset_mb=10497.3 | peak_cuda_mb=130.0 | cpu_time_sec=410.94
[Tucker+IF] best_obj=0.005000 best_param: {'bootstrap': False, 'contamination': 0.05, 'max_features': 0.5, 'max_samples': 0.5, 'n_estimators': 50, 'n_jobs': -1, 'random_state': 42} Elapsed (CPU s): 406.47
[Tucker+IF] Final result rank=(64, 32, 16) AUC=0.5206 ACC=0.676 obj=0.005| params={'bootstrap': False, 'contamination': 0.05, 'max_features': 0.5, 'max_samples': 0.5, 'n_estimators': 50, 'n_jobs': -1, 'random_state': 42} | thr=0.333857 | target_FP=0.050
[Tucker+IF] AUC=0.5206 Boot: mean:0.5208 std:0.0479, CI(0.4257–0.6168) | 
[Tucker+IF] R=(64, 32, 16) peak_rss_mb=3807.1 | peak_workingset_mb=10497.3 | peak_cuda_mb=130.0 | cpu_time_sec=419.00
Rank: 64 64 5
[Tucker only] R=(64, 64, 5) peak_rss_mb=4150.6 | peak_workingset_mb=10497.3 | peak_cuda_mb=153.0 | cpu_time_sec=150.39
[Tucker+OCSVM] (VAL one-class) chose {'gamma': 0.01, 'kernel': 'rbf', 'nu': 0.01} best_obj:(FP=1.000, P95=0.0100, mean=0.0100) Elapsed: 30.0
[Tucker+OCSVM] Final result RANK=(64, 64, 5) AUC=0.5025 | ACC=0.8 | param=({'gamma': 0.01, 'kernel': 'rbf', 'nu': 0.01}) | aux=FP=1.000, P95=0.0100, mean=0.0100
[Tucker+OCSVM] AUC=0.5025 Boot: mean:0.5025 std:0.0025, CI(0.5000–0.5075) | 
[Tucker+OCSVM] R=(64, 64, 5) peak_rss_mb=4098.2 | peak_workingset_mb=10497.3 | peak_cuda_mb=130.0 | cpu_time_sec=44.95
[Tucker+AE] best_param=(1, 16) best_obj=1.0 Elapsed: 21.19
[Tucker+AE] (global) Final result Rank=(64, 64, 5) AUC=0.5863 ACC=0.804
[Tucker+AE] AUC=0.5863 Boot: mean:0.5873 std:0.0406, CI(0.5061–0.6666) | 
[Tucker+AE] R=(64, 64, 5) peak_rss_mb=4139.4 | peak_workingset_mb=10497.3 | peak_cuda_mb=130.0 | cpu_time_sec=381.55
[Tucker+IF] best_obj=0.039330 best_param: {'bootstrap': True, 'contamination': 0.05, 'max_features': 1.0, 'max_samples': 1.0, 'n_estimators': 50, 'n_jobs': -1, 'random_state': 42} Elapsed (CPU s): 429.3
[Tucker+IF] Final result rank=(64, 64, 5) AUC=0.5218 ACC=0.708 obj=0.03933001107419712| params={'bootstrap': True, 'contamination': 0.05, 'max_features': 1.0, 'max_samples': 1.0, 'n_estimators': 50, 'n_jobs': -1, 'random_state': 42} | thr=0.391057 | target_FP=0.050
[Tucker+IF] AUC=0.5218 Boot: mean:0.5235 std:0.0463, CI(0.4345–0.6142) | 
[Tucker+IF] R=(64, 64, 5) peak_rss_mb=4052.3 | peak_workingset_mb=10497.3 | peak_cuda_mb=130.0 | cpu_time_sec=441.17
Rank: 64 64 16
[Tucker only] R=(64, 64, 16) peak_rss_mb=5694.1 | peak_workingset_mb=10497.3 | peak_cuda_mb=1192.7 | cpu_time_sec=7805.64
[Tucker+OCSVM] (VAL one-class) chose {'gamma': 0.01, 'kernel': 'rbf', 'nu': 0.01} best_obj:(FP=1.000, P95=0.0100, mean=0.0100) Elapsed: 28.61
[Tucker+OCSVM] Final result RANK=(64, 64, 16) AUC=0.5 | ACC=0.8 | param=({'gamma': 0.01, 'kernel': 'rbf', 'nu': 0.01}) | aux=FP=1.000, P95=0.0100, mean=0.0100
[Tucker+OCSVM] AUC=0.5000 Boot: mean:0.5000 std:0.0000, CI(0.5000–0.5000) | 
[Tucker+OCSVM] R=(64, 64, 16) peak_rss_mb=1699.8 | peak_workingset_mb=10497.3 | peak_cuda_mb=130.0 | cpu_time_sec=40.45
[Tucker+AE] best_param=(1, 16) best_obj=1.0 Elapsed: 15.08
[Tucker+AE] (global) Final result Rank=(64, 64, 16) AUC=0.5112 ACC=0.8
[Tucker+AE] AUC=0.5112 Boot: mean:0.5122 std:0.0455, CI(0.4248–0.6017) | 
[Tucker+AE] R=(64, 64, 16) peak_rss_mb=2179.4 | peak_workingset_mb=10497.3 | peak_cuda_mb=130.0 | cpu_time_sec=229.09
[Tucker+IF] best_obj=0.006661 best_param: {'bootstrap': True, 'contamination': 0.05, 'max_features': 0.5, 'max_samples': 1.0, 'n_estimators': 50, 'n_jobs': -1, 'random_state': 42} Elapsed (CPU s): 377.62
[Tucker+IF] Final result rank=(64, 64, 16) AUC=0.518 ACC=0.7 obj=0.006661129568106312| params={'bootstrap': True, 'contamination': 0.05, 'max_features': 0.5, 'max_samples': 1.0, 'n_estimators': 50, 'n_jobs': -1, 'random_state': 42} | thr=0.375037 | target_FP=0.050
[Tucker+IF] AUC=0.5180 Boot: mean:0.5191 std:0.0448, CI(0.4298–0.6065) | 
[Tucker+IF] R=(64, 64, 16) peak_rss_mb=2313.2 | peak_workingset_mb=10497.3 | peak_cuda_mb=130.0 | cpu_time_sec=388.08
