TensorLy backend: PyTorch (CUDA)
Rank search
Split seed: 1
[TRAIN] N=3000, NaNs=False, Infs=False
[TRAIN] min=-4.096736, max=7.367549
[VAL] N=430, NaNs=False, Infs=False
[VAL] min=-4.064969, max=6.346356
[FINAL] N=856, NaNs=False, Infs=False
[FINAL] min=-4.064969, max=8.781508
Rank: 10
[CP only] R=10 peak_rss_mb=2014.3 | peak_workingset_mb=2014.3 | peak_cuda_mb=1235.1
[CP+OCSVM] (VAL one-class) chose {'gamma': 0.010000000000000002, 'kernel': 'rbf', 'nu': 0.01} best_obj:(FP=0.037, P95=-0.1324, mean=-2.9938) Elapsed: 2.86
[CP+OCSVM] R=10 peak_rss_mb=2051.7 | peak_workingset_mb=2051.7 | peak_cuda_mb=8.1
[CP+AE] best_param=(3, 16) best_obj=415.81976318359375 Elapsed: 5.22
[CP+AE] R=10 peak_rss_mb=2326.2 | peak_workingset_mb=2326.2 | peak_cuda_mb=8.1
[CP+IF] best_obj:0.5148268243620819 best_param: {'bootstrap': False, 'contamination': 0.05, 'max_features': 1.0, 'max_samples': 1.0, 'n_estimators': 100, 'n_jobs': -1, 'random_state': 42} Elapsed: 52.89
[CP+IF] R=10 peak_rss_mb=2329.6 | peak_workingset_mb=2329.7 | peak_cuda_mb=8.1
Rank: 15
[CP only] R=15 peak_rss_mb=2323.0 | peak_workingset_mb=2329.7 | peak_cuda_mb=1710.4
[CP+OCSVM] (VAL one-class) chose {'gamma': 0.006666666666666667, 'kernel': 'rbf', 'nu': 0.01} best_obj:(FP=0.016, P95=-0.5057, mean=-3.2703) Elapsed: 5.67
[CP+OCSVM] R=15 peak_rss_mb=2349.6 | peak_workingset_mb=2349.6 | peak_cuda_mb=8.1
[CP+AE] best_param=(3, 64) best_obj=395.8618469238281 Elapsed: 5.53
[CP+AE] R=15 peak_rss_mb=2469.0 | peak_workingset_mb=2469.1 | peak_cuda_mb=8.1
[CP+IF] best_obj:0.5017926087974791 best_param: {'bootstrap': False, 'contamination': 0.05, 'max_features': 1.0, 'max_samples': 1.0, 'n_estimators': 50, 'n_jobs': -1, 'random_state': 42} Elapsed: 50.48
[CP+IF] R=15 peak_rss_mb=2491.5 | peak_workingset_mb=2491.5 | peak_cuda_mb=8.1
Rank: 20
[CP only] R=20 peak_rss_mb=2494.6 | peak_workingset_mb=2494.6 | peak_cuda_mb=2181.1
[CP+OCSVM] (VAL one-class) chose {'gamma': 0.005000000000000001, 'kernel': 'rbf', 'nu': 0.01} best_obj:(FP=0.033, P95=-0.2025, mean=-3.3856) Elapsed: 3.17
[CP+OCSVM] R=20 peak_rss_mb=2505.7 | peak_workingset_mb=2505.7 | peak_cuda_mb=8.1
[CP+AE] best_param=(3, 64) best_obj=399.6036682128906 Elapsed: 5.27
[CP+AE] R=20 peak_rss_mb=2672.4 | peak_workingset_mb=2672.6 | peak_cuda_mb=8.1
[CP+IF] best_obj:0.5101793656634709 best_param: {'bootstrap': False, 'contamination': 0.05, 'max_features': 1.0, 'max_samples': 1.0, 'n_estimators': 100, 'n_jobs': -1, 'random_state': 42} Elapsed: 57.98
[CP+IF] R=20 peak_rss_mb=2685.7 | peak_workingset_mb=2685.7 | peak_cuda_mb=8.1
Rank: 25
[CP only] R=25 peak_rss_mb=4584.0 | peak_workingset_mb=4584.0 | peak_cuda_mb=2652.8
[CP+OCSVM] (VAL one-class) chose {'gamma': 0.004, 'kernel': 'rbf', 'nu': 0.01} best_obj:(FP=0.035, P95=-0.2395, mean=-3.1262) Elapsed: 5.83
[CP+OCSVM] R=25 peak_rss_mb=4621.2 | peak_workingset_mb=4621.2 | peak_cuda_mb=8.1
[CP+AE] best_param=(3, 64) best_obj=403.4154357910156 Elapsed: 4.67
[CP+AE] R=25 peak_rss_mb=4768.9 | peak_workingset_mb=4768.9 | peak_cuda_mb=8.1
[CP+IF] best_obj:0.505942555015335 best_param: {'bootstrap': False, 'contamination': 0.05, 'max_features': 0.75, 'max_samples': 1.0, 'n_estimators': 100, 'n_jobs': -1, 'random_state': 42} Elapsed: 55.45
[CP+IF] R=25 peak_rss_mb=4797.3 | peak_workingset_mb=4797.3 | peak_cuda_mb=8.1
Rank: 30
[CP only] R=30 peak_rss_mb=7716.2 | peak_workingset_mb=7716.2 | peak_cuda_mb=3125.1
[CP+OCSVM] (VAL one-class) chose {'gamma': 0.0033333333333333335, 'kernel': 'rbf', 'nu': 0.01} best_obj:(FP=0.033, P95=-0.2285, mean=-3.0957) Elapsed: 6.88
[CP+OCSVM] R=30 peak_rss_mb=7755.8 | peak_workingset_mb=7755.8 | peak_cuda_mb=8.1
[CP+AE] best_param=(2, 64) best_obj=386.596923828125 Elapsed: 6.33
[CP+AE] R=30 peak_rss_mb=7857.7 | peak_workingset_mb=7857.7 | peak_cuda_mb=8.1
[CP+IF] best_obj:0.4987969651157322 best_param: {'bootstrap': False, 'contamination': 0.05, 'max_features': 0.5, 'max_samples': 1.0, 'n_estimators': 100, 'n_jobs': -1, 'random_state': 42} Elapsed: 51.86
[CP+IF] R=30 peak_rss_mb=7885.4 | peak_workingset_mb=7885.5 | peak_cuda_mb=8.1
Rank: 35
[CP only] R=35 peak_rss_mb=11487.1 | peak_workingset_mb=11487.1 | peak_cuda_mb=3597.6
[CP+OCSVM] (VAL one-class) chose {'gamma': 0.002857142857142857, 'kernel': 'rbf', 'nu': 0.01} best_obj:(FP=0.030, P95=-0.2303, mean=-2.8564) Elapsed: 5.28
[CP+OCSVM] R=35 peak_rss_mb=11526.4 | peak_workingset_mb=11526.4 | peak_cuda_mb=8.1
[CP+AE] best_param=(3, 64) best_obj=386.1116027832031 Elapsed: 5.41
[CP+AE] R=35 peak_rss_mb=11686.8 | peak_workingset_mb=11686.8 | peak_cuda_mb=8.1
[CP+IF] best_obj:0.4876757465077903 best_param: {'bootstrap': False, 'contamination': 0.05, 'max_features': 1.0, 'max_samples': 1.0, 'n_estimators': 100, 'n_jobs': -1, 'random_state': 42} Elapsed: 45.72
[CP+IF] R=35 peak_rss_mb=11705.2 | peak_workingset_mb=11705.3 | peak_cuda_mb=8.1
Rank: 40
[CP only] R=40 peak_rss_mb=15666.4 | peak_workingset_mb=15666.5 | peak_cuda_mb=4072.0
[CP+OCSVM] (VAL one-class) chose {'gamma': 0.0025000000000000005, 'kernel': 'rbf', 'nu': 0.01} best_obj:(FP=0.030, P95=-0.3438, mean=-2.8459) Elapsed: 8.19
[CP+OCSVM] R=40 peak_rss_mb=15680.0 | peak_workingset_mb=15680.0 | peak_cuda_mb=8.1
[CP+AE] best_param=(2, 64) best_obj=380.21441650390625 Elapsed: 8.59
[CP+AE] R=40 peak_rss_mb=15294.4 | peak_workingset_mb=15680.0 | peak_cuda_mb=8.1
[CP+IF] best_obj:0.4783135744672433 best_param: {'bootstrap': False, 'contamination': 0.05, 'max_features': 0.75, 'max_samples': 1.0, 'n_estimators': 50, 'n_jobs': -1, 'random_state': 42} Elapsed: 44.23
[CP+IF] R=40 peak_rss_mb=15385.6 | peak_workingset_mb=15680.0 | peak_cuda_mb=8.1
Rank: 45
[CP only] R=45 peak_rss_mb=19823.2 | peak_workingset_mb=19823.2 | peak_cuda_mb=4543.7
[CP+OCSVM] (VAL one-class) chose {'gamma': 0.0022222222222222222, 'kernel': 'rbf', 'nu': 0.01} best_obj:(FP=0.040, P95=-0.3904, mean=-2.8120) Elapsed: 4.75
[CP+OCSVM] R=45 peak_rss_mb=17432.7 | peak_workingset_mb=19823.2 | peak_cuda_mb=8.1
[CP+AE] best_param=(2, 64) best_obj=397.58001708984375 Elapsed: 4.73
[CP+AE] R=45 peak_rss_mb=17563.2 | peak_workingset_mb=19823.2 | peak_cuda_mb=8.1
[CP+IF] best_obj:0.4876601684422469 best_param: {'bootstrap': False, 'contamination': 0.05, 'max_features': 0.5, 'max_samples': 1.0, 'n_estimators': 50, 'n_jobs': -1, 'random_state': 42} Elapsed: 41.92
[CP+IF] R=45 peak_rss_mb=17584.3 | peak_workingset_mb=19823.2 | peak_cuda_mb=8.1
Rank: 50
[CP only] R=50 peak_rss_mb=19402.9 | peak_workingset_mb=19823.2 | peak_cuda_mb=5015.5
[CP+OCSVM] (VAL one-class) chose {'gamma': 0.002, 'kernel': 'rbf', 'nu': 0.01} best_obj:(FP=0.033, P95=-0.4215, mean=-2.7448) Elapsed: 6.66
[CP+OCSVM] R=50 peak_rss_mb=18396.4 | peak_workingset_mb=19823.2 | peak_cuda_mb=8.1
[CP+AE] best_param=(2, 64) best_obj=394.8165283203125 Elapsed: 5.64
[CP+AE] R=50 peak_rss_mb=18528.6 | peak_workingset_mb=19823.2 | peak_cuda_mb=8.1
[CP+IF] best_obj:0.4738440673381503 best_param: {'bootstrap': False, 'contamination': 0.05, 'max_features': 1.0, 'max_samples': 1.0, 'n_estimators': 100, 'n_jobs': -1, 'random_state': 42} Elapsed: 52.55
[CP+IF] R=50 peak_rss_mb=18558.9 | peak_workingset_mb=19823.2 | peak_cuda_mb=8.1
Rank: 55
[CP only] R=55 peak_rss_mb=21700.6 | peak_workingset_mb=21700.6 | peak_cuda_mb=5487.5
[CP+OCSVM] (VAL one-class) chose {'gamma': 0.0018181818181818182, 'kernel': 'rbf', 'nu': 0.01} best_obj:(FP=0.037, P95=-0.4680, mean=-2.7236) Elapsed: 5.06
[CP+OCSVM] R=55 peak_rss_mb=18000.5 | peak_workingset_mb=21700.6 | peak_cuda_mb=8.1
[CP+AE] best_param=(3, 64) best_obj=396.8619384765625 Elapsed: 5.36
[CP+AE] R=55 peak_rss_mb=18145.7 | peak_workingset_mb=21700.6 | peak_cuda_mb=8.1
[CP+IF] best_obj:0.4725450371130623 best_param: {'bootstrap': False, 'contamination': 0.05, 'max_features': 0.75, 'max_samples': 0.5, 'n_estimators': 100, 'n_jobs': -1, 'random_state': 42} Elapsed: 42.14
[CP+IF] R=55 peak_rss_mb=18171.2 | peak_workingset_mb=21700.6 | peak_cuda_mb=8.1
Rank: 60
[CP only] R=60 peak_rss_mb=3295.5 | peak_workingset_mb=3296.2 | peak_cuda_mb=5960.0
[CP+OCSVM] (VAL one-class) chose {'gamma': 0.0016666666666666668, 'kernel': 'rbf', 'nu': 0.01} best_obj:(FP=0.035, P95=-0.2670, mean=-2.8836) Elapsed: 4.44
[CP+OCSVM] R=60 peak_rss_mb=3346.3 | peak_workingset_mb=3347.7 | peak_cuda_mb=8.1
[CP+AE] best_param=(3, 64) best_obj=410.7290954589844 Elapsed: 4.34
[CP+AE] R=60 peak_rss_mb=3607.6 | peak_workingset_mb=3607.6 | peak_cuda_mb=8.1
[CP+IF] best_obj:0.4719166938392219 best_param: {'bootstrap': False, 'contamination': 0.05, 'max_features': 0.75, 'max_samples': 1.0, 'n_estimators': 100, 'n_jobs': -1, 'random_state': 42} Elapsed: 35.97
[CP+IF] R=60 peak_rss_mb=3638.3 | peak_workingset_mb=3638.3 | peak_cuda_mb=8.1
Rank: 65
[CP only] R=65 peak_rss_mb=10159.3 | peak_workingset_mb=10159.3 | peak_cuda_mb=6432.4
[CP+OCSVM] (VAL one-class) chose {'gamma': 0.0015384615384615387, 'kernel': 'rbf', 'nu': 0.01} best_obj:(FP=0.026, P95=-0.5381, mean=-2.9569) Elapsed: 3.86
[CP+OCSVM] R=65 peak_rss_mb=10197.7 | peak_workingset_mb=10199.2 | peak_cuda_mb=8.1
[CP+AE] best_param=(2, 64) best_obj=410.2501220703125 Elapsed: 3.52
[CP+AE] R=65 peak_rss_mb=10349.8 | peak_workingset_mb=10350.0 | peak_cuda_mb=8.1
[CP+IF] best_obj:0.46243365525746205 best_param: {'bootstrap': False, 'contamination': 0.05, 'max_features': 0.5, 'max_samples': 1.0, 'n_estimators': 50, 'n_jobs': -1, 'random_state': 42} Elapsed: 35.89
[CP+IF] R=65 peak_rss_mb=10376.6 | peak_workingset_mb=10376.6 | peak_cuda_mb=8.1
Rank: 70
[CP only] R=70 peak_rss_mb=17500.3 | peak_workingset_mb=17500.3 | peak_cuda_mb=6906.4
[CP+OCSVM] (VAL one-class) chose {'gamma': 0.0014285714285714286, 'kernel': 'rbf', 'nu': 0.01} best_obj:(FP=0.030, P95=-0.3449, mean=-2.8354) Elapsed: 4.31
[CP+OCSVM] R=70 peak_rss_mb=17539.8 | peak_workingset_mb=17541.4 | peak_cuda_mb=8.1
[CP+AE] best_param=(2, 64) best_obj=403.0124816894531 Elapsed: 3.77
[CP+AE] R=70 peak_rss_mb=17660.5 | peak_workingset_mb=17660.5 | peak_cuda_mb=8.1
[CP+IF] best_obj:0.46660428145915567 best_param: {'bootstrap': False, 'contamination': 0.05, 'max_features': 0.75, 'max_samples': 1.0, 'n_estimators': 100, 'n_jobs': -1, 'random_state': 42} Elapsed: 35.67
[CP+IF] R=70 peak_rss_mb=17692.7 | peak_workingset_mb=17692.7 | peak_cuda_mb=8.1
Rank: 75
[CP only] R=75 peak_rss_mb=25188.6 | peak_workingset_mb=25188.6 | peak_cuda_mb=7378.1
[CP+OCSVM] (VAL one-class) chose {'gamma': 0.0013333333333333335, 'kernel': 'rbf', 'nu': 0.01} best_obj:(FP=0.033, P95=-0.3992, mean=-2.9387) Elapsed: 5.16
[CP+OCSVM] R=75 peak_rss_mb=25228.8 | peak_workingset_mb=25230.6 | peak_cuda_mb=8.1
[CP+AE] best_param=(2, 64) best_obj=411.3943176269531 Elapsed: 3.67
[CP+AE] R=75 peak_rss_mb=25370.3 | peak_workingset_mb=25370.3 | peak_cuda_mb=8.1
[CP+IF] best_obj:0.46981040410029684 best_param: {'bootstrap': False, 'contamination': 0.05, 'max_features': 0.75, 'max_samples': 1.0, 'n_estimators': 50, 'n_jobs': -1, 'random_state': 42} Elapsed: 35.64
[CP+IF] R=75 peak_rss_mb=25400.1 | peak_workingset_mb=25400.1 | peak_cuda_mb=8.1
Rank: 80
[CP only] R=80 peak_rss_mb=33371.4 | peak_workingset_mb=33371.4 | peak_cuda_mb=7849.8
[CP+OCSVM] (VAL one-class) chose {'gamma': 0.00375, 'kernel': 'rbf', 'nu': 0.01} best_obj:(FP=0.028, P95=-0.2471, mean=-2.5071) Elapsed: 4.23
[CP+OCSVM] R=80 peak_rss_mb=33409.2 | peak_workingset_mb=33411.1 | peak_cuda_mb=8.1
[CP+AE] best_param=(3, 64) best_obj=418.67266845703125 Elapsed: 4.16
[CP+AE] R=80 peak_rss_mb=33546.5 | peak_workingset_mb=33546.7 | peak_cuda_mb=8.1
[CP+IF] best_obj:0.4669036280649128 best_param: {'bootstrap': False, 'contamination': 0.05, 'max_features': 0.75, 'max_samples': 1.0, 'n_estimators': 50, 'n_jobs': -1, 'random_state': 42} Elapsed: 37.73
[CP+IF] R=80 peak_rss_mb=33577.7 | peak_workingset_mb=33577.7 | peak_cuda_mb=8.1
Rank: 85
[CP only] R=85 peak_rss_mb=35010.2 | peak_workingset_mb=35053.4 | peak_cuda_mb=8322.3
[CP+OCSVM] (VAL one-class) chose {'gamma': 0.0011764705882352942, 'kernel': 'rbf', 'nu': 0.01} best_obj:(FP=0.028, P95=-0.5512, mean=-2.9436) Elapsed: 4.94
[CP+OCSVM] R=85 peak_rss_mb=8718.9 | peak_workingset_mb=35053.4 | peak_cuda_mb=8.1
[CP+AE] best_param=(2, 64) best_obj=413.65032958984375 Elapsed: 3.66
[CP+AE] R=85 peak_rss_mb=8851.1 | peak_workingset_mb=35053.4 | peak_cuda_mb=8.1
[CP+IF] best_obj:0.4664126145740398 best_param: {'bootstrap': False, 'contamination': 0.05, 'max_features': 1.0, 'max_samples': 1.0, 'n_estimators': 100, 'n_jobs': -1, 'random_state': 42} Elapsed: 36.84
[CP+IF] R=85 peak_rss_mb=8885.3 | peak_workingset_mb=35053.4 | peak_cuda_mb=8.1
Rank: 90
[CP only] R=90 peak_rss_mb=17721.2 | peak_workingset_mb=35053.4 | peak_cuda_mb=8794.8
[CP+OCSVM] (VAL one-class) chose {'gamma': 0.0011111111111111111, 'kernel': 'rbf', 'nu': 0.01} best_obj:(FP=0.030, P95=-0.4616, mean=-2.8992) Elapsed: 4.86
[CP+OCSVM] R=90 peak_rss_mb=17759.6 | peak_workingset_mb=35053.4 | peak_cuda_mb=8.1
[CP+AE] best_param=(2, 64) best_obj=418.0436096191406 Elapsed: 3.66
[CP+AE] R=90 peak_rss_mb=17890.2 | peak_workingset_mb=35053.4 | peak_cuda_mb=8.1
[CP+IF] best_obj:0.4629057664214446 best_param: {'bootstrap': False, 'contamination': 0.05, 'max_features': 1.0, 'max_samples': 1.0, 'n_estimators': 100, 'n_jobs': -1, 'random_state': 42} Elapsed: 37.94
[CP+IF] R=90 peak_rss_mb=17923.6 | peak_workingset_mb=35053.4 | peak_cuda_mb=8.1
Rank: 95
[CP only] R=95 peak_rss_mb=27481.9 | peak_workingset_mb=35053.4 | peak_cuda_mb=9269.0
[CP+OCSVM] (VAL one-class) chose {'gamma': 0.0010526315789473684, 'kernel': 'rbf', 'nu': 0.01} best_obj:(FP=0.030, P95=-0.5594, mean=-2.9146) Elapsed: 5.44
[CP+OCSVM] R=95 peak_rss_mb=27522.9 | peak_workingset_mb=35053.4 | peak_cuda_mb=8.1
[CP+AE] best_param=(2, 64) best_obj=414.4984130859375 Elapsed: 3.62
[CP+AE] R=95 peak_rss_mb=27658.3 | peak_workingset_mb=35053.4 | peak_cuda_mb=8.1
[CP+IF] best_obj:0.4512547684037677 best_param: {'bootstrap': False, 'contamination': 0.05, 'max_features': 0.75, 'max_samples': 1.0, 'n_estimators': 100, 'n_jobs': -1, 'random_state': 42} Elapsed: 37.92
[CP+IF] R=95 peak_rss_mb=27695.1 | peak_workingset_mb=35053.4 | peak_cuda_mb=8.1
Rank: 100
[CP only] R=100 peak_rss_mb=38198.3 | peak_workingset_mb=38198.3 | peak_cuda_mb=9740.7
[CP+OCSVM] (VAL one-class) chose {'gamma': 0.001, 'kernel': 'rbf', 'nu': 0.01} best_obj:(FP=0.030, P95=-0.5377, mean=-2.9358) Elapsed: 4.7
[CP+OCSVM] R=100 peak_rss_mb=38238.8 | peak_workingset_mb=38241.0 | peak_cuda_mb=8.1
[CP+AE] best_param=(2, 64) best_obj=417.22900390625 Elapsed: 3.83
[CP+AE] R=100 peak_rss_mb=38372.4 | peak_workingset_mb=38372.6 | peak_cuda_mb=8.1
[CP+IF] best_obj:0.4542774742497312 best_param: {'bootstrap': False, 'contamination': 0.05, 'max_features': 0.5, 'max_samples': 1.0, 'n_estimators': 50, 'n_jobs': -1, 'random_state': 42} Elapsed: 38.58
[CP+IF] R=100 peak_rss_mb=38406.1 | peak_workingset_mb=38406.1 | peak_cuda_mb=8.1
Rank: 105
[CP only] R=105 peak_rss_mb=39407.3 | peak_workingset_mb=39431.3 | peak_cuda_mb=10212.4
[CP+OCSVM] (VAL one-class) chose {'gamma': 0.0009523809523809525, 'kernel': 'rbf', 'nu': 0.01} best_obj:(FP=0.030, P95=-0.5781, mean=-2.9006) Elapsed: 5.02
[CP+OCSVM] R=105 peak_rss_mb=14226.9 | peak_workingset_mb=39431.3 | peak_cuda_mb=8.1
[CP+AE] best_param=(3, 64) best_obj=415.9185485839844 Elapsed: 4.27
[CP+AE] R=105 peak_rss_mb=14407.6 | peak_workingset_mb=39431.3 | peak_cuda_mb=8.1
[CP+IF] best_obj:0.46008231719184906 best_param: {'bootstrap': False, 'contamination': 0.05, 'max_features': 0.75, 'max_samples': 1.0, 'n_estimators': 200, 'n_jobs': -1, 'random_state': 42} Elapsed: 37.77
[CP+IF] R=105 peak_rss_mb=14454.0 | peak_workingset_mb=39431.3 | peak_cuda_mb=8.1
Rank: 110
[CP only] R=110 peak_rss_mb=25312.5 | peak_workingset_mb=39431.3 | peak_cuda_mb=10684.7
[CP+OCSVM] (VAL one-class) chose {'gamma': 0.0009090909090909091, 'kernel': 'rbf', 'nu': 0.01} best_obj:(FP=0.033, P95=-0.5843, mean=-2.8455) Elapsed: 5.34
[CP+OCSVM] R=110 peak_rss_mb=25354.0 | peak_workingset_mb=39431.3 | peak_cuda_mb=8.1
[CP+AE] best_param=(2, 64) best_obj=415.73187255859375 Elapsed: 3.86
[CP+AE] R=110 peak_rss_mb=25440.2 | peak_workingset_mb=39431.3 | peak_cuda_mb=8.1
[CP+IF] best_obj:0.45516514141871506 best_param: {'bootstrap': False, 'contamination': 0.05, 'max_features': 0.75, 'max_samples': 1.0, 'n_estimators': 100, 'n_jobs': -1, 'random_state': 42} Elapsed: 38.36
[CP+IF] R=110 peak_rss_mb=25476.4 | peak_workingset_mb=39431.3 | peak_cuda_mb=8.1
Rank: 115
[CP only] R=115 peak_rss_mb=37594.2 | peak_workingset_mb=39431.3 | peak_cuda_mb=11157.2
[CP+OCSVM] (VAL one-class) chose {'gamma': 0.0008695652173913044, 'kernel': 'rbf', 'nu': 0.01} best_obj:(FP=0.026, P95=-0.6371, mean=-2.9421) Elapsed: 4.77
[CP+OCSVM] R=115 peak_rss_mb=37635.1 | peak_workingset_mb=39431.3 | peak_cuda_mb=8.1
[CP+AE] best_param=(2, 64) best_obj=409.75946044921875 Elapsed: 3.69
[CP+AE] R=115 peak_rss_mb=37757.1 | peak_workingset_mb=39431.3 | peak_cuda_mb=8.1
[CP+IF] best_obj:0.4511746501584342 best_param: {'bootstrap': False, 'contamination': 0.05, 'max_features': 0.5, 'max_samples': 1.0, 'n_estimators': 100, 'n_jobs': -1, 'random_state': 42} Elapsed: 40.27
[CP+IF] R=115 peak_rss_mb=37796.8 | peak_workingset_mb=39431.3 | peak_cuda_mb=8.1
Rank: 120
[CP only] R=120 peak_rss_mb=41302.3 | peak_workingset_mb=41313.8 | peak_cuda_mb=11631.6
[CP+OCSVM] (VAL one-class) chose {'gamma': 0.0008333333333333334, 'kernel': 'rbf', 'nu': 0.01} best_obj:(FP=0.030, P95=-0.8219, mean=-2.9687) Elapsed: 4.95
[CP+OCSVM] R=120 peak_rss_mb=18763.9 | peak_workingset_mb=41313.8 | peak_cuda_mb=8.1
[CP+AE] best_param=(3, 64) best_obj=411.7147521972656 Elapsed: 4.17
[CP+AE] R=120 peak_rss_mb=18939.6 | peak_workingset_mb=41313.8 | peak_cuda_mb=8.1
[CP+IF] best_obj:0.45070332733240154 best_param: {'bootstrap': False, 'contamination': 0.05, 'max_features': 1.0, 'max_samples': 1.0, 'n_estimators': 50, 'n_jobs': -1, 'random_state': 42} Elapsed: 43.91
[CP+IF] R=120 peak_rss_mb=18986.5 | peak_workingset_mb=41313.8 | peak_cuda_mb=8.1
Rank: 125
[CP only] R=125 peak_rss_mb=31716.2 | peak_workingset_mb=41313.8 | peak_cuda_mb=12103.3
[CP+OCSVM] (VAL one-class) chose {'gamma': 0.0008, 'kernel': 'rbf', 'nu': 0.01} best_obj:(FP=0.028, P95=-0.5889, mean=-2.9012) Elapsed: 5.61
[CP+OCSVM] R=125 peak_rss_mb=31758.8 | peak_workingset_mb=41313.8 | peak_cuda_mb=8.1
[CP+AE] best_param=(3, 64) best_obj=413.96246337890625 Elapsed: 4.11
[CP+AE] R=125 peak_rss_mb=31941.4 | peak_workingset_mb=41313.8 | peak_cuda_mb=8.1
[CP+IF] best_obj:0.45110591360054975 best_param: {'bootstrap': False, 'contamination': 0.05, 'max_features': 1.0, 'max_samples': 1.0, 'n_estimators': 200, 'n_jobs': -1, 'random_state': 42} Elapsed: 44.11
[CP+IF] R=125 peak_rss_mb=31994.7 | peak_workingset_mb=41313.8 | peak_cuda_mb=8.1
Rank: 130
[CP only] R=130 peak_rss_mb=44964.7 | peak_workingset_mb=44964.7 | peak_cuda_mb=12575.1
[CP+OCSVM] (VAL one-class) chose {'gamma': 0.0007692307692307693, 'kernel': 'rbf', 'nu': 0.01} best_obj:(FP=0.033, P95=-0.5815, mean=-2.8857) Elapsed: 5.08
[CP+OCSVM] R=130 peak_rss_mb=44827.1 | peak_workingset_mb=44964.7 | peak_cuda_mb=8.1
[CP+AE] best_param=(3, 64) best_obj=411.70648193359375 Elapsed: 4.23
[CP+AE] R=130 peak_rss_mb=44890.5 | peak_workingset_mb=44964.7 | peak_cuda_mb=8.1
[CP+IF] best_obj:0.4509745117031571 best_param: {'bootstrap': False, 'contamination': 0.05, 'max_features': 0.5, 'max_samples': 1.0, 'n_estimators': 50, 'n_jobs': -1, 'random_state': 42} Elapsed: 45.33
[CP+IF] R=130 peak_rss_mb=44942.5 | peak_workingset_mb=44964.7 | peak_cuda_mb=8.1
Rank: 135
[CP only] R=135 peak_rss_mb=45773.5 | peak_workingset_mb=45800.0 | peak_cuda_mb=13047.0
[CP+OCSVM] (VAL one-class) chose {'gamma': 0.0007407407407407408, 'kernel': 'rbf', 'nu': 0.01} best_obj:(FP=0.030, P95=-0.6431, mean=-2.9006) Elapsed: 5.48
[CP+OCSVM] R=135 peak_rss_mb=23295.0 | peak_workingset_mb=45800.0 | peak_cuda_mb=8.1
[CP+AE] best_param=(3, 64) best_obj=408.7734375 Elapsed: 4.28
[CP+AE] R=135 peak_rss_mb=23442.7 | peak_workingset_mb=45800.0 | peak_cuda_mb=8.1
[CP+IF] best_obj:0.4491688817083156 best_param: {'bootstrap': False, 'contamination': 0.05, 'max_features': 0.5, 'max_samples': 1.0, 'n_estimators': 100, 'n_jobs': -1, 'random_state': 42} Elapsed: 46.44
[CP+IF] R=135 peak_rss_mb=23493.7 | peak_workingset_mb=45800.0 | peak_cuda_mb=8.1
Rank: 140
[CP only] R=140 peak_rss_mb=37561.3 | peak_workingset_mb=45800.0 | peak_cuda_mb=13519.5
[CP+OCSVM] (VAL one-class) chose {'gamma': 0.0007142857142857143, 'kernel': 'rbf', 'nu': 0.01} best_obj:(FP=0.028, P95=-0.6180, mean=-2.9129) Elapsed: 5.94
[CP+OCSVM] R=140 peak_rss_mb=37605.1 | peak_workingset_mb=45800.0 | peak_cuda_mb=8.1
[CP+AE] best_param=(3, 64) best_obj=409.63067626953125 Elapsed: 4.64
[CP+AE] R=140 peak_rss_mb=37680.6 | peak_workingset_mb=45800.0 | peak_cuda_mb=8.1
[CP+IF] best_obj:0.45112455623997766 best_param: {'bootstrap': False, 'contamination': 0.05, 'max_features': 1.0, 'max_samples': 1.0, 'n_estimators': 200, 'n_jobs': -1, 'random_state': 42} Elapsed: 46.28
[CP+IF] R=140 peak_rss_mb=37742.2 | peak_workingset_mb=45800.0 | peak_cuda_mb=8.1
Rank: 145
[CP only] R=145 peak_rss_mb=45093.0 | peak_workingset_mb=45800.0 | peak_cuda_mb=13992.0
[CP+OCSVM] (VAL one-class) chose {'gamma': 0.0006896551724137932, 'kernel': 'rbf', 'nu': 0.01} best_obj:(FP=0.030, P95=-0.6973, mean=-2.9253) Elapsed: 5.69
[CP+OCSVM] R=145 peak_rss_mb=25991.6 | peak_workingset_mb=45800.0 | peak_cuda_mb=8.1
[CP+AE] best_param=(2, 64) best_obj=413.5372009277344 Elapsed: 4.28
[CP+AE] R=145 peak_rss_mb=26151.7 | peak_workingset_mb=45800.0 | peak_cuda_mb=8.1
[CP+IF] best_obj:0.4429149272573619 best_param: {'bootstrap': False, 'contamination': 0.05, 'max_features': 0.5, 'max_samples': 1.0, 'n_estimators': 100, 'n_jobs': -1, 'random_state': 42} Elapsed: 46.78
[CP+IF] R=145 peak_rss_mb=26206.0 | peak_workingset_mb=45800.0 | peak_cuda_mb=8.1
Rank: 150
[CP only] R=150 peak_rss_mb=41309.2 | peak_workingset_mb=45800.0 | peak_cuda_mb=14466.0
[CP+OCSVM] (VAL one-class) chose {'gamma': 0.0006666666666666668, 'kernel': 'rbf', 'nu': 0.01} best_obj:(FP=0.033, P95=-0.6528, mean=-2.8975) Elapsed: 5.89
[CP+OCSVM] R=150 peak_rss_mb=41354.0 | peak_workingset_mb=45800.0 | peak_cuda_mb=8.1
[CP+AE] best_param=(3, 64) best_obj=409.7750244140625 Elapsed: 4.84
[CP+AE] R=150 peak_rss_mb=41535.8 | peak_workingset_mb=45800.0 | peak_cuda_mb=8.1
[CP+IF] best_obj:0.4430950600050675 best_param: {'bootstrap': False, 'contamination': 0.05, 'max_features': 0.5, 'max_samples': 1.0, 'n_estimators': 100, 'n_jobs': -1, 'random_state': 42} Elapsed: 47.34
[CP+IF] R=150 peak_rss_mb=41587.4 | peak_workingset_mb=45800.0 | peak_cuda_mb=8.1
Rank: 155
[CP only] R=155 peak_rss_mb=45899.8 | peak_workingset_mb=45905.7 | peak_cuda_mb=14937.7
[CP+OCSVM] (VAL one-class) chose {'gamma': 0.0006451612903225806, 'kernel': 'rbf', 'nu': 0.01} best_obj:(FP=0.033, P95=-0.6744, mean=-2.9240) Elapsed: 6.38
[CP+OCSVM] R=155 peak_rss_mb=25492.4 | peak_workingset_mb=45905.7 | peak_cuda_mb=8.1
[CP+AE] best_param=(2, 64) best_obj=410.1195373535156 Elapsed: 4.44
[CP+AE] R=155 peak_rss_mb=25683.4 | peak_workingset_mb=45905.7 | peak_cuda_mb=8.1
[CP+IF] best_obj:0.44541962679916036 best_param: {'bootstrap': False, 'contamination': 0.05, 'max_features': 0.5, 'max_samples': 1.0, 'n_estimators': 100, 'n_jobs': -1, 'random_state': 42} Elapsed: 52.66
[CP+IF] R=155 peak_rss_mb=25737.5 | peak_workingset_mb=45905.7 | peak_cuda_mb=8.1
Rank: 160
[CP only] R=160 peak_rss_mb=41772.1 | peak_workingset_mb=45905.7 | peak_cuda_mb=15409.5
[CP+OCSVM] (VAL one-class) chose {'gamma': 0.0006250000000000001, 'kernel': 'rbf', 'nu': 0.01} best_obj:(FP=0.033, P95=-0.4848, mean=-2.9091) Elapsed: 5.67
[CP+OCSVM] R=160 peak_rss_mb=41817.4 | peak_workingset_mb=45905.7 | peak_cuda_mb=8.1
[CP+AE] best_param=(3, 64) best_obj=412.274169921875 Elapsed: 6.02
[CP+AE] R=160 peak_rss_mb=41882.3 | peak_workingset_mb=45905.7 | peak_cuda_mb=8.1
[CP+IF] best_obj:0.4462938248486786 best_param: {'bootstrap': False, 'contamination': 0.05, 'max_features': 1.0, 'max_samples': 1.0, 'n_estimators': 100, 'n_jobs': -1, 'random_state': 42} Elapsed: 50.56
[CP+IF] R=160 peak_rss_mb=41939.9 | peak_workingset_mb=45905.7 | peak_cuda_mb=8.1
Rank: 165
[CP only] R=165 peak_rss_mb=45452.6 | peak_workingset_mb=45905.7 | peak_cuda_mb=15881.9
[CP+OCSVM] (VAL one-class) chose {'gamma': 0.0006060606060606061, 'kernel': 'rbf', 'nu': 0.01} best_obj:(FP=0.028, P95=-0.5207, mean=-2.8973) Elapsed: 5.95
[CP+OCSVM] R=165 peak_rss_mb=28973.8 | peak_workingset_mb=45905.7 | peak_cuda_mb=8.1
[CP+AE] best_param=(3, 64) best_obj=415.640380859375 Elapsed: 5.27
[CP+AE] R=165 peak_rss_mb=29077.3 | peak_workingset_mb=45905.7 | peak_cuda_mb=8.1
[CP+IF] best_obj:0.44616413093197865 best_param: {'bootstrap': False, 'contamination': 0.05, 'max_features': 1.0, 'max_samples': 1.0, 'n_estimators': 50, 'n_jobs': -1, 'random_state': 42} Elapsed: 52.27
[CP+IF] R=165 peak_rss_mb=29137.4 | peak_workingset_mb=45905.7 | peak_cuda_mb=8.1
Rank: 170
[CP only] R=170 peak_rss_mb=45691.9 | peak_workingset_mb=45905.7 | peak_cuda_mb=16354.4
[CP+OCSVM] (VAL one-class) chose {'gamma': 0.0005882352941176471, 'kernel': 'rbf', 'nu': 0.01} best_obj:(FP=0.026, P95=-0.4921, mean=-2.8877) Elapsed: 6.41
[CP+OCSVM] R=170 peak_rss_mb=45737.9 | peak_workingset_mb=45905.7 | peak_cuda_mb=8.1
[CP+AE] best_param=(2, 64) best_obj=412.3316650390625 Elapsed: 4.7
[CP+AE] R=170 peak_rss_mb=45900.4 | peak_workingset_mb=45905.7 | peak_cuda_mb=8.1
[CP+IF] best_obj:0.440411990010683 best_param: {'bootstrap': False, 'contamination': 0.05, 'max_features': 0.5, 'max_samples': 1.0, 'n_estimators': 100, 'n_jobs': -1, 'random_state': 42} Elapsed: 49.58
[CP+IF] R=170 peak_rss_mb=45919.0 | peak_workingset_mb=45919.0 | peak_cuda_mb=8.1
Rank: 175
[CP only] R=175 peak_rss_mb=47933.6 | peak_workingset_mb=47964.4 | peak_cuda_mb=16828.6
[CP+OCSVM] (VAL one-class) chose {'gamma': 0.0005714285714285715, 'kernel': 'rbf', 'nu': 0.01} best_obj:(FP=0.026, P95=-0.5617, mean=-2.9222) Elapsed: 6.89
[CP+OCSVM] R=175 peak_rss_mb=31059.0 | peak_workingset_mb=47964.4 | peak_cuda_mb=8.1
[CP+AE] best_param=(2, 64) best_obj=415.4831848144531 Elapsed: 4.91
[CP+AE] R=175 peak_rss_mb=31134.7 | peak_workingset_mb=47964.4 | peak_cuda_mb=8.1
[CP+IF] best_obj:0.44124316323308543 best_param: {'bootstrap': False, 'contamination': 0.05, 'max_features': 0.5, 'max_samples': 1.0, 'n_estimators': 100, 'n_jobs': -1, 'random_state': 42} Elapsed: 51.16
[CP+IF] R=175 peak_rss_mb=31197.8 | peak_workingset_mb=47964.4 | peak_cuda_mb=8.1
Rank: 180
[CP only] R=180 peak_rss_mb=48060.2 | peak_workingset_mb=48062.0 | peak_cuda_mb=17300.4
[CP+OCSVM] (VAL one-class) chose {'gamma': 0.0005555555555555556, 'kernel': 'rbf', 'nu': 0.01} best_obj:(FP=0.028, P95=-0.5554, mean=-2.9093) Elapsed: 6.88
[CP+OCSVM] R=180 peak_rss_mb=39291.3 | peak_workingset_mb=48062.0 | peak_cuda_mb=8.1
[CP+AE] best_param=(2, 64) best_obj=418.7613525390625 Elapsed: 4.36
[CP+AE] R=180 peak_rss_mb=39300.9 | peak_workingset_mb=48062.0 | peak_cuda_mb=8.1
[CP+IF] best_obj:0.44053681556238133 best_param: {'bootstrap': False, 'contamination': 0.05, 'max_features': 0.75, 'max_samples': 1.0, 'n_estimators': 100, 'n_jobs': -1, 'random_state': 42} Elapsed: 61.52
[CP+IF] R=180 peak_rss_mb=39227.8 | peak_workingset_mb=48062.0 | peak_cuda_mb=8.1
Rank: 185
[CP only] R=185 peak_rss_mb=35793.4 | peak_workingset_mb=48062.0 | peak_cuda_mb=17772.1
[CP+OCSVM] (VAL one-class) chose {'gamma': 0.0005405405405405405, 'kernel': 'rbf', 'nu': 0.01} best_obj:(FP=0.028, P95=-0.4816, mean=-2.8944) Elapsed: 6.83
[CP+OCSVM] R=185 peak_rss_mb=30915.2 | peak_workingset_mb=48062.0 | peak_cuda_mb=8.1
[CP+AE] best_param=(3, 64) best_obj=422.7174072265625 Elapsed: 5.27
[CP+AE] R=185 peak_rss_mb=31174.6 | peak_workingset_mb=48062.0 | peak_cuda_mb=8.1
[CP+IF] best_obj:0.4446727832228386 best_param: {'bootstrap': False, 'contamination': 0.05, 'max_features': 0.75, 'max_samples': 1.0, 'n_estimators': 100, 'n_jobs': -1, 'random_state': 42} Elapsed: 55.95
[CP+IF] R=185 peak_rss_mb=31225.4 | peak_workingset_mb=48062.0 | peak_cuda_mb=8.1
Rank: 190
[CP only] R=190 peak_rss_mb=48956.5 | peak_workingset_mb=48960.1 | peak_cuda_mb=18244.3
[CP+OCSVM] (VAL one-class) chose {'gamma': 0.0005263157894736842, 'kernel': 'rbf', 'nu': 0.01} best_obj:(FP=0.028, P95=-0.3522, mean=-2.9056) Elapsed: 7.27
[CP+OCSVM] R=190 peak_rss_mb=18201.8 | peak_workingset_mb=48960.1 | peak_cuda_mb=8.1
[CP+AE] best_param=(3, 64) best_obj=417.75885009765625 Elapsed: 5.36
[CP+AE] R=190 peak_rss_mb=18413.6 | peak_workingset_mb=48960.1 | peak_cuda_mb=8.1
[CP+IF] best_obj:0.4444895938922355 best_param: {'bootstrap': False, 'contamination': 0.05, 'max_features': 1.0, 'max_samples': 1.0, 'n_estimators': 100, 'n_jobs': -1, 'random_state': 42} Elapsed: 56.94
[CP+IF] R=190 peak_rss_mb=18408.5 | peak_workingset_mb=48960.1 | peak_cuda_mb=8.1
Rank: 195
[CP only] R=195 peak_rss_mb=31798.6 | peak_workingset_mb=48960.1 | peak_cuda_mb=18716.8
[CP+OCSVM] (VAL one-class) chose {'gamma': 0.0005128205128205128, 'kernel': 'rbf', 'nu': 0.01} best_obj:(FP=0.030, P95=-0.3786, mean=-2.8885) Elapsed: 6.38
[CP+OCSVM] R=195 peak_rss_mb=31851.3 | peak_workingset_mb=48960.1 | peak_cuda_mb=8.1
[CP+AE] best_param=(2, 64) best_obj=417.5324401855469 Elapsed: 4.42
[CP+AE] R=195 peak_rss_mb=32116.9 | peak_workingset_mb=48960.1 | peak_cuda_mb=8.1
[CP+IF] best_obj:0.438653972785602 best_param: {'bootstrap': False, 'contamination': 0.05, 'max_features': 1.0, 'max_samples': 1.0, 'n_estimators': 100, 'n_jobs': -1, 'random_state': 42} Elapsed: 59.23
[CP+IF] R=195 peak_rss_mb=32168.4 | peak_workingset_mb=48960.1 | peak_cuda_mb=8.1
Rank: 200
[CP only] R=200 peak_rss_mb=42129.5 | peak_workingset_mb=48960.1 | peak_cuda_mb=19191.3
[CP+OCSVM] (VAL one-class) chose {'gamma': 0.0005, 'kernel': 'rbf', 'nu': 0.01} best_obj:(FP=0.026, P95=-0.4206, mean=-2.8625) Elapsed: 6.42
[CP+OCSVM] R=200 peak_rss_mb=33783.7 | peak_workingset_mb=48960.1 | peak_cuda_mb=8.1
[CP+AE] best_param=(2, 64) best_obj=411.1925048828125 Elapsed: 4.23
[CP+AE] R=200 peak_rss_mb=33986.6 | peak_workingset_mb=48960.1 | peak_cuda_mb=8.1
[CP+IF] best_obj:0.4458780960648871 best_param: {'bootstrap': False, 'contamination': 0.05, 'max_features': 0.75, 'max_samples': 0.75, 'n_estimators': 50, 'n_jobs': -1, 'random_state': 42} Elapsed: 58.67
[CP+IF] R=200 peak_rss_mb=34032.7 | peak_workingset_mb=48960.1 | peak_cuda_mb=8.1
Rank: 205
[CP only] R=205 peak_rss_mb=44229.4 | peak_workingset_mb=48960.1 | peak_cuda_mb=19663.0
[CP+OCSVM] (VAL one-class) chose {'gamma': 0.0004878048780487805, 'kernel': 'rbf', 'nu': 0.01} best_obj:(FP=0.026, P95=-0.3471, mean=-2.8577) Elapsed: 7.92
[CP+OCSVM] R=205 peak_rss_mb=35677.2 | peak_workingset_mb=48960.1 | peak_cuda_mb=8.1
[CP+AE] best_param=(2, 64) best_obj=421.16436767578125 Elapsed: 4.91
[CP+AE] R=205 peak_rss_mb=35905.8 | peak_workingset_mb=48960.1 | peak_cuda_mb=8.1
[CP+IF] best_obj:0.441974492325487 best_param: {'bootstrap': False, 'contamination': 0.05, 'max_features': 0.5, 'max_samples': 1.0, 'n_estimators': 200, 'n_jobs': -1, 'random_state': 42} Elapsed: 58.05
[CP+IF] R=205 peak_rss_mb=35961.2 | peak_workingset_mb=48960.1 | peak_cuda_mb=8.1
Rank: 210
[CP only] R=210 peak_rss_mb=46252.5 | peak_workingset_mb=48960.1 | peak_cuda_mb=20134.7
[CP+OCSVM] (VAL one-class) chose {'gamma': 0.00047619047619047624, 'kernel': 'rbf', 'nu': 0.01} best_obj:(FP=0.026, P95=-0.4125, mean=-2.8643) Elapsed: 7.69
[CP+OCSVM] R=210 peak_rss_mb=42131.9 | peak_workingset_mb=48960.1 | peak_cuda_mb=8.1
[CP+AE] best_param=(3, 64) best_obj=420.9599609375 Elapsed: 5.94
[CP+AE] R=210 peak_rss_mb=42205.0 | peak_workingset_mb=48960.1 | peak_cuda_mb=8.1
[CP+IF] best_obj:0.4456198045703745 best_param: {'bootstrap': False, 'contamination': 0.05, 'max_features': 0.5, 'max_samples': 1.0, 'n_estimators': 100, 'n_jobs': -1, 'random_state': 42} Elapsed: 61.22
[CP+IF] R=210 peak_rss_mb=42250.3 | peak_workingset_mb=48960.1 | peak_cuda_mb=8.1
Rank: 215
[CP only] R=215 peak_rss_mb=49585.7 | peak_workingset_mb=49591.2 | peak_cuda_mb=20606.7
[CP+OCSVM] (VAL one-class) chose {'gamma': 0.00046511627906976747, 'kernel': 'rbf', 'nu': 0.01} best_obj:(FP=0.030, P95=-0.3517, mean=-2.8608) Elapsed: 7.47
[CP+OCSVM] R=215 peak_rss_mb=41463.7 | peak_workingset_mb=49591.2 | peak_cuda_mb=8.1
[CP+AE] best_param=(3, 64) best_obj=420.87127685546875 Elapsed: 5.73
[CP+AE] R=215 peak_rss_mb=41658.7 | peak_workingset_mb=49591.2 | peak_cuda_mb=8.1
[CP+IF] best_obj:0.4462211188767505 best_param: {'bootstrap': False, 'contamination': 0.05, 'max_features': 1.0, 'max_samples': 1.0, 'n_estimators': 100, 'n_jobs': -1, 'random_state': 42} Elapsed: 61.48
[CP+IF] R=215 peak_rss_mb=41714.8 | peak_workingset_mb=49591.2 | peak_cuda_mb=8.1
Rank: 220
[CP only] R=220 peak_rss_mb=50629.8 | peak_workingset_mb=50632.8 | peak_cuda_mb=21079.2
[CP+OCSVM] (VAL one-class) chose {'gamma': 0.00045454545454545455, 'kernel': 'rbf', 'nu': 0.01} best_obj:(FP=0.023, P95=-0.3541, mean=-2.8616) Elapsed: 7.75
[CP+OCSVM] R=220 peak_rss_mb=37467.8 | peak_workingset_mb=50632.8 | peak_cuda_mb=8.1
[CP+AE] best_param=(3, 64) best_obj=419.96881103515625 Elapsed: 4.91
[CP+AE] R=220 peak_rss_mb=37667.5 | peak_workingset_mb=50632.8 | peak_cuda_mb=8.1
[CP+IF] best_obj:0.4449044440648676 best_param: {'bootstrap': False, 'contamination': 0.05, 'max_features': 0.5, 'max_samples': 1.0, 'n_estimators': 100, 'n_jobs': -1, 'random_state': 42} Elapsed: 61.52
[CP+IF] R=220 peak_rss_mb=37720.8 | peak_workingset_mb=50632.8 | peak_cuda_mb=8.1
Rank: 225
[CP only] R=225 peak_rss_mb=48759.3 | peak_workingset_mb=50632.8 | peak_cuda_mb=21551.7
[CP+OCSVM] (VAL one-class) chose {'gamma': 0.00044444444444444447, 'kernel': 'rbf', 'nu': 0.01} best_obj:(FP=0.026, P95=-0.3058, mean=-2.8390) Elapsed: 7.12
[CP+OCSVM] R=225 peak_rss_mb=39288.6 | peak_workingset_mb=50632.8 | peak_cuda_mb=8.1
[CP+AE] best_param=(2, 64) best_obj=419.658447265625 Elapsed: 4.98
[CP+AE] R=225 peak_rss_mb=39486.1 | peak_workingset_mb=50632.8 | peak_cuda_mb=8.1
[CP+IF] best_obj:0.4429124795494116 best_param: {'bootstrap': False, 'contamination': 0.05, 'max_features': 1.0, 'max_samples': 1.0, 'n_estimators': 100, 'n_jobs': -1, 'random_state': 42} Elapsed: 62.2
[CP+IF] R=225 peak_rss_mb=39540.5 | peak_workingset_mb=50632.8 | peak_cuda_mb=8.1
Rank: 230
[CP only] R=230 peak_rss_mb=50671.8 | peak_workingset_mb=50709.4 | peak_cuda_mb=22025.7
[CP+OCSVM] (VAL one-class) chose {'gamma': 0.0004347826086956522, 'kernel': 'rbf', 'nu': 0.01} best_obj:(FP=0.028, P95=-0.3831, mean=-2.8854) Elapsed: 7.62
[CP+OCSVM] R=230 peak_rss_mb=40363.7 | peak_workingset_mb=50709.4 | peak_cuda_mb=8.1
[CP+AE] best_param=(2, 64) best_obj=417.8191223144531 Elapsed: 4.61
[CP+AE] R=230 peak_rss_mb=40564.1 | peak_workingset_mb=50709.4 | peak_cuda_mb=8.1
[CP+IF] best_obj:0.43932169304026547 best_param: {'bootstrap': False, 'contamination': 0.05, 'max_features': 0.75, 'max_samples': 1.0, 'n_estimators': 200, 'n_jobs': -1, 'random_state': 42} Elapsed: 62.25
[CP+IF] R=230 peak_rss_mb=40622.3 | peak_workingset_mb=50709.4 | peak_cuda_mb=8.1
Rank: 235
[CP only] R=235 peak_rss_mb=50738.8 | peak_workingset_mb=50744.8 | peak_cuda_mb=22497.4
[CP+OCSVM] (VAL one-class) chose {'gamma': 0.00042553191489361707, 'kernel': 'rbf', 'nu': 0.01} best_obj:(FP=0.026, P95=-0.3433, mean=-2.8846) Elapsed: 7.48
[CP+OCSVM] R=235 peak_rss_mb=23063.3 | peak_workingset_mb=50744.8 | peak_cuda_mb=8.1
[CP+AE] best_param=(2, 64) best_obj=416.7903137207031 Elapsed: 4.03
[CP+AE] R=235 peak_rss_mb=23289.3 | peak_workingset_mb=50744.8 | peak_cuda_mb=8.1
[CP+IF] best_obj:0.4360124122102298 best_param: {'bootstrap': False, 'contamination': 0.05, 'max_features': 0.75, 'max_samples': 1.0, 'n_estimators': 100, 'n_jobs': -1, 'random_state': 42} Elapsed: 112.25
[CP+IF] R=235 peak_rss_mb=47926.4 | peak_workingset_mb=50744.8 | peak_cuda_mb=8.1
Rank: 240
[CP only] R=240 peak_rss_mb=48635.4 | peak_workingset_mb=50744.8 | peak_cuda_mb=22969.2
[CP+OCSVM] (VAL one-class) chose {'gamma': 0.0004166666666666667, 'kernel': 'rbf', 'nu': 0.01} best_obj:(FP=0.023, P95=-0.4160, mean=-2.9181) Elapsed: 8.02
[CP+OCSVM] R=240 peak_rss_mb=2303.5 | peak_workingset_mb=50744.8 | peak_cuda_mb=8.1
[CP+AE] best_param=(2, 64) best_obj=415.3411865234375 Elapsed: 8.23
[CP+AE] R=240 peak_rss_mb=2894.8 | peak_workingset_mb=50744.8 | peak_cuda_mb=8.1
[CP+IF] best_obj:0.4395662174262081 best_param: {'bootstrap': False, 'contamination': 0.05, 'max_features': 0.5, 'max_samples': 1.0, 'n_estimators': 200, 'n_jobs': -1, 'random_state': 42} Elapsed: 77.59
[CP+IF] R=240 peak_rss_mb=2990.6 | peak_workingset_mb=50744.8 | peak_cuda_mb=8.1
Rank: 245
[CP only] R=245 peak_rss_mb=21389.8 | peak_workingset_mb=50744.8 | peak_cuda_mb=23441.6
[CP+OCSVM] (VAL one-class) chose {'gamma': 0.0004081632653061225, 'kernel': 'rbf', 'nu': 0.01} best_obj:(FP=0.030, P95=-0.3348, mean=-2.8861) Elapsed: 8.33
[CP+OCSVM] R=245 peak_rss_mb=11427.3 | peak_workingset_mb=50744.8 | peak_cuda_mb=8.1
[CP+AE] best_param=(3, 64) best_obj=417.65240478515625 Elapsed: 6.94
[CP+AE] R=245 peak_rss_mb=11799.7 | peak_workingset_mb=50744.8 | peak_cuda_mb=8.1
[CP+IF] best_obj:0.44447818763901364 best_param: {'bootstrap': False, 'contamination': 0.05, 'max_features': 1.0, 'max_samples': 1.0, 'n_estimators': 100, 'n_jobs': -1, 'random_state': 42} Elapsed: 72.39
[CP+IF] R=245 peak_rss_mb=11867.3 | peak_workingset_mb=50744.8 | peak_cuda_mb=8.1
Rank: 250
[CP only] R=250 peak_rss_mb=24122.2 | peak_workingset_mb=50744.8 | peak_cuda_mb=23914.1
[CP+OCSVM] (VAL one-class) chose {'gamma': 0.0004, 'kernel': 'rbf', 'nu': 0.01} best_obj:(FP=0.026, P95=-0.4189, mean=-2.9064) Elapsed: 8.06
[CP+OCSVM] R=250 peak_rss_mb=23497.8 | peak_workingset_mb=50744.8 | peak_cuda_mb=8.1
[CP+AE] best_param=(2, 64) best_obj=419.0531921386719 Elapsed: 6.48
[CP+AE] R=250 peak_rss_mb=23835.2 | peak_workingset_mb=50744.8 | peak_cuda_mb=8.1
[CP+IF] best_obj:0.4387408360801607 best_param: {'bootstrap': False, 'contamination': 0.05, 'max_features': 0.5, 'max_samples': 1.0, 'n_estimators': 200, 'n_jobs': -1, 'random_state': 42} Elapsed: 70.7
[CP+IF] R=250 peak_rss_mb=23896.9 | peak_workingset_mb=50744.8 | peak_cuda_mb=8.1
Rank: 255
[CP only] R=255 peak_rss_mb=36327.9 | peak_workingset_mb=50744.8 | peak_cuda_mb=24388.3
[CP+OCSVM] (VAL one-class) chose {'gamma': 0.0003921568627450981, 'kernel': 'rbf', 'nu': 0.01} best_obj:(FP=0.026, P95=-0.3995, mean=-2.9183) Elapsed: 10.77
[CP+OCSVM] R=255 peak_rss_mb=24977.4 | peak_workingset_mb=50744.8 | peak_cuda_mb=8.1
[CP+AE] best_param=(3, 64) best_obj=415.485107421875 Elapsed: 7.83
[CP+AE] R=255 peak_rss_mb=25193.7 | peak_workingset_mb=50744.8 | peak_cuda_mb=8.1
[CP+IF] best_obj:0.4387137500688399 best_param: {'bootstrap': False, 'contamination': 0.05, 'max_features': 0.75, 'max_samples': 1.0, 'n_estimators': 200, 'n_jobs': -1, 'random_state': 42} Elapsed: 73.94
[CP+IF] R=255 peak_rss_mb=25258.2 | peak_workingset_mb=50744.8 | peak_cuda_mb=8.1
Rank: 260
[CP only] R=260 peak_rss_mb=37382.6 | peak_workingset_mb=50744.8 | peak_cuda_mb=24860.1
[CP+OCSVM] (VAL one-class) chose {'gamma': 0.00038461538461538467, 'kernel': 'rbf', 'nu': 0.01} best_obj:(FP=0.026, P95=-0.4421, mean=-2.9001) Elapsed: 9.06
[CP+OCSVM] R=260 peak_rss_mb=2754.5 | peak_workingset_mb=50744.8 | peak_cuda_mb=8.1
[CP+AE] best_param=(2, 64) best_obj=418.822265625 Elapsed: 6.67
[CP+AE] R=260 peak_rss_mb=3014.2 | peak_workingset_mb=50744.8 | peak_cuda_mb=8.1
[CP+IF] best_obj:0.4406181758367735 best_param: {'bootstrap': False, 'contamination': 0.05, 'max_features': 0.5, 'max_samples': 1.0, 'n_estimators': 200, 'n_jobs': -1, 'random_state': 42} Elapsed: 76.16
[CP+IF] R=260 peak_rss_mb=3096.8 | peak_workingset_mb=50744.8 | peak_cuda_mb=8.1
Rank: 265
[CP only] R=265 peak_rss_mb=31074.3 | peak_workingset_mb=50744.8 | peak_cuda_mb=25331.8
[CP+OCSVM] (VAL one-class) chose {'gamma': 0.00037735849056603777, 'kernel': 'rbf', 'nu': 0.01} best_obj:(FP=0.026, P95=-0.5420, mean=-2.9386) Elapsed: 9.55
[CP+OCSVM] R=265 peak_rss_mb=2316.6 | peak_workingset_mb=50744.8 | peak_cuda_mb=8.1
[CP+AE] best_param=(3, 64) best_obj=411.40191650390625 Elapsed: 11.06
[CP+AE] R=265 peak_rss_mb=2919.8 | peak_workingset_mb=50744.8 | peak_cuda_mb=8.1
[CP+IF] best_obj:0.4368514115770098 best_param: {'bootstrap': False, 'contamination': 0.05, 'max_features': 0.5, 'max_samples': 1.0, 'n_estimators': 100, 'n_jobs': -1, 'random_state': 42} Elapsed: 107.23
[CP+IF] R=265 peak_rss_mb=2994.3 | peak_workingset_mb=50744.8 | peak_cuda_mb=8.1
Rank: 270
[CP only] R=270 peak_rss_mb=23754.5 | peak_workingset_mb=50744.8 | peak_cuda_mb=25804.0
[CP+OCSVM] (VAL one-class) chose {'gamma': 0.0003703703703703704, 'kernel': 'rbf', 'nu': 0.01} best_obj:(FP=0.026, P95=-0.5860, mean=-2.9688) Elapsed: 9.16
[CP+OCSVM] R=270 peak_rss_mb=20380.3 | peak_workingset_mb=50744.8 | peak_cuda_mb=8.1
[CP+AE] best_param=(3, 64) best_obj=406.7286376953125 Elapsed: 9.03
[CP+AE] R=270 peak_rss_mb=20930.3 | peak_workingset_mb=50744.8 | peak_cuda_mb=8.1
[CP+IF] best_obj:0.4354132499438884 best_param: {'bootstrap': False, 'contamination': 0.05, 'max_features': 1.0, 'max_samples': 1.0, 'n_estimators': 100, 'n_jobs': -1, 'random_state': 42} Elapsed: 76.53
[CP+IF] R=270 peak_rss_mb=21012.5 | peak_workingset_mb=50744.8 | peak_cuda_mb=8.1
Rank: 275
[CP only] R=275 peak_rss_mb=25661.7 | peak_workingset_mb=50744.8 | peak_cuda_mb=26276.5
[CP+OCSVM] (VAL one-class) chose {'gamma': 0.00036363636363636367, 'kernel': 'rbf', 'nu': 0.01} best_obj:(FP=0.023, P95=-0.5456, mean=-2.9738) Elapsed: 9.89
[CP+OCSVM] R=275 peak_rss_mb=15778.9 | peak_workingset_mb=50744.8 | peak_cuda_mb=8.1
[CP+AE] best_param=(3, 64) best_obj=410.26416015625 Elapsed: 7.12
[CP+AE] R=275 peak_rss_mb=6321.9 | peak_workingset_mb=50744.8 | peak_cuda_mb=8.1
[CP+IF] best_obj:0.43660443295900725 best_param: {'bootstrap': False, 'contamination': 0.05, 'max_features': 1.0, 'max_samples': 1.0, 'n_estimators': 200, 'n_jobs': -1, 'random_state': 42} Elapsed: 69.47
[CP+IF] R=275 peak_rss_mb=6121.2 | peak_workingset_mb=50744.8 | peak_cuda_mb=8.1
Rank: 280
[CP only] R=280 peak_rss_mb=24762.7 | peak_workingset_mb=50744.8 | peak_cuda_mb=26751.0
[CP+OCSVM] (VAL one-class) chose {'gamma': 0.00035714285714285714, 'kernel': 'rbf', 'nu': 0.01} best_obj:(FP=0.023, P95=-0.5842, mean=-2.9636) Elapsed: 7.97
[CP+OCSVM] R=280 peak_rss_mb=21043.4 | peak_workingset_mb=50744.8 | peak_cuda_mb=8.1
[CP+AE] best_param=(3, 64) best_obj=412.5648193359375 Elapsed: 6.19
[CP+AE] R=280 peak_rss_mb=21412.2 | peak_workingset_mb=50744.8 | peak_cuda_mb=8.1
[CP+IF] best_obj:0.43932168199053434 best_param: {'bootstrap': False, 'contamination': 0.05, 'max_features': 1.0, 'max_samples': 1.0, 'n_estimators': 100, 'n_jobs': -1, 'random_state': 42} Elapsed: 62.64
[CP+IF] R=280 peak_rss_mb=21479.9 | peak_workingset_mb=50744.8 | peak_cuda_mb=8.1
Rank: 285
[CP only] R=285 peak_rss_mb=26430.4 | peak_workingset_mb=50744.8 | peak_cuda_mb=27222.7
[CP+OCSVM] (VAL one-class) chose {'gamma': 0.00035087719298245617, 'kernel': 'rbf', 'nu': 0.01} best_obj:(FP=0.026, P95=-0.5751, mean=-2.9850) Elapsed: 9.02
[CP+OCSVM] R=285 peak_rss_mb=10889.8 | peak_workingset_mb=50744.8 | peak_cuda_mb=8.1
[CP+AE] best_param=(2, 64) best_obj=412.4613037109375 Elapsed: 5.72
[CP+AE] R=285 peak_rss_mb=11119.0 | peak_workingset_mb=50744.8 | peak_cuda_mb=8.1
[CP+IF] best_obj:0.4291609984488059 best_param: {'bootstrap': False, 'contamination': 0.05, 'max_features': 0.75, 'max_samples': 1.0, 'n_estimators': 50, 'n_jobs': -1, 'random_state': 42} Elapsed: 68.58
[CP+IF] R=285 peak_rss_mb=2934.6 | peak_workingset_mb=50744.8 | peak_cuda_mb=8.1
Rank: 290
[CP only] R=290 peak_rss_mb=31284.2 | peak_workingset_mb=50744.8 | peak_cuda_mb=27694.5
[CP+OCSVM] (VAL one-class) chose {'gamma': 0.0003448275862068966, 'kernel': 'rbf', 'nu': 0.01} best_obj:(FP=0.023, P95=-0.5334, mean=-2.9644) Elapsed: 8.61
[CP+OCSVM] R=290 peak_rss_mb=22452.0 | peak_workingset_mb=50744.8 | peak_cuda_mb=8.1
[CP+AE] best_param=(2, 64) best_obj=414.02301025390625 Elapsed: 4.73
[CP+AE] R=290 peak_rss_mb=22820.2 | peak_workingset_mb=50744.8 | peak_cuda_mb=8.1
[CP+IF] best_obj:0.4362214346015352 best_param: {'bootstrap': False, 'contamination': 0.05, 'max_features': 0.5, 'max_samples': 1.0, 'n_estimators': 100, 'n_jobs': -1, 'random_state': 42} Elapsed: 65.83
[CP+IF] R=290 peak_rss_mb=22882.5 | peak_workingset_mb=50744.8 | peak_cuda_mb=8.1
Rank: 295
[CP only] R=295 peak_rss_mb=28808.2 | peak_workingset_mb=50744.8 | peak_cuda_mb=28166.4
[CP+OCSVM] (VAL one-class) chose {'gamma': 0.00033898305084745765, 'kernel': 'rbf', 'nu': 0.01} best_obj:(FP=0.023, P95=-0.5076, mean=-2.9506) Elapsed: 9.09
[CP+OCSVM] R=295 peak_rss_mb=27596.0 | peak_workingset_mb=50744.8 | peak_cuda_mb=8.1
[CP+AE] best_param=(2, 64) best_obj=416.33416748046875 Elapsed: 6.0
[CP+AE] R=295 peak_rss_mb=27627.7 | peak_workingset_mb=50744.8 | peak_cuda_mb=8.1
[CP+IF] best_obj:0.43638115018944806 best_param: {'bootstrap': False, 'contamination': 0.05, 'max_features': 0.75, 'max_samples': 1.0, 'n_estimators': 100, 'n_jobs': -1, 'random_state': 42} Elapsed: 74.17
[CP+IF] R=295 peak_rss_mb=27526.2 | peak_workingset_mb=50744.8 | peak_cuda_mb=8.1
Rank: 300
[CP only] R=300 peak_rss_mb=39990.5 | peak_workingset_mb=50744.8 | peak_cuda_mb=28639.0
[CP+OCSVM] (VAL one-class) chose {'gamma': 0.0003333333333333334, 'kernel': 'rbf', 'nu': 0.01} best_obj:(FP=0.023, P95=-0.7223, mean=-3.0250) Elapsed: 9.11
[CP+OCSVM] R=300 peak_rss_mb=28655.6 | peak_workingset_mb=50744.8 | peak_cuda_mb=8.1
[CP+AE] best_param=(2, 64) best_obj=409.7862243652344 Elapsed: 5.56
[CP+AE] R=300 peak_rss_mb=29019.9 | peak_workingset_mb=50744.8 | peak_cuda_mb=8.1
[CP+IF] best_obj:0.4334009729866774 best_param: {'bootstrap': False, 'contamination': 0.05, 'max_features': 0.75, 'max_samples': 1.0, 'n_estimators': 100, 'n_jobs': -1, 'random_state': 42} Elapsed: 70.09
[CP+IF] R=300 peak_rss_mb=29093.8 | peak_workingset_mb=50744.8 | peak_cuda_mb=8.1
Rank: 305
[CP only] R=305 peak_rss_mb=33459.8 | peak_workingset_mb=50744.8 | peak_cuda_mb=29111.4
[CP+OCSVM] (VAL one-class) chose {'gamma': 0.0003278688524590164, 'kernel': 'rbf', 'nu': 0.01} best_obj:(FP=0.023, P95=-0.5647, mean=-2.9686) Elapsed: 9.11
[CP+OCSVM] R=305 peak_rss_mb=29960.7 | peak_workingset_mb=50744.8 | peak_cuda_mb=8.1
[CP+AE] best_param=(3, 64) best_obj=412.44964599609375 Elapsed: 7.27
[CP+AE] R=305 peak_rss_mb=30271.5 | peak_workingset_mb=50744.8 | peak_cuda_mb=8.1
[CP+IF] best_obj:0.4336781865089839 best_param: {'bootstrap': False, 'contamination': 0.05, 'max_features': 0.75, 'max_samples': 1.0, 'n_estimators': 200, 'n_jobs': -1, 'random_state': 42} Elapsed: 55.17
[CP+IF] R=305 peak_rss_mb=30337.9 | peak_workingset_mb=50744.8 | peak_cuda_mb=8.1
Rank: 310
[CP only] R=310 peak_rss_mb=34251.4 | peak_workingset_mb=50744.8 | peak_cuda_mb=29585.4
[CP+OCSVM] (VAL one-class) chose {'gamma': 0.0003225806451612903, 'kernel': 'rbf', 'nu': 0.01} best_obj:(FP=0.023, P95=-0.6810, mean=-2.9790) Elapsed: 9.81
[CP+OCSVM] R=310 peak_rss_mb=32255.5 | peak_workingset_mb=50744.8 | peak_cuda_mb=8.1
[CP+AE] best_param=(2, 64) best_obj=415.2099304199219 Elapsed: 5.23
[CP+AE] R=310 peak_rss_mb=32492.0 | peak_workingset_mb=50744.8 | peak_cuda_mb=8.1
[CP+IF] best_obj:0.4337789703399982 best_param: {'bootstrap': False, 'contamination': 0.05, 'max_features': 1.0, 'max_samples': 1.0, 'n_estimators': 100, 'n_jobs': -1, 'random_state': 42} Elapsed: 54.62
[CP+IF] R=310 peak_rss_mb=32552.2 | peak_workingset_mb=50744.8 | peak_cuda_mb=8.1
Rank: 315
[CP only] R=315 peak_rss_mb=29779.9 | peak_workingset_mb=29779.9 | peak_cuda_mb=30057.1
[CP+OCSVM] (VAL one-class) chose {'gamma': 0.00031746031746031746, 'kernel': 'rbf', 'nu': 0.01} best_obj:(FP=0.021, P95=-0.7095, mean=-3.0454) Elapsed: 10.41
[CP+OCSVM] R=315 peak_rss_mb=22362.4 | peak_workingset_mb=29779.9 | peak_cuda_mb=8.1
2025-10-24 00:38:59.083142: I tensorflow/core/platform/cpu_feature_guard.cc:210] This TensorFlow binary is optimized to use available CPU instructions in performance-critical operations.
To enable the following instructions: AVX2 AVX512F AVX512_VNNI FMA, in other operations, rebuild TensorFlow with the appropriate compiler flags.
[CP+AE] best_param=(2, 64) best_obj=409.80810546875 Elapsed: 4.59
[CP+AE] R=315 peak_rss_mb=2765.9 | peak_workingset_mb=29779.9 | peak_cuda_mb=8.1
[CP+IF] best_obj:0.43377724532944706 best_param: {'bootstrap': False, 'contamination': 0.05, 'max_features': 0.75, 'max_samples': 1.0, 'n_estimators': 100, 'n_jobs': -1, 'random_state': 42} Elapsed: 48.02
[CP+IF] R=315 peak_rss_mb=2813.7 | peak_workingset_mb=29779.9 | peak_cuda_mb=8.1
Rank: 320
[CP only] R=320 peak_rss_mb=28649.6 | peak_workingset_mb=29779.9 | peak_cuda_mb=30528.9
[CP+OCSVM] (VAL one-class) chose {'gamma': 0.00031250000000000006, 'kernel': 'rbf', 'nu': 0.01} best_obj:(FP=0.019, P95=-0.5612, mean=-2.9731) Elapsed: 8.62
[CP+OCSVM] R=320 peak_rss_mb=28611.5 | peak_workingset_mb=29779.9 | peak_cuda_mb=8.1
[CP+AE] best_param=(2, 64) best_obj=414.40362548828125 Elapsed: 4.33
[CP+AE] R=320 peak_rss_mb=28763.1 | peak_workingset_mb=29779.9 | peak_cuda_mb=8.1
[CP+IF] best_obj:0.43653072582417224 best_param: {'bootstrap': False, 'contamination': 0.05, 'max_features': 0.75, 'max_samples': 1.0, 'n_estimators': 200, 'n_jobs': -1, 'random_state': 42} Elapsed: 50.42
[CP+IF] R=320 peak_rss_mb=28829.5 | peak_workingset_mb=29779.9 | peak_cuda_mb=8.1
Rank: 325
[CP only] R=325 peak_rss_mb=31786.6 | peak_workingset_mb=31788.3 | peak_cuda_mb=31001.3
[CP+OCSVM] (VAL one-class) chose {'gamma': 0.0003076923076923077, 'kernel': 'rbf', 'nu': 0.01} best_obj:(FP=0.023, P95=-0.6306, mean=-2.9724) Elapsed: 9.55
[CP+OCSVM] R=325 peak_rss_mb=29587.4 | peak_workingset_mb=31788.3 | peak_cuda_mb=8.1
[CP+AE] best_param=(1, 64) best_obj=419.73541259765625 Elapsed: 3.77
[CP+AE] R=325 peak_rss_mb=29697.8 | peak_workingset_mb=31788.3 | peak_cuda_mb=8.1
[CP+IF] best_obj:0.43531674743986093 best_param: {'bootstrap': False, 'contamination': 0.05, 'max_features': 1.0, 'max_samples': 1.0, 'n_estimators': 200, 'n_jobs': -1, 'random_state': 42} Elapsed: 52.89
[CP+IF] R=325 peak_rss_mb=29759.2 | peak_workingset_mb=31788.3 | peak_cuda_mb=8.1
Rank: 330
[CP only] R=330 peak_rss_mb=32473.5 | peak_workingset_mb=32532.7 | peak_cuda_mb=31473.8
[CP+OCSVM] (VAL one-class) chose {'gamma': 0.00030303030303030303, 'kernel': 'rbf', 'nu': 0.01} best_obj:(FP=0.019, P95=-0.6931, mean=-3.0189) Elapsed: 9.88
[CP+OCSVM] R=330 peak_rss_mb=30805.6 | peak_workingset_mb=32532.7 | peak_cuda_mb=8.1
[CP+AE] best_param=(2, 32) best_obj=413.6203918457031 Elapsed: 4.53
[CP+AE] R=330 peak_rss_mb=30969.3 | peak_workingset_mb=32532.7 | peak_cuda_mb=8.1
[CP+IF] best_obj:0.43205671738559176 best_param: {'bootstrap': False, 'contamination': 0.05, 'max_features': 0.75, 'max_samples': 1.0, 'n_estimators': 200, 'n_jobs': -1, 'random_state': 42} Elapsed: 50.34
[CP+IF] R=330 peak_rss_mb=31040.4 | peak_workingset_mb=32532.7 | peak_cuda_mb=8.1
Rank: 335
[CP only] R=335 peak_rss_mb=33607.4 | peak_workingset_mb=33608.6 | peak_cuda_mb=31948.1
[CP+OCSVM] (VAL one-class) chose {'gamma': 0.00029850746268656717, 'kernel': 'rbf', 'nu': 0.02} best_obj:(FP=0.026, P95=-0.8976, mean=-5.6314) Elapsed: 10.86
[CP+OCSVM] R=335 peak_rss_mb=32163.3 | peak_workingset_mb=33608.6 | peak_cuda_mb=8.1
[CP+AE] best_param=(3, 64) best_obj=412.44525146484375 Elapsed: 7.45
[CP+AE] R=335 peak_rss_mb=32310.7 | peak_workingset_mb=33608.6 | peak_cuda_mb=8.1
[CP+IF] best_obj:0.4325503438508167 best_param: {'bootstrap': False, 'contamination': 0.05, 'max_features': 0.75, 'max_samples': 1.0, 'n_estimators': 100, 'n_jobs': -1, 'random_state': 42} Elapsed: 49.89
[CP+IF] R=335 peak_rss_mb=32370.4 | peak_workingset_mb=33608.6 | peak_cuda_mb=8.1
Rank: 340
[CP only] R=340 peak_rss_mb=34687.7 | peak_workingset_mb=34753.0 | peak_cuda_mb=32419.8
[CP+OCSVM] (VAL one-class) chose {'gamma': 0.00029411764705882356, 'kernel': 'rbf', 'nu': 0.01} best_obj:(FP=0.023, P95=-0.5912, mean=-2.9910) Elapsed: 9.81
[CP+OCSVM] R=340 peak_rss_mb=33495.9 | peak_workingset_mb=34753.0 | peak_cuda_mb=8.1
[CP+AE] best_param=(2, 64) best_obj=410.64495849609375 Elapsed: 4.45
[CP+AE] R=340 peak_rss_mb=33648.5 | peak_workingset_mb=34753.0 | peak_cuda_mb=8.1
[CP+IF] best_obj:0.43319314891713895 best_param: {'bootstrap': False, 'contamination': 0.05, 'max_features': 0.75, 'max_samples': 1.0, 'n_estimators': 200, 'n_jobs': -1, 'random_state': 42} Elapsed: 53.91
[CP+IF] R=340 peak_rss_mb=33714.0 | peak_workingset_mb=34753.0 | peak_cuda_mb=8.1
Rank: 345
[CP only] R=345 peak_rss_mb=35906.1 | peak_workingset_mb=35908.1 | peak_cuda_mb=32891.6
[CP+OCSVM] (VAL one-class) chose {'gamma': 0.0002898550724637681, 'kernel': 'rbf', 'nu': 0.01} best_obj:(FP=0.021, P95=-0.6958, mean=-3.0003) Elapsed: 10.47
[CP+OCSVM] R=345 peak_rss_mb=34847.1 | peak_workingset_mb=35908.1 | peak_cuda_mb=8.1
[CP+AE] best_param=(2, 64) best_obj=409.8499755859375 Elapsed: 4.92
[CP+AE] R=345 peak_rss_mb=34992.9 | peak_workingset_mb=35908.1 | peak_cuda_mb=8.1
[CP+IF] best_obj:0.4320839556226255 best_param: {'bootstrap': False, 'contamination': 0.05, 'max_features': 0.75, 'max_samples': 1.0, 'n_estimators': 200, 'n_jobs': -1, 'random_state': 42} Elapsed: 50.39
[CP+IF] R=345 peak_rss_mb=35062.2 | peak_workingset_mb=35908.1 | peak_cuda_mb=8.1
Rank: 350
[CP only] R=350 peak_rss_mb=36929.0 | peak_workingset_mb=36930.8 | peak_cuda_mb=33363.8
[CP+OCSVM] (VAL one-class) chose {'gamma': 0.00028571428571428574, 'kernel': 'rbf', 'nu': 0.01} best_obj:(FP=0.023, P95=-0.6632, mean=-3.0038) Elapsed: 11.36
[CP+OCSVM] R=350 peak_rss_mb=36264.7 | peak_workingset_mb=36930.8 | peak_cuda_mb=8.1
[CP+AE] best_param=(2, 32) best_obj=416.76513671875 Elapsed: 4.52
[CP+AE] R=350 peak_rss_mb=36355.9 | peak_workingset_mb=36930.8 | peak_cuda_mb=8.1
[CP+IF] best_obj:0.43502581235773313 best_param: {'bootstrap': False, 'contamination': 0.05, 'max_features': 0.75, 'max_samples': 1.0, 'n_estimators': 200, 'n_jobs': -1, 'random_state': 42} Elapsed: 52.84
[CP+IF] R=350 peak_rss_mb=36425.7 | peak_workingset_mb=36930.8 | peak_cuda_mb=8.1
Rank: 355
[CP only] R=355 peak_rss_mb=38080.1 | peak_workingset_mb=38085.7 | peak_cuda_mb=33836.3
[CP+OCSVM] (VAL one-class) chose {'gamma': 0.00028169014084507044, 'kernel': 'rbf', 'nu': 0.01} best_obj:(FP=0.021, P95=-0.6146, mean=-3.0049) Elapsed: 9.92
[CP+OCSVM] R=355 peak_rss_mb=38133.6 | peak_workingset_mb=38141.8 | peak_cuda_mb=8.1
[CP+AE] best_param=(2, 64) best_obj=411.62542724609375 Elapsed: 4.98
[CP+AE] R=355 peak_rss_mb=38318.3 | peak_workingset_mb=38318.3 | peak_cuda_mb=8.1
[CP+IF] best_obj:0.42714414253247796 best_param: {'bootstrap': False, 'contamination': 0.05, 'max_features': 0.75, 'max_samples': 1.0, 'n_estimators': 50, 'n_jobs': -1, 'random_state': 42} Elapsed: 53.61
[CP+IF] R=355 peak_rss_mb=38382.3 | peak_workingset_mb=38388.1 | peak_cuda_mb=8.1
Rank: 360
[CP only] R=360 peak_rss_mb=39550.2 | peak_workingset_mb=39608.2 | peak_cuda_mb=34310.8
[CP+OCSVM] (VAL one-class) chose {'gamma': 0.0002777777777777778, 'kernel': 'rbf', 'nu': 0.01} best_obj:(FP=0.021, P95=-0.7098, mean=-3.0072) Elapsed: 10.06
[CP+OCSVM] R=360 peak_rss_mb=39378.4 | peak_workingset_mb=39608.2 | peak_cuda_mb=8.1
[CP+AE] best_param=(2, 64) best_obj=415.5457763671875 Elapsed: 5.25
[CP+AE] R=360 peak_rss_mb=39490.8 | peak_workingset_mb=39608.2 | peak_cuda_mb=8.1
[CP+IF] best_obj:0.43085899446037795 best_param: {'bootstrap': False, 'contamination': 0.05, 'max_features': 0.75, 'max_samples': 1.0, 'n_estimators': 100, 'n_jobs': -1, 'random_state': 42} Elapsed: 54.0
[CP+IF] R=360 peak_rss_mb=39557.1 | peak_workingset_mb=39608.2 | peak_cuda_mb=8.1
Rank: 365
[CP only] R=365 peak_rss_mb=40580.9 | peak_workingset_mb=40590.8 | peak_cuda_mb=34782.5
[CP+OCSVM] (VAL one-class) chose {'gamma': 0.00027397260273972606, 'kernel': 'rbf', 'nu': 0.01} best_obj:(FP=0.023, P95=-0.6335, mean=-2.9805) Elapsed: 11.12
[CP+OCSVM] R=365 peak_rss_mb=40634.8 | peak_workingset_mb=40643.1 | peak_cuda_mb=8.1
[CP+AE] best_param=(2, 32) best_obj=416.9337463378906 Elapsed: 4.92
[CP+AE] R=365 peak_rss_mb=40830.0 | peak_workingset_mb=40830.0 | peak_cuda_mb=8.1
[CP+IF] best_obj:0.43079493585961304 best_param: {'bootstrap': False, 'contamination': 0.05, 'max_features': 0.75, 'max_samples': 1.0, 'n_estimators': 100, 'n_jobs': -1, 'random_state': 42} Elapsed: 53.03
[CP+IF] R=365 peak_rss_mb=40897.9 | peak_workingset_mb=40908.7 | peak_cuda_mb=8.1
Rank: 370
[CP only] R=370 peak_rss_mb=42034.5 | peak_workingset_mb=42040.6 | peak_cuda_mb=35254.2
[CP+OCSVM] (VAL one-class) chose {'gamma': 0.0002702702702702703, 'kernel': 'rbf', 'nu': 0.02} best_obj:(FP=0.026, P95=-0.8923, mean=-5.6280) Elapsed: 10.62
[CP+OCSVM] R=370 peak_rss_mb=42096.9 | peak_workingset_mb=42097.7 | peak_cuda_mb=8.1
[CP+AE] best_param=(2, 64) best_obj=416.81298828125 Elapsed: 4.89
[CP+AE] R=370 peak_rss_mb=42190.2 | peak_workingset_mb=42190.3 | peak_cuda_mb=8.1
[CP+IF] best_obj:0.4308005276525259 best_param: {'bootstrap': False, 'contamination': 0.05, 'max_features': 0.75, 'max_samples': 1.0, 'n_estimators': 200, 'n_jobs': -1, 'random_state': 42} Elapsed: 53.78
[CP+IF] R=370 peak_rss_mb=42255.3 | peak_workingset_mb=42267.0 | peak_cuda_mb=8.1
Rank: 375
[CP only] R=375 peak_rss_mb=43335.2 | peak_workingset_mb=43341.4 | peak_cuda_mb=35726.2
[CP+OCSVM] (VAL one-class) chose {'gamma': 0.0002666666666666667, 'kernel': 'rbf', 'nu': 0.01} best_obj:(FP=0.021, P95=-0.6534, mean=-3.0082) Elapsed: 11.52
[CP+OCSVM] R=375 peak_rss_mb=43394.6 | peak_workingset_mb=43398.5 | peak_cuda_mb=8.1
[CP+AE] best_param=(1, 32) best_obj=417.4214782714844 Elapsed: 4.03
[CP+AE] R=375 peak_rss_mb=43577.8 | peak_workingset_mb=43578.2 | peak_cuda_mb=8.1
[CP+IF] best_obj:0.4305795842206181 best_param: {'bootstrap': False, 'contamination': 0.05, 'max_features': 0.5, 'max_samples': 1.0, 'n_estimators': 50, 'n_jobs': -1, 'random_state': 42} Elapsed: 54.0
[CP+IF] R=375 peak_rss_mb=43641.5 | peak_workingset_mb=43656.9 | peak_cuda_mb=8.1
Rank: 380
[CP only] R=380 peak_rss_mb=33190.3 | peak_workingset_mb=33190.4 | peak_cuda_mb=36199.3
[CP+OCSVM] (VAL one-class) chose {'gamma': 0.0002631578947368421, 'kernel': 'rbf', 'nu': 0.01} best_obj:(FP=0.021, P95=-0.7036, mean=-3.0109) Elapsed: 12.03
[CP+OCSVM] R=380 peak_rss_mb=17163.2 | peak_workingset_mb=33190.4 | peak_cuda_mb=8.7
[CP+AE] best_param=(2, 64) best_obj=414.6907653808594 Elapsed: 5.36
[CP+AE] R=380 peak_rss_mb=17480.5 | peak_workingset_mb=33190.4 | peak_cuda_mb=8.7
[CP+IF] best_obj:0.43161422069262173 best_param: {'bootstrap': False, 'contamination': 0.05, 'max_features': 0.5, 'max_samples': 1.0, 'n_estimators': 100, 'n_jobs': -1, 'random_state': 42} Elapsed: 56.81
[CP+IF] R=380 peak_rss_mb=17550.3 | peak_workingset_mb=33190.4 | peak_cuda_mb=8.7